
Showing logs for build [32mentando-entando-spring-boot-par-h78kb-14[0m stage [32mfrom-build-pack[0m and container [32mstep-credential-initializer-sh6hf[0m
{"level":"warn","ts":1612510191.8811219,"logger":"fallback-logger","caller":"logging/config.go:69","msg":"Fetch GitHub commit ID from kodata failed: \"ref: refs/heads/0.8.0-**-support-backwards-incompats\" is not a valid GitHub commit ID"}
{"level":"info","ts":1612510191.898082,"logger":"fallback-logger","caller":"creds-init/main.go:40","msg":"Credentials initialized."}

Showing logs for build [32mentando-entando-spring-boot-par-h78kb-14[0m stage [32mfrom-build-pack[0m and container [32mstep-working-dir-initializer-v9bdg[0m
{"level":"warn","ts":1612510198.874139,"logger":"fallback-logger","caller":"logging/config.go:69","msg":"Fetch GitHub commit ID from kodata failed: open /var/run/ko/HEAD: no such file or directory"}
{"level":"info","ts":1612510198.898517,"logger":"fallback-logger","caller":"bash/main.go:64","msg":"Successfully e**cuted command \"sh -c mkdir -p /workspace/source\"; output "}

Showing logs for build [32mentando-entando-spring-boot-par-h78kb-14[0m stage [32mfrom-build-pack[0m and container [32mstep-place-tools[0m

Showing logs for build [32mentando-entando-spring-boot-par-h78kb-14[0m stage [32mfrom-build-pack[0m and container [32mstep-git-source-entando-entando-spring-boot-par-lrmnx[0m
{"level":"warn","ts":1612510235.4523275,"logger":"fallback-logger","caller":"logging/config.go:69","msg":"Fetch GitHub commit ID from kodata failed: \"ref: refs/heads/0.8.0-**-support-backwards-incompats\" is not a valid GitHub commit ID"}
{"level":"info","ts":1612510236.800703,"logger":"fallback-logger","caller":"git/git.go:103","msg":"Successfully cloned https://github.com/entando/entando-spring-boot-parent.git @ v6.3.2 in path /workspace/source"}

Showing logs for build [32mentando-entando-spring-boot-par-h78kb-14[0m stage [32mfrom-build-pack[0m and container [32mstep-git-merge[0m
Using SHAs from PULL_REFS=master:e9ede8bd4ee7578730d78221bf8d4cc31281405e
WARNING: no SHAs to merge, falling back to initial cloned commit

Showing logs for build [32mentando-entando-spring-boot-par-h78kb-14[0m stage [32mfrom-build-pack[0m and container [32mstep-setup-jx-git-credentials[0m
Generated Git credentials file /workspace/xdg_config/git/credentials

Showing logs for build [32mentando-entando-spring-boot-par-h78kb-14[0m stage [32mfrom-build-pack[0m and container [32mstep-build-mvn-deploy[0m
Picked up _JAVA_OPTIONS: -XX:+UnlockExperimentalVMOptions -Dsun.zip.disableMemoryMapping=**** -XX:+UseParallelGC -XX:MinHeapFreeRatio=5 -XX:MaxHeapFreeRatio=10 -XX:GCTimeRatio=4 -XX:AdaptiveSizePolicyWeight=90 -Xms10m -Xmx192m
[INFO] Scanning for projects...
[INFO] 
[INFO] ---------------< org.entando:entando-spring-boot-parent >---------------
[INFO] Building Entando Spring Boot Parent 6.3.2
[INFO] --------------------------------[ pom ]---------------------------------
[INFO] 
[INFO] --- maven-clean-plugin:2.5:clean (default-clean) @ entando-spring-boot-parent ---
[INFO] 
[INFO] --- maven-surefire-report-plugin:3.0.0-M4:failsafe-report-only (integration-tests) @ entando-spring-boot-parent ---
[INFO] 
[INFO] --- maven-surefire-report-plugin:3.0.0-M4:report-only (unit-tests) @ entando-spring-boot-parent ---
[WARNING] Unable to locate Test Source XRef to link to - DISABLED
[INFO] 
[INFO] --- maven-install-plugin:2.4:install (default-install) @ entando-spring-boot-parent ---
[INFO] Installing /workspace/source/pom.xml to /home/jenkins/.mvnrepository/org/entando/entando-spring-boot-parent/6.3.2/entando-spring-boot-parent-6.3.2.pom
[INFO] 
[INFO] --- maven-deploy-plugin:2.8.2:deploy (default-deploy) @ entando-spring-boot-parent ---
[INFO] Using alternate deployment repository local-nexus::default::http://nexus/repository/maven-releases/
[INFO] ------------------------------------------------------------------------
[INFO] BUILD SUCCESS
[INFO] ------------------------------------------------------------------------
[INFO] Total time:  14.688 s
[INFO] Finished at: 2021-02-05T07:30:57Z
[INFO] ------------------------------------------------------------------------

Showing logs for build [32mentando-entando-spring-boot-par-h78kb-14[0m stage [32mfrom-build-pack[0m and container [32mstep-promote-changelog[0m
Converted /workspace/source to an unshallow repository
Generating change log from git ref bcd0580a988fa00d852d93f06a8ab97a1b14f368 => 16710912ec792f694acc86dd0309369b4d57dede
WARNING: Failed to enrich commit e9ede8bd4ee7578730d78221bf8d4cc31281405e with issues: selected more than one user from users.jenkins.io: [ampie ampie-0]
WARNING: Failed to enrich commit e9ede8bd4ee7578730d78221bf8d4cc31281405e with issues: selected more than one user from users.jenkins.io: [ampie ampie-0]
Finding issues in commit messages using git format
WARNING: No release found for entando/entando-spring-boot-parent and tag v6.3.2 so creating a new release
Updated the release information at https://github.com/entando/entando-spring-boot-parent/releases/tag/v6.3.2
generated: /workspace/source/templates/release.yaml
Created Release entando-spring-boot-parent-6-3-2 resource in namespace **
Updating PipelineActivity entando-entando-spring-boot-parent-master-14 with version 6.3.2
Updated PipelineActivities entando-entando-spring-boot-parent-master-14 with release notes URL: https://github.com/entando/entando-spring-boot-parent/releases/tag/v6.3.2
