
Showing logs for build [32mentando-entando-admin-console-p-9f2m9-4[0m stage [32mfrom-build-pack[0m and container [32mstep-credential-initializer-485xd[0m
{"level":"warn","ts":1612259326.720958,"logger":"fallback-logger","caller":"logging/config.go:69","msg":"Fetch GitHub commit ID from kodata failed: \"ref: refs/heads/0.8.0-**-support-backwards-incompats\" is not a valid GitHub commit ID"}
{"level":"info","ts":1612259326.7387457,"logger":"fallback-logger","caller":"creds-init/main.go:40","msg":"Credentials initialized."}

Showing logs for build [32mentando-entando-admin-console-p-9f2m9-4[0m stage [32mfrom-build-pack[0m and container [32mstep-working-dir-initializer-rfkwx[0m
{"level":"warn","ts":1612259332.5378199,"logger":"fallback-logger","caller":"logging/config.go:69","msg":"Fetch GitHub commit ID from kodata failed: open /var/run/ko/HEAD: no such file or directory"}
{"level":"info","ts":1612259332.5626385,"logger":"fallback-logger","caller":"bash/main.go:64","msg":"Successfully e**cuted command \"sh -c mkdir -p /workspace/source\"; output "}

Showing logs for build [32mentando-entando-admin-console-p-9f2m9-4[0m stage [32mfrom-build-pack[0m and container [32mstep-place-tools[0m

Showing logs for build [32mentando-entando-admin-console-p-9f2m9-4[0m stage [32mfrom-build-pack[0m and container [32mstep-git-source-entando-entando-admin-console-p-k78d2[0m
{"level":"warn","ts":1612259359.9554067,"logger":"fallback-logger","caller":"logging/config.go:69","msg":"Fetch GitHub commit ID from kodata failed: \"ref: refs/heads/0.8.0-**-support-backwards-incompats\" is not a valid GitHub commit ID"}
{"level":"info","ts":1612259363.6888351,"logger":"fallback-logger","caller":"git/git.go:103","msg":"Successfully cloned https://github.com/entando/entando-*****-console.git @ master in path /workspace/source"}

Showing logs for build [32mentando-entando-admin-console-p-9f2m9-4[0m stage [32mfrom-build-pack[0m and container [32mstep-git-merge[0m
Using SHAs from PULL_REFS=master:2b874777b7e86cc4c4e0973f80a7ce1de667fa8c,74:2d598022e47760b52cb5821b6256e25c6c99bb01
DEBUG: ran git fetch --unshallow origin 2d598022e47760b52cb5821b6256e25c6c99bb01: 2b874777b7e86cc4c4e0973f80a7ce1de667fa8c: in 
DEBUG: ran git checkout master in 
DEBUG: ran git reset --hard 2b874777b7e86cc4c4e0973f80a7ce1de667fa8c in 
DEBUG: ran clean --force -d . in 
DEBUG: ran git merge 2d598022e47760b52cb5821b6256e25c6c99bb01 in 
Merged SHA 2d598022e47760b52cb5821b6256e25c6c99bb01 with commit message 'ENG-1745: Upgrade pom.xml' into base branch master
Merged SHA a9f854f5cc23692f2c48faf14511bfa061e7edcd with commit message 'ENG-1745: Restored missing test' into base branch master
Merged SHA edd5b44ffb8c11057f30f526da73e37481269bba with commit message 'ENG-1745: Fix code smell' into base branch master
Merged SHA 2d331569ed1a70ce2e537abf04179140cdf4e711 with commit message 'Merge branch 'master' into ENG-1745-restructure-the-appengine-tests' into base branch master
Merged SHA 06d1e22bc47f4811a30d45517bc2274f5dd0cb1f with commit message 'ENG-1745: Fix version of junit5 dependencies' into base branch master
Merged SHA 68df3d078ffabd0d3449e5b407fb9fe2e3805756 with commit message 'ENG-1745: Restore of current bom version' into base branch master
Merged SHA 6f3f3186cd8f2c5a010568e8aa471a1b15625c14 with commit message 'ENG-1745: Override of configuration in parent pom' into base branch master
Merged SHA 42f3b03efb91208c774c2d2415f741d867759cab with commit message 'ENG-1745: junit5 integration' into base branch master

Showing logs for build [32mentando-entando-admin-console-p-9f2m9-4[0m stage [32mfrom-build-pack[0m and container [32mstep-build-set-version[0m
Picked up _JAVA_OPTIONS: -XX:+UnlockExperimentalVMOptions -Dsun.zip.disableMemoryMapping=**** -XX:+UseParallelGC -XX:MinHeapFreeRatio=5 -XX:MaxHeapFreeRatio=10 -XX:GCTimeRatio=4 -XX:AdaptiveSizePolicyWeight=90 -Xms10m -Xmx8000m
[INFO] Scanning for projects...
[WARNING] The POM for org.eclipse.m2e:lifecycle-mapping:jar:1.0.0 is missing, no dependency information available
[WARNING] Failed to retrieve plugin descriptor for org.eclipse.m2e:lifecycle-mapping:1.0.0: Plugin org.eclipse.m2e:lifecycle-mapping:1.0.0 or one of its dependencies could not be resolved: Could not find artifact org.eclipse.m2e:lifecycle-mapping:jar:1.0.0 in nexus (http://nexus/repository/maven-group/)
[INFO] 
[INFO] -------------< org.entando.entando:entando-*****-console >--------------
[INFO] Building Entando Core: Administration Console 6.3.0-SNAPSHOT
[INFO] --------------------------------[ war ]---------------------------------
[WARNING] The POM for org.eclipse.m2e:lifecycle-mapping:jar:1.0.0 is missing, no dependency information available
[WARNING] Failed to retrieve plugin descriptor for org.eclipse.m2e:lifecycle-mapping:1.0.0: Plugin org.eclipse.m2e:lifecycle-mapping:1.0.0 or one of its dependencies could not be resolved: Failure to find org.eclipse.m2e:lifecycle-mapping:jar:1.0.0 in http://nexus/repository/maven-group/ was cached in the local repository, resolution will not be reattempted until the update interval of nexus has elapsed or updates are forced
[INFO] 
[INFO] --- versions-maven-plugin:2.8.1:set (default-cli) @ entando-*****-console ---
[INFO] Local aggregation ****: /workspace/source
[INFO] Processing change of org.entando.entando:entando-*****-console:6.3.0-SNAPSHOT -> 0.0.0-SNAPSHOT-PR-74-4
[INFO] Processing org.entando.entando:entando-*****-console
[INFO]     Updating project org.entando.entando:entando-*****-console
[INFO]         from version 6.3.0-SNAPSHOT to 0.0.0-SNAPSHOT-PR-74-4
[INFO] 
[INFO] ------------------------------------------------------------------------
[INFO] BUILD SUCCESS
[INFO] ------------------------------------------------------------------------
[INFO] Total time:  11.370 s
[INFO] Finished at: 2021-02-02T09:49:41Z
[INFO] ------------------------------------------------------------------------

Showing logs for build [32mentando-entando-admin-console-p-9f2m9-4[0m stage [32mfrom-build-pack[0m and container [32mstep-build-fix-git-for-sonar[0m
Switched to a new branch 'PR-74'
M	pom.xml
Deleted branch master (was 2d59802).
From https://github.com/entando/entando-*****-console
 * [new branch]      master            -> master
 * [new tag]         pia-crs4          -> pia-crs4
 * [new tag]         v4.2.0            -> v4.2.0
 * [new tag]         v4.3.2-RC1        -> v4.3.2-RC1
 * [new tag]         v5.0.0-pre        -> v5.0.0-pre
 * [new tag]         v6.2.0-sprint1-rc -> v6.2.0-sprint1-rc
 * [new tag]         v6.2.0-sprint2-rc -> v6.2.0-sprint2-rc
 * [new tag]         v6.2.0-sprint3-rc -> v6.2.0-sprint3-rc
 * [new tag]         v6.2.0-sprint4-rc -> v6.2.0-sprint4-rc
 * [new tag]         v6.2.0-sprint5-rc -> v6.2.0-sprint5-rc

Showing logs for build [32mentando-entando-admin-console-p-9f2m9-4[0m stage [32mfrom-build-pack[0m and container [32mstep-build-mvn-verify-pr[0m
  % Total    % Received % Xferd  Average Speed   Time    Time     Time  Current
                                 Dload  Upload   Total   Spent    Left  Speed
  0     0    0     0    0     0      0      0 --:--:-- --:--:-- --:--:--     0 11  1846    0     0  100   213      0    216 --:--:-- --:--:-- --:--:--   217100  1846  100  1633  100   213   1661    216 --:--:-- --:--:-- --:--:--  1668
{
  "url": "https://api.github.com/repos/entando/entando-*****-console/statuses/2d598022e47760b52cb5821b6256e25c6c99bb01",
  "avatar_url": "https://avatars.githubusercontent.com/u/57885396?v=4",
  "id": 12039356003,
  "node_id": "MDEzOlN0YXR1c0NvbnRleHQxMjAzOTM1NjAwMw==",
  "state": "pending",
  "description": "Pre-deployment tests pending!",
  "target_url": "https://entando-k8s.github.io/devops-results/entando-*****-console/PR-74/surefire-report.html",
  "context": "Pre-deployment tests",
  "created_at": "2021-02-02T09:49:44Z",
  "updated_at": "2021-02-02T09:49:44Z",
  "creator": {
    "login": "entando-**",
    "id": 57885396,
    "node_id": "MDQ6VXNlcjU3ODg1Mzk2",
    "avatar_url": "https://avatars.githubusercontent.com/u/57885396?v=4",
    "gravatar_id": "",
    "url": "https://api.github.com/users/**********",
    "html_url": "https://github.com/entando-**",
    "followers_url": "https://api.github.com/users/entando-**/followers",
    "following_url": "https://api.github.com/users/entando-**/following{/other_user}",
    "gists_url": "https://api.github.com/users/entando-**/gists{/gist_id}",
    "starred_url": "https://api.github.com/users/entando-**/starred{/owner}{/repo}",
    "subscriptions_url": "https://api.github.com/users/entando-**/subscriptions",
    "organizations_url": "https://api.github.com/users/entando-**/orgs",
    "repos_url": "https://api.github.com/users/entando-**/repos",
    "events_url": "https://api.github.com/users/entando-**/events{/privacy}",
    "received_events_url": "https://api.github.com/users/entando-**/received_events",
    "type": "User",
    "site_*****": false
  }
}
Picked up _JAVA_OPTIONS: -XX:+UnlockExperimentalVMOptions -Dsun.zip.disableMemoryMapping=**** -XX:+UseParallelGC -XX:MinHeapFreeRatio=5 -XX:MaxHeapFreeRatio=10 -XX:GCTimeRatio=4 -XX:AdaptiveSizePolicyWeight=90 -Xms10m -Xmx8000m
[INFO] Scanning for projects...
[WARNING] The POM for org.eclipse.m2e:lifecycle-mapping:jar:1.0.0 is missing, no dependency information available
[WARNING] Failed to retrieve plugin descriptor for org.eclipse.m2e:lifecycle-mapping:1.0.0: Plugin org.eclipse.m2e:lifecycle-mapping:1.0.0 or one of its dependencies could not be resolved: Failure to find org.eclipse.m2e:lifecycle-mapping:jar:1.0.0 in http://nexus/repository/maven-group/ was cached in the local repository, resolution will not be reattempted until the update interval of nexus has elapsed or updates are forced
[INFO] 
[INFO] -------------< org.entando.entando:entando-*****-console >--------------
[INFO] Building Entando Core: Administration Console 0.0.0-SNAPSHOT-PR-74-4
[INFO] --------------------------------[ war ]---------------------------------
[WARNING] The POM for com.sun.xml.bind:jaxb-impl:jar:2.2.11 is invalid, transitive dependencies (if any) will not be available, enable debug logging for more details
[INFO] 
[INFO] --- maven-checkstyle-plugin:3.1.1:check (validate) @ entando-*****-console ---
[INFO] 
[INFO] --- maven-checkstyle-plugin:3.1.1:checkstyle (validate) @ entando-*****-console ---
[INFO] 
[INFO] --- jacoco-maven-plugin:0.8.5:prepare-agent (prepare-agent) @ entando-*****-console ---
[INFO] argLine set to -javaagent:/home/jenkins/.mvnrepository/org/jacoco/org.jacoco.agent/0.8.5/org.jacoco.agent-0.8.5-runtime.jar=destfile=/workspace/source/target/jacoco.e**c
[INFO] 
[INFO] --- maven-resources-plugin:2.5:resources (default-resources) @ entando-*****-console ---
[debug] e**cute contextualize
[INFO] Using 'UTF-8' encoding to copy filtered resources.
[INFO] Copying 26 resources
[INFO] Copying 1 resource
[INFO] Copying 93 resources
[INFO] Copying 2 resources to META-INF
[INFO] 
[INFO] --- maven-compiler-plugin:3.8.1:compile (default-compile) @ entando-*****-console ---
[INFO] Changes detected - recompiling the module!
[INFO] Compiling 240 source files to /workspace/source/target/classes
[WARNING] /workspace/source/src/main/java/com/agiletec/aps*****/******/BaseAction.java:[123,33] unchecked method invocation: method sort in class java.util.Collections is applied to given types
  required: java.util.List<T>,java.util.Comparator<? super T>
  found: java.util.List<com.agiletec.aps.******.services.group.Group>,org.apache.commons.beanutils.BeanComparator
[WARNING] /workspace/source/src/main/java/com/agiletec/aps*****/******/BaseAction.java:[123,61] unchecked conversion
  required: java.util.Comparator<? super T>
  found:    org.apache.commons.beanutils.BeanComparator
[WARNING] /workspace/source/src/main/java/org/entando/entando/aps*****/api/AbstractApiFinderAction.java:[61,29] unchecked method invocation: method sort in class java.util.Collections is applied to given types
  required: java.util.List<T>,java.util.Comparator<? super T>
  found: java.util.List<org.entando.entando.aps.******.services.api.model.ApiResource>,org.apache.commons.beanutils.BeanComparator
[WARNING] /workspace/source/src/main/java/org/entando/entando/aps*****/api/AbstractApiFinderAction.java:[61,43] unchecked conversion
  required: java.util.Comparator<? super T>
  found:    org.apache.commons.beanutils.BeanComparator
[WARNING] /workspace/source/src/main/java/com/agiletec/aps*****/******/entity/AbstractApsEntityFinderAction.java:[58,66] unchecked call to EntitySearchFilter(java.lang.String,boolean,T,boolean) as a member of the raw type com.agiletec.aps.******.common.entity.model.EntitySearchFilter
[WARNING] /workspace/source/src/main/java/com/agiletec/aps*****/******/entity/AbstractApsEntityFinderAction.java:[150,41] unchecked method invocation: method sort in class java.util.Collections is applied to given types
  required: java.util.List<T>,java.util.Comparator<? super T>
  found: java.util.List<com.agiletec.aps.******.common.entity.model.IApsEntity>,org.apache.commons.beanutils.BeanComparator
[WARNING] /workspace/source/src/main/java/com/agiletec/aps*****/******/entity/AbstractApsEntityFinderAction.java:[150,60] unchecked conversion
  required: java.util.Comparator<? super T>
  found:    org.apache.commons.beanutils.BeanComparator
[WARNING] /workspace/source/src/main/java/org/entando/entando/aps*****/user/UserProfileFinderAction.java:[50,26] unchecked call to EntitySearchFilter(java.lang.String,boolean,T,boolean) as a member of the raw type com.agiletec.aps.******.common.entity.model.EntitySearchFilter
[WARNING] /workspace/source/src/main/java/org/entando/entando/aps*****/*****/DatabaseAction.java:[202,89] unchecked call to <A>getAnnotation(java.lang.Class<A>) as a member of the raw type java.lang.Class
[WARNING] /workspace/source/src/main/java/com/agiletec/aps*****/******/entity/type/EntityTypeConfigAction.java:[229,41] unchecked method invocation: method sort in class java.util.Collections is applied to given types
  required: java.util.List<T>,java.util.Comparator<? super T>
  found: java.util.List<com.agiletec.aps.******.common.entity.model.attribute.AttributeInterface>,org.apache.commons.beanutils.BeanComparator
[WARNING] /workspace/source/src/main/java/com/agiletec/aps*****/******/entity/type/EntityTypeConfigAction.java:[229,54] unchecked conversion
  required: java.util.Comparator<? super T>
  found:    org.apache.commons.beanutils.BeanComparator
[WARNING] /workspace/source/src/main/java/org/entando/entando/aps*****/tags/PageTreeTag.java:[88,57] unchecked method invocation: method getAllowedTreeRoot in interface com.agiletec.aps*****.******.ITreeNodeBaseActionHelper is applied to given types
  required: java.util.Collection<java.lang.String>
  found: java.util.Collection
[WARNING] /workspace/source/src/main/java/org/entando/entando/aps*****/tags/PageTreeTag.java:[88,79] unchecked conversion
  required: java.util.Collection<java.lang.String>
  found:    java.util.Collection
[WARNING] /workspace/source/src/main/java/com/agiletec/aps*****/portal/AbstractPortalAction.java:[125,41] unchecked method invocation: method sort in class java.util.Collections is applied to given types
  required: java.util.List<T>,java.util.Comparator<? super T>
  found: java.util.List<com.agiletec.aps.util.SelectItem>,org.apache.commons.beanutils.BeanComparator
[WARNING] /workspace/source/src/main/java/com/agiletec/aps*****/portal/AbstractPortalAction.java:[125,55] unchecked conversion
  required: java.util.Comparator<? super T>
  found:    org.apache.commons.beanutils.BeanComparator
[WARNING] /workspace/source/src/main/java/org/entando/entando/aps*****/portal/guifragment/GuiFragmentFinderAction.java:[47,65] unchecked call to FieldSearchFilter(java.lang.String,T,boolean) as a member of the raw type com.agiletec.aps.******.common.FieldSearchFilter
[WARNING] /workspace/source/src/main/java/org/entando/entando/aps*****/portal/guifragment/GuiFragmentFinderAction.java:[51,65] unchecked call to FieldSearchFilter(java.lang.String,T,boolean) as a member of the raw type com.agiletec.aps.******.common.FieldSearchFilter
[WARNING] /workspace/source/src/main/java/org/entando/entando/aps*****/portal/guifragment/GuiFragmentFinderAction.java:[55,65] unchecked call to FieldSearchFilter(java.lang.String,T,boolean) as a member of the raw type com.agiletec.aps.******.common.FieldSearchFilter
[WARNING] /workspace/source/src/main/java/org/entando/entando/aps*****/portal/guifragment/GuiFragmentFinderAction.java:[101,49] unchecked method invocation: method sort in class java.util.Collections is applied to given types
  required: java.util.List<T>,java.util.Comparator<? super T>
  found: java.util.List<com.agiletec.aps.util.SelectItem>,org.apache.commons.beanutils.BeanComparator
[WARNING] /workspace/source/src/main/java/org/entando/entando/aps*****/portal/guifragment/GuiFragmentFinderAction.java:[101,57] unchecked conversion
  required: java.util.Comparator<? super T>
  found:    org.apache.commons.beanutils.BeanComparator
[WARNING] /workspace/source/src/main/java/com/agiletec/aps*****/user/role/RoleFinderAction.java:[34,33] unchecked method invocation: method sort in class java.util.Collections is applied to given types
  required: java.util.List<T>,java.util.Comparator<? super T>
  found: java.util.List<com.agiletec.aps.******.services.role.Role>,org.apache.commons.beanutils.BeanComparator
[WARNING] /workspace/source/src/main/java/com/agiletec/aps*****/user/role/RoleFinderAction.java:[34,41] unchecked conversion
  required: java.util.Comparator<? super T>
  found:    org.apache.commons.beanutils.BeanComparator
[WARNING] /workspace/source/src/main/java/com/agiletec/aps*****/******/entity/type/CompositeAttributeConfigAction.java:[157,41] unchecked method invocation: method sort in class java.util.Collections is applied to given types
  required: java.util.List<T>,java.util.Comparator<? super T>
  found: java.util.List<com.agiletec.aps.******.common.entity.model.attribute.AttributeInterface>,org.apache.commons.beanutils.BeanComparator
[WARNING] /workspace/source/src/main/java/com/agiletec/aps*****/******/entity/type/CompositeAttributeConfigAction.java:[157,54] unchecked conversion
  required: java.util.Comparator<? super T>
  found:    org.apache.commons.beanutils.BeanComparator
[WARNING] /workspace/source/src/main/java/org/entando/entando/aps*****/api/helper/SchemaGeneratorActionHelper.java:[72,57] unchecked call to getDeclaredMethod(java.lang.String,java.lang.Class<?>...) as a member of the raw type java.lang.Class
[WARNING] /workspace/source/src/main/java/org/entando/entando/aps*****/api/helper/SchemaGeneratorActionHelper.java:[81,61] unchecked call to getDeclaredMethod(java.lang.String,java.lang.Class<?>...) as a member of the raw type java.lang.Class
[WARNING] /workspace/source/src/main/java/org/entando/entando/aps*****/api/helper/SchemaGeneratorActionHelper.java:[87,61] unchecked call to getDeclaredMethod(java.lang.String,java.lang.Class<?>...) as a member of the raw type java.lang.Class
[WARNING] /workspace/source/src/main/java/org/entando/entando/aps*****/******/services/shortcut/UserShortcutConfigDOM.java:[67,82] unchecked conversion
  required: java.util.List<org.jdom.Element>
  found:    java.util.List
[WARNING] /workspace/source/src/main/java/org/entando/entando/aps*****/api/AbstractApiAction.java:[53,29] unchecked method invocation: method sort in class java.util.Collections is applied to given types
  required: java.util.List<T>,java.util.Comparator<? super T>
  found: java.util.List<com.agiletec.aps.******.services.role.Permission>,org.apache.commons.beanutils.BeanComparator
[WARNING] /workspace/source/src/main/java/org/entando/entando/aps*****/api/AbstractApiAction.java:[53,43] unchecked conversion
  required: java.util.Comparator<? super T>
  found:    org.apache.commons.beanutils.BeanComparator
[WARNING] /workspace/source/src/main/java/org/entando/entando/aps*****/******/services/shortcut/ShortcutDefDOM.java:[92,78] unchecked conversion
  required: java.util.List<org.jdom.Element>
  found:    java.util.List
[WARNING] /workspace/source/src/main/java/org/entando/entando/aps*****/******/services/shortcut/ShortcutDefDOM.java:[103,85] unchecked conversion
  required: java.util.List<org.jdom.Element>
  found:    java.util.List
[WARNING] /workspace/source/src/main/java/org/entando/entando/aps*****/******/services/shortcut/ShortcutDefDOM.java:[131,84] unchecked conversion
  required: java.util.List<org.jdom.Element>
  found:    java.util.List
[WARNING] /workspace/source/src/main/java/com/agiletec/aps*****/******/entity/EntityActionHelper.java:[202,82] unchecked call to EntitySearchFilter(java.lang.String,boolean,T,boolean) as a member of the raw type com.agiletec.aps.******.common.entity.model.EntitySearchFilter
[WARNING] /workspace/source/src/main/java/com/agiletec/aps*****/******/entity/EntityActionHelper.java:[209,82] unchecked call to EntitySearchFilter(java.lang.String,boolean,T,T) as a member of the raw type com.agiletec.aps.******.common.entity.model.EntitySearchFilter
[WARNING] /workspace/source/src/main/java/com/agiletec/aps*****/******/entity/EntityActionHelper.java:[215,82] unchecked call to EntitySearchFilter(java.lang.String,boolean,T,boolean) as a member of the raw type com.agiletec.aps.******.common.entity.model.EntitySearchFilter
[WARNING] /workspace/source/src/main/java/com/agiletec/aps*****/******/entity/EntityActionHelper.java:[222,82] unchecked call to EntitySearchFilter(java.lang.String,boolean,T,T) as a member of the raw type com.agiletec.aps.******.common.entity.model.EntitySearchFilter
[WARNING] /workspace/source/src/main/java/org/entando/entando/aps*****/tags/EntityTypesInfoTag.java:[51,57] unchecked method invocation: method sort in class java.util.Collections is applied to given types
  required: java.util.List<T>,java.util.Comparator<? super T>
  found: java.util.List<com.agiletec.aps.******.common.entity.model.IApsEntity>,org.apache.commons.beanutils.BeanComparator
[WARNING] /workspace/source/src/main/java/org/entando/entando/aps*****/tags/EntityTypesInfoTag.java:[51,71] unchecked conversion
  required: java.util.Comparator<? super T>
  found:    org.apache.commons.beanutils.BeanComparator
[WARNING] /workspace/source/src/main/java/com/agiletec/aps*****/******/conversion/ApsTimestampTypeConverter.java:[48,72] unchecked call to getConstructor(java.lang.Class<?>...) as a member of the raw type java.lang.Class
[WARNING] /workspace/source/src/main/java/com/agiletec/aps*****/******/conversion/ApsDateTypeConverter.java:[54,72] unchecked call to getConstructor(java.lang.Class<?>...) as a member of the raw type java.lang.Class
[WARNING] /workspace/source/src/main/java/org/entando/entando/aps*****/portal/guifragment/GuiFragmentAction.java:[205,59] unchecked method invocation: method setReferences in class org.entando.entando.aps*****.portal.guifragment.GuiFragmentAction is applied to given types
  required: java.util.Map<java.lang.String,java.util.List<java.lang.Object>>
  found: java.util.Map
[WARNING] /workspace/source/src/main/java/org/entando/entando/aps*****/portal/guifragment/GuiFragmentAction.java:[205,60] unchecked conversion
  required: java.util.Map<java.lang.String,java.util.List<java.lang.Object>>
  found:    java.util.Map
[WARNING] /workspace/source/src/main/java/com/agiletec/aps*****/tags/HookPointTag.java:[66,33] unchecked method invocation: method sort in class java.util.Collections is applied to given types
  required: java.util.List<T>,java.util.Comparator<? super T>
  found: java.util.List<com.agiletec.aps*****.******.plugin.HookPointElementContainer>,org.apache.commons.beanutils.BeanComparator
[WARNING] /workspace/source/src/main/java/com/agiletec/aps*****/tags/HookPointTag.java:[66,46] unchecked conversion
  required: java.util.Comparator<? super T>
  found:    org.apache.commons.beanutils.BeanComparator
[WARNING] /workspace/source/src/main/java/com/agiletec/aps*****/user/group/GroupAction.java:[184,59] unchecked method invocation: method setReferences in class com.agiletec.aps*****.user.group.GroupAction is applied to given types
  required: java.util.Map<java.lang.String,java.util.List<java.lang.Object>>
  found: java.util.Map
[WARNING] /workspace/source/src/main/java/com/agiletec/aps*****/user/group/GroupAction.java:[184,60] unchecked conversion
  required: java.util.Map<java.lang.String,java.util.List<java.lang.Object>>
  found:    java.util.Map
[WARNING] /workspace/source/src/main/java/org/entando/entando/aps*****/api/ConsumerFinderAction.java:[49,37] unchecked call to FieldSearchFilter(java.lang.String,T,boolean) as a member of the raw type com.agiletec.aps.******.common.FieldSearchFilter
[WARNING] /workspace/source/src/main/java/org/entando/entando/aps*****/api/ConsumerFinderAction.java:[57,43] unchecked call to FieldSearchFilter(java.lang.String,T,boolean) as a member of the raw type com.agiletec.aps.******.common.FieldSearchFilter
[WARNING] /workspace/source/src/main/java/org/entando/entando/aps*****/tags/ShortcutListTag.java:[119,49] unchecked method invocation: method sort in class java.util.Collections is applied to given types
  required: java.util.List<T>,java.util.Comparator<? super T>
  found: java.util.List<com.agiletec.aps.util.SelectItem>,org.apache.commons.beanutils.BeanComparator
[WARNING] /workspace/source/src/main/java/org/entando/entando/aps*****/tags/ShortcutListTag.java:[119,64] unchecked conversion
  required: java.util.Comparator<? super T>
  found:    org.apache.commons.beanutils.BeanComparator
[WARNING] /workspace/source/src/main/java/org/entando/entando/aps*****/******/services/shortcut/ShortcutManager.java:[191,33] unchecked method invocation: method sort in class java.util.Collections is applied to given types
  required: java.util.List<T>,java.util.Comparator<? super T>
  found: java.util.List<org.entando.entando.aps*****.******.services.shortcut.model.Shortcut>,org.apache.commons.beanutils.BeanComparator
[WARNING] /workspace/source/src/main/java/org/entando/entando/aps*****/******/services/shortcut/ShortcutManager.java:[191,52] unchecked conversion
  required: java.util.Comparator<? super T>
  found:    org.apache.commons.beanutils.BeanComparator
[WARNING] /workspace/source/src/main/java/com/agiletec/aps*****/portal/PageAction.java:[770,25] unchecked method invocation: method sort in class java.util.Collections is applied to given types
  required: java.util.List<T>,java.util.Comparator<? super T>
  found: java.util.List<com.agiletec.aps.******.services.group.Group>,org.apache.commons.beanutils.BeanComparator
[WARNING] /workspace/source/src/main/java/com/agiletec/aps*****/portal/PageAction.java:[770,34] unchecked conversion
  required: java.util.Comparator<? super T>
  found:    org.apache.commons.beanutils.BeanComparator
[WARNING] /workspace/source/src/main/java/com/agiletec/aps*****/user/group/helper/GroupActionHelper.java:[57,77] unchecked conversion
  required: java.util.List<java.lang.Object>
  found:    java.util.List
[WARNING] /workspace/source/src/main/java/org/entando/entando/aps*****/api/ApiServiceFinderAction.java:[79,49] unchecked method invocation: method sort in class java.util.Collections is applied to given types
  required: java.util.List<T>,java.util.Comparator<? super T>
  found: java.util.List<org.entando.entando.aps*****.api.model.ApiSelectItem>,org.apache.commons.beanutils.BeanComparator
[WARNING] /workspace/source/src/main/java/org/entando/entando/aps*****/api/ApiServiceFinderAction.java:[79,57] unchecked conversion
  required: java.util.Comparator<? super T>
  found:    org.apache.commons.beanutils.BeanComparator
[WARNING] /workspace/source/src/main/java/org/entando/entando/aps*****/portal/model/PageModelAction.java:[342,59] unchecked method invocation: method setReferences in class org.entando.entando.aps*****.portal.model.PageModelAction is applied to given types
  required: java.util.Map<java.lang.String,java.util.List<java.lang.Object>>
  found: java.util.Map
[WARNING] /workspace/source/src/main/java/org/entando/entando/aps*****/portal/model/PageModelAction.java:[342,60] unchecked conversion
  required: java.util.Map<java.lang.String,java.util.List<java.lang.Object>>
  found:    java.util.Map
[WARNING] /workspace/source/src/main/java/com/agiletec/aps*****/******/entity/type/EntityAttributeConfigAction.java:[280,29] unchecked method invocation: method sort in class java.util.Collections is applied to given types
  required: java.util.List<T>,java.util.Comparator<? super T>
  found: java.util.List<com.agiletec.aps.******.common.entity.model.attribute.AttributeInterface>,org.apache.commons.beanutils.BeanComparator
[WARNING] /workspace/source/src/main/java/com/agiletec/aps*****/******/entity/type/EntityAttributeConfigAction.java:[280,42] unchecked conversion
  required: java.util.Comparator<? super T>
  found:    org.apache.commons.beanutils.BeanComparator
[WARNING] /workspace/source/src/main/java/com/agiletec/aps*****/category/CategoryAction.java:[87,41] unchecked method invocation: method sort in class java.util.Collections is applied to given types
  required: java.util.List<T>,java.util.Comparator<? super T>
  found: java.util.List<com.agiletec.aps*****.******.TreeNodeWrapper>,org.apache.commons.beanutils.BeanComparator
[WARNING] /workspace/source/src/main/java/com/agiletec/aps*****/category/CategoryAction.java:[87,50] unchecked conversion
  required: java.util.Comparator<? super T>
  found:    org.apache.commons.beanutils.BeanComparator
[WARNING] /workspace/source/src/main/java/com/agiletec/aps*****/user/group/GroupFinderAction.java:[34,33] unchecked method invocation: method sort in class java.util.Collections is applied to given types
  required: java.util.List<T>,java.util.Comparator<? super T>
  found: java.util.List<com.agiletec.aps.******.services.group.Group>,org.apache.commons.beanutils.BeanComparator
[WARNING] /workspace/source/src/main/java/com/agiletec/aps*****/user/group/GroupFinderAction.java:[34,42] unchecked conversion
  required: java.util.Comparator<? super T>
  found:    org.apache.commons.beanutils.BeanComparator
[WARNING] /workspace/source/src/main/java/com/agiletec/aps*****/portal/PageTreeMenuAction.java:[157,29] unchecked method invocation: method sort in class java.util.Collections is applied to given types
  required: java.util.List<T>,java.util.Comparator<? super T>
  found: java.util.List<com.agiletec.aps.util.SelectItem>,org.apache.commons.beanutils.BeanComparator
[WARNING] /workspace/source/src/main/java/com/agiletec/aps*****/portal/PageTreeMenuAction.java:[157,43] unchecked conversion
  required: java.util.Comparator<? super T>
  found:    org.apache.commons.beanutils.BeanComparator
[WARNING] /workspace/source/src/main/java/org/entando/entando/aps*****/******/RedirectMessageInterceptor.java:[93,59] unchecked conversion
  required: java.util.Collection<java.lang.String>
  found:    java.util.Collection
[WARNING] /workspace/source/src/main/java/org/entando/entando/aps*****/******/RedirectMessageInterceptor.java:[99,61] unchecked conversion
  required: java.util.Collection<java.lang.String>
  found:    java.util.Collection
[WARNING] /workspace/source/src/main/java/org/entando/entando/aps*****/******/RedirectMessageInterceptor.java:[105,65] unchecked conversion
  required: java.util.Map<java.lang.String,java.util.List<java.lang.String>>
  found:    java.util.Map
[WARNING] /workspace/source/src/main/java/org/entando/entando/aps*****/portal/model/PageModelFinderAction.java:[33,33] unchecked method invocation: method sort in class java.util.Collections is applied to given types
  required: java.util.List<T>,java.util.Comparator<? super T>
  found: java.util.List<com.agiletec.aps.******.services.pagemodel.PageModel>,org.apache.commons.beanutils.BeanComparator
[WARNING] /workspace/source/src/main/java/org/entando/entando/aps*****/portal/model/PageModelFinderAction.java:[33,42] unchecked conversion
  required: java.util.Comparator<? super T>
  found:    org.apache.commons.beanutils.BeanComparator
[WARNING] /workspace/source/src/main/java/com/agiletec/aps*****/******/entity/type/EntityTypesAction.java:[76,41] unchecked method invocation: method sort in class java.util.Collections is applied to given types
  required: java.util.List<T>,java.util.Comparator<? super T>
  found: java.util.List<com.agiletec.aps.******.common.entity.model.IApsEntity>,org.apache.commons.beanutils.BeanComparator
[WARNING] /workspace/source/src/main/java/com/agiletec/aps*****/******/entity/type/EntityTypesAction.java:[76,60] unchecked conversion
  required: java.util.Comparator<? super T>
  found:    org.apache.commons.beanutils.BeanComparator
[WARNING] /workspace/source/src/main/java/com/agiletec/aps*****/******/entity/type/EntityTypesAction.java:[146,53] unchecked call to EntitySearchFilter(java.lang.String,boolean,T,boolean) as a member of the raw type com.agiletec.aps.******.common.entity.model.EntitySearchFilter
[WARNING] /workspace/source/src/main/java/org/entando/entando/aps*****/portal/model/helper/PageModelActionHelper.java:[55,105] unchecked conversion
  required: java.util.List<java.lang.Object>
  found:    java.util.List
[INFO] /workspace/source/src/main/java/com/agiletec/aps*****/******/BaseAction.java: Some input files use or override a deprecated API.
[INFO] /workspace/source/src/main/java/com/agiletec/aps*****/******/BaseAction.java: Recompile with -Xlint:deprecation for details.
[INFO] 
[INFO] --- maven-resources-plugin:2.5:copy-resources (copy-resources-test) @ entando-*****-console ---
[debug] e**cute contextualize
[INFO] Using 'UTF-8' encoding to copy filtered resources.
[INFO] Copying 4 resources
[INFO] 
[INFO] --- maven-resources-plugin:2.5:copy-resources (copy-resources-file-test-) @ entando-*****-console ---
[debug] e**cute contextualize
[INFO] Using 'UTF-8' encoding to copy filtered resources.
[INFO] Copying 4 resources
[INFO] 
[INFO] --- maven-resources-plugin:2.5:testResources (default-testResources) @ entando-*****-console ---
[debug] e**cute contextualize
[INFO] Using 'UTF-8' encoding to copy filtered resources.
[INFO] Copying 3 resources
[INFO] 
[INFO] --- maven-compiler-plugin:3.8.1:testCompile (default-testCompile) @ entando-*****-console ---
[INFO] Changes detected - recompiling the module!
[INFO] Compiling 49 source files to /workspace/source/target/test-classes
[INFO] -------------------------------------------------------------
[ERROR] COMPILATION ERROR : 
[INFO] -------------------------------------------------------------
[ERROR] /workspace/source/src/test/java/org/entando/entando/aps*****/******/services/activitystream/TestSocialActivityStreamDAO.java:[38,1] cannot access junit.framework.TestCase
  class file for junit.framework.TestCase not found
[ERROR] /workspace/source/src/test/java/org/entando/entando/aps*****/******/services/activitystream/TestSocialActivityStreamDAO.java:[119,57] cannot access junit.framework.TestCase
  class file for junit.framework.TestCase not found
[INFO] 2 errors 
[INFO] -------------------------------------------------------------
[INFO] 
[INFO] ------------------------------------------------------------------------
[INFO] Skipping Entando Core: Administration Console
[INFO] This project has been banned from the build due to previous failures.
[INFO] ------------------------------------------------------------------------
[INFO] ------------------------------------------------------------------------
[INFO] BUILD FAILURE
[INFO] ------------------------------------------------------------------------
[INFO] Total time:  24.190 s
[INFO] Finished at: 2021-02-02T09:50:11Z
[INFO] ------------------------------------------------------------------------
[ERROR] Failed to e**cute goal org.apache.maven.plugins:maven-compiler-plugin:3.8.1:testCompile (default-testCompile) on project entando-*****-console: Compilation failure: Compilation failure: 
[ERROR] /workspace/source/src/test/java/org/entando/entando/aps*****/******/services/activitystream/TestSocialActivityStreamDAO.java:[38,1] cannot access junit.framework.TestCase
[ERROR]   class file for junit.framework.TestCase not found
[ERROR] /workspace/source/src/test/java/org/entando/entando/aps*****/******/services/activitystream/TestSocialActivityStreamDAO.java:[119,57] cannot access junit.framework.TestCase
[ERROR]   class file for junit.framework.TestCase not found
[ERROR] -> [Help 1]
[ERROR] 
[ERROR] To see the full stack trace of the errors, re-run Maven with the -e switch.
[ERROR] Re-run Maven using the -X switch to enable full debug logging.
[ERROR] 
[ERROR] For more information about the errors and possible solutions, please read the following articles:
[ERROR] [Help 1] http://cwiki.apache.org/confluence/display/MAVEN/MojoFailureException
Picked up _JAVA_OPTIONS: -XX:+UnlockExperimentalVMOptions -Dsun.zip.disableMemoryMapping=**** -XX:+UseParallelGC -XX:MinHeapFreeRatio=5 -XX:MaxHeapFreeRatio=10 -XX:GCTimeRatio=4 -XX:AdaptiveSizePolicyWeight=90 -Xms10m -Xmx8000m
[INFO] Scanning for projects...
[INFO] 
[INFO] -------------< org.entando.entando:entando-*****-console >--------------
[INFO] Building Entando Core: Administration Console 0.0.0-SNAPSHOT-PR-74-4
[INFO] --------------------------------[ war ]---------------------------------
[WARNING] The POM for com.sun.xml.bind:jaxb-impl:jar:2.2.11 is invalid, transitive dependencies (if any) will not be available, enable debug logging for more details
[INFO] 
[INFO] --- maven-site-plugin:3.9.0:site (default-site) @ entando-*****-console ---
[INFO] configuring report plugin org.apache.maven.plugins:maven-project-info-reports-plugin:3.0.0
[INFO] 9 reports configured for maven-project-info-reports-plugin:3.0.0: dependency-info, distribution-management, index, ci-management, issue-management, licenses, plugins, scm, summary
[INFO] Rendering site with default locale English (en)
[WARNING] Unable to find a URL to the parent project. The parent menu will NOT be added.
[INFO] Relativizing decoration links with respect to localized project URL: http://www.entando.com/
[INFO] Rendering content with org.apache.maven.skins:maven-default-skin:jar:1.3 skin.
[INFO] Generating "Dependency Information" report --- maven-project-info-reports-plugin:3.0.0:dependency-info
[INFO] Generating "About" report         --- maven-project-info-reports-plugin:3.0.0:index
[INFO] Generating "Issue Management" report --- maven-project-info-reports-plugin:3.0.0:issue-management
[INFO] Generating "Licenses" report      --- maven-project-info-reports-plugin:3.0.0:licenses
[INFO] Generating "Plugins" report       --- maven-project-info-reports-plugin:3.0.0:plugins
[INFO] Generating "Source Code Management" report --- maven-project-info-reports-plugin:3.0.0:scm
[INFO] Generating "Summary" report       --- maven-project-info-reports-plugin:3.0.0:summary
[INFO] ------------------------------------------------------------------------
[INFO] BUILD SUCCESS
[INFO] ------------------------------------------------------------------------
[INFO] Total time:  11.571 s
[INFO] Finished at: 2021-02-02T09:50:24Z
[INFO] ------------------------------------------------------------------------
error: etcdserver: request is too large
No pre-deployment test results found for entando-*****-console-PR-74.
  % Total    % Received % Xferd  Average Speed   Time    Time     Time  Current
                                 Dload  Upload   Total   Spent    Left  Speed
  0     0    0     0    0     0      0      0 --:--:-- --:--:-- --:--:--     0 12  1886    0     0  100   233      0    384 --:--:-- --:--:-- --:--:--   383100  1886  100  1653  100   233   2724    384 --:--:-- --:--:-- --:--:--  2723
{
  "url": "https://api.github.com/repos/entando/entando-*****-console/statuses/2d598022e47760b52cb5821b6256e25c6c99bb01",
  "avatar_url": "https://avatars.githubusercontent.com/u/57885396?v=4",
  "id": 12039365861,
  "node_id": "MDEzOlN0YXR1c0NvbnRleHQxMjAzOTM2NTg2MQ==",
  "state": "pending",
  "description": "No pre-deployment test results produced by build!",
  "target_url": "https://entando-k8s.github.io/devops-results/entando-*****-console/PR-74/surefire-report.html",
  "context": "Pre-deployment tests",
  "created_at": "2021-02-02T09:50:40Z",
  "updated_at": "2021-02-02T09:50:40Z",
  "creator": {
    "login": "**********",
    "id": 57885396,
    "node_id": "MDQ6VXNlcjU3ODg1Mzk2",
    "avatar_url": "https://avatars.githubusercontent.com/u/57885396?v=4",
    "gravatar_id": "",
    "url": "https://api.github.com/users/entando-**",
    "html_url": "https://github.com/entando-**",
    "followers_url": "https://api.github.com/users/entando-**/followers",
    "following_url": "https://api.github.com/users/entando-**/following{/other_user}",
    "gists_url": "https://api.github.com/users/entando-**/gists{/gist_id}",
    "starred_url": "https://api.github.com/users/**********/starred{/owner}{/repo}",
    "subscriptions_url": "https://api.github.com/users/entando-**/subscriptions",
    "organizations_url": "https://api.github.com/users/entando-**/orgs",
    "repos_url": "https://api.github.com/users/entando-**/repos",
    "events_url": "https://api.github.com/users/entando-**/events{/privacy}",
    "received_events_url": "https://api.github.com/users/entando-**/received_events",
    "type": "User",
    "site_*****": false
  }
}
The following checks failed for entando-*****-console-PR-74:
No pre-deployment test results produced by build
[31m
Pipeline failed on stage 'from-build-pack' : container 'step-build-mvn-verify-pr'. The execution of the pipeline has stopped.[0m
