
Showing logs for build [32mentando-entando-core-bom-master-2c5wt-244[0m stage [32mfrom-build-pack[0m and container [32mstep-credential-initializer-5xtc8[0m
{"level":"warn","ts":1613659015.0922394,"logger":"fallback-logger","caller":"logging/config.go:69","msg":"Fetch GitHub commit ID from kodata failed: \"ref: refs/heads/0.8.0-**-support-backwards-incompats\" is not a valid GitHub commit ID"}
{"level":"info","ts":1613659015.128017,"logger":"fallback-logger","caller":"creds-init/main.go:40","msg":"Credentials initialized."}

Showing logs for build [32mentando-entando-core-bom-master-2c5wt-244[0m stage [32mfrom-build-pack[0m and container [32mstep-working-dir-initializer-f5gq6[0m
{"level":"warn","ts":1613659020.0430505,"logger":"fallback-logger","caller":"logging/config.go:69","msg":"Fetch GitHub commit ID from kodata failed: open /var/run/ko/HEAD: no such file or directory"}
{"level":"info","ts":1613659020.0635874,"logger":"fallback-logger","caller":"bash/main.go:64","msg":"Successfully e**cuted command \"sh -c mkdir -p /workspace/source\"; output "}

Showing logs for build [32mentando-entando-core-bom-master-2c5wt-244[0m stage [32mfrom-build-pack[0m and container [32mstep-place-tools[0m

Showing logs for build [32mentando-entando-core-bom-master-2c5wt-244[0m stage [32mfrom-build-pack[0m and container [32mstep-git-source-entando-entando-core-bom-master-n2ml8[0m
{"level":"warn","ts":1613659247.214312,"logger":"fallback-logger","caller":"logging/config.go:69","msg":"Fetch GitHub commit ID from kodata failed: \"ref: refs/heads/0.8.0-**-support-backwards-incompats\" is not a valid GitHub commit ID"}
{"level":"info","ts":1613659248.5352325,"logger":"fallback-logger","caller":"git/git.go:103","msg":"Successfully cloned https://github.com/entando/entando-core-bom.git @ v6.2.225 in path /workspace/source"}

Showing logs for build [32mentando-entando-core-bom-master-2c5wt-244[0m stage [32mfrom-build-pack[0m and container [32mstep-git-merge[0m
Using SHAs from PULL_REFS=master:afe5afbb9a4dbf3f3c55bd6c937735f130374e9f
WARNING: no SHAs to merge, falling back to initial cloned commit

Showing logs for build [32mentando-entando-core-bom-master-2c5wt-244[0m stage [32mfrom-build-pack[0m and container [32mstep-setup-jx-git-credentials[0m
Generated Git credentials file /workspace/xdg_config/git/credentials

Showing logs for build [32mentando-entando-core-bom-master-2c5wt-244[0m stage [32mfrom-build-pack[0m and container [32mstep-build-mvn-deploy[0m
Picked up _JAVA_OPTIONS: -XX:+UnlockExperimentalVMOptions -Dsun.zip.disableMemoryMapping=**** -XX:+UseParallelGC -XX:MinHeapFreeRatio=5 -XX:MaxHeapFreeRatio=10 -XX:GCTimeRatio=4 -XX:AdaptiveSizePolicyWeight=90 -Xms10m -Xmx8000m
[INFO] Scanning for projects...
[INFO] 
[INFO] --------------------< org.entando:entando-core-bom >--------------------
[INFO] Building Entando Core BOM 6.2.225
[INFO] --------------------------------[ pom ]---------------------------------
[INFO] 
[INFO] --- maven-install-plugin:2.4:install (default-install) @ entando-core-bom ---
[INFO] Installing /workspace/source/pom.xml to /home/jenkins/.mvnrepository/org/entando/entando-core-bom/6.2.225/entando-core-bom-6.2.225.pom
[INFO] 
[INFO] --- maven-deploy-plugin:2.8.2:deploy (default-deploy) @ entando-core-bom ---
[INFO] Using alternate deployment repository local-nexus::default::http://nexus/repository/maven-releases/
[INFO] ------------------------------------------------------------------------
[INFO] BUILD SUCCESS
[INFO] ------------------------------------------------------------------------
[INFO] Total time:  3.626 s
[INFO] Finished at: 2021-02-18T14:40:57Z
[INFO] ------------------------------------------------------------------------

Showing logs for build [32mentando-entando-core-bom-master-2c5wt-244[0m stage [32mfrom-build-pack[0m and container [32mstep-promote-changelog[0m
Converted /workspace/source to an unshallow repository
Generating change log from git ref 16589fa76a0447025ead3a8fe582590467b7aae3 => d86a796904ffd2618b9452256b53917063d63827
Associating user jenkins-x-bot in users.jenkins.io with email jenkins-x@googlegroups.com to git GitProvider user with login -0 as emails match
Adding label jenkins.io/git-github-userid=-0 to user jenkins-x-bot in users.jenkins.io
WARNING: Failed to enrich commit afe5afbb9a4dbf3f3c55bd6c937735f130374e9f with issues: User.jenkins.io "jenkins-x-bot" is invalid: metadata.labels: Invalid value: "-0": a valid label must be an empty string or consist of alphanumeric characters, '-', '_' or '.', and must start and end with an alphanumeric character (e.g. 'MyValue',  or 'my_value',  or '1***5', regex used for validation is '(([A-Za-z0-9][-A-Za-z0-9_.]*)?[A-Za-z0-9])?')
Associating user jenkins-x-bot in users.jenkins.io with email jenkins-x@googlegroups.com to git GitProvider user with login -0 as emails match
Adding label jenkins.io/git-github-userid=-0 to user jenkins-x-bot in users.jenkins.io
WARNING: Failed to enrich commit afe5afbb9a4dbf3f3c55bd6c937735f130374e9f with issues: User.jenkins.io "jenkins-x-bot" is invalid: metadata.labels: Invalid value: "-0": a valid label must be an empty string or consist of alphanumeric characters, '-', '_' or '.', and must start and end with an alphanumeric character (e.g. 'MyValue',  or 'my_value',  or '1***5', regex used for validation is '(([A-Za-z0-9][-A-Za-z0-9_.]*)?[A-Za-z0-9])?')
Finding issues in commit messages using git format
WARNING: No release found for entando/entando-core-bom and tag v6.2.225 so creating a new release
Updated the release information at https://github.com/entando/entando-core-bom/releases/tag/v6.2.225
generated: /workspace/source/templates/release.yaml
Created Release entando-core-bom-6-2-225 resource in namespace **
Updating PipelineActivity entando-entando-core-bom-master-244 with version 6.2.225
Updated PipelineActivities entando-entando-core-bom-master-244 with release notes URL: https://github.com/entando/entando-core-bom/releases/tag/v6.2.225
