
Showing logs for build [32mentando-entando-core-bom-pr-3-p-nhg66-1[0m stage [32mfrom-build-pack[0m and container [32mstep-credential-initializer-m788f[0m
{"level":"warn","ts":1612258158.9870703,"logger":"fallback-logger","caller":"logging/config.go:69","msg":"Fetch GitHub commit ID from kodata failed: \"ref: refs/heads/0.8.0-**-support-backwards-incompats\" is not a valid GitHub commit ID"}
{"level":"info","ts":1612258158.9978533,"logger":"fallback-logger","caller":"creds-init/main.go:40","msg":"Credentials initialized."}

Showing logs for build [32mentando-entando-core-bom-pr-3-p-nhg66-1[0m stage [32mfrom-build-pack[0m and container [32mstep-working-dir-initializer-f9q6t[0m
{"level":"warn","ts":1612258162.5715153,"logger":"fallback-logger","caller":"logging/config.go:69","msg":"Fetch GitHub commit ID from kodata failed: open /var/run/ko/HEAD: no such file or directory"}
{"level":"info","ts":1612258162.5950174,"logger":"fallback-logger","caller":"bash/main.go:64","msg":"Successfully e**cuted command \"sh -c mkdir -p /workspace/source\"; output "}

Showing logs for build [32mentando-entando-core-bom-pr-3-p-nhg66-1[0m stage [32mfrom-build-pack[0m and container [32mstep-place-tools[0m

Showing logs for build [32mentando-entando-core-bom-pr-3-p-nhg66-1[0m stage [32mfrom-build-pack[0m and container [32mstep-git-source-entando-entando-core-bom-pr-3-p-vkmqg[0m
{"level":"warn","ts":1612258272.5408125,"logger":"fallback-logger","caller":"logging/config.go:69","msg":"Fetch GitHub commit ID from kodata failed: \"ref: refs/heads/0.8.0-**-support-backwards-incompats\" is not a valid GitHub commit ID"}
{"level":"info","ts":1612258273.886085,"logger":"fallback-logger","caller":"git/git.go:103","msg":"Successfully cloned https://github.com/entando/entando-core-bom.git @ master in path /workspace/source"}

Showing logs for build [32mentando-entando-core-bom-pr-3-p-nhg66-1[0m stage [32mfrom-build-pack[0m and container [32mstep-git-merge[0m
Using SHAs from PULL_REFS=master:9a854db49ae1118326335c2ef5a2a73af95e93d0,3:d31cf2e6c8f05126a5b324b1fb058504a1a5f9a8
DEBUG: ran git fetch --unshallow origin d31cf2e6c8f05126a5b324b1fb058504a1a5f9a8: 9a854db49ae1118326335c2ef5a2a73af95e93d0: in 
DEBUG: ran git checkout master in 
DEBUG: ran git reset --hard 9a854db49ae1118326335c2ef5a2a73af95e93d0 in 
DEBUG: ran clean --force -d . in 
DEBUG: ran git merge d31cf2e6c8f05126a5b324b1fb058504a1a5f9a8 in 
Merged SHA d31cf2e6c8f05126a5b324b1fb058504a1a5f9a8 with commit message 'ENG-1745: Upgrade entando-engine version' into base branch master

Showing logs for build [32mentando-entando-core-bom-pr-3-p-nhg66-1[0m stage [32mfrom-build-pack[0m and container [32mstep-build-verify[0m
Picked up _JAVA_OPTIONS: -XX:+UnlockExperimentalVMOptions -Dsun.zip.disableMemoryMapping=**** -XX:+UseParallelGC -XX:MinHeapFreeRatio=5 -XX:MaxHeapFreeRatio=10 -XX:GCTimeRatio=4 -XX:AdaptiveSizePolicyWeight=90 -Xms10m -Xmx8000m
[INFO] Scanning for projects...
[INFO] 
[INFO] --------------------< org.entando:entando-core-bom >--------------------
[INFO] Building Entando Core BOM 6.2.0-SNAPSHOT
[INFO] --------------------------------[ pom ]---------------------------------
[INFO] ------------------------------------------------------------------------
[INFO] BUILD SUCCESS
[INFO] ------------------------------------------------------------------------
[INFO] Total time:  1.180 s
[INFO] Finished at: 2021-02-02T09:31:20Z
[INFO] ------------------------------------------------------------------------
