
Showing logs for build [32mentando-entando-plugin-jpmail-p-hwz9j-6[0m stage [32mfrom-build-pack[0m and container [32mstep-credential-initializer-wxdzx[0m
{"level":"warn","ts":1612274097.9713879,"logger":"fallback-logger","caller":"logging/config.go:69","msg":"Fetch GitHub commit ID from kodata failed: \"ref: refs/heads/0.8.0-**-support-backwards-incompats\" is not a valid GitHub commit ID"}
{"level":"info","ts":1612274097.9892757,"logger":"fallback-logger","caller":"creds-init/main.go:40","msg":"Credentials initialized."}

Showing logs for build [32mentando-entando-plugin-jpmail-p-hwz9j-6[0m stage [32mfrom-build-pack[0m and container [32mstep-working-dir-initializer-2zbl6[0m
{"level":"warn","ts":1612274102.5813425,"logger":"fallback-logger","caller":"logging/config.go:69","msg":"Fetch GitHub commit ID from kodata failed: open /var/run/ko/HEAD: no such file or directory"}
{"level":"info","ts":1612274102.6966972,"logger":"fallback-logger","caller":"bash/main.go:64","msg":"Successfully e**cuted command \"sh -c mkdir -p /workspace/source\"; output "}

Showing logs for build [32mentando-entando-plugin-jpmail-p-hwz9j-6[0m stage [32mfrom-build-pack[0m and container [32mstep-place-tools[0m

Showing logs for build [32mentando-entando-plugin-jpmail-p-hwz9j-6[0m stage [32mfrom-build-pack[0m and container [32mstep-git-source-entando-entando-plugin-jpmail-p-29x2p[0m
{"level":"warn","ts":1612274139.2355802,"logger":"fallback-logger","caller":"logging/config.go:69","msg":"Fetch GitHub commit ID from kodata failed: \"ref: refs/heads/0.8.0-**-support-backwards-incompats\" is not a valid GitHub commit ID"}
{"level":"info","ts":1612274140.71814,"logger":"fallback-logger","caller":"git/git.go:103","msg":"Successfully cloned https://github.com/entando/entando-plugin-jpmail.git @ master in path /workspace/source"}

Showing logs for build [32mentando-entando-plugin-jpmail-p-hwz9j-6[0m stage [32mfrom-build-pack[0m and container [32mstep-git-merge[0m
Using SHAs from PULL_REFS=master:48372aa98bf06296af0f144b7878fa23fa323a42,16:82878f3ff51533eef2a17349467647b4208646fd
DEBUG: ran git fetch --unshallow origin 82878f3ff51533eef2a17349467647b4208646fd: 48372aa98bf06296af0f144b7878fa23fa323a42: in 
DEBUG: ran git checkout master in 
DEBUG: ran git reset --hard 48372aa98bf06296af0f144b7878fa23fa323a42 in 
DEBUG: ran clean --force -d . in 
DEBUG: ran git merge 82878f3ff51533eef2a17349467647b4208646fd in 
Merged SHA 82878f3ff51533eef2a17349467647b4208646fd with commit message 'ENG-1745: Upgrade bom version' into base branch master
Merged SHA a9a946263e128e03c78698e14717110e3881032e with commit message 'ENG-1745: Upgrade core-parent and bom version' into base branch master
Merged SHA 711d0bfa95f6c556ec7bf99e4e141dd5241db41e with commit message 'ENG-1745: Fixcode smell' into base branch master
Merged SHA 4c82533960562f7b79ab698b57eb96b150f7a335 with commit message 'ENG-1745: Override of configuration in parent pom' into base branch master
Merged SHA ae56a72b0f66cc842f629d8196680573fd857b7b with commit message 'ENG-1745: junit5 integration' into base branch master

Showing logs for build [32mentando-entando-plugin-jpmail-p-hwz9j-6[0m stage [32mfrom-build-pack[0m and container [32mstep-build-set-version[0m
Picked up _JAVA_OPTIONS: -XX:+UnlockExperimentalVMOptions -Dsun.zip.disableMemoryMapping=**** -XX:+UseParallelGC -XX:MinHeapFreeRatio=5 -XX:MaxHeapFreeRatio=10 -XX:GCTimeRatio=4 -XX:AdaptiveSizePolicyWeight=90 -Xms10m -Xmx8000m
[INFO] Scanning for projects...
[INFO] 
[INFO] ---------< org.entando.entando.plugins:entando-plugin-jpmail >----------
[INFO] Building Entando Plugin: Email Sender 6.3.0-SNAPSHOT
[INFO] --------------------------------[ war ]---------------------------------
[INFO] 
[INFO] --- versions-maven-plugin:2.8.1:set (default-cli) @ entando-plugin-jpmail ---
[INFO] Local aggregation ****: /workspace/source
[INFO] Processing change of org.entando.entando.plugins:entando-plugin-jpmail:6.3.0-SNAPSHOT -> 0.0.0-SNAPSHOT-PR-16-6
[INFO] Processing org.entando.entando.plugins:entando-plugin-jpmail
[INFO]     Updating project org.entando.entando.plugins:entando-plugin-jpmail
[INFO]         from version 6.3.0-SNAPSHOT to 0.0.0-SNAPSHOT-PR-16-6
[INFO] 
[INFO] ------------------------------------------------------------------------
[INFO] BUILD SUCCESS
[INFO] ------------------------------------------------------------------------
[INFO] Total time:  12.792 s
[INFO] Finished at: 2021-02-02T13:55:58Z
[INFO] ------------------------------------------------------------------------

Showing logs for build [32mentando-entando-plugin-jpmail-p-hwz9j-6[0m stage [32mfrom-build-pack[0m and container [32mstep-build-fix-git-for-sonar[0m
Switched to a new branch 'PR-16'
M	pom.xml
Deleted branch master (was 82878f3).
From https://github.com/entando/entando-plugin-jpmail
 * [new branch]      master            -> master
 * [new tag]         5.0.0.initial     -> 5.0.0.initial
 * [new tag]         pia-crs4          -> pia-crs4
 * [new tag]         v4.2.0            -> v4.2.0
 * [new tag]         v4.3.2-RC1        -> v4.3.2-RC1
 * [new tag]         v5.0.0-pre        -> v5.0.0-pre
 * [new tag]         v6.2.0-sprint1-rc -> v6.2.0-sprint1-rc
 * [new tag]         v6.2.0-sprint2-rc -> v6.2.0-sprint2-rc
 * [new tag]         v6.2.0-sprint3-rc -> v6.2.0-sprint3-rc
 * [new tag]         v6.2.0-sprint4-rc -> v6.2.0-sprint4-rc
 * [new tag]         v6.2.0-sprint5-rc -> v6.2.0-sprint5-rc

Showing logs for build [32mentando-entando-plugin-jpmail-p-hwz9j-6[0m stage [32mfrom-build-pack[0m and container [32mstep-build-mvn-verify-pr[0m
  % Total    % Received % Xferd  Average Speed   Time    Time     Time  Current
                                 Dload  Upload   Total   Spent    Left  Speed
  0     0    0     0    0     0      0      0 --:--:-- --:--:-- --:--:--     0  0     0    0     0    0     0      0      0 --:--:-- --:--:-- --:--:--     0100  1846  100  1633  100   213   1779    232 --:--:-- --:--:-- --:--:--  1778
{
  "url": "https://api.github.com/repos/entando/entando-plugin-jpmail/statuses/82878f3ff51533eef2a17349467647b4208646fd",
  "avatar_url": "https://avatars.githubusercontent.com/u/57885396?v=4",
  "id": 12042008249,
  "node_id": "MDEzOlN0YXR1c0NvbnRleHQxMjA0MjAwODI0OQ==",
  "state": "pending",
  "description": "Pre-deployment tests pending!",
  "target_url": "https://entando-k8s.github.io/devops-results/entando-plugin-jpmail/PR-16/surefire-report.html",
  "context": "Pre-deployment tests",
  "created_at": "2021-02-02T13:56:02Z",
  "updated_at": "2021-02-02T13:56:02Z",
  "creator": {
    "login": "entando-**",
    "id": 57885396,
    "node_id": "MDQ6VXNlcjU3ODg1Mzk2",
    "avatar_url": "https://avatars.githubusercontent.com/u/57885396?v=4",
    "gravatar_id": "",
    "url": "https://api.github.com/users/entando-**",
    "html_url": "https://github.com/entando-**",
    "followers_url": "https://api.github.com/users/entando-**/followers",
    "following_url": "https://api.github.com/users/**********/following{/other_user}",
    "gists_url": "https://api.github.com/users/**********/gists{/gist_id}",
    "starred_url": "https://api.github.com/users/entando-**/starred{/owner}{/repo}",
    "subscriptions_url": "https://api.github.com/users/**********/subscriptions",
    "organizations_url": "https://api.github.com/users/entando-**/orgs",
    "repos_url": "https://api.github.com/users/entando-**/repos",
    "events_url": "https://api.github.com/users/entando-**/events{/privacy}",
    "received_events_url": "https://api.github.com/users/**********/received_events",
    "type": "User",
    "site_*****": false
  }
}
Picked up _JAVA_OPTIONS: -XX:+UnlockExperimentalVMOptions -Dsun.zip.disableMemoryMapping=**** -XX:+UseParallelGC -XX:MinHeapFreeRatio=5 -XX:MaxHeapFreeRatio=10 -XX:GCTimeRatio=4 -XX:AdaptiveSizePolicyWeight=90 -Xms10m -Xmx8000m
[INFO] Scanning for projects...
[INFO] 
[INFO] ---------< org.entando.entando.plugins:entando-plugin-jpmail >----------
[INFO] Building Entando Plugin: Email Sender 0.0.0-SNAPSHOT-PR-16-6
[INFO] --------------------------------[ war ]---------------------------------
[WARNING] The POM for com.sun.xml.bind:jaxb-impl:jar:2.2.11 is invalid, transitive dependencies (if any) will not be available, enable debug logging for more details
[INFO] 
[INFO] --- maven-checkstyle-plugin:3.1.1:check (validate) @ entando-plugin-jpmail ---
[INFO] 
[INFO] --- maven-checkstyle-plugin:3.1.1:checkstyle (validate) @ entando-plugin-jpmail ---
[INFO] 
[INFO] --- jacoco-maven-plugin:0.8.5:prepare-agent (prepare-agent) @ entando-plugin-jpmail ---
[INFO] argLine set to -javaagent:/home/jenkins/.mvnrepository/org/jacoco/org.jacoco.agent/0.8.5/org.jacoco.agent-0.8.5-runtime.jar=destfile=/workspace/source/target/jacoco.e**c
[INFO] 
[INFO] --- maven-resources-plugin:2.5:resources (default-resources) @ entando-plugin-jpmail ---
[debug] e**cute contextualize
[INFO] Using 'UTF-8' encoding to copy filtered resources.
[INFO] Copying 8 resources
[INFO] Copying 1 resource
[INFO] Copying 7 resources
[INFO] Copying 0 resource
[INFO] skip non existing resourceDirectory /workspace/source/src/main/tld
[INFO] 
[INFO] --- maven-compiler-plugin:3.8.1:compile (default-compile) @ entando-plugin-jpmail ---
[INFO] Changes detected - recompiling the module!
[INFO] Compiling 10 source files to /workspace/source/target/classes
[INFO] /workspace/source/src/main/java/com/agiletec/plugins/jpmail/aps*****/mail/SmtpConfigAction.java: Some input files use or override a deprecated API.
[INFO] /workspace/source/src/main/java/com/agiletec/plugins/jpmail/aps*****/mail/SmtpConfigAction.java: Recompile with -Xlint:deprecation for details.
[INFO] 
[INFO] --- maven-resources-plugin:2.5:copy-resources (copy-resources-test) @ entando-plugin-jpmail ---
[debug] e**cute contextualize
[INFO] Using 'UTF-8' encoding to copy filtered resources.
[INFO] Copying 5 resources
[INFO] 
[INFO] --- maven-resources-plugin:2.5:copy-resources (copy-resources-file-test-) @ entando-plugin-jpmail ---
[debug] e**cute contextualize
[INFO] Using 'UTF-8' encoding to copy filtered resources.
[INFO] Copying 5 resources
[INFO] 
[INFO] --- maven-resources-plugin:2.5:testResources (default-testResources) @ entando-plugin-jpmail ---
[debug] e**cute contextualize
[INFO] Using 'UTF-8' encoding to copy filtered resources.
[INFO] Copying 3 resources
[INFO] 
[INFO] --- maven-compiler-plugin:3.8.1:testCompile (default-testCompile) @ entando-plugin-jpmail ---
[INFO] Changes detected - recompiling the module!
[INFO] Compiling 12 source files to /workspace/source/target/test-classes
[INFO] /workspace/source/src/test/java/com/agiletec/plugins/jpmail/util/JpmailTestHelper.java: /workspace/source/src/test/java/com/agiletec/plugins/jpmail/util/JpmailTestHelper.java uses or overrides a deprecated API.
[INFO] /workspace/source/src/test/java/com/agiletec/plugins/jpmail/util/JpmailTestHelper.java: Recompile with -Xlint:deprecation for details.
[INFO] -------------------------------------------------------------
[ERROR] COMPILATION ERROR : 
[INFO] -------------------------------------------------------------
[ERROR] /workspace/source/src/test/java/com/agiletec/plugins/jpmail/aps/******/services/mail/AbstractMailConfigTestCase.java:[33,40] com.agiletec.plugins.jpmail.util.JpmailTestHelper is not public in com.agiletec.plugins.jpmail.util; cannot be accessed from outside package
[ERROR] /workspace/source/src/test/java/com/agiletec/plugins/jpmail/aps/******/services/mail/AbstractMailConfigTestCase.java:[113,19] com.agiletec.plugins.jpmail.util.JpmailTestHelper is not public in com.agiletec.plugins.jpmail.util; cannot be accessed from outside package
[ERROR] /workspace/source/src/test/java/com/agiletec/plugins/jpmail/aps*****/mail/TestSmtpConfigAction.java:[40,40] com.agiletec.plugins.jpmail.util.JpmailTestHelper is not public in com.agiletec.plugins.jpmail.util; cannot be accessed from outside package
[ERROR] /workspace/source/src/test/java/com/agiletec/plugins/jpmail/aps*****/mail/TestSmtpConfigAction.java:[217,19] com.agiletec.plugins.jpmail.util.JpmailTestHelper is not public in com.agiletec.plugins.jpmail.util; cannot be accessed from outside package
[ERROR] /workspace/source/src/test/java/com/agiletec/plugins/jpmail/aps*****/mail/TestMailSenderConfigAction.java:[32,40] com.agiletec.plugins.jpmail.util.JpmailTestHelper is not public in com.agiletec.plugins.jpmail.util; cannot be accessed from outside package
[ERROR] /workspace/source/src/test/java/com/agiletec/plugins/jpmail/aps*****/mail/TestMailSenderConfigAction.java:[191,13] com.agiletec.plugins.jpmail.util.JpmailTestHelper is not public in com.agiletec.plugins.jpmail.util; cannot be accessed from outside package
[ERROR] /workspace/source/src/test/java/com/agiletec/plugins/jpmail/aps/******/services/mail/TestMailManager.java:[36,40] com.agiletec.plugins.jpmail.util.JpmailTestHelper is not public in com.agiletec.plugins.jpmail.util; cannot be accessed from outside package
[INFO] 7 errors 
[INFO] -------------------------------------------------------------
[INFO] 
[INFO] ------------------------------------------------------------------------
[INFO] Skipping Entando Plugin: Email Sender
[INFO] This project has been banned from the build due to previous failures.
[INFO] ------------------------------------------------------------------------
[INFO] ------------------------------------------------------------------------
[INFO] BUILD FAILURE
[INFO] ------------------------------------------------------------------------
[INFO] Total time:  24.736 s
[INFO] Finished at: 2021-02-02T13:56:30Z
[INFO] ------------------------------------------------------------------------
[ERROR] Failed to e**cute goal org.apache.maven.plugins:maven-compiler-plugin:3.8.1:testCompile (default-testCompile) on project entando-plugin-jpmail: Compilation failure: Compilation failure: 
[ERROR] /workspace/source/src/test/java/com/agiletec/plugins/jpmail/aps/******/services/mail/AbstractMailConfigTestCase.java:[33,40] com.agiletec.plugins.jpmail.util.JpmailTestHelper is not public in com.agiletec.plugins.jpmail.util; cannot be accessed from outside package
[ERROR] /workspace/source/src/test/java/com/agiletec/plugins/jpmail/aps/******/services/mail/AbstractMailConfigTestCase.java:[113,19] com.agiletec.plugins.jpmail.util.JpmailTestHelper is not public in com.agiletec.plugins.jpmail.util; cannot be accessed from outside package
[ERROR] /workspace/source/src/test/java/com/agiletec/plugins/jpmail/aps*****/mail/TestSmtpConfigAction.java:[40,40] com.agiletec.plugins.jpmail.util.JpmailTestHelper is not public in com.agiletec.plugins.jpmail.util; cannot be accessed from outside package
[ERROR] /workspace/source/src/test/java/com/agiletec/plugins/jpmail/aps*****/mail/TestSmtpConfigAction.java:[217,19] com.agiletec.plugins.jpmail.util.JpmailTestHelper is not public in com.agiletec.plugins.jpmail.util; cannot be accessed from outside package
[ERROR] /workspace/source/src/test/java/com/agiletec/plugins/jpmail/aps*****/mail/TestMailSenderConfigAction.java:[32,40] com.agiletec.plugins.jpmail.util.JpmailTestHelper is not public in com.agiletec.plugins.jpmail.util; cannot be accessed from outside package
[ERROR] /workspace/source/src/test/java/com/agiletec/plugins/jpmail/aps*****/mail/TestMailSenderConfigAction.java:[191,13] com.agiletec.plugins.jpmail.util.JpmailTestHelper is not public in com.agiletec.plugins.jpmail.util; cannot be accessed from outside package
[ERROR] /workspace/source/src/test/java/com/agiletec/plugins/jpmail/aps/******/services/mail/TestMailManager.java:[36,40] com.agiletec.plugins.jpmail.util.JpmailTestHelper is not public in com.agiletec.plugins.jpmail.util; cannot be accessed from outside package
[ERROR] -> [Help 1]
[ERROR] 
[ERROR] To see the full stack trace of the errors, re-run Maven with the -e switch.
[ERROR] Re-run Maven using the -X switch to enable full debug logging.
[ERROR] 
[ERROR] For more information about the errors and possible solutions, please read the following articles:
[ERROR] [Help 1] http://cwiki.apache.org/confluence/display/MAVEN/MojoFailureException
Picked up _JAVA_OPTIONS: -XX:+UnlockExperimentalVMOptions -Dsun.zip.disableMemoryMapping=**** -XX:+UseParallelGC -XX:MinHeapFreeRatio=5 -XX:MaxHeapFreeRatio=10 -XX:GCTimeRatio=4 -XX:AdaptiveSizePolicyWeight=90 -Xms10m -Xmx8000m
[INFO] Scanning for projects...
[INFO] 
[INFO] ---------< org.entando.entando.plugins:entando-plugin-jpmail >----------
[INFO] Building Entando Plugin: Email Sender 0.0.0-SNAPSHOT-PR-16-6
[INFO] --------------------------------[ war ]---------------------------------
[WARNING] The POM for com.sun.xml.bind:jaxb-impl:jar:2.2.11 is invalid, transitive dependencies (if any) will not be available, enable debug logging for more details
[INFO] 
[INFO] --- maven-site-plugin:3.9.0:site (default-site) @ entando-plugin-jpmail ---
[INFO] configuring report plugin org.apache.maven.plugins:maven-project-info-reports-plugin:3.0.0
[INFO] 9 reports configured for maven-project-info-reports-plugin:3.0.0: dependency-info, distribution-management, index, ci-management, issue-management, licenses, plugins, scm, summary
[INFO] Rendering site with default locale English (en)
[WARNING] Unable to find a URL to the parent project. The parent menu will NOT be added.
[INFO] Relativizing decoration links with respect to localized project URL: http://www.entando.com/
[INFO] Rendering content with org.apache.maven.skins:maven-default-skin:jar:1.3 skin.
[INFO] Generating "Dependency Information" report --- maven-project-info-reports-plugin:3.0.0:dependency-info
[INFO] Generating "About" report         --- maven-project-info-reports-plugin:3.0.0:index
[INFO] Generating "Issue Management" report --- maven-project-info-reports-plugin:3.0.0:issue-management
[INFO] Generating "Licenses" report      --- maven-project-info-reports-plugin:3.0.0:licenses
[INFO] Generating "Plugins" report       --- maven-project-info-reports-plugin:3.0.0:plugins
[INFO] Generating "Source Code Management" report --- maven-project-info-reports-plugin:3.0.0:scm
[INFO] Generating "Summary" report       --- maven-project-info-reports-plugin:3.0.0:summary
[INFO] ------------------------------------------------------------------------
[INFO] BUILD SUCCESS
[INFO] ------------------------------------------------------------------------
[INFO] Total time:  18.732 s
[INFO] Finished at: 2021-02-02T13:56:52Z
[INFO] ------------------------------------------------------------------------
error: etcdserver: request is too large
No pre-deployment test results found for entando-plugin-jpmail-PR-16.
  % Total    % Received % Xferd  Average Speed   Time    Time     Time  Current
                                 Dload  Upload   Total   Spent    Left  Speed
  0     0    0     0    0     0      0      0 --:--:-- --:--:-- --:--:--     0  0     0    0     0    0     0      0      0 --:--:-- --:--:-- --:--:--     0100  1886  100  1653  100   233   1866    263 --:--:-- --:--:-- --:--:--  1865
The following checks failed for entando-plugin-jpmail-PR-16:
No pre-deployment test results produced by build
{
  "url": "https://api.github.com/repos/entando/entando-plugin-jpmail/statuses/82878f3ff51533eef2a17349467647b4208646fd",
  "avatar_url": "https://avatars.githubusercontent.com/u/57885396?v=4",
  "id": 12042020708,
  "node_id": "MDEzOlN0YXR1c0NvbnRleHQxMjA0MjAyMDcwOA==",
  "state": "pending",
  "description": "No pre-deployment test results produced by build!",
  "target_url": "https://entando-k8s.github.io/devops-results/entando-plugin-jpmail/PR-16/surefire-report.html",
  "context": "Pre-deployment tests",
  "created_at": "2021-02-02T13:57:09Z",
  "updated_at": "2021-02-02T13:57:09Z",
  "creator": {
    "login": "entando-**",
    "id": 57885396,
    "node_id": "MDQ6VXNlcjU3ODg1Mzk2",
    "avatar_url": "https://avatars.githubusercontent.com/u/57885396?v=4",
    "gravatar_id": "",
    "url": "https://api.github.com/users/entando-**",
    "html_url": "https://github.com/entando-**",
    "followers_url": "https://api.github.com/users/**********/followers",
    "following_url": "https://api.github.com/users/entando-**/following{/other_user}",
    "gists_url": "https://api.github.com/users/**********/gists{/gist_id}",
    "starred_url": "https://api.github.com/users/entando-**/starred{/owner}{/repo}",
    "subscriptions_url": "https://api.github.com/users/entando-**/subscriptions",
    "organizations_url": "https://api.github.com/users/entando-**/orgs",
    "repos_url": "https://api.github.com/users/entando-**/repos",
    "events_url": "https://api.github.com/users/entando-**/events{/privacy}",
    "received_events_url": "https://api.github.com/users/entando-**/received_events",
    "type": "User",
    "site_*****": false
  }
}
[31m
Pipeline failed on stage 'from-build-pack' : container 'step-build-mvn-verify-pr'. The execution of the pipeline has stopped.[0m
