
Showing logs for build [32mentando-entando-engine-pr-105-p-cmp8f-2[0m stage [32mfrom-build-pack[0m and container [32mstep-credential-initializer-mrdds[0m
{"level":"warn","ts":1612431741.5603192,"logger":"fallback-logger","caller":"logging/config.go:69","msg":"Fetch GitHub commit ID from kodata failed: \"ref: refs/heads/0.8.0-**-support-backwards-incompats\" is not a valid GitHub commit ID"}
{"level":"info","ts":1612431741.5732882,"logger":"fallback-logger","caller":"creds-init/main.go:40","msg":"Credentials initialized."}

Showing logs for build [32mentando-entando-engine-pr-105-p-cmp8f-2[0m stage [32mfrom-build-pack[0m and container [32mstep-working-dir-initializer-wshpj[0m
{"level":"warn","ts":1612431745.9915426,"logger":"fallback-logger","caller":"logging/config.go:69","msg":"Fetch GitHub commit ID from kodata failed: open /var/run/ko/HEAD: no such file or directory"}
{"level":"info","ts":1612431746.0156653,"logger":"fallback-logger","caller":"bash/main.go:64","msg":"Successfully e**cuted command \"sh -c mkdir -p /workspace/source\"; output "}

Showing logs for build [32mentando-entando-engine-pr-105-p-cmp8f-2[0m stage [32mfrom-build-pack[0m and container [32mstep-place-tools[0m

Showing logs for build [32mentando-entando-engine-pr-105-p-cmp8f-2[0m stage [32mfrom-build-pack[0m and container [32mstep-git-source-entando-entando-engine-pr-105-p-xzxgl[0m
{"level":"warn","ts":1612431771.1232648,"logger":"fallback-logger","caller":"logging/config.go:69","msg":"Fetch GitHub commit ID from kodata failed: \"ref: refs/heads/0.8.0-**-support-backwards-incompats\" is not a valid GitHub commit ID"}
{"level":"info","ts":1612431773.7158267,"logger":"fallback-logger","caller":"git/git.go:103","msg":"Successfully cloned https://github.com/entando/entando-engine.git @ master in path /workspace/source"}

Showing logs for build [32mentando-entando-engine-pr-105-p-cmp8f-2[0m stage [32mfrom-build-pack[0m and container [32mstep-git-merge[0m
Using SHAs from PULL_REFS=master:da84be332dce7d32a300bf612e2bde968dd9da4a,105:13d5ab15fbe2220c82061dc47b9e710f48b38473
DEBUG: ran git fetch --unshallow origin 13d5ab15fbe2220c82061dc47b9e710f48b38473: da84be332dce7d32a300bf612e2bde968dd9da4a: in 
DEBUG: ran git checkout master in 
DEBUG: ran git reset --hard da84be332dce7d32a300bf612e2bde968dd9da4a in 
DEBUG: ran clean --force -d . in 
DEBUG: ran git merge 13d5ab15fbe2220c82061dc47b9e710f48b38473 in 
Merged SHA 13d5ab15fbe2220c82061dc47b9e710f48b38473 with commit message 'Merge branch 'master' into ENG-1371-user-profile-picture' into base branch master
Merged SHA 9e48d402e0faa365b6eb71846466b68b4a192531 with commit message 'ENG-1371 WIP Implementing new endpoint for user profile picture and copying some CMS classes for image resize to the entando-engine' into base branch master

Showing logs for build [32mentando-entando-engine-pr-105-p-cmp8f-2[0m stage [32mfrom-build-pack[0m and container [32mstep-build-set-version[0m
Picked up _JAVA_OPTIONS: -XX:+UnlockExperimentalVMOptions -Dsun.zip.disableMemoryMapping=**** -XX:+UseParallelGC -XX:MinHeapFreeRatio=5 -XX:MaxHeapFreeRatio=10 -XX:GCTimeRatio=4 -XX:AdaptiveSizePolicyWeight=90 -Xms10m -Xmx8000m
[INFO] Scanning for projects...
[WARNING] 
[WARNING] Some problems were encountered while building the effective model for org.entando.entando:entando-engine:jar:6.3.0-SNAPSHOT
[WARNING] 'dependencies.dependency.(groupId:artifactId:type:classifier)' must be unique: org.apache.logging.log4j:log4j-core:jar -> duplicate declaration of version ${log4j-core.version} @ line 312, column 21
[WARNING] 
[WARNING] It is highly recommended to fix these problems because they threaten the stability of your build.
[WARNING] 
[WARNING] For this reason, future Maven versions might no longer support building such malformed projects.
[WARNING] 
[WARNING] The POM for org.eclipse.m2e:lifecycle-mapping:jar:1.0.0 is missing, no dependency information available
[WARNING] Failed to retrieve plugin descriptor for org.eclipse.m2e:lifecycle-mapping:1.0.0: Plugin org.eclipse.m2e:lifecycle-mapping:1.0.0 or one of its dependencies could not be resolved: Could not find artifact org.eclipse.m2e:lifecycle-mapping:jar:1.0.0 in nexus (http://nexus/repository/maven-group/)
[INFO] 
[INFO] -----------------< org.entando.entando:entando-engine >-----------------
[INFO] Building Entando Core: Engine 6.3.0-SNAPSHOT
[INFO] --------------------------------[ jar ]---------------------------------
[WARNING] The POM for org.eclipse.m2e:lifecycle-mapping:jar:1.0.0 is missing, no dependency information available
[WARNING] Failed to retrieve plugin descriptor for org.eclipse.m2e:lifecycle-mapping:1.0.0: Plugin org.eclipse.m2e:lifecycle-mapping:1.0.0 or one of its dependencies could not be resolved: Failure to find org.eclipse.m2e:lifecycle-mapping:jar:1.0.0 in http://nexus/repository/maven-group/ was cached in the local repository, resolution will not be reattempted until the update interval of nexus has elapsed or updates are forced
[INFO] 
[INFO] --- versions-maven-plugin:2.8.1:set (default-cli) @ entando-engine ---
[INFO] Local aggregation ****: /workspace/source
[INFO] Processing change of org.entando.entando:entando-engine:6.3.0-SNAPSHOT -> 0.0.0-SNAPSHOT-PR-105-2
[INFO] Processing org.entando.entando:entando-engine
[INFO]     Updating project org.entando.entando:entando-engine
[INFO]         from version 6.3.0-SNAPSHOT to 0.0.0-SNAPSHOT-PR-105-2
[INFO] 
[INFO] ------------------------------------------------------------------------
[INFO] BUILD SUCCESS
[INFO] ------------------------------------------------------------------------
[INFO] Total time:  16.581 s
[INFO] Finished at: 2021-02-04T09:43:22Z
[INFO] ------------------------------------------------------------------------

Showing logs for build [32mentando-entando-engine-pr-105-p-cmp8f-2[0m stage [32mfrom-build-pack[0m and container [32mstep-build-fix-git-for-sonar[0m
Switched to a new branch 'PR-105'
M	pom.xml
Deleted branch master (was 13d5ab15).
From https://github.com/entando/entando-engine
 * [new branch]        master            -> master
 * [new tag]           pia-crs4          -> pia-crs4
 * [new tag]           v4.2.0            -> v4.2.0
 * [new tag]           v4.3.2-RC1        -> v4.3.2-RC1
 * [new tag]           v5.0.0-pre        -> v5.0.0-pre
 * [new tag]           v6.2.0-sprint1-rc -> v6.2.0-sprint1-rc
 * [new tag]           v6.2.0-sprint2-rc -> v6.2.0-sprint2-rc
 * [new tag]           v6.2.0-sprint3-rc -> v6.2.0-sprint3-rc
 * [new tag]           v6.2.0-sprint4-rc -> v6.2.0-sprint4-rc
 * [new tag]           v6.2.0-sprint5-rc -> v6.2.0-sprint5-rc

Showing logs for build [32mentando-entando-engine-pr-105-p-cmp8f-2[0m stage [32mfrom-build-pack[0m and container [32mstep-build-mvn-verify-pr[0m
Picked up _JAVA_OPTIONS: -XX:+UnlockExperimentalVMOptions -Dsun.zip.disableMemoryMapping=**** -XX:+UseParallelGC -XX:MinHeapFreeRatio=5 -XX:MaxHeapFreeRatio=10 -XX:GCTimeRatio=4 -XX:AdaptiveSizePolicyWeight=90 -Xms10m -Xmx8000m
[INFO] Scanning for projects...
[WARNING] 
[WARNING] Some problems were encountered while building the effective model for org.entando.entando:entando-engine:jar:0.0.0-SNAPSHOT-PR-105-2
[WARNING] 'dependencies.dependency.(groupId:artifactId:type:classifier)' must be unique: org.apache.logging.log4j:log4j-core:jar -> duplicate declaration of version ${log4j-core.version} @ line 312, column 21
[WARNING] 
[WARNING] It is highly recommended to fix these problems because they threaten the stability of your build.
[WARNING] 
[WARNING] For this reason, future Maven versions might no longer support building such malformed projects.
[WARNING] 
[WARNING] The POM for org.eclipse.m2e:lifecycle-mapping:jar:1.0.0 is missing, no dependency information available
[WARNING] Failed to retrieve plugin descriptor for org.eclipse.m2e:lifecycle-mapping:1.0.0: Plugin org.eclipse.m2e:lifecycle-mapping:1.0.0 or one of its dependencies could not be resolved: Failure to find org.eclipse.m2e:lifecycle-mapping:jar:1.0.0 in http://nexus/repository/maven-group/ was cached in the local repository, resolution will not be reattempted until the update interval of nexus has elapsed or updates are forced
[INFO] 
[INFO] -----------------< org.entando.entando:entando-engine >-----------------
[INFO] Building Entando Core: Engine 0.0.0-SNAPSHOT-PR-105-2
[INFO] --------------------------------[ jar ]---------------------------------
[WARNING] The POM for com.sun.xml.bind:jaxb-impl:jar:2.2.11 is invalid, transitive dependencies (if any) will not be available, enable debug logging for more details
[WARNING] The artifact org.hibernate:hibernate-validator:jar:6.0.17.Final has been relocated to org.hibernate.validator:hibernate-validator:jar:6.0.17.Final
[INFO] 
[INFO] --- maven-enforcer-plugin:3.0.0-M3:enforce (enforce-versions) @ entando-engine ---
[INFO] 
[INFO] --- maven-checkstyle-plugin:3.1.1:check (validate) @ entando-engine ---
[INFO] 
[INFO] --- maven-checkstyle-plugin:3.1.1:checkstyle (validate) @ entando-engine ---
[INFO] 
[INFO] --- jacoco-maven-plugin:0.8.5:prepare-agent (prepare-agent) @ entando-engine ---
[INFO] argLine set to -javaagent:/home/jenkins/.mvnrepository/org/jacoco/org.jacoco.agent/0.8.5/org.jacoco.agent-0.8.5-runtime.jar=destfile=/workspace/source/target/jacoco.e**c
[INFO] 
[INFO] --- maven-resources-plugin:2.5:resources (default-resources) @ entando-engine ---
[debug] e**cute contextualize
[INFO] Using 'UTF-8' encoding to copy filtered resources.
[INFO] Copying 30 resources
[INFO] Copying 8 resources
[INFO] Copying 78 resources
[INFO] Copying 2 resources to META-INF
[INFO] 
[INFO] --- jrebel-maven-plugin:1.1.3:generate-liverebel-xml (generate-liverebel-xml) @ entando-engine ---
[INFO] Generating liverebel.xml
[INFO] 
[INFO] --- maven-compiler-plugin:3.8.1:compile (default-compile) @ entando-engine ---
[INFO] Changes detected - recompiling the module!
[INFO] Compiling 998 source files to /workspace/source/target/classes
[WARNING] /workspace/source/src/main/java/com/agiletec/aps/******/common/FieldSearchFilter.java:[99,33] unchecked method invocation: method addAll in interface java.util.List is applied to given types
  required: java.util.Collection<? extends E>
  found: java.util.Collection
[WARNING] /workspace/source/src/main/java/com/agiletec/aps/******/common/FieldSearchFilter.java:[99,34] unchecked conversion
  required: java.util.Collection<? extends E>
  found:    java.util.Collection
[WARNING] /workspace/source/src/main/java/org/entando/entando/aps/******/init/model/DataSourceDumpReport.java:[77,96] unchecked conversion
  required: java.util.List<org.jdom.Element>
  found:    java.util.List
[WARNING] /workspace/source/src/main/java/org/entando/entando/aps/******/init/model/DataSourceDumpReport.java:[84,73] unchecked conversion
  required: java.util.List<org.jdom.Element>
  found:    java.util.List
[WARNING] /workspace/source/src/main/java/org/entando/entando/aps/******/init/model/DataSourceDumpReport.java:[88,92] unchecked conversion
  required: java.util.List<org.jdom.Element>
  found:    java.util.List
[WARNING] /workspace/source/src/main/java/org/entando/entando/aps/******/init/model/DataSourceDumpReport.java:[125,49] unchecked method invocation: method sort in class java.util.Collections is applied to given types
  required: java.util.List<T>,java.util.Comparator<? super T>
  found: java.util.List<org.entando.entando.aps.******.init.model.TableDumpReport>,org.apache.commons.beanutils.BeanComparator
[WARNING] /workspace/source/src/main/java/org/entando/entando/aps/******/init/model/DataSourceDumpReport.java:[125,64] unchecked conversion
  required: java.util.Comparator<? super T>
  found:    org.apache.commons.beanutils.BeanComparator
[WARNING] /workspace/source/src/main/java/org/entando/entando/aps/******/init/model/DataSourceDumpReport.java:[194,33] unchecked method invocation: method sort in class java.util.Collections is applied to given types
  required: java.util.List<T>,java.util.Comparator<? super T>
  found: java.util.List<org.entando.entando.aps.******.init.model.ComponentInstallationReport>,org.apache.commons.beanutils.BeanComparator
[WARNING] /workspace/source/src/main/java/org/entando/entando/aps/******/init/model/DataSourceDumpReport.java:[194,59] unchecked conversion
  required: java.util.Comparator<? super T>
  found:    org.apache.commons.beanutils.BeanComparator
[WARNING] /workspace/source/src/main/java/org/entando/entando/aps/******/init/model/Component.java:[53,85] unchecked conversion
  required: java.util.List<org.jdom.Element>
  found:    java.util.List
[WARNING] /workspace/source/src/main/java/org/entando/entando/aps/******/init/model/Component.java:[63,83] unchecked conversion
  required: java.util.List<org.jdom.Element>
  found:    java.util.List
[WARNING] /workspace/source/src/main/java/org/entando/entando/aps/******/init/model/Component.java:[86,79] unchecked conversion
  required: java.util.List<org.jdom.Element>
  found:    java.util.List
[WARNING] /workspace/source/src/main/java/org/entando/entando/aps/******/init/model/Component.java:[91,75] unchecked conversion
  required: java.util.List<org.jdom.Element>
  found:    java.util.List
[WARNING] /workspace/source/src/main/java/org/entando/entando/aps/******/init/model/AbstractComponentModule.java:[39,79] unchecked conversion
  required: java.util.List<org.jdom.Element>
  found:    java.util.List
[WARNING] /workspace/source/src/main/java/org/entando/entando/aps/******/init/model/AbstractComponentModule.java:[51,81] unchecked conversion
  required: java.util.List<org.jdom.Element>
  found:    java.util.List
[WARNING] /workspace/source/src/main/java/org/entando/entando/aps/******/init/model/ComponentUninstallerInfo.java:[50,86] unchecked conversion
  required: java.util.List<org.jdom.Element>
  found:    java.util.List
[WARNING] /workspace/source/src/main/java/org/entando/entando/aps/******/init/model/SystemInstallationReport.java:[101,67] unchecked conversion
  required: java.util.List<org.jdom.Element>
  found:    java.util.List
[WARNING] /workspace/source/src/main/java/org/entando/entando/aps/******/init/model/DataSourceInstallationReport.java:[33,69] unchecked conversion
  required: java.util.List<org.jdom.Element>
  found:    java.util.List
[WARNING] /workspace/source/src/main/java/org/entando/entando/aps/******/init/model/DataSourceInstallationReport.java:[41,90] unchecked conversion
  required: java.util.List<org.jdom.Element>
  found:    java.util.List
[WARNING] /workspace/source/src/main/java/org/entando/entando/aps/******/init/model/DataInstallationReport.java:[29,69] unchecked conversion
  required: java.util.List<org.jdom.Element>
  found:    java.util.List
[WARNING] /workspace/source/src/main/java/com/agiletec/aps/******/common/entity/parse/AttributeDisablingCodesDOM.java:[44,83] unchecked conversion
  required: java.util.List<org.jdom.Element>
  found:    java.util.List
[WARNING] /workspace/source/src/main/java/org/entando/entando/aps/******/services/guifragment/model/GuiFragmentDtoBuilder.java:[56,92] unchecked conversion
  required: java.util.List<java.lang.Object>
  found:    java.util.List
[WARNING] /workspace/source/src/main/java/org/entando/entando/web/common/model/Filter.java:[126,22] unchecked call to EntitySearchFilter(java.lang.String,boolean,T,T) as a member of the raw type com.agiletec.aps.******.common.entity.model.EntitySearchFilter
[WARNING] /workspace/source/src/main/java/org/entando/entando/web/common/model/Filter.java:[128,22] unchecked call to EntitySearchFilter(java.lang.String,boolean,T,T) as a member of the raw type com.agiletec.aps.******.common.entity.model.EntitySearchFilter
[WARNING] /workspace/source/src/main/java/org/entando/entando/web/common/model/Filter.java:[130,22] unchecked call to EntitySearchFilter(java.lang.String,boolean,T,boolean) as a member of the raw type com.agiletec.aps.******.common.entity.model.EntitySearchFilter
[WARNING] /workspace/source/src/main/java/org/entando/entando/web/common/model/Filter.java:[133,22] unchecked call to EntitySearchFilter(java.lang.String,boolean,T,boolean,com.agiletec.aps.******.common.FieldSearchFilter.LikeOptionType) as a member of the raw type com.agiletec.aps.******.common.entity.model.EntitySearchFilter
[WARNING] /workspace/source/src/main/java/com/agiletec/aps/******/common/entity/model/EntitySearchFilter.java:[84,45] unchecked method invocation: method addAll in interface java.util.List is applied to given types
  required: java.util.Collection<? extends E>
  found: java.util.Collection
[WARNING] /workspace/source/src/main/java/com/agiletec/aps/******/common/entity/model/EntitySearchFilter.java:[84,46] unchecked conversion
  required: java.util.Collection<? extends E>
  found:    java.util.Collection
[WARNING] /workspace/source/src/main/java/com/agiletec/aps/******/common/entity/model/EntitySearchFilter.java:[85,46] unchecked call to setAllowedValues(java.util.List<T>) as a member of the raw type com.agiletec.aps.******.common.FieldSearchFilter
[WARNING] /workspace/source/src/main/java/com/agiletec/aps/******/common/entity/model/EntitySearchFilter.java:[90,38] unchecked call to setValue(T) as a member of the raw type com.agiletec.aps.******.common.FieldSearchFilter
[WARNING] /workspace/source/src/main/java/com/agiletec/aps/******/common/entity/model/EntitySearchFilter.java:[122,30] unchecked call to setStart(T) as a member of the raw type com.agiletec.aps.******.common.FieldSearchFilter
[WARNING] /workspace/source/src/main/java/com/agiletec/aps/******/common/entity/model/EntitySearchFilter.java:[123,28] unchecked call to setEnd(T) as a member of the raw type com.agiletec.aps.******.common.FieldSearchFilter
[WARNING] /workspace/source/src/main/java/com/agiletec/aps/******/common/entity/model/EntitySearchFilter.java:[142,38] unchecked call to setAllowedValues(java.util.List<T>) as a member of the raw type com.agiletec.aps.******.common.FieldSearchFilter
[WARNING] /workspace/source/src/main/java/com/agiletec/aps/******/common/entity/model/EntitySearchFilter.java:[166,45] unchecked method invocation: method addAll in interface java.util.List is applied to given types
  required: java.util.Collection<? extends E>
  found: java.util.Collection
[WARNING] /workspace/source/src/main/java/com/agiletec/aps/******/common/entity/model/EntitySearchFilter.java:[166,46] unchecked conversion
  required: java.util.Collection<? extends E>
  found:    java.util.Collection
[WARNING] /workspace/source/src/main/java/com/agiletec/aps/******/common/entity/model/EntitySearchFilter.java:[167,48] unchecked call to setAllowedValues(java.util.List<T>) as a member of the raw type com.agiletec.aps.******.common.FieldSearchFilter
[WARNING] /workspace/source/src/main/java/com/agiletec/aps/******/common/entity/model/EntitySearchFilter.java:[172,40] unchecked call to setValue(T) as a member of the raw type com.agiletec.aps.******.common.FieldSearchFilter
[WARNING] /workspace/source/src/main/java/com/agiletec/aps/******/common/entity/model/EntitySearchFilter.java:[195,32] unchecked call to setStart(T) as a member of the raw type com.agiletec.aps.******.common.FieldSearchFilter
[WARNING] /workspace/source/src/main/java/com/agiletec/aps/******/common/entity/model/EntitySearchFilter.java:[196,30] unchecked call to setEnd(T) as a member of the raw type com.agiletec.aps.******.common.FieldSearchFilter
[WARNING] /workspace/source/src/main/java/com/agiletec/aps/******/common/entity/model/EntitySearchFilter.java:[204,40] unchecked call to setAllowedValues(java.util.List<T>) as a member of the raw type com.agiletec.aps.******.common.FieldSearchFilter
[WARNING] /workspace/source/src/main/java/com/agiletec/aps/******/common/entity/model/EntitySearchFilter.java:[303,70] unchecked cast
  required: java.util.List<java.lang.Object>
  found:    java.lang.Object
[WARNING] /workspace/source/src/main/java/com/agiletec/aps/******/common/entity/model/EntitySearchFilter.java:[433,40] unchecked call to setValue(T) as a member of the raw type com.agiletec.aps.******.common.FieldSearchFilter
[WARNING] /workspace/source/src/main/java/com/agiletec/aps/******/common/entity/model/EntitySearchFilter.java:[439,48] unchecked call to setAllowedValues(java.util.List<T>) as a member of the raw type com.agiletec.aps.******.common.FieldSearchFilter
[WARNING] /workspace/source/src/main/java/com/agiletec/aps/******/common/entity/model/EntitySearchFilter.java:[445,40] unchecked call to setStart(T) as a member of the raw type com.agiletec.aps.******.common.FieldSearchFilter
[WARNING] /workspace/source/src/main/java/com/agiletec/aps/******/common/entity/model/EntitySearchFilter.java:[446,38] unchecked call to setEnd(T) as a member of the raw type com.agiletec.aps.******.common.FieldSearchFilter
[WARNING] /workspace/source/src/main/java/com/agiletec/aps/******/common/entity/model/attribute/AbstractAttribute.java:[314,57] unchecked conversion
  required: java.util.List<org.jdom.Element>
  found:    java.util.List
[WARNING] /workspace/source/src/main/java/org/entando/entando/aps/******/services/entity/model/EntityAttributeDto.java:[78,49] unchecked cast
  required: java.util.Map<java.lang.String,java.lang.Object>
  found:    java.lang.Object
[WARNING] /workspace/source/src/main/java/com/agiletec/aps/******/common/AbstractSearcherDAO.java:[147,65] unchecked conversion
  required: java.util.List<java.lang.Object>
  found:    java.util.List
[WARNING] /workspace/source/src/main/java/com/agiletec/aps/******/common/AbstractSearcherDAO.java:[299,65] unchecked conversion
  required: java.util.List<java.lang.Object>
  found:    java.util.List
[WARNING] /workspace/source/src/main/java/com/agiletec/aps/******/common/entity/AbstractEntitySearcherDAO.java:[92,41] unchecked call to EntitySearchFilter(java.lang.String,boolean,T,boolean) as a member of the raw type com.agiletec.aps.******.common.entity.model.EntitySearchFilter
[WARNING] /workspace/source/src/main/java/com/agiletec/aps/******/common/entity/AbstractEntitySearcherDAO.java:[347,65] unchecked conversion
  required: java.util.List<java.lang.Object>
  found:    java.util.List
[WARNING] /workspace/source/src/main/java/org/entando/entando/aps/******/services/dataobjectsearchengine/SearchEngineManager.java:[226,53] unchecked call to SearchEngineFilter(java.lang.String,T) as a member of the raw type org.entando.entando.aps.******.services.searchengine.SearchEngineFilter
[WARNING] /workspace/source/src/main/java/org/entando/entando/aps/******/services/searchengine/SearchEngineFilter.java:[77,32] unchecked call to setAllowedValues(java.util.List<T>) as a member of the raw type com.agiletec.aps.******.common.FieldSearchFilter
[WARNING] /workspace/source/src/main/java/org/entando/entando/aps/******/services/searchengine/SearchEngineFilter.java:[84,24] unchecked call to setStart(T) as a member of the raw type com.agiletec.aps.******.common.FieldSearchFilter
[WARNING] /workspace/source/src/main/java/org/entando/entando/aps/******/services/searchengine/SearchEngineFilter.java:[85,22] unchecked call to setEnd(T) as a member of the raw type com.agiletec.aps.******.common.FieldSearchFilter
[WARNING] /workspace/source/src/main/java/org/entando/entando/aps/******/init/AbstractDatabaseUtils.java:[49,113] unchecked cast
  required: java.util.List<java.lang.String>
  found:    java.lang.Object
[WARNING] /workspace/source/src/main/java/org/entando/entando/aps/******/services/api/model/ApiMethod.java:[82,97] unchecked conversion
  required: java.util.List<org.jdom.Element>
  found:    java.util.List
[WARNING] /workspace/source/src/main/java/org/entando/entando/aps/******/services/api/model/ApiMethodRelatedWidget.java:[34,69] unchecked conversion
  required: java.util.List<org.jdom.Element>
  found:    java.util.List
[WARNING] /workspace/source/src/main/java/org/entando/entando/aps/******/services/api/model/StringListApiResponseResult.java:[32,67] unchecked cast
  required: java.util.Collection<java.lang.String>
  found:    java.lang.Object
[WARNING] /workspace/source/src/main/java/com/agiletec/aps/******/common/AbstractCacheWrapper.java:[57,20] unchecked cast
  required: T
  found:    java.lang.Object
[WARNING] /workspace/source/src/main/java/com/agiletec/aps/******/services/baseconfig/cache/ConfigManagerCacheWrapper.java:[58,53] unchecked cast
  required: java.util.List<java.lang.String>
  found:    java.util.List
[WARNING] /workspace/source/src/main/java/com/agiletec/aps/******/services/baseconfig/cache/ConfigManagerCacheWrapper.java:[72,56] unchecked cast
  required: java.util.List<java.lang.String>
  found:    java.util.List
[WARNING] /workspace/source/src/main/java/com/agiletec/aps/******/services/group/GroupManager.java:[130,25] unchecked method invocation: method sort in class java.util.Collections is applied to given types
  required: java.util.List<T>,java.util.Comparator<? super T>
  found: java.util.List<com.agiletec.aps.******.services.group.Group>,org.apache.commons.beanutils.BeanComparator
[WARNING] /workspace/source/src/main/java/com/agiletec/aps/******/services/group/GroupManager.java:[130,34] unchecked conversion
  required: java.util.Comparator<? super T>
  found:    org.apache.commons.beanutils.BeanComparator
[WARNING] /workspace/source/src/main/java/org/entando/entando/aps/******/services/api/UnmarshalUtils.java:[82,51] unchecked call to readFrom(java.lang.Class<T>,java.lang.reflect.Type,java.lang.annotation.Annotation[],javax.ws.rs.core.MediaType,javax.ws.rs.core.MultivaluedMap<java.lang.String,java.lang.String>,java.io.InputStream) as a member of the raw type org.apache.cxf.jaxrs.provider.json.JSONProvider
[WARNING] /workspace/source/src/main/java/org/entando/entando/aps/******/services/userprofilepicture/UserProfilePictureService.java:[314,39] unchecked conversion
  required: java.util.List<org.entando.entando.aps.******.services.image.ImageDimension>
  found:    java.util.ArrayList
[WARNING] /workspace/source/src/main/java/com/agiletec/aps/******/services/authorization/AuthorizationService.java:[79,91] unchecked cast
  required: com.agiletec.aps.******.services.group.GroupUtilizer<java.lang.String>
  found:    com.agiletec.aps.******.services.authorization.IAuthorizationManager
[WARNING] /workspace/source/src/main/java/org/entando/entando/aps/******/services/category/CategoryService.java:[148,53] unchecked call to SearcherDaoPaginatedResult(java.lang.Integer,java.util.List<T>) as a member of the raw type com.agiletec.aps.******.common.model.dao.SearcherDaoPaginatedResult
[WARNING] /workspace/source/src/main/java/org/entando/entando/aps/******/services/category/CategoryService.java:[150,46] unchecked cast
  required: java.util.List<java.lang.Object>
  found:    java.util.List<capture#1 of ?>
[WARNING] /workspace/source/src/main/java/com/agiletec/aps/******/common/entity/model/attribute/AbstractListAttribute.java:[47,86] unchecked conversion
  required: java.util.List<org.jdom.Element>
  found:    java.util.List
[WARNING] /workspace/source/src/main/java/org/entando/entando/aps/******/services/page/PageService.java:[745,46] unchecked cast
  required: java.util.List<java.lang.Object>
  found:    java.util.List<capture#2 of ?>
[WARNING] /workspace/source/src/main/java/org/entando/entando/aps/******/services/page/PageService.java:[793,29] unchecked method invocation: method sort in class java.util.Collections is applied to given types
  required: java.util.List<T>,java.util.Comparator<? super T>
  found: java.util.List<org.entando.entando.aps.******.services.page.model.PageDto>,java.util.Comparator
[WARNING] /workspace/source/src/main/java/org/entando/entando/aps/******/services/page/PageService.java:[793,56] unchecked conversion
  required: java.util.Comparator<? super T>
  found:    java.util.Comparator
[WARNING] /workspace/source/src/main/java/org/entando/entando/aps/******/services/page/PageService.java:[795,29] unchecked method invocation: method sort in class java.util.Collections is applied to given types
  required: java.util.List<T>,java.util.Comparator<? super T>
  found: java.util.List<org.entando.entando.aps.******.services.page.model.PageDto>,org.apache.commons.beanutils.BeanComparator
[WARNING] /workspace/source/src/main/java/org/entando/entando/aps/******/services/page/PageService.java:[795,37] unchecked conversion
  required: java.util.Comparator<? super T>
  found:    org.apache.commons.beanutils.BeanComparator
[WARNING] /workspace/source/src/main/java/com/agiletec/aps/******/services/authorization/AuthorizationManager.java:[133,64] unchecked cast
  required: java.util.List<com.agiletec.aps.******.services.authorization.IApsAuthority>
  found:    java.util.List
[WARNING] /workspace/source/src/main/java/com/agiletec/aps/******/services/authorization/AuthorizationManager.java:[161,32] unchecked call to add(E) as a member of the raw type java.util.List
[WARNING] /workspace/source/src/main/java/com/agiletec/aps/******/services/authorization/AuthorizationManager.java:[167,36] unchecked call to add(E) as a member of the raw type java.util.List
[WARNING] /workspace/source/src/main/java/com/agiletec/aps/******/services/authorization/AuthorizationManager.java:[186,42] unchecked conversion
  required: java.util.List<com.agiletec.aps.******.services.role.Role>
  found:    java.util.List
[WARNING] /workspace/source/src/main/java/com/agiletec/aps/******/services/authorization/AuthorizationManager.java:[233,51] unchecked conversion
  required: java.util.List<com.agiletec.aps.******.services.authorization.IApsAuthority>
  found:    java.util.List
[WARNING] /workspace/source/src/main/java/com/agiletec/aps/******/services/authorization/AuthorizationManager.java:[250,72] unchecked conversion
  required: java.util.List<com.agiletec.aps.******.services.authorization.IApsAuthority>
  found:    java.util.List
[WARNING] /workspace/source/src/main/java/com/agiletec/aps/******/services/authorization/AuthorizationManager.java:[286,29] unchecked call to addAll(java.util.Collection<? extends E>) as a member of the raw type java.util.List
[WARNING] /workspace/source/src/main/java/com/agiletec/aps/******/services/authorization/AuthorizationManager.java:[330,42] unchecked conversion
  required: java.util.List<com.agiletec.aps.******.services.authorization.IApsAuthority>
  found:    java.util.List
[WARNING] /workspace/source/src/main/java/com/agiletec/aps/******/services/authorization/AuthorizationManager.java:[335,42] unchecked conversion
  required: java.util.List<com.agiletec.aps.******.services.role.Role>
  found:    java.util.List
[WARNING] /workspace/source/src/main/java/com/agiletec/aps/******/services/authorization/AuthorizationManager.java:[345,42] unchecked conversion
  required: java.util.List<com.agiletec.aps.******.services.authorization.IApsAuthority>
  found:    java.util.List
[WARNING] /workspace/source/src/main/java/com/agiletec/aps/******/services/authorization/AuthorizationManager.java:[350,42] unchecked conversion
  required: java.util.List<com.agiletec.aps.******.services.group.Group>
  found:    java.util.List
[WARNING] /workspace/source/src/main/java/com/agiletec/aps/******/services/authorization/AuthorizationManager.java:[472,82] unchecked cast
  required: java.util.Map<java.lang.String,com.agiletec.aps.******.services.group.Group>
  found:    java.util.Map
[WARNING] /workspace/source/src/main/java/com/agiletec/aps/******/services/authorization/AuthorizationManager.java:[473,79] unchecked cast
  required: java.util.Map<java.lang.String,com.agiletec.aps.******.services.role.Role>
  found:    java.util.Map
[WARNING] /workspace/source/src/main/java/org/entando/entando/aps/******/services/dataobject/widget/UserFilterOptionBean.java:[255,26] unchecked call to EntitySearchFilter(java.lang.String,boolean,T,boolean) as a member of the raw type com.agiletec.aps.******.common.entity.model.EntitySearchFilter
[WARNING] /workspace/source/src/main/java/org/entando/entando/aps/******/services/dataobject/widget/UserFilterOptionBean.java:[264,26] unchecked call to EntitySearchFilter(java.lang.String,boolean,T,T) as a member of the raw type com.agiletec.aps.******.common.entity.model.EntitySearchFilter
[WARNING] /workspace/source/src/main/java/org/entando/entando/aps/******/services/dataobject/widget/UserFilterOptionBean.java:[275,30] unchecked call to EntitySearchFilter(java.lang.String,boolean,T,boolean) as a member of the raw type com.agiletec.aps.******.common.entity.model.EntitySearchFilter
[WARNING] /workspace/source/src/main/java/org/entando/entando/aps/******/services/dataobject/widget/UserFilterOptionBean.java:[292,26] unchecked call to EntitySearchFilter(java.lang.String,boolean,T,T) as a member of the raw type com.agiletec.aps.******.common.entity.model.EntitySearchFilter
[WARNING] /workspace/source/src/main/java/org/entando/entando/aps/******/services/dataobject/widget/UserFilterOptionBean.java:[322,26] unchecked call to SearchEngineFilter(java.lang.String,T,org.entando.entando.aps.******.services.searchengine.SearchEngineFilter.TextSearchOption) as a member of the raw type org.entando.entando.aps.******.services.searchengine.SearchEngineFilter
[WARNING] /workspace/source/src/main/java/org/entando/entando/aps/******/services/dataobject/widget/UserFilterOptionBean.java:[324,26] unchecked call to SearchEngineFilter(java.lang.String,T,org.entando.entando.aps.******.services.searchengine.SearchEngineFilter.TextSearchOption) as a member of the raw type org.entando.entando.aps.******.services.searchengine.SearchEngineFilter
[WARNING] /workspace/source/src/main/java/org/entando/entando/aps/******/services/dataobject/widget/UserFilterOptionBean.java:[329,26] unchecked call to SearchEngineFilter(java.lang.String,T,org.entando.entando.aps.******.services.searchengine.SearchEngineFilter.TextSearchOption) as a member of the raw type org.entando.entando.aps.******.services.searchengine.SearchEngineFilter
[WARNING] /workspace/source/src/main/java/org/entando/entando/aps/******/services/dataobject/widget/UserFilterOptionBean.java:[344,26] unchecked call to SearchEngineFilter(java.lang.String,T,T) as a member of the raw type org.entando.entando.aps.******.services.searchengine.SearchEngineFilter
[WARNING] /workspace/source/src/main/java/org/entando/entando/aps/******/services/dataobject/widget/UserFilterOptionBean.java:[347,26] unchecked call to SearchEngineFilter(java.lang.String,T,org.entando.entando.aps.******.services.searchengine.SearchEngineFilter.TextSearchOption) as a member of the raw type org.entando.entando.aps.******.services.searchengine.SearchEngineFilter
[WARNING] /workspace/source/src/main/java/org/entando/entando/aps/******/services/dataobject/widget/UserFilterOptionBean.java:[362,26] unchecked call to SearchEngineFilter(java.lang.String,T,T) as a member of the raw type org.entando.entando.aps.******.services.searchengine.SearchEngineFilter
[WARNING] /workspace/source/src/main/java/org/entando/entando/aps/******/services/api/response/ServicesResponseResult.java:[37,73] unchecked cast
  required: java.util.Collection<org.entando.entando.aps.******.services.api.model.ServiceInfo>
  found:    java.lang.Object
[WARNING] /workspace/source/src/main/java/org/entando/entando/aps/******/services/api/response/ServicesResponseResult.java:[38,68] unchecked call to ListResponse(java.util.List<T>) as a member of the raw type org.entando.entando.aps.******.services.api.model.ListResponse
[INFO] /workspace/source/src/main/java/org/entando/entando/web/filebrowser/model/FileBrowserFileRequest.java: Some input files use or override a deprecated API.
[INFO] /workspace/source/src/main/java/org/entando/entando/web/filebrowser/model/FileBrowserFileRequest.java: Recompile with -Xlint:deprecation for details.
[INFO] /workspace/source/src/main/java/org/entando/entando/aps/******/services/api/ServiceExtraConfigDOM.java: Some input files additionally use unchecked or unsafe operations.
[INFO] 
[INFO] --- maven-resources-plugin:2.5:copy-resources (copy-resources-test) @ entando-engine ---
[debug] e**cute contextualize
[INFO] Using 'UTF-8' encoding to copy filtered resources.
[INFO] Copying 4 resources
[INFO] 
[INFO] --- maven-resources-plugin:2.5:copy-resources (copy-resources-file-test-) @ entando-engine ---
[debug] e**cute contextualize
[INFO] Using 'UTF-8' encoding to copy filtered resources.
[INFO] Copying 4 resources
[INFO] 
[INFO] --- maven-resources-plugin:2.5:testResources (default-testResources) @ entando-engine ---
[debug] e**cute contextualize
[INFO] Using 'UTF-8' encoding to copy filtered resources.
[INFO] Copying 8 resources
[INFO] 
[INFO] --- maven-compiler-plugin:3.8.1:testCompile (default-testCompile) @ entando-engine ---
[INFO] Changes detected - recompiling the module!
[INFO] Compiling 232 source files to /workspace/source/target/test-classes
[INFO] 
[INFO] ------------------------------------------------------------------------
[INFO] Skipping Entando Core: Engine
[INFO] This project has been banned from the build due to previous failures.
[INFO] ------------------------------------------------------------------------
[INFO] ------------------------------------------------------------------------
[INFO] BUILD FAILURE
[INFO] ------------------------------------------------------------------------
[INFO] Total time:  36.987 s
[INFO] Finished at: 2021-02-04T09:44:04Z
[INFO] ------------------------------------------------------------------------
[ERROR] Failed to e**cute goal org.apache.maven.plugins:maven-compiler-plugin:3.8.1:testCompile (default-testCompile) on project entando-engine: Fatal error compiling: CompilerException: NullPointerException -> [Help 1]
[ERROR] 
[ERROR] To see the full stack trace of the errors, re-run Maven with the -e switch.
[ERROR] Re-run Maven using the -X switch to enable full debug logging.
[ERROR] 
[ERROR] For more information about the errors and possible solutions, please read the following articles:
[ERROR] [Help 1] http://cwiki.apache.org/confluence/display/MAVEN/MojoE**cutionException
Picked up _JAVA_OPTIONS: -XX:+UnlockExperimentalVMOptions -Dsun.zip.disableMemoryMapping=**** -XX:+UseParallelGC -XX:MinHeapFreeRatio=5 -XX:MaxHeapFreeRatio=10 -XX:GCTimeRatio=4 -XX:AdaptiveSizePolicyWeight=90 -Xms10m -Xmx8000m
[INFO] Scanning for projects...
[WARNING] 
[WARNING] Some problems were encountered while building the effective model for org.entando.entando:entando-engine:jar:0.0.0-SNAPSHOT-PR-105-2
[WARNING] 'dependencies.dependency.(groupId:artifactId:type:classifier)' must be unique: org.apache.logging.log4j:log4j-core:jar -> duplicate declaration of version ${log4j-core.version} @ line 312, column 21
[WARNING] 
[WARNING] It is highly recommended to fix these problems because they threaten the stability of your build.
[WARNING] 
[WARNING] For this reason, future Maven versions might no longer support building such malformed projects.
[WARNING] 
[INFO] 
[INFO] -----------------< org.entando.entando:entando-engine >-----------------
[INFO] Building Entando Core: Engine 0.0.0-SNAPSHOT-PR-105-2
[INFO] --------------------------------[ jar ]---------------------------------
[WARNING] The POM for com.sun.xml.bind:jaxb-impl:jar:2.2.11 is invalid, transitive dependencies (if any) will not be available, enable debug logging for more details
[WARNING] The artifact org.hibernate:hibernate-validator:jar:6.0.17.Final has been relocated to org.hibernate.validator:hibernate-validator:jar:6.0.17.Final
[INFO] 
[INFO] --- maven-site-plugin:3.9.0:site (default-site) @ entando-engine ---
[INFO] configuring report plugin org.apache.maven.plugins:maven-project-info-reports-plugin:3.0.0
[INFO] 9 reports configured for maven-project-info-reports-plugin:3.0.0: dependency-info, distribution-management, index, ci-management, issue-management, licenses, plugins, scm, summary
[INFO] Rendering site with default locale English (en)
[WARNING] Unable to find a URL to the parent project. The parent menu will NOT be added.
[INFO] Relativizing decoration links with respect to localized project URL: http://www.entando.com/
[INFO] Rendering content with org.apache.maven.skins:maven-default-skin:jar:1.3 skin.
[INFO] Generating "Dependency Information" report --- maven-project-info-reports-plugin:3.0.0:dependency-info
[INFO] Generating "About" report         --- maven-project-info-reports-plugin:3.0.0:index
[INFO] Generating "Issue Management" report --- maven-project-info-reports-plugin:3.0.0:issue-management
[INFO] Generating "Licenses" report      --- maven-project-info-reports-plugin:3.0.0:licenses
[INFO] Generating "Plugins" report       --- maven-project-info-reports-plugin:3.0.0:plugins
[INFO] Generating "Source Code Management" report --- maven-project-info-reports-plugin:3.0.0:scm
[INFO] Generating "Summary" report       --- maven-project-info-reports-plugin:3.0.0:summary
[INFO] ------------------------------------------------------------------------
[INFO] BUILD SUCCESS
[INFO] ------------------------------------------------------------------------
[INFO] Total time:  13.604 s
[INFO] Finished at: 2021-02-04T09:44:19Z
[INFO] ------------------------------------------------------------------------
error: etcdserver: request is too large
No pre-deployment test results found for entando-engine-PR-105.
The following checks failed for entando-engine-PR-105:
No pre-deployment test results produced by build
[31m
Pipeline failed on stage 'from-build-pack' : container 'step-build-mvn-verify-pr'. The execution of the pipeline has stopped.[0m
