
Showing logs for build [32mentando-k8s-entando-k8s-keycloa-qwklq-68[0m stage [32mfrom-build-pack[0m and container [32mstep-credential-initializer-fg4pf[0m
{"level":"warn","ts":1612350306.5647538,"logger":"fallback-logger","caller":"logging/config.go:69","msg":"Fetch GitHub commit ID from kodata failed: \"ref: refs/heads/0.8.0-**-support-backwards-incompats\" is not a valid GitHub commit ID"}
{"level":"info","ts":1612350306.5694106,"logger":"fallback-logger","caller":"creds-init/main.go:40","msg":"Credentials initialized."}

Showing logs for build [32mentando-k8s-entando-k8s-keycloa-qwklq-68[0m stage [32mfrom-build-pack[0m and container [32mstep-working-dir-initializer-8b2mv[0m
{"level":"warn","ts":1612350312.0748537,"logger":"fallback-logger","caller":"logging/config.go:69","msg":"Fetch GitHub commit ID from kodata failed: open /var/run/ko/HEAD: no such file or directory"}
{"level":"info","ts":1612350312.0886393,"logger":"fallback-logger","caller":"bash/main.go:64","msg":"Successfully e**cuted command \"sh -c mkdir -p /workspace/source\"; output "}

Showing logs for build [32mentando-k8s-entando-k8s-keycloa-qwklq-68[0m stage [32mfrom-build-pack[0m and container [32mstep-place-tools[0m

Showing logs for build [32mentando-k8s-entando-k8s-keycloa-qwklq-68[0m stage [32mfrom-build-pack[0m and container [32mstep-git-source-entando-k8s-entando-k8s-keycloa-x2n5b[0m
{"level":"warn","ts":1612350413.9003441,"logger":"fallback-logger","caller":"logging/config.go:69","msg":"Fetch GitHub commit ID from kodata failed: \"ref: refs/heads/0.8.0-**-support-backwards-incompats\" is not a valid GitHub commit ID"}
{"level":"info","ts":1612350415.2018683,"logger":"fallback-logger","caller":"git/git.go:103","msg":"Successfully cloned https://github.com/entando-k8s/entando-k8s-keycloak-controller.git @ v6.3.0 in path /workspace/source"}

Showing logs for build [32mentando-k8s-entando-k8s-keycloa-qwklq-68[0m stage [32mfrom-build-pack[0m and container [32mstep-git-merge[0m
Using SHAs from PULL_REFS=master:8053050c7e0287187b6675118e2c45c522d34269
WARNING: no SHAs to merge, falling back to initial cloned commit

Showing logs for build [32mentando-k8s-entando-k8s-keycloa-qwklq-68[0m stage [32mfrom-build-pack[0m and container [32mstep-setup-jx-git-credentials[0m
Generated Git credentials file /workspace/xdg_config/git/credentials

Showing logs for build [32mentando-k8s-entando-k8s-keycloa-qwklq-68[0m stage [32mfrom-build-pack[0m and container [32mstep-build-fetch-history-for-sonar[0m
From https://github.com/entando-k8s/entando-k8s-keycloak-controller
 * [new branch]      ENG-1205_cluster_wide_deployment -> origin/ENG-1205_cluster_wide_deployment
 * [new branch]      ENG-1205_latest_parent_pom -> origin/ENG-1205_latest_parent_pom
 * [new branch]      ENG-1737_redhat_certification -> origin/ENG-1737_redhat_certification
 * [new branch]      ENG-562_support_h2_and_derby -> origin/ENG-562_support_h2_and_derby
 * [new branch]      ENG-703-as-an-entando-developer-i-would-like-the-swagger-ui-enabled-by-default-so-i-can-more-easily-see-and-test-the-available-apis -> origin/ENG-703-as-an-entando-developer-i-would-like-the-swagger-ui-enabled-by-default-so-i-can-more-easily-see-and-test-the-available-apis
 * [new branch]      ENG-932_support_db_password_reset -> origin/ENG-932_support_db_password_reset
 * [new branch]      NPE-fix             -> origin/NPE-fix
 * [new branch]      TEST_do_not_merge   -> origin/TEST_do_not_merge
 * [new branch]      master              -> origin/master
 * [new branch]      minor-envvar-bugfix -> origin/minor-envvar-bugfix
 * [new tag]         v6.3.0              -> v6.3.0
 * [new tag]         v6.0.24             -> v6.0.24
 * [new tag]         v6.0.31             -> v6.0.31

Showing logs for build [32mentando-k8s-entando-k8s-keycloa-qwklq-68[0m stage [32mfrom-build-pack[0m and container [32mstep-build-mvn-deploy-release[0m
Picked up _JAVA_OPTIONS: -XX:+UnlockExperimentalVMOptions -Dsun.zip.disableMemoryMapping=**** -XX:+UseParallelGC -XX:MinHeapFreeRatio=5 -XX:MaxHeapFreeRatio=10 -XX:GCTimeRatio=4 -XX:AdaptiveSizePolicyWeight=90 -Xms1000m -Xmx12000m
[INFO] Scanning for projects...
[INFO] 
[INFO] ------------< org.entando:entando-k8s-keycloak-controller >-------------
[INFO] Building Entando K8S Controller for Keycloak 6.3.0
[INFO] --------------------------------[ jar ]---------------------------------
[INFO] 
[INFO] --- maven-clean-plugin:2.5:clean (default-clean) @ entando-k8s-keycloak-controller ---
[INFO] 
[INFO] --- maven-checkstyle-plugin:3.1.1:check (validate) @ entando-k8s-keycloak-controller ---
[INFO] 
[INFO] ------------------------------------------------------------------------
[INFO] Skipping Entando K8S Controller for Keycloak
[INFO] This project has been banned from the build due to previous failures.
[INFO] ------------------------------------------------------------------------
[INFO] ------------------------------------------------------------------------
[INFO] BUILD FAILURE
[INFO] ------------------------------------------------------------------------
[INFO] Total time:  19.176 s
[INFO] Finished at: 2021-02-03T11:07:24Z
[INFO] ------------------------------------------------------------------------
[ERROR] Failed to e**cute goal org.apache.maven.plugins:maven-checkstyle-plugin:3.1.1:check (validate) on project entando-k8s-keycloak-controller: Failed during checkstyle e**cution: Unable to find configuration file at location: https://raw.githubusercontent.com/entando-k8s/entando-quarkus-parent/v6.3.10/checkstyle.xml: Could not find resource 'https://raw.githubusercontent.com/entando-k8s/entando-quarkus-parent/v6.3.10/checkstyle.xml'. -> [Help 1]
[ERROR] 
[ERROR] To see the full stack trace of the errors, re-run Maven with the -e switch.
[ERROR] Re-run Maven using the -X switch to enable full debug logging.
[ERROR] 
[ERROR] For more information about the errors and possible solutions, please read the following articles:
[ERROR] [Help 1] http://cwiki.apache.org/confluence/display/MAVEN/MojoE**cutionException
No pre-deployment test results found for entando-k8s-keycloak-controller-master.
No OWASP dependency check found for entando-k8s-keycloak-controller-master.
The following checks failed for entando-k8s-keycloak-controller-master:
No pre-deployment test results produced by build
No OWASP dependency check results produced by build
[31m
Pipeline failed on stage 'from-build-pack' : container 'step-build-mvn-deploy-release'. The execution of the pipeline has stopped.[0m
