
Showing logs for build [32mentando-entando-plugin-jpconten-kbkwn-1[0m stage [32mfrom-build-pack[0m and container [32mstep-credential-initializer-ggxc9[0m
{"level":"warn","ts":1612287013.82265,"logger":"fallback-logger","caller":"logging/config.go:69","msg":"Fetch GitHub commit ID from kodata failed: \"ref: refs/heads/0.8.0-**-support-backwards-incompats\" is not a valid GitHub commit ID"}
{"level":"info","ts":1612287013.8345666,"logger":"fallback-logger","caller":"creds-init/main.go:40","msg":"Credentials initialized."}

Showing logs for build [32mentando-entando-plugin-jpconten-kbkwn-1[0m stage [32mfrom-build-pack[0m and container [32mstep-working-dir-initializer-hlnvk[0m
{"level":"warn","ts":1612287017.7246618,"logger":"fallback-logger","caller":"logging/config.go:69","msg":"Fetch GitHub commit ID from kodata failed: open /var/run/ko/HEAD: no such file or directory"}
{"level":"info","ts":1612287017.757463,"logger":"fallback-logger","caller":"bash/main.go:64","msg":"Successfully e**cuted command \"sh -c mkdir -p /workspace/source\"; output "}

Showing logs for build [32mentando-entando-plugin-jpconten-kbkwn-1[0m stage [32mfrom-build-pack[0m and container [32mstep-place-tools[0m

Showing logs for build [32mentando-entando-plugin-jpconten-kbkwn-1[0m stage [32mfrom-build-pack[0m and container [32mstep-git-source-entando-entando-plugin-jpconten-pk2sn[0m
{"level":"warn","ts":1612287039.4316401,"logger":"fallback-logger","caller":"logging/config.go:69","msg":"Fetch GitHub commit ID from kodata failed: \"ref: refs/heads/0.8.0-**-support-backwards-incompats\" is not a valid GitHub commit ID"}
{"level":"info","ts":1612287041.1513608,"logger":"fallback-logger","caller":"git/git.go:103","msg":"Successfully cloned https://github.com/entando/entando-plugin-jpcontentscheduler.git @ master in path /workspace/source"}

Showing logs for build [32mentando-entando-plugin-jpconten-kbkwn-1[0m stage [32mfrom-build-pack[0m and container [32mstep-git-merge[0m
Using SHAs from PULL_REFS=master:ef5c1e3c6b36dc1376fcb655807c3ea22a64b1c6,18:75e7c280fdf46e6d637441e9225697fcbcd56f6a
DEBUG: ran git fetch --unshallow origin 75e7c280fdf46e6d637441e9225697fcbcd56f6a: ef5c1e3c6b36dc1376fcb655807c3ea22a64b1c6: in 
DEBUG: ran git checkout master in 
DEBUG: ran git reset --hard ef5c1e3c6b36dc1376fcb655807c3ea22a64b1c6 in 
DEBUG: ran clean --force -d . in 
DEBUG: ran git merge 75e7c280fdf46e6d637441e9225697fcbcd56f6a in 
Merged SHA 75e7c280fdf46e6d637441e9225697fcbcd56f6a with commit message 'ENG-1745: Fix code smell' into base branch master
Merged SHA f2bdfe4232243dcb57796d4e013d3cdacd1b4b6c with commit message 'ENG-1745: Override of configuration in parent pom' into base branch master
Merged SHA ef96ed53da697eefd9ae43b92d2071515b6a9539 with commit message 'ENG-1745: junit5 integration' into base branch master

Showing logs for build [32mentando-entando-plugin-jpconten-kbkwn-1[0m stage [32mfrom-build-pack[0m and container [32mstep-build-set-version[0m
Picked up _JAVA_OPTIONS: -XX:+UnlockExperimentalVMOptions -Dsun.zip.disableMemoryMapping=**** -XX:+UseParallelGC -XX:MinHeapFreeRatio=5 -XX:MaxHeapFreeRatio=10 -XX:GCTimeRatio=4 -XX:AdaptiveSizePolicyWeight=90 -Xms10m -Xmx8000m
[INFO] Scanning for projects...
[INFO] 
[INFO] ---< org.entando.entando.plugins:entando-plugin-jpcontentscheduler >----
[INFO] Building Entando Plugin: Content Scheduler 6.3.0-SNAPSHOT
[INFO] --------------------------------[ war ]---------------------------------
[INFO] 
[INFO] --- versions-maven-plugin:2.8.1:set (default-cli) @ entando-plugin-jpcontentscheduler ---
[INFO] Local aggregation ****: /workspace/source
[INFO] Processing change of org.entando.entando.plugins:entando-plugin-jpcontentscheduler:6.3.0-SNAPSHOT -> 0.0.0-SNAPSHOT-PR-18-1
[INFO] Processing org.entando.entando.plugins:entando-plugin-jpcontentscheduler
[INFO]     Updating project org.entando.entando.plugins:entando-plugin-jpcontentscheduler
[INFO]         from version 6.3.0-SNAPSHOT to 0.0.0-SNAPSHOT-PR-18-1
[INFO] 
[INFO] ------------------------------------------------------------------------
[INFO] BUILD SUCCESS
[INFO] ------------------------------------------------------------------------
[INFO] Total time:  10.032 s
[INFO] Finished at: 2021-02-02T17:30:57Z
[INFO] ------------------------------------------------------------------------

Showing logs for build [32mentando-entando-plugin-jpconten-kbkwn-1[0m stage [32mfrom-build-pack[0m and container [32mstep-build-fix-git-for-sonar[0m
Switched to a new branch 'PR-18'
M	pom.xml
Deleted branch master (was 75e7c28).
From https://github.com/entando/entando-plugin-jpcontentscheduler
 * [new branch]      master            -> master
 * [new tag]         5.0.0.initial     -> 5.0.0.initial
 * [new tag]         pia-crs4          -> pia-crs4
 * [new tag]         v4.3.2-RC1        -> v4.3.2-RC1
 * [new tag]         v5.0.0-pre        -> v5.0.0-pre
 * [new tag]         v6.2.0-sprint1-rc -> v6.2.0-sprint1-rc
 * [new tag]         v6.2.0-sprint2-rc -> v6.2.0-sprint2-rc
 * [new tag]         v6.2.0-sprint3-rc -> v6.2.0-sprint3-rc
 * [new tag]         v6.2.0-sprint4-rc -> v6.2.0-sprint4-rc
 * [new tag]         v6.2.0-sprint5-rc -> v6.2.0-sprint5-rc

Showing logs for build [32mentando-entando-plugin-jpconten-kbkwn-1[0m stage [32mfrom-build-pack[0m and container [32mstep-build-mvn-verify-pr[0m
  % Total    % Received % Xferd  Average Speed   Time    Time     Time  Current
                                 Dload  Upload   Total   Spent    Left  Speed
  0     0    0     0    0     0      0      0 --:--:-- --:--:-- --:--:--     0 11  1882    0     0  100   225      0    253 --:--:-- --:--:-- --:--:--   255100  1882  100  1657  100   225   1867    253 --:--:-- --:--:-- --:--:--  1880
Picked up _JAVA_OPTIONS: -XX:+UnlockExperimentalVMOptions -Dsun.zip.disableMemoryMapping=**** -XX:+UseParallelGC -XX:MinHeapFreeRatio=5 -XX:MaxHeapFreeRatio=10 -XX:GCTimeRatio=4 -XX:AdaptiveSizePolicyWeight=90 -Xms10m -Xmx8000m
{
  "url": "https://api.github.com/repos/entando/entando-plugin-jpcontentscheduler/statuses/75e7c280fdf46e6d637441e9225697fcbcd56f6a",
  "avatar_url": "https://avatars.githubusercontent.com/u/57885396?v=4",
  "id": 12044982409,
  "node_id": "MDEzOlN0YXR1c0NvbnRleHQxMjA0NDk4MjQwOQ==",
  "state": "pending",
  "description": "Pre-deployment tests pending!",
  "target_url": "https://entando-k8s.github.io/devops-results/entando-plugin-jpcontentscheduler/PR-18/surefire-report.html",
  "context": "Pre-deployment tests",
  "created_at": "2021-02-02T17:31:07Z",
  "updated_at": "2021-02-02T17:31:07Z",
  "creator": {
    "login": "entando-**",
    "id": 57885396,
    "node_id": "MDQ6VXNlcjU3ODg1Mzk2",
    "avatar_url": "https://avatars.githubusercontent.com/u/57885396?v=4",
    "gravatar_id": "",
    "url": "https://api.github.com/users/**********",
    "html_url": "https://github.com/**********",
    "followers_url": "https://api.github.com/users/entando-**/followers",
    "following_url": "https://api.github.com/users/**********/following{/other_user}",
    "gists_url": "https://api.github.com/users/entando-**/gists{/gist_id}",
    "starred_url": "https://api.github.com/users/entando-**/starred{/owner}{/repo}",
    "subscriptions_url": "https://api.github.com/users/**********/subscriptions",
    "organizations_url": "https://api.github.com/users/**********/orgs",
    "repos_url": "https://api.github.com/users/entando-**/repos",
    "events_url": "https://api.github.com/users/**********/events{/privacy}",
    "received_events_url": "https://api.github.com/users/entando-**/received_events",
    "type": "User",
    "site_*****": false
  }
}
[INFO] Scanning for projects...
[INFO] 
[INFO] ---< org.entando.entando.plugins:entando-plugin-jpcontentscheduler >----
[INFO] Building Entando Plugin: Content Scheduler 0.0.0-SNAPSHOT-PR-18-1
[INFO] --------------------------------[ war ]---------------------------------
[WARNING] The POM for com.sun.xml.bind:jaxb-impl:jar:2.2.11 is invalid, transitive dependencies (if any) will not be available, enable debug logging for more details
[INFO] 
[INFO] --- maven-checkstyle-plugin:3.1.1:check (validate) @ entando-plugin-jpcontentscheduler ---
[INFO] 
[INFO] --- maven-checkstyle-plugin:3.1.1:checkstyle (validate) @ entando-plugin-jpcontentscheduler ---
[INFO] 
[INFO] --- jacoco-maven-plugin:0.8.5:prepare-agent (prepare-agent) @ entando-plugin-jpcontentscheduler ---
[INFO] argLine set to -javaagent:/home/jenkins/.mvnrepository/org/jacoco/org.jacoco.agent/0.8.5/org.jacoco.agent-0.8.5-runtime.jar=destfile=/workspace/source/target/jacoco.e**c
[INFO] 
[INFO] --- maven-resources-plugin:2.5:resources (default-resources) @ entando-plugin-jpcontentscheduler ---
[debug] e**cute contextualize
[INFO] Using 'UTF-8' encoding to copy filtered resources.
[INFO] Copying 8 resources
[INFO] Copying 1 resource
[INFO] Copying 8 resources
[INFO] Copying 0 resource
[INFO] Copying 0 resource to META-INF
[INFO] 
[INFO] --- maven-compiler-plugin:3.8.1:compile (default-compile) @ entando-plugin-jpcontentscheduler ---
[INFO] Changes detected - recompiling the module!
[INFO] Compiling 18 source files to /workspace/source/target/classes
[WARNING] /workspace/source/src/main/java/org/entando/entando/plugins/jpcontentscheduler/aps*****/config/ContentThreadConfigGroupsAction.java:[194,95] unchecked cast
  required: java.util.Map<java.lang.String,java.util.List<java.lang.String>>
  found:    java.lang.Object
[WARNING] /workspace/source/src/main/java/org/entando/entando/plugins/jpcontentscheduler/aps*****/config/ContentThreadConfigContentTypesAction.java:[262,83] unchecked cast
  required: java.util.List<org.entando.entando.plugins.jpcontentscheduler.aps.******.services.content.model.ContentTypeElem>
  found:    java.lang.Object
[WARNING] /workspace/source/src/main/java/org/entando/entando/plugins/jpcontentscheduler/aps*****/config/ContentThreadConfigUsersAction.java:[267,95] unchecked cast
  required: java.util.Map<java.lang.String,java.util.List<java.lang.String>>
  found:    java.lang.Object
[WARNING] /workspace/source/src/main/java/org/entando/entando/plugins/jpcontentscheduler/aps/******/services/content/ContentSchedulerManager.java:[143,77] unchecked call to EntitySearchFilter(java.lang.String,boolean,T,T) as a member of the raw type com.agiletec.aps.******.common.entity.model.EntitySearchFilter
[WARNING] /workspace/source/src/main/java/org/entando/entando/plugins/jpcontentscheduler/aps/******/services/content/ContentSchedulerManager.java:[175,53] unchecked call to EntitySearchFilter(java.lang.String,boolean,java.util.List<T>,boolean) as a member of the raw type com.agiletec.aps.******.common.entity.model.EntitySearchFilter
[WARNING] /workspace/source/src/main/java/org/entando/entando/plugins/jpcontentscheduler/aps/******/services/content/ContentSchedulerManager.java:[176,77] unchecked call to EntitySearchFilter(java.lang.String,boolean,T,T) as a member of the raw type com.agiletec.aps.******.common.entity.model.EntitySearchFilter
[INFO] /workspace/source/src/main/java/org/entando/entando/plugins/jpcontentscheduler/aps/******/services/content/IContentSchedulerManager.java: Some input files use or override a deprecated API.
[INFO] /workspace/source/src/main/java/org/entando/entando/plugins/jpcontentscheduler/aps/******/services/content/IContentSchedulerManager.java: Recompile with -Xlint:deprecation for details.
[INFO] 
[INFO] --- maven-resources-plugin:2.5:copy-resources (copy-resources-test) @ entando-plugin-jpcontentscheduler ---
[debug] e**cute contextualize
[INFO] Using 'UTF-8' encoding to copy filtered resources.
[INFO] Copying 5 resources
[INFO] 
[INFO] --- maven-resources-plugin:2.5:copy-resources (copy-resources-file-test-) @ entando-plugin-jpcontentscheduler ---
[debug] e**cute contextualize
[INFO] Using 'UTF-8' encoding to copy filtered resources.
[INFO] Copying 5 resources
[INFO] 
[INFO] --- maven-resources-plugin:2.5:testResources (default-testResources) @ entando-plugin-jpcontentscheduler ---
[debug] e**cute contextualize
[INFO] Using 'UTF-8' encoding to copy filtered resources.
[INFO] Copying 3 resources
[INFO] 
[INFO] --- maven-compiler-plugin:3.8.1:testCompile (default-testCompile) @ entando-plugin-jpcontentscheduler ---
[INFO] Changes detected - recompiling the module!
[INFO] Compiling 2 source files to /workspace/source/target/test-classes
[INFO] -------------------------------------------------------------
[ERROR] COMPILATION ERROR : 
[INFO] -------------------------------------------------------------
[ERROR] /workspace/source/src/test/java/org/entando/entando/plugins/jpcontentscheduler/aps/******/services/content/TestContentScheduler.java:[11,1] cannot access junit.framework.TestCase
  class file for junit.framework.TestCase not found
[ERROR] /workspace/source/src/test/java/org/entando/entando/plugins/jpcontentscheduler/aps/******/services/content/TestContentScheduler.java:[13,17] cannot access junit.framework.TestCase
  class file for junit.framework.TestCase not found
[INFO] 2 errors 
[INFO] -------------------------------------------------------------
[INFO] 
[INFO] ------------------------------------------------------------------------
[INFO] Skipping Entando Plugin: Content Scheduler
[INFO] This project has been banned from the build due to previous failures.
[INFO] ------------------------------------------------------------------------
[INFO] ------------------------------------------------------------------------
[INFO] BUILD FAILURE
[INFO] ------------------------------------------------------------------------
[INFO] Total time:  28.519 s
[INFO] Finished at: 2021-02-02T17:31:39Z
[INFO] ------------------------------------------------------------------------
[ERROR] Failed to e**cute goal org.apache.maven.plugins:maven-compiler-plugin:3.8.1:testCompile (default-testCompile) on project entando-plugin-jpcontentscheduler: Compilation failure: Compilation failure: 
[ERROR] /workspace/source/src/test/java/org/entando/entando/plugins/jpcontentscheduler/aps/******/services/content/TestContentScheduler.java:[11,1] cannot access junit.framework.TestCase
[ERROR]   class file for junit.framework.TestCase not found
[ERROR] /workspace/source/src/test/java/org/entando/entando/plugins/jpcontentscheduler/aps/******/services/content/TestContentScheduler.java:[13,17] cannot access junit.framework.TestCase
[ERROR]   class file for junit.framework.TestCase not found
[ERROR] -> [Help 1]
[ERROR] 
[ERROR] To see the full stack trace of the errors, re-run Maven with the -e switch.
[ERROR] Re-run Maven using the -X switch to enable full debug logging.
[ERROR] 
[ERROR] For more information about the errors and possible solutions, please read the following articles:
[ERROR] [Help 1] http://cwiki.apache.org/confluence/display/MAVEN/MojoFailureException
Picked up _JAVA_OPTIONS: -XX:+UnlockExperimentalVMOptions -Dsun.zip.disableMemoryMapping=**** -XX:+UseParallelGC -XX:MinHeapFreeRatio=5 -XX:MaxHeapFreeRatio=10 -XX:GCTimeRatio=4 -XX:AdaptiveSizePolicyWeight=90 -Xms10m -Xmx8000m
[INFO] Scanning for projects...
[INFO] 
[INFO] ---< org.entando.entando.plugins:entando-plugin-jpcontentscheduler >----
[INFO] Building Entando Plugin: Content Scheduler 0.0.0-SNAPSHOT-PR-18-1
[INFO] --------------------------------[ war ]---------------------------------
[WARNING] The POM for com.sun.xml.bind:jaxb-impl:jar:2.2.11 is invalid, transitive dependencies (if any) will not be available, enable debug logging for more details
[INFO] 
[INFO] --- maven-site-plugin:3.9.0:site (default-site) @ entando-plugin-jpcontentscheduler ---
[INFO] configuring report plugin org.apache.maven.plugins:maven-project-info-reports-plugin:3.0.0
[INFO] 9 reports configured for maven-project-info-reports-plugin:3.0.0: dependency-info, distribution-management, index, ci-management, issue-management, licenses, plugins, scm, summary
[INFO] Rendering site with default locale English (en)
[WARNING] Unable to find a URL to the parent project. The parent menu will NOT be added.
[INFO] Relativizing decoration links with respect to localized project URL: http://www.entando.com/
[INFO] Rendering content with org.apache.maven.skins:maven-default-skin:jar:1.3 skin.
[INFO] Generating "Dependency Information" report --- maven-project-info-reports-plugin:3.0.0:dependency-info
[INFO] Generating "About" report         --- maven-project-info-reports-plugin:3.0.0:index
[INFO] Generating "Issue Management" report --- maven-project-info-reports-plugin:3.0.0:issue-management
[INFO] Generating "Licenses" report      --- maven-project-info-reports-plugin:3.0.0:licenses
[INFO] Generating "Plugins" report       --- maven-project-info-reports-plugin:3.0.0:plugins
[INFO] Generating "Source Code Management" report --- maven-project-info-reports-plugin:3.0.0:scm
[INFO] Generating "Summary" report       --- maven-project-info-reports-plugin:3.0.0:summary
[INFO] ------------------------------------------------------------------------
[INFO] BUILD SUCCESS
[INFO] ------------------------------------------------------------------------
[INFO] Total time:  12.617 s
[INFO] Finished at: 2021-02-02T17:31:54Z
[INFO] ------------------------------------------------------------------------
error: etcdserver: request is too large
No pre-deployment test results found for entando-plugin-jpcontentscheduler-PR-18.
  % Total    % Received % Xferd  Average Speed   Time    Time     Time  Current
                                 Dload  Upload   Total   Spent    Left  Speed
{
  "url": "https://api.github.com/repos/entando/entando-plugin-jpcontentscheduler/statuses/75e7c280fdf46e6d637441e9225697fcbcd56f6a",
  "avatar_url": "https://avatars.githubusercontent.com/u/57885396?v=4",
  "id": 12044997690,
  "node_id": "MDEzOlN0YXR1c0NvbnRleHQxMjA0NDk5NzY5MA==",
  "state": "pending",
  "description": "No pre-deployment test results produced by build!",
  "target_url": "https://entando-k8s.github.io/devops-results/entando-plugin-jpcontentscheduler/PR-18/surefire-report.html",
  "context": "Pre-deployment tests",
  "created_at": "2021-02-02T17:32:12Z",
  "updated_at": "2021-02-02T17:32:12Z",
  "creator": {
    "login": "**********",
    "id": 57885396,
    "node_id": "MDQ6VXNlcjU3ODg1Mzk2",
    "avatar_url": "https://avatars.githubusercontent.com/u/57885396?v=4",
    "gravatar_id": "",
    "url": "https://api.github.com/users/entando-**",
    "html_url": "https://github.com/entando-**",
    "followers_url": "https://api.github.com/users/**********/followers",
    "following_url": "https://api.github.com/users/entando-**/following{/other_user}",
    "gists_url": "https://api.github.com/users/entando-**/gists{/gist_id}",
    "starred_url": "https://api.github.com/users/entando-**/starred{/owner}{/repo}",
    "subscriptions_url": "https://api.github.com/users/entando-**/subscriptions",
    "organizations_url": "https://api.github.com/users/**********/orgs",
    "repos_url": "https://api.github.com/users/**********/repos",
    "events_url": "https://api.github.com/users/entando-**/events{/privacy}",
    "received_events_url": "https://api.github.com/users/entando-**/received_events",
    "type": "User",
    "site_*****": false
  }
}
  0     0    0     0    0     0      0      0 --:--:-- --:--:-- --:--:--     0100  1922  100  1677  100   245   2598    379 --:--:-- --:--:-- --:--:--  2628
The following checks failed for entando-plugin-jpcontentscheduler-PR-18:
No pre-deployment test results produced by build
[31m
Pipeline failed on stage 'from-build-pack' : container 'step-build-mvn-verify-pr'. The execution of the pipeline has stopped.[0m
