
Showing logs for build [32mentando-entando-plugin-jpconten-p9cfs-3[0m stage [32mfrom-build-pack[0m and container [32mstep-credential-initializer-f4g5v[0m
{"level":"warn","ts":1612287678.8873277,"logger":"fallback-logger","caller":"logging/config.go:69","msg":"Fetch GitHub commit ID from kodata failed: \"ref: refs/heads/0.8.0-**-support-backwards-incompats\" is not a valid GitHub commit ID"}
{"level":"info","ts":1612287678.8993611,"logger":"fallback-logger","caller":"creds-init/main.go:40","msg":"Credentials initialized."}

Showing logs for build [32mentando-entando-plugin-jpconten-p9cfs-3[0m stage [32mfrom-build-pack[0m and container [32mstep-working-dir-initializer-lsbkb[0m
{"level":"warn","ts":1612287680.8251474,"logger":"fallback-logger","caller":"logging/config.go:69","msg":"Fetch GitHub commit ID from kodata failed: open /var/run/ko/HEAD: no such file or directory"}
{"level":"info","ts":1612287680.8554146,"logger":"fallback-logger","caller":"bash/main.go:64","msg":"Successfully e**cuted command \"sh -c mkdir -p /workspace/source\"; output "}

Showing logs for build [32mentando-entando-plugin-jpconten-p9cfs-3[0m stage [32mfrom-build-pack[0m and container [32mstep-place-tools[0m

Showing logs for build [32mentando-entando-plugin-jpconten-p9cfs-3[0m stage [32mfrom-build-pack[0m and container [32mstep-git-source-entando-entando-plugin-jpconten-fsnsw[0m
{"level":"warn","ts":1612287714.0432456,"logger":"fallback-logger","caller":"logging/config.go:69","msg":"Fetch GitHub commit ID from kodata failed: \"ref: refs/heads/0.8.0-**-support-backwards-incompats\" is not a valid GitHub commit ID"}
{"level":"info","ts":1612287715.775482,"logger":"fallback-logger","caller":"git/git.go:103","msg":"Successfully cloned https://github.com/entando/entando-plugin-jpcontentscheduler.git @ master in path /workspace/source"}

Showing logs for build [32mentando-entando-plugin-jpconten-p9cfs-3[0m stage [32mfrom-build-pack[0m and container [32mstep-git-merge[0m
Using SHAs from PULL_REFS=master:ef5c1e3c6b36dc1376fcb655807c3ea22a64b1c6,18:24b400d36e6a475c3ce364113f81083e6b2b238f
DEBUG: ran git fetch --unshallow origin 24b400d36e6a475c3ce364113f81083e6b2b238f: ef5c1e3c6b36dc1376fcb655807c3ea22a64b1c6: in 
DEBUG: ran git checkout master in 
DEBUG: ran git reset --hard ef5c1e3c6b36dc1376fcb655807c3ea22a64b1c6 in 
DEBUG: ran clean --force -d . in 
DEBUG: ran git merge 24b400d36e6a475c3ce364113f81083e6b2b238f in 
Merged SHA 24b400d36e6a475c3ce364113f81083e6b2b238f with commit message 'ENG-1745: Upgrade core-parent and bom version' into base branch master
Merged SHA 75e7c280fdf46e6d637441e9225697fcbcd56f6a with commit message 'ENG-1745: Fix code smell' into base branch master
Merged SHA f2bdfe4232243dcb57796d4e013d3cdacd1b4b6c with commit message 'ENG-1745: Override of configuration in parent pom' into base branch master
Merged SHA ef96ed53da697eefd9ae43b92d2071515b6a9539 with commit message 'ENG-1745: junit5 integration' into base branch master

Showing logs for build [32mentando-entando-plugin-jpconten-p9cfs-3[0m stage [32mfrom-build-pack[0m and container [32mstep-build-set-version[0m
Picked up _JAVA_OPTIONS: -XX:+UnlockExperimentalVMOptions -Dsun.zip.disableMemoryMapping=**** -XX:+UseParallelGC -XX:MinHeapFreeRatio=5 -XX:MaxHeapFreeRatio=10 -XX:GCTimeRatio=4 -XX:AdaptiveSizePolicyWeight=90 -Xms10m -Xmx8000m
[INFO] Scanning for projects...
[INFO] 
[INFO] ---< org.entando.entando.plugins:entando-plugin-jpcontentscheduler >----
[INFO] Building Entando Plugin: Content Scheduler 6.3.0-SNAPSHOT
[INFO] --------------------------------[ war ]---------------------------------
[INFO] 
[INFO] --- versions-maven-plugin:2.8.1:set (default-cli) @ entando-plugin-jpcontentscheduler ---
[INFO] Local aggregation ****: /workspace/source
[INFO] Processing change of org.entando.entando.plugins:entando-plugin-jpcontentscheduler:6.3.0-SNAPSHOT -> 0.0.0-SNAPSHOT-PR-18-3
[INFO] Processing org.entando.entando.plugins:entando-plugin-jpcontentscheduler
[INFO]     Updating project org.entando.entando.plugins:entando-plugin-jpcontentscheduler
[INFO]         from version 6.3.0-SNAPSHOT to 0.0.0-SNAPSHOT-PR-18-3
[INFO] 
[INFO] ------------------------------------------------------------------------
[INFO] BUILD SUCCESS
[INFO] ------------------------------------------------------------------------
[INFO] Total time:  10.972 s
[INFO] Finished at: 2021-02-02T17:42:11Z
[INFO] ------------------------------------------------------------------------

Showing logs for build [32mentando-entando-plugin-jpconten-p9cfs-3[0m stage [32mfrom-build-pack[0m and container [32mstep-build-fix-git-for-sonar[0m
Switched to a new branch 'PR-18'
M	pom.xml
Deleted branch master (was 24b400d).
From https://github.com/entando/entando-plugin-jpcontentscheduler
 * [new branch]      master            -> master
 * [new tag]         5.0.0.initial     -> 5.0.0.initial
 * [new tag]         pia-crs4          -> pia-crs4
 * [new tag]         v4.3.2-RC1        -> v4.3.2-RC1
 * [new tag]         v5.0.0-pre        -> v5.0.0-pre
 * [new tag]         v6.2.0-sprint1-rc -> v6.2.0-sprint1-rc
 * [new tag]         v6.2.0-sprint2-rc -> v6.2.0-sprint2-rc
 * [new tag]         v6.2.0-sprint3-rc -> v6.2.0-sprint3-rc
 * [new tag]         v6.2.0-sprint4-rc -> v6.2.0-sprint4-rc
 * [new tag]         v6.2.0-sprint5-rc -> v6.2.0-sprint5-rc

Showing logs for build [32mentando-entando-plugin-jpconten-p9cfs-3[0m stage [32mfrom-build-pack[0m and container [32mstep-build-mvn-verify-pr[0m
  % Total    % Received % Xferd  Average Speed   Time    Time     Time  Current
                                 Dload  Upload   Total   Spent    Left  Speed
  0     0    0     0    0     0      0      0 --:--:-- --:--:-- --:--:--     0100  1882  100  1657  100   225   2219    301 --:--:-- --:--:-- --:--:--  2239
{
  "url": "https://api.github.com/repos/entando/entando-plugin-jpcontentscheduler/statuses/24b400d36e6a475c3ce364113f81083e6b2b238f",
  "avatar_url": "https://avatars.githubusercontent.com/u/57885396?v=4",
  "id": 12045132784,
  "node_id": "MDEzOlN0YXR1c0NvbnRleHQxMjA0NTEzMjc4NA==",
  "state": "pending",
  "description": "Pre-deployment tests pending!",
  "target_url": "https://entando-k8s.github.io/devops-results/entando-plugin-jpcontentscheduler/PR-18/surefire-report.html",
  "context": "Pre-deployment tests",
  "created_at": "2021-02-02T17:42:14Z",
  "updated_at": "2021-02-02T17:42:14Z",
  "creator": {
    "login": "entando-**",
    "id": 57885396,
    "node_id": "MDQ6VXNlcjU3ODg1Mzk2",
    "avatar_url": "https://avatars.githubusercontent.com/u/57885396?v=4",
    "gravatar_id": "",
    "url": "https://api.github.com/users/entando-**",
    "html_url": "https://github.com/**********",
    "followers_url": "https://api.github.com/users/entando-**/followers",
    "following_url": "https://api.github.com/users/**********/following{/other_user}",
    "gists_url": "https://api.github.com/users/entando-**/gists{/gist_id}",
    "starred_url": "https://api.github.com/users/entando-**/starred{/owner}{/repo}",
    "subscriptions_url": "https://api.github.com/users/entando-**/subscriptions",
    "organizations_url": "https://api.github.com/users/**********/orgs",
    "repos_url": "https://api.github.com/users/**********/repos",
    "events_url": "https://api.github.com/users/entando-**/events{/privacy}",
    "received_events_url": "https://api.github.com/users/**********/received_events",
    "type": "User",
    "site_*****": false
  }
}
Picked up _JAVA_OPTIONS: -XX:+UnlockExperimentalVMOptions -Dsun.zip.disableMemoryMapping=**** -XX:+UseParallelGC -XX:MinHeapFreeRatio=5 -XX:MaxHeapFreeRatio=10 -XX:GCTimeRatio=4 -XX:AdaptiveSizePolicyWeight=90 -Xms10m -Xmx8000m
[INFO] Scanning for projects...
[INFO] 
[INFO] ---< org.entando.entando.plugins:entando-plugin-jpcontentscheduler >----
[INFO] Building Entando Plugin: Content Scheduler 0.0.0-SNAPSHOT-PR-18-3
[INFO] --------------------------------[ war ]---------------------------------
[WARNING] The POM for com.sun.xml.bind:jaxb-impl:jar:2.2.11 is invalid, transitive dependencies (if any) will not be available, enable debug logging for more details
[INFO] 
[INFO] --- maven-checkstyle-plugin:3.1.1:check (validate) @ entando-plugin-jpcontentscheduler ---
[INFO] 
[INFO] --- maven-checkstyle-plugin:3.1.1:checkstyle (validate) @ entando-plugin-jpcontentscheduler ---
[INFO] 
[INFO] --- jacoco-maven-plugin:0.8.5:prepare-agent (prepare-agent) @ entando-plugin-jpcontentscheduler ---
[INFO] argLine set to -javaagent:/home/jenkins/.mvnrepository/org/jacoco/org.jacoco.agent/0.8.5/org.jacoco.agent-0.8.5-runtime.jar=destfile=/workspace/source/target/jacoco.e**c
[INFO] 
[INFO] --- maven-resources-plugin:2.5:resources (default-resources) @ entando-plugin-jpcontentscheduler ---
[debug] e**cute contextualize
[INFO] Using 'UTF-8' encoding to copy filtered resources.
[INFO] Copying 8 resources
[INFO] Copying 1 resource
[INFO] Copying 8 resources
[INFO] Copying 0 resource
[INFO] Copying 0 resource to META-INF
[INFO] 
[INFO] --- maven-compiler-plugin:3.8.1:compile (default-compile) @ entando-plugin-jpcontentscheduler ---
[INFO] Changes detected - recompiling the module!
[INFO] Compiling 18 source files to /workspace/source/target/classes
[WARNING] /workspace/source/src/main/java/org/entando/entando/plugins/jpcontentscheduler/aps*****/config/ContentThreadConfigGroupsAction.java:[194,95] unchecked cast
  required: java.util.Map<java.lang.String,java.util.List<java.lang.String>>
  found:    java.lang.Object
[WARNING] /workspace/source/src/main/java/org/entando/entando/plugins/jpcontentscheduler/aps*****/config/ContentThreadConfigContentTypesAction.java:[262,83] unchecked cast
  required: java.util.List<org.entando.entando.plugins.jpcontentscheduler.aps.******.services.content.model.ContentTypeElem>
  found:    java.lang.Object
[WARNING] /workspace/source/src/main/java/org/entando/entando/plugins/jpcontentscheduler/aps*****/config/ContentThreadConfigUsersAction.java:[267,95] unchecked cast
  required: java.util.Map<java.lang.String,java.util.List<java.lang.String>>
  found:    java.lang.Object
[WARNING] /workspace/source/src/main/java/org/entando/entando/plugins/jpcontentscheduler/aps/******/services/content/ContentSchedulerManager.java:[143,77] unchecked call to EntitySearchFilter(java.lang.String,boolean,T,T) as a member of the raw type com.agiletec.aps.******.common.entity.model.EntitySearchFilter
[WARNING] /workspace/source/src/main/java/org/entando/entando/plugins/jpcontentscheduler/aps/******/services/content/ContentSchedulerManager.java:[175,53] unchecked call to EntitySearchFilter(java.lang.String,boolean,java.util.List<T>,boolean) as a member of the raw type com.agiletec.aps.******.common.entity.model.EntitySearchFilter
[WARNING] /workspace/source/src/main/java/org/entando/entando/plugins/jpcontentscheduler/aps/******/services/content/ContentSchedulerManager.java:[176,77] unchecked call to EntitySearchFilter(java.lang.String,boolean,T,T) as a member of the raw type com.agiletec.aps.******.common.entity.model.EntitySearchFilter
[INFO] /workspace/source/src/main/java/org/entando/entando/plugins/jpcontentscheduler/aps/******/services/content/IContentSchedulerManager.java: Some input files use or override a deprecated API.
[INFO] /workspace/source/src/main/java/org/entando/entando/plugins/jpcontentscheduler/aps/******/services/content/IContentSchedulerManager.java: Recompile with -Xlint:deprecation for details.
[INFO] 
[INFO] --- maven-resources-plugin:2.5:copy-resources (copy-resources-test) @ entando-plugin-jpcontentscheduler ---
[debug] e**cute contextualize
[INFO] Using 'UTF-8' encoding to copy filtered resources.
[INFO] Copying 5 resources
[INFO] 
[INFO] --- maven-resources-plugin:2.5:copy-resources (copy-resources-file-test-) @ entando-plugin-jpcontentscheduler ---
[debug] e**cute contextualize
[INFO] Using 'UTF-8' encoding to copy filtered resources.
[INFO] Copying 5 resources
[INFO] 
[INFO] --- maven-resources-plugin:2.5:testResources (default-testResources) @ entando-plugin-jpcontentscheduler ---
[debug] e**cute contextualize
[INFO] Using 'UTF-8' encoding to copy filtered resources.
[INFO] Copying 3 resources
[INFO] 
[INFO] --- maven-compiler-plugin:3.8.1:testCompile (default-testCompile) @ entando-plugin-jpcontentscheduler ---
[INFO] Changes detected - recompiling the module!
[INFO] Compiling 2 source files to /workspace/source/target/test-classes
[INFO] 
[INFO] --- maven-surefire-plugin:3.0.0-M4:test (default-test) @ entando-plugin-jpcontentscheduler ---
[INFO] 
[INFO] -------------------------------------------------------
[INFO]  T E S T S
[INFO] -------------------------------------------------------
[INFO] Running org.entando.entando.plugins.jpcontentscheduler.aps.******.services.content.TestContentJobs
SLF4J: Class path contains multiple SLF4J bindings.
SLF4J: Found binding in [jar:file:/home/jenkins/.mvnrepository/org/slf4j/slf4j-jdk14/1.7.26/slf4j-jdk14-1.7.26.jar!/org/slf4j/impl/StaticLoggerBinder.class]
SLF4J: Found binding in [jar:file:/home/jenkins/.mvnrepository/org/apache/logging/log4j/log4j-slf4j-impl/2.13.3/log4j-slf4j-impl-2.13.3.jar!/org/slf4j/impl/StaticLoggerBinder.class]
SLF4J: See http://www.slf4j.org/codes.html#multiple_bindings for an explanation.
SLF4J: Actual binding is of type [org.slf4j.impl.JDK14LoggerFactory]
Feb 02, 2021 5:42:44 PM org.springframework.mock.jndi.SimpleNamingContextBuilder activate
INFO: Activating simple JNDI environment
Feb 02, 2021 5:42:44 PM org.springframework.mock.jndi.SimpleNamingContextBuilder bind
INFO: Static JNDI binding: [java:comp/env/logName] = [/workspace/source/target/test/entando-plugin-jpcontentscheduler]
Feb 02, 2021 5:42:44 PM org.springframework.mock.jndi.SimpleNamingContextBuilder bind
INFO: Static JNDI binding: [java:comp/env/logFileRotatePattern] = [/workspace/source/target/test/entando-plugin-jpcontentscheduler_logs/entando-plugin-jpcontentscheduler-%i.log.gz]
Feb 02, 2021 5:42:44 PM org.springframework.mock.jndi.SimpleNamingContextBuilder bind
INFO: Static JNDI binding: [java:comp/env/logLevel] = [ERROR]
Feb 02, 2021 5:42:44 PM org.springframework.mock.jndi.SimpleNamingContextBuilder bind
INFO: Static JNDI binding: [java:comp/env/logFileSize] = [1048576]
Feb 02, 2021 5:42:44 PM org.springframework.mock.jndi.SimpleNamingContextBuilder bind
INFO: Static JNDI binding: [java:comp/env/logFilesCount] = [10]
Feb 02, 2021 5:42:44 PM org.springframework.mock.jndi.SimpleNamingContextBuilder bind
INFO: Static JNDI binding: [java:comp/env/configVersion] = [test]
Feb 02, 2021 5:42:44 PM org.springframework.mock.jndi.SimpleNamingContextBuilder bind
INFO: Static JNDI binding: [java:comp/env/applicationBaseURL] = [/Entando/]
Feb 02, 2021 5:42:44 PM org.springframework.mock.jndi.SimpleNamingContextBuilder bind
INFO: Static JNDI binding: [java:comp/env/resourceRootURL] = [/Entando/resources/]
Feb 02, 2021 5:42:44 PM org.springframework.mock.jndi.SimpleNamingContextBuilder bind
INFO: Static JNDI binding: [java:comp/env/protectedResourceRootURL] = [/Entando/protected/]
Feb 02, 2021 5:42:44 PM org.springframework.mock.jndi.SimpleNamingContextBuilder bind
INFO: Static JNDI binding: [java:comp/env/resourceDiskRootFolder] = [target/test/resources/]
Feb 02, 2021 5:42:44 PM org.springframework.mock.jndi.SimpleNamingContextBuilder bind
INFO: Static JNDI binding: [java:comp/env/protectedResourceDiskRootFolder] = [target/test/protected/]
Feb 02, 2021 5:42:44 PM org.springframework.mock.jndi.SimpleNamingContextBuilder bind
INFO: Static JNDI binding: [java:comp/env/indexDiskRootFolder] = [target/test/indexdir]
Feb 02, 2021 5:42:44 PM org.springframework.mock.jndi.SimpleNamingContextBuilder bind
INFO: Static JNDI binding: [java:comp/env/portDataSourceClassName] = [org.apache.derby.jdbc.EmbeddedDriver]
Feb 02, 2021 5:42:44 PM org.springframework.mock.jndi.SimpleNamingContextBuilder bind
INFO: Static JNDI binding: [java:comp/env/logActiveFileOutput] = [false]
Feb 02, 2021 5:42:44 PM org.springframework.mock.jndi.SimpleNamingContextBuilder bind
INFO: Static JNDI binding: [java:comp/env/jdbc.servDb.url] = [jdbc:derby:/workspace/source/target/test/db/entando-plugin-jpcontentschedulertestServ;create=****]
Feb 02, 2021 5:42:44 PM org.springframework.mock.jndi.SimpleNamingContextBuilder bind
INFO: Static JNDI binding: [java:comp/env/servDataSourceClassName] = [org.apache.derby.jdbc.EmbeddedDriver]
Feb 02, 2021 5:42:44 PM org.springframework.mock.jndi.SimpleNamingContextBuilder bind
INFO: Static JNDI binding: [java:comp/env/logFilesCount] = [10]
Feb 02, 2021 5:42:44 PM org.springframework.mock.jndi.SimpleNamingContextBuilder bind
INFO: Static JNDI binding: [java:comp/env/applicationBaseURL] = [/Entando/]
Feb 02, 2021 5:42:44 PM org.springframework.mock.jndi.SimpleNamingContextBuilder bind
INFO: Static JNDI binding: [java:comp/env/jdbc.portDb.password] = [agile]
Feb 02, 2021 5:42:44 PM org.springframework.mock.jndi.SimpleNamingContextBuilder bind
INFO: Static JNDI binding: [java:comp/env/logLevel] = [ERROR]
Feb 02, 2021 5:42:44 PM org.springframework.mock.jndi.SimpleNamingContextBuilder bind
INFO: Static JNDI binding: [java:comp/env/indexDiskRootFolder] = [target/test/indexdir]
Feb 02, 2021 5:42:44 PM org.springframework.mock.jndi.SimpleNamingContextBuilder bind
INFO: Static JNDI binding: [java:comp/env/logFileSize] = [1048576]
Feb 02, 2021 5:42:44 PM org.springframework.mock.jndi.SimpleNamingContextBuilder bind
INFO: Static JNDI binding: [java:comp/env/resourceDiskRootFolder] = [target/test/resources/]
Feb 02, 2021 5:42:44 PM org.springframework.mock.jndi.SimpleNamingContextBuilder bind
INFO: Static JNDI binding: [java:comp/env/protectedResourceRootURL] = [/Entando/protected/]
Feb 02, 2021 5:42:44 PM org.springframework.mock.jndi.SimpleNamingContextBuilder bind
INFO: Static JNDI binding: [java:comp/env/resourceRootURL] = [/Entando/resources/]
Feb 02, 2021 5:42:44 PM org.springframework.mock.jndi.SimpleNamingContextBuilder bind
INFO: Static JNDI binding: [java:comp/env/configVersion] = [test]
Feb 02, 2021 5:42:44 PM org.springframework.mock.jndi.SimpleNamingContextBuilder bind
INFO: Static JNDI binding: [java:comp/env/jdbc.servDb.beanName] = [servDataSource]
Feb 02, 2021 5:42:44 PM org.springframework.mock.jndi.SimpleNamingContextBuilder bind
INFO: Static JNDI binding: [java:comp/env/jdbc.portDb.url] = [jdbc:derby:/workspace/source/target/test/db/entando-plugin-jpcontentschedulertestPort;create=****]
Feb 02, 2021 5:42:44 PM org.springframework.mock.jndi.SimpleNamingContextBuilder bind
INFO: Static JNDI binding: [java:comp/env/jdbc.servDb.driverClassName] = [org.apache.derby.jdbc.EmbeddedDriver]
Feb 02, 2021 5:42:44 PM org.springframework.mock.jndi.SimpleNamingContextBuilder bind
INFO: Static JNDI binding: [java:comp/env/protectedResourceDiskRootFolder] = [target/test/protected/]
Feb 02, 2021 5:42:44 PM org.springframework.mock.jndi.SimpleNamingContextBuilder bind
INFO: Static JNDI binding: [java:comp/env/jdbc.portDb.beanName] = [portDataSource]
Feb 02, 2021 5:42:44 PM org.springframework.mock.jndi.SimpleNamingContextBuilder bind
INFO: Static JNDI binding: [java:comp/env/jdbc.servDb.password] = [agile]
Feb 02, 2021 5:42:44 PM org.springframework.mock.jndi.SimpleNamingContextBuilder bind
INFO: Static JNDI binding: [java:comp/env/jdbc.portDb.driverClassName] = [org.apache.derby.jdbc.EmbeddedDriver]
Feb 02, 2021 5:42:44 PM org.springframework.mock.jndi.SimpleNamingContextBuilder bind
INFO: Static JNDI binding: [java:comp/env/jdbc.portDb.username] = [agile]
Feb 02, 2021 5:42:44 PM org.springframework.mock.jndi.SimpleNamingContextBuilder bind
INFO: Static JNDI binding: [java:comp/env/jdbc.servDb.username] = [agile]
Feb 02, 2021 5:42:44 PM org.springframework.mock.jndi.SimpleNamingContextBuilder bind
INFO: Static JNDI binding: [java:comp/env/logName] = [/workspace/source/target/test/entando-plugin-jpcontentscheduler]
Feb 02, 2021 5:42:44 PM org.springframework.mock.jndi.SimpleNamingContextBuilder bind
INFO: Static JNDI binding: [java:comp/env/logFileRotatePattern] = [/workspace/source/target/test/entando-plugin-jpcontentscheduler_logs/entando-plugin-jpcontentscheduler-%i.log.gz]
Feb 02, 2021 5:42:45 PM org.springframework.mock.jndi.SimpleNamingContextBuilder bind
INFO: Static JNDI binding: [java:comp/env/jdbc/servDataSource] = [org.apache.commons.dbcp2.BasicDataSource@3c28181b]
Feb 02, 2021 5:42:45 PM org.springframework.mock.jndi.SimpleNamingContextBuilder bind
INFO: Static JNDI binding: [java:comp/env/jdbc/portDataSource] = [org.apache.commons.dbcp2.BasicDataSource@73aaec54]
Feb 02, 2021 5:42:45 PM org.springframework.mock.web.MockServletContext log
INFO: Initializing Spring **** WebApplicationContext
Feb 02, 2021 5:42:45 PM org.springframework.web.context.ContextLoader initWebApplicationContext
INFO: Root WebApplicationContext: initialization started
Feb 02, 2021 5:42:55 PM org.entando.entando.ent.util.EntLogging$EntLogger info
INFO: Report not availablejava.sql.SQLSyntaxErrorException: Schema 'AGILE' does not exist
Feb 02, 2021 5:42:55 PM org.entando.entando.ent.util.EntLogging$EntLogger info
INFO: + [ Component: Core ] :: DATA
|   
Feb 02, 2021 5:42:55 PM org.entando.entando.ent.util.EntLogging$EntLogger info
INFO: Created table - portDataSource/sysconfig
Feb 02, 2021 5:42:55 PM org.entando.entando.ent.util.EntLogging$EntLogger info
INFO: Created table - portDataSource/categories
Feb 02, 2021 5:42:55 PM org.entando.entando.ent.util.EntLogging$EntLogger info
INFO: Created table - portDataSource/localstrings
Feb 02, 2021 5:42:55 PM org.entando.entando.ent.util.EntLogging$EntLogger info
INFO: Created table - portDataSource/pagemodels
Feb 02, 2021 5:42:55 PM org.entando.entando.ent.util.EntLogging$EntLogger info
INFO: Created table - portDataSource/pages
Feb 02, 2021 5:42:55 PM org.entando.entando.ent.util.EntLogging$EntLogger info
INFO: Created table - portDataSource/pages_metadata_online
Feb 02, 2021 5:42:55 PM org.entando.entando.ent.util.EntLogging$EntLogger info
INFO: Created table - portDataSource/pages_metadata_draft
Feb 02, 2021 5:42:55 PM org.entando.entando.ent.util.EntLogging$EntLogger info
INFO: Created table - portDataSource/widgetcatalog
Feb 02, 2021 5:42:55 PM org.entando.entando.ent.util.EntLogging$EntLogger info
INFO: Created table - portDataSource/guifragment
Feb 02, 2021 5:42:55 PM org.entando.entando.ent.util.EntLogging$EntLogger info
INFO: Created table - portDataSource/widgetconfig
Feb 02, 2021 5:42:55 PM org.entando.entando.ent.util.EntLogging$EntLogger info
INFO: Created table - portDataSource/widgetconfig_draft
Feb 02, 2021 5:42:56 PM org.entando.entando.ent.util.EntLogging$EntLogger info
INFO: Created table - portDataSource/uniquekeys
Feb 02, 2021 5:42:56 PM org.entando.entando.ent.util.EntLogging$EntLogger info
INFO: Created table - portDataSource/userpreferences
Feb 02, 2021 5:42:56 PM org.entando.entando.ent.util.EntLogging$EntLogger info
INFO: Created table - servDataSource/authgroups
Feb 02, 2021 5:42:57 PM org.entando.entando.ent.util.EntLogging$EntLogger info
INFO: Created table - servDataSource/authpermissions
Feb 02, 2021 5:42:57 PM org.entando.entando.ent.util.EntLogging$EntLogger info
INFO: Created table - servDataSource/authroles
Feb 02, 2021 5:42:57 PM org.entando.entando.ent.util.EntLogging$EntLogger info
INFO: Created table - servDataSource/authrolepermissions
Feb 02, 2021 5:42:57 PM org.entando.entando.ent.util.EntLogging$EntLogger info
INFO: Created table - servDataSource/authusers
Feb 02, 2021 5:42:57 PM org.entando.entando.ent.util.EntLogging$EntLogger info
INFO: Created table - servDataSource/authusergrouprole
Feb 02, 2021 5:42:57 PM org.entando.entando.ent.util.EntLogging$EntLogger info
INFO: Created table - servDataSource/api_oauth_consumers
Feb 02, 2021 5:42:57 PM org.entando.entando.ent.util.EntLogging$EntLogger info
INFO: Created table - servDataSource/api_oauth_tokens
Feb 02, 2021 5:42:57 PM org.entando.entando.ent.util.EntLogging$EntLogger info
INFO: Created table - servDataSource/apicatalog_methods
Feb 02, 2021 5:42:57 PM org.entando.entando.ent.util.EntLogging$EntLogger info
INFO: Created table - servDataSource/apicatalog_services
Feb 02, 2021 5:42:57 PM org.entando.entando.ent.util.EntLogging$EntLogger info
INFO: Created table - servDataSource/authuserprofiles
Feb 02, 2021 5:42:57 PM org.entando.entando.ent.util.EntLogging$EntLogger info
INFO: Created table - servDataSource/authuserprofilesearch
Feb 02, 2021 5:42:57 PM org.entando.entando.ent.util.EntLogging$EntLogger info
INFO: Created table - servDataSource/authuserprofileattrroles
Feb 02, 2021 5:42:57 PM org.entando.entando.ent.util.EntLogging$EntLogger info
INFO: Created table - servDataSource/actionlogrecords
Feb 02, 2021 5:42:57 PM org.entando.entando.ent.util.EntLogging$EntLogger info
INFO: Created table - servDataSource/actionlogrelations
Feb 02, 2021 5:42:57 PM org.entando.entando.ent.util.EntLogging$EntLogger info
INFO: Created table - servDataSource/actionloglikerecords
Feb 02, 2021 5:42:57 PM org.entando.entando.ent.util.EntLogging$EntLogger info
INFO: Created table - servDataSource/actionlogcommentrecords
Feb 02, 2021 5:42:57 PM org.entando.entando.ent.util.EntLogging$EntLogger info
INFO: Created table - servDataSource/dataobjectmodels
Feb 02, 2021 5:42:58 PM org.entando.entando.ent.util.EntLogging$EntLogger info
INFO: Created table - servDataSource/dataobjects
Feb 02, 2021 5:42:58 PM org.entando.entando.ent.util.EntLogging$EntLogger info
INFO: Created table - servDataSource/dataobjectrelations
Feb 02, 2021 5:42:58 PM org.entando.entando.ent.util.EntLogging$EntLogger info
INFO: Created table - servDataSource/dataobjectsearch
Feb 02, 2021 5:42:58 PM org.entando.entando.ent.util.EntLogging$EntLogger info
INFO: Created table - servDataSource/dataobjectattributeroles
Feb 02, 2021 5:42:58 PM org.entando.entando.ent.util.EntLogging$EntLogger info
INFO: + [ Component: jacms ] :: DATA
|   
Feb 02, 2021 5:42:58 PM org.entando.entando.ent.util.EntLogging$EntLogger info
INFO: Created table - portDataSource/contentmodels
Feb 02, 2021 5:42:58 PM org.entando.entando.ent.util.EntLogging$EntLogger info
INFO: Created table - portDataSource/contents
Feb 02, 2021 5:42:58 PM org.entando.entando.ent.util.EntLogging$EntLogger info
INFO: Created table - portDataSource/resources
Feb 02, 2021 5:42:58 PM org.entando.entando.ent.util.EntLogging$EntLogger info
INFO: Created table - portDataSource/resourcerelations
Feb 02, 2021 5:42:58 PM org.entando.entando.ent.util.EntLogging$EntLogger info
INFO: Created table - portDataSource/contentrelations
Feb 02, 2021 5:42:58 PM org.entando.entando.ent.util.EntLogging$EntLogger info
INFO: Created table - portDataSource/contentsearch
Feb 02, 2021 5:42:58 PM org.entando.entando.ent.util.EntLogging$EntLogger info
INFO: Created table - portDataSource/contentattributeroles
Feb 02, 2021 5:42:58 PM org.entando.entando.ent.util.EntLogging$EntLogger info
INFO: Created table - portDataSource/workcontentrelations
Feb 02, 2021 5:42:58 PM org.entando.entando.ent.util.EntLogging$EntLogger info
INFO: Created table - portDataSource/workcontentsearch
Feb 02, 2021 5:42:59 PM org.entando.entando.ent.util.EntLogging$EntLogger info
INFO: Created table - portDataSource/workcontentattributeroles
Feb 02, 2021 5:42:59 PM org.entando.entando.ent.util.EntLogging$EntLogger info
INFO: + [ Component: jpmail ] :: DATA
|   
Feb 02, 2021 5:42:59 PM org.entando.entando.ent.util.EntLogging$EntLogger info
INFO: + [ Component: entando-*****-console ] :: DATA
|   
Feb 02, 2021 5:42:59 PM org.entando.entando.ent.util.EntLogging$EntLogger info
INFO: Created table - servDataSource/authusershortcuts
Feb 02, 2021 5:42:59 PM org.entando.entando.ent.util.EntLogging$EntLogger info
INFO: + [ Component: entando-portal-ui ] :: DATA
|   
Feb 02, 2021 5:42:59 PM org.entando.entando.ent.util.EntLogging$EntLogger info
INFO: + [ Component: jpcontentscheduler ] :: DATA
|   
Feb 02, 2021 5:42:59 PM org.entando.entando.ent.util.EntLogging$EntLogger info
INFO: + [ Component: Core ] :: DATA
|   
Feb 02, 2021 5:43:00 PM org.entando.entando.ent.util.EntLogging$EntLogger info
INFO: + [ Component: jacms ] :: DATA
|   
Feb 02, 2021 5:43:01 PM org.entando.entando.ent.util.EntLogging$EntLogger info
INFO: + [ Component: jpmail ] :: DATA
|   
Feb 02, 2021 5:43:01 PM org.entando.entando.ent.util.EntLogging$EntLogger info
INFO: + [ Component: entando-*****-console ] :: DATA
|   
Feb 02, 2021 5:43:01 PM org.entando.entando.ent.util.EntLogging$EntLogger info
INFO: + [ Component: entando-portal-ui ] :: DATA
|   
Feb 02, 2021 5:43:01 PM org.entando.entando.ent.util.EntLogging$EntLogger info
INFO: + [ Component: jpcontentscheduler ] :: DATA
|   
Feb 02, 2021 5:43:04 PM org.entando.entando.ent.util.EntLogging$EntLogger info
INFO: Successfully created a random page_preview_hash
Feb 02, 2021 5:43:13 PM org.springframework.scheduling.concurrent.E**cutorConfigurationSupport initialize
INFO: Initializing E**cutorService 'entandoScheduler'
Feb 02, 2021 5:43:14 PM org.entando.entando.plugins.jpcontentscheduler.aps.******.services.content.ContentSchedulerManager init
INFO: org.entando.entando.plugins.jpcontentscheduler.aps.******.services.content.ContentSchedulerManager: inizializzato
Feb 02, 2021 5:43:14 PM org.quartz.impl.StdSchedulerFactory instantiate
INFO: Using default implementation for ThreadE**cutor
Feb 02, 2021 5:43:14 PM org.quartz.core.SchedulerSignalerImpl <init>
INFO: Initialized Scheduler Signaller of type: class org.quartz.core.SchedulerSignalerImpl
Feb 02, 2021 5:43:14 PM org.quartz.core.QuartzScheduler <init>
INFO: Quartz Scheduler v.2.3.2 created.
Feb 02, 2021 5:43:14 PM org.quartz.simpl.RAMJobStore initialize
INFO: RAMJobStore initialized.
Feb 02, 2021 5:43:14 PM org.quartz.core.QuartzScheduler initialize
INFO: Scheduler meta-data: Quartz Scheduler (v2.3.2) 'publishScheduler' with instanceId 'NON_CLUSTERED'
  Scheduler class: 'org.quartz.core.QuartzScheduler' - running locally.
  NOT STARTED.
  Currently in standby mode.
  Number of jobs e**cuted: 0
  Using thread pool 'org.quartz.simpl.SimpleThreadPool' - with 10 threads.
  Using job-store 'org.quartz.simpl.RAMJobStore' - which does not support persistence. and is not clustered.

Feb 02, 2021 5:43:14 PM org.quartz.impl.StdSchedulerFactory instantiate
INFO: Quartz scheduler 'publishScheduler' initialized from an externally provided properties instance.
Feb 02, 2021 5:43:14 PM org.quartz.impl.StdSchedulerFactory instantiate
INFO: Quartz scheduler version: 2.3.2
Feb 02, 2021 5:43:14 PM org.quartz.core.QuartzScheduler setJobFactory
INFO: JobFactory set to: org.springframework.scheduling.quartz.AdaptableJobFactory@1600beb5
Feb 02, 2021 5:43:16 PM org.springframework.security.web.DefaultSecurityFilterChain <init>
INFO: Creating filter chain: OrRequestMatcher [requestMatchers=[Ant [pattern='/oauth/token'], Ant [pattern='/oauth/token_key'], Ant [pattern='/oauth/check_token']]], [org.springframework.security.web.context.request.async.WebAsyncManagerIntegrationFilter@51424226, org.springframework.security.web.context.SecurityContextPersistenceFilter@6d2ea2a5, org.springframework.security.web.header.HeaderWriterFilter@26d4f9b6, org.springframework.security.web.authentication.logout.LogoutFilter@6e04432e, org.springframework.web.filter.CorsFilter@23979341, org.springframework.security.web.authentication.www.BasicAuthenticationFilter@26fc41c6, org.springframework.security.web.savedrequest.RequestCacheAwareFilter@6dd8e2c, org.springframework.security.web.servletapi.SecurityContextHolderAwareRequestFilter@5d3b8aab, org.springframework.security.web.authentication.AnonymousAuthenticationFilter@564b5acd, org.springframework.security.web.session.SessionManagementFilter@1d6d2749, org.springframework.security.web.access.ExceptionTranslationFilter@487d17ff, org.springframework.security.web.access.intercept.FilterSecurityInterceptor@30864298]
Feb 02, 2021 5:43:16 PM org.springframework.security.web.DefaultSecurityFilterChain <init>
INFO: Creating filter chain: any request, [org.springframework.security.web.context.request.async.WebAsyncManagerIntegrationFilter@5dd48941, org.springframework.security.web.context.SecurityContextPersistenceFilter@237ed886, org.springframework.security.web.header.HeaderWriterFilter@6ba4ad64, org.springframework.web.filter.CorsFilter@23979341, org.springframework.security.web.authentication.logout.LogoutFilter@8bbca38, org.springframework.security.web.savedrequest.RequestCacheAwareFilter@5c02bce8, org.springframework.security.web.servletapi.SecurityContextHolderAwareRequestFilter@1283f581, org.springframework.security.web.session.SessionManagementFilter@53d92f76, org.springframework.security.web.access.ExceptionTranslationFilter@3c987362]
Feb 02, 2021 5:43:16 PM org.springframework.scheduling.quartz.SchedulerFactoryBean startScheduler
INFO: Starting Quartz Scheduler now
Feb 02, 2021 5:43:16 PM org.quartz.core.QuartzScheduler start
INFO: Scheduler publishScheduler_$_NON_CLUSTERED started.
Feb 02, 2021 5:43:16 PM org.springframework.web.context.ContextLoader initWebApplicationContext
INFO: Root WebApplicationContext initialized in 31482 ms
Feb 02, 2021 5:43:16 PM org.springframework.scheduling.quartz.SchedulerFactoryBean destroy
INFO: Shutting down Quartz Scheduler
Feb 02, 2021 5:43:16 PM org.quartz.core.QuartzScheduler shutdown
INFO: Scheduler publishScheduler_$_NON_CLUSTERED shutting down.
Feb 02, 2021 5:43:16 PM org.quartz.core.QuartzScheduler standby
INFO: Scheduler publishScheduler_$_NON_CLUSTERED paused.
Feb 02, 2021 5:43:16 PM org.quartz.core.QuartzScheduler shutdown
INFO: Scheduler publishScheduler_$_NON_CLUSTERED shutdown complete.
Feb 02, 2021 5:43:16 PM org.springframework.scheduling.concurrent.E**cutorConfigurationSupport shutdown
INFO: Shutting down E**cutorService 'entandoScheduler'
Feb 02, 2021 5:43:20 PM org.entando.entando.ent.util.EntLogging$EntLogger info
INFO: + [ Component: Core ] :: DATA
|   
Feb 02, 2021 5:43:20 PM org.entando.entando.ent.util.EntLogging$EntLogger info
INFO: + [ Component: jacms ] :: DATA
|   
Feb 02, 2021 5:43:20 PM org.entando.entando.ent.util.EntLogging$EntLogger info
INFO: + [ Component: jpmail ] :: DATA
|   
Feb 02, 2021 5:43:20 PM org.entando.entando.ent.util.EntLogging$EntLogger info
INFO: + [ Component: entando-*****-console ] :: DATA
|   
Feb 02, 2021 5:43:20 PM org.entando.entando.ent.util.EntLogging$EntLogger info
INFO: + [ Component: entando-portal-ui ] :: DATA
|   
Feb 02, 2021 5:43:20 PM org.entando.entando.ent.util.EntLogging$EntLogger info
INFO: + [ Component: jpcontentscheduler ] :: DATA
|   
Feb 02, 2021 5:43:20 PM org.entando.entando.ent.util.EntLogging$EntLogger info
INFO: + [ Component: Core ] :: DATA
|   
Feb 02, 2021 5:43:20 PM org.entando.entando.ent.util.EntLogging$EntLogger info
INFO: + [ Component: jacms ] :: DATA
|   
Feb 02, 2021 5:43:20 PM org.entando.entando.ent.util.EntLogging$EntLogger info
INFO: + [ Component: jpmail ] :: DATA
|   
Feb 02, 2021 5:43:20 PM org.entando.entando.ent.util.EntLogging$EntLogger info
INFO: + [ Component: entando-*****-console ] :: DATA
|   
Feb 02, 2021 5:43:20 PM org.entando.entando.ent.util.EntLogging$EntLogger info
INFO: + [ Component: entando-portal-ui ] :: DATA
|   
Feb 02, 2021 5:43:20 PM org.entando.entando.ent.util.EntLogging$EntLogger info
INFO: + [ Component: jpcontentscheduler ] :: DATA
|   
Feb 02, 2021 5:43:26 PM org.springframework.scheduling.concurrent.E**cutorConfigurationSupport initialize
INFO: Initializing E**cutorService 'entandoScheduler'
Feb 02, 2021 5:43:27 PM org.entando.entando.plugins.jpcontentscheduler.aps.******.services.content.ContentSchedulerManager init
INFO: org.entando.entando.plugins.jpcontentscheduler.aps.******.services.content.ContentSchedulerManager: inizializzato
Feb 02, 2021 5:43:27 PM org.quartz.impl.StdSchedulerFactory instantiate
INFO: Using default implementation for ThreadE**cutor
Feb 02, 2021 5:43:27 PM org.quartz.core.SchedulerSignalerImpl <init>
INFO: Initialized Scheduler Signaller of type: class org.quartz.core.SchedulerSignalerImpl
Feb 02, 2021 5:43:27 PM org.quartz.core.QuartzScheduler <init>
INFO: Quartz Scheduler v.2.3.2 created.
Feb 02, 2021 5:43:27 PM org.quartz.simpl.RAMJobStore initialize
INFO: RAMJobStore initialized.
Feb 02, 2021 5:43:27 PM org.quartz.core.QuartzScheduler initialize
INFO: Scheduler meta-data: Quartz Scheduler (v2.3.2) 'publishScheduler' with instanceId 'NON_CLUSTERED'
  Scheduler class: 'org.quartz.core.QuartzScheduler' - running locally.
  NOT STARTED.
  Currently in standby mode.
  Number of jobs e**cuted: 0
  Using thread pool 'org.quartz.simpl.SimpleThreadPool' - with 10 threads.
  Using job-store 'org.quartz.simpl.RAMJobStore' - which does not support persistence. and is not clustered.

Feb 02, 2021 5:43:27 PM org.quartz.impl.StdSchedulerFactory instantiate
INFO: Quartz scheduler 'publishScheduler' initialized from an externally provided properties instance.
Feb 02, 2021 5:43:27 PM org.quartz.impl.StdSchedulerFactory instantiate
INFO: Quartz scheduler version: 2.3.2
Feb 02, 2021 5:43:27 PM org.quartz.core.QuartzScheduler setJobFactory
INFO: JobFactory set to: org.springframework.scheduling.quartz.AdaptableJobFactory@5d4abcd9
Feb 02, 2021 5:43:28 PM org.springframework.security.web.DefaultSecurityFilterChain <init>
INFO: Creating filter chain: OrRequestMatcher [requestMatchers=[Ant [pattern='/oauth/token'], Ant [pattern='/oauth/token_key'], Ant [pattern='/oauth/check_token']]], [org.springframework.security.web.context.request.async.WebAsyncManagerIntegrationFilter@2a4ec7fd, org.springframework.security.web.context.SecurityContextPersistenceFilter@779b51ca, org.springframework.security.web.header.HeaderWriterFilter@5282434d, org.springframework.security.web.authentication.logout.LogoutFilter@7fa35a19, org.springframework.web.filter.CorsFilter@2fdf565b, org.springframework.security.web.authentication.www.BasicAuthenticationFilter@383f1081, org.springframework.security.web.savedrequest.RequestCacheAwareFilter@1751d5f3, org.springframework.security.web.servletapi.SecurityContextHolderAwareRequestFilter@147d3d, org.springframework.security.web.authentication.AnonymousAuthenticationFilter@ba34023, org.springframework.security.web.session.SessionManagementFilter@35d10062, org.springframework.security.web.access.ExceptionTranslationFilter@e8a69b5, org.springframework.security.web.access.intercept.FilterSecurityInterceptor@331fee49]
Feb 02, 2021 5:43:28 PM org.springframework.security.web.DefaultSecurityFilterChain <init>
INFO: Creating filter chain: any request, [org.springframework.security.web.context.request.async.WebAsyncManagerIntegrationFilter@7daeaab, org.springframework.security.web.context.SecurityContextPersistenceFilter@1affb525, org.springframework.security.web.header.HeaderWriterFilter@467d0d81, org.springframework.web.filter.CorsFilter@2fdf565b, org.springframework.security.web.authentication.logout.LogoutFilter@606b3d1e, org.springframework.security.web.savedrequest.RequestCacheAwareFilter@3a79750c, org.springframework.security.web.servletapi.SecurityContextHolderAwareRequestFilter@144666c7, org.springframework.security.web.session.SessionManagementFilter@c9f08d1, org.springframework.security.web.access.ExceptionTranslationFilter@574efd13]
Feb 02, 2021 5:43:28 PM org.springframework.scheduling.quartz.SchedulerFactoryBean startScheduler
INFO: Starting Quartz Scheduler now
Feb 02, 2021 5:43:28 PM org.quartz.core.QuartzScheduler start
INFO: Scheduler publishScheduler_$_NON_CLUSTERED started.
Feb 02, 2021 5:43:28 PM org.entando.entando.plugins.jpcontentscheduler.aps.******.services.content.ContentJobs e**cuteJob
INFO: Inizio thread pubblicazione/sospensione automatica contenuti....02-02-2021 05:43:28
Feb 02, 2021 5:43:28 PM org.entando.entando.plugins.jpcontentscheduler.aps.******.services.content.ContentJobs e**cuteJob
INFO: Fine thread pubblicazione/sospensione automatica contenuti.02-02-2021 05:43:28
Feb 02, 2021 5:43:28 PM org.quartz.core.QuartzScheduler standby
INFO: Scheduler publishScheduler_$_NON_CLUSTERED paused.
Feb 02, 2021 5:43:28 PM org.springframework.scheduling.quartz.SchedulerFactoryBean destroy
INFO: Shutting down Quartz Scheduler
Feb 02, 2021 5:43:28 PM org.quartz.core.QuartzScheduler shutdown
INFO: Scheduler publishScheduler_$_NON_CLUSTERED shutting down.
Feb 02, 2021 5:43:28 PM org.quartz.core.QuartzScheduler standby
INFO: Scheduler publishScheduler_$_NON_CLUSTERED paused.
Feb 02, 2021 5:43:28 PM org.quartz.core.QuartzScheduler shutdown
INFO: Scheduler publishScheduler_$_NON_CLUSTERED shutdown complete.
Feb 02, 2021 5:43:28 PM org.springframework.scheduling.concurrent.E**cutorConfigurationSupport shutdown
INFO: Shutting down E**cutorService 'entandoScheduler'
[INFO] Tests run: 1, Failures: 0, Errors: 0, Skipped: 0, Time elapsed: 44.105 s - in org.entando.entando.plugins.jpcontentscheduler.aps.******.services.content.TestContentJobs
[INFO] Running org.entando.entando.plugins.jpcontentscheduler.aps.******.services.content.TestContentScheduler
Feb 02, 2021 5:43:28 PM org.springframework.mock.jndi.SimpleNamingContextBuilder bind
INFO: Static JNDI binding: [java:comp/env/logName] = [/workspace/source/target/test/entando-plugin-jpcontentscheduler]
Feb 02, 2021 5:43:28 PM org.springframework.mock.jndi.SimpleNamingContextBuilder bind
INFO: Static JNDI binding: [java:comp/env/logFileRotatePattern] = [/workspace/source/target/test/entando-plugin-jpcontentscheduler_logs/entando-plugin-jpcontentscheduler-%i.log.gz]
Feb 02, 2021 5:43:28 PM org.springframework.mock.jndi.SimpleNamingContextBuilder bind
INFO: Static JNDI binding: [java:comp/env/logLevel] = [ERROR]
Feb 02, 2021 5:43:28 PM org.springframework.mock.jndi.SimpleNamingContextBuilder bind
INFO: Static JNDI binding: [java:comp/env/logFileSize] = [1048576]
Feb 02, 2021 5:43:28 PM org.springframework.mock.jndi.SimpleNamingContextBuilder bind
INFO: Static JNDI binding: [java:comp/env/logFilesCount] = [10]
Feb 02, 2021 5:43:28 PM org.springframework.mock.jndi.SimpleNamingContextBuilder bind
INFO: Static JNDI binding: [java:comp/env/configVersion] = [test]
Feb 02, 2021 5:43:28 PM org.springframework.mock.jndi.SimpleNamingContextBuilder bind
INFO: Static JNDI binding: [java:comp/env/applicationBaseURL] = [/Entando/]
Feb 02, 2021 5:43:28 PM org.springframework.mock.jndi.SimpleNamingContextBuilder bind
INFO: Static JNDI binding: [java:comp/env/resourceRootURL] = [/Entando/resources/]
Feb 02, 2021 5:43:28 PM org.springframework.mock.jndi.SimpleNamingContextBuilder bind
INFO: Static JNDI binding: [java:comp/env/protectedResourceRootURL] = [/Entando/protected/]
Feb 02, 2021 5:43:28 PM org.springframework.mock.jndi.SimpleNamingContextBuilder bind
INFO: Static JNDI binding: [java:comp/env/resourceDiskRootFolder] = [target/test/resources/]
Feb 02, 2021 5:43:28 PM org.springframework.mock.jndi.SimpleNamingContextBuilder bind
INFO: Static JNDI binding: [java:comp/env/protectedResourceDiskRootFolder] = [target/test/protected/]
Feb 02, 2021 5:43:28 PM org.springframework.mock.jndi.SimpleNamingContextBuilder bind
INFO: Static JNDI binding: [java:comp/env/indexDiskRootFolder] = [target/test/indexdir]
Feb 02, 2021 5:43:28 PM org.springframework.mock.jndi.SimpleNamingContextBuilder bind
INFO: Static JNDI binding: [java:comp/env/portDataSourceClassName] = [org.apache.derby.jdbc.EmbeddedDriver]
Feb 02, 2021 5:43:28 PM org.springframework.mock.jndi.SimpleNamingContextBuilder bind
INFO: Static JNDI binding: [java:comp/env/logActiveFileOutput] = [false]
Feb 02, 2021 5:43:28 PM org.springframework.mock.jndi.SimpleNamingContextBuilder bind
INFO: Static JNDI binding: [java:comp/env/jdbc.servDb.url] = [jdbc:derby:/workspace/source/target/test/db/entando-plugin-jpcontentschedulertestServ;create=****]
Feb 02, 2021 5:43:28 PM org.springframework.mock.jndi.SimpleNamingContextBuilder bind
INFO: Static JNDI binding: [java:comp/env/servDataSourceClassName] = [org.apache.derby.jdbc.EmbeddedDriver]
Feb 02, 2021 5:43:28 PM org.springframework.mock.jndi.SimpleNamingContextBuilder bind
INFO: Static JNDI binding: [java:comp/env/logFilesCount] = [10]
Feb 02, 2021 5:43:28 PM org.springframework.mock.jndi.SimpleNamingContextBuilder bind
INFO: Static JNDI binding: [java:comp/env/applicationBaseURL] = [/Entando/]
Feb 02, 2021 5:43:28 PM org.springframework.mock.jndi.SimpleNamingContextBuilder bind
INFO: Static JNDI binding: [java:comp/env/jdbc.portDb.password] = [agile]
Feb 02, 2021 5:43:28 PM org.springframework.mock.jndi.SimpleNamingContextBuilder bind
INFO: Static JNDI binding: [java:comp/env/logLevel] = [ERROR]
Feb 02, 2021 5:43:28 PM org.springframework.mock.jndi.SimpleNamingContextBuilder bind
INFO: Static JNDI binding: [java:comp/env/indexDiskRootFolder] = [target/test/indexdir]
Feb 02, 2021 5:43:28 PM org.springframework.mock.jndi.SimpleNamingContextBuilder bind
INFO: Static JNDI binding: [java:comp/env/logFileSize] = [1048576]
Feb 02, 2021 5:43:28 PM org.springframework.mock.jndi.SimpleNamingContextBuilder bind
INFO: Static JNDI binding: [java:comp/env/resourceDiskRootFolder] = [target/test/resources/]
Feb 02, 2021 5:43:28 PM org.springframework.mock.jndi.SimpleNamingContextBuilder bind
INFO: Static JNDI binding: [java:comp/env/protectedResourceRootURL] = [/Entando/protected/]
Feb 02, 2021 5:43:28 PM org.springframework.mock.jndi.SimpleNamingContextBuilder bind
INFO: Static JNDI binding: [java:comp/env/resourceRootURL] = [/Entando/resources/]
Feb 02, 2021 5:43:28 PM org.springframework.mock.jndi.SimpleNamingContextBuilder bind
INFO: Static JNDI binding: [java:comp/env/configVersion] = [test]
Feb 02, 2021 5:43:28 PM org.springframework.mock.jndi.SimpleNamingContextBuilder bind
INFO: Static JNDI binding: [java:comp/env/jdbc.servDb.beanName] = [servDataSource]
Feb 02, 2021 5:43:28 PM org.springframework.mock.jndi.SimpleNamingContextBuilder bind
INFO: Static JNDI binding: [java:comp/env/jdbc.portDb.url] = [jdbc:derby:/workspace/source/target/test/db/entando-plugin-jpcontentschedulertestPort;create=****]
Feb 02, 2021 5:43:28 PM org.springframework.mock.jndi.SimpleNamingContextBuilder bind
INFO: Static JNDI binding: [java:comp/env/jdbc.servDb.driverClassName] = [org.apache.derby.jdbc.EmbeddedDriver]
Feb 02, 2021 5:43:28 PM org.springframework.mock.jndi.SimpleNamingContextBuilder bind
INFO: Static JNDI binding: [java:comp/env/protectedResourceDiskRootFolder] = [target/test/protected/]
Feb 02, 2021 5:43:28 PM org.springframework.mock.jndi.SimpleNamingContextBuilder bind
INFO: Static JNDI binding: [java:comp/env/jdbc.portDb.beanName] = [portDataSource]
Feb 02, 2021 5:43:28 PM org.springframework.mock.jndi.SimpleNamingContextBuilder bind
INFO: Static JNDI binding: [java:comp/env/jdbc.servDb.password] = [agile]
Feb 02, 2021 5:43:28 PM org.springframework.mock.jndi.SimpleNamingContextBuilder bind
INFO: Static JNDI binding: [java:comp/env/jdbc.portDb.driverClassName] = [org.apache.derby.jdbc.EmbeddedDriver]
Feb 02, 2021 5:43:28 PM org.springframework.mock.jndi.SimpleNamingContextBuilder bind
INFO: Static JNDI binding: [java:comp/env/jdbc.portDb.username] = [agile]
Feb 02, 2021 5:43:28 PM org.springframework.mock.jndi.SimpleNamingContextBuilder bind
INFO: Static JNDI binding: [java:comp/env/jdbc.servDb.username] = [agile]
Feb 02, 2021 5:43:28 PM org.springframework.mock.jndi.SimpleNamingContextBuilder bind
INFO: Static JNDI binding: [java:comp/env/logName] = [/workspace/source/target/test/entando-plugin-jpcontentscheduler]
Feb 02, 2021 5:43:28 PM org.springframework.mock.jndi.SimpleNamingContextBuilder bind
INFO: Static JNDI binding: [java:comp/env/logFileRotatePattern] = [/workspace/source/target/test/entando-plugin-jpcontentscheduler_logs/entando-plugin-jpcontentscheduler-%i.log.gz]
Feb 02, 2021 5:43:28 PM org.springframework.mock.jndi.SimpleNamingContextBuilder bind
INFO: Static JNDI binding: [java:comp/env/jdbc/servDataSource] = [org.apache.commons.dbcp2.BasicDataSource@1c7a6a8f]
Feb 02, 2021 5:43:28 PM org.springframework.mock.jndi.SimpleNamingContextBuilder bind
INFO: Static JNDI binding: [java:comp/env/jdbc/portDataSource] = [org.apache.commons.dbcp2.BasicDataSource@7987d144]
Feb 02, 2021 5:43:28 PM org.springframework.mock.web.MockServletContext log
INFO: Initializing Spring **** WebApplicationContext
Feb 02, 2021 5:43:28 PM org.springframework.web.context.ContextLoader initWebApplicationContext
INFO: Root WebApplicationContext: initialization started
Feb 02, 2021 5:43:30 PM org.entando.entando.ent.util.EntLogging$EntLogger info
INFO: + [ Component: Core ] :: DATA
|   
Feb 02, 2021 5:43:30 PM org.entando.entando.ent.util.EntLogging$EntLogger info
INFO: + [ Component: jacms ] :: DATA
|   
Feb 02, 2021 5:43:30 PM org.entando.entando.ent.util.EntLogging$EntLogger info
INFO: + [ Component: jpmail ] :: DATA
|   
Feb 02, 2021 5:43:30 PM org.entando.entando.ent.util.EntLogging$EntLogger info
INFO: + [ Component: entando-*****-console ] :: DATA
|   
Feb 02, 2021 5:43:30 PM org.entando.entando.ent.util.EntLogging$EntLogger info
INFO: + [ Component: entando-portal-ui ] :: DATA
|   
Feb 02, 2021 5:43:30 PM org.entando.entando.ent.util.EntLogging$EntLogger info
INFO: + [ Component: jpcontentscheduler ] :: DATA
|   
Feb 02, 2021 5:43:30 PM org.entando.entando.ent.util.EntLogging$EntLogger info
INFO: + [ Component: Core ] :: DATA
|   
Feb 02, 2021 5:43:30 PM org.entando.entando.ent.util.EntLogging$EntLogger info
INFO: + [ Component: jacms ] :: DATA
|   
Feb 02, 2021 5:43:30 PM org.entando.entando.ent.util.EntLogging$EntLogger info
INFO: + [ Component: jpmail ] :: DATA
|   
Feb 02, 2021 5:43:30 PM org.entando.entando.ent.util.EntLogging$EntLogger info
INFO: + [ Component: entando-*****-console ] :: DATA
|   
Feb 02, 2021 5:43:30 PM org.entando.entando.ent.util.EntLogging$EntLogger info
INFO: + [ Component: entando-portal-ui ] :: DATA
|   
Feb 02, 2021 5:43:30 PM org.entando.entando.ent.util.EntLogging$EntLogger info
INFO: + [ Component: jpcontentscheduler ] :: DATA
|   
Feb 02, 2021 5:43:37 PM org.springframework.scheduling.concurrent.E**cutorConfigurationSupport initialize
INFO: Initializing E**cutorService 'entandoScheduler'
Feb 02, 2021 5:43:37 PM org.entando.entando.plugins.jpcontentscheduler.aps.******.services.content.ContentSchedulerManager init
INFO: org.entando.entando.plugins.jpcontentscheduler.aps.******.services.content.ContentSchedulerManager: inizializzato
Feb 02, 2021 5:43:37 PM org.quartz.impl.StdSchedulerFactory instantiate
INFO: Using default implementation for ThreadE**cutor
Feb 02, 2021 5:43:37 PM org.quartz.core.SchedulerSignalerImpl <init>
INFO: Initialized Scheduler Signaller of type: class org.quartz.core.SchedulerSignalerImpl
Feb 02, 2021 5:43:37 PM org.quartz.core.QuartzScheduler <init>
INFO: Quartz Scheduler v.2.3.2 created.
Feb 02, 2021 5:43:37 PM org.quartz.simpl.RAMJobStore initialize
INFO: RAMJobStore initialized.
Feb 02, 2021 5:43:37 PM org.quartz.core.QuartzScheduler initialize
INFO: Scheduler meta-data: Quartz Scheduler (v2.3.2) 'publishScheduler' with instanceId 'NON_CLUSTERED'
  Scheduler class: 'org.quartz.core.QuartzScheduler' - running locally.
  NOT STARTED.
  Currently in standby mode.
  Number of jobs e**cuted: 0
  Using thread pool 'org.quartz.simpl.SimpleThreadPool' - with 10 threads.
  Using job-store 'org.quartz.simpl.RAMJobStore' - which does not support persistence. and is not clustered.

Feb 02, 2021 5:43:37 PM org.quartz.impl.StdSchedulerFactory instantiate
INFO: Quartz scheduler 'publishScheduler' initialized from an externally provided properties instance.
Feb 02, 2021 5:43:37 PM org.quartz.impl.StdSchedulerFactory instantiate
INFO: Quartz scheduler version: 2.3.2
Feb 02, 2021 5:43:37 PM org.quartz.core.QuartzScheduler setJobFactory
INFO: JobFactory set to: org.springframework.scheduling.quartz.AdaptableJobFactory@25d03428
Feb 02, 2021 5:43:38 PM org.springframework.security.web.DefaultSecurityFilterChain <init>
INFO: Creating filter chain: OrRequestMatcher [requestMatchers=[Ant [pattern='/oauth/token'], Ant [pattern='/oauth/token_key'], Ant [pattern='/oauth/check_token']]], [org.springframework.security.web.context.request.async.WebAsyncManagerIntegrationFilter@4818c742, org.springframework.security.web.context.SecurityContextPersistenceFilter@53a2f31e, org.springframework.security.web.header.HeaderWriterFilter@340d0990, org.springframework.security.web.authentication.logout.LogoutFilter@55797568, org.springframework.web.filter.CorsFilter@1ec38db8, org.springframework.security.web.authentication.www.BasicAuthenticationFilter@4d781fb6, org.springframework.security.web.savedrequest.RequestCacheAwareFilter@7770146b, org.springframework.security.web.servletapi.SecurityContextHolderAwareRequestFilter@1a779932, org.springframework.security.web.authentication.AnonymousAuthenticationFilter@3f79cb2a, org.springframework.security.web.session.SessionManagementFilter@2a581143, org.springframework.security.web.access.ExceptionTranslationFilter@4c026ee3, org.springframework.security.web.access.intercept.FilterSecurityInterceptor@22d338a7]
Feb 02, 2021 5:43:38 PM org.springframework.security.web.DefaultSecurityFilterChain <init>
INFO: Creating filter chain: any request, [org.springframework.security.web.context.request.async.WebAsyncManagerIntegrationFilter@118027ae, org.springframework.security.web.context.SecurityContextPersistenceFilter@7cb73138, org.springframework.security.web.header.HeaderWriterFilter@57b37c2c, org.springframework.web.filter.CorsFilter@1ec38db8, org.springframework.security.web.authentication.logout.LogoutFilter@547bf2e8, org.springframework.security.web.savedrequest.RequestCacheAwareFilter@4c7f9d34, org.springframework.security.web.servletapi.SecurityContextHolderAwareRequestFilter@61ca8b, org.springframework.security.web.session.SessionManagementFilter@253e2e09, org.springframework.security.web.access.ExceptionTranslationFilter@26e2d341]
Feb 02, 2021 5:43:38 PM org.springframework.scheduling.quartz.SchedulerFactoryBean startScheduler
INFO: Starting Quartz Scheduler now
Feb 02, 2021 5:43:38 PM org.quartz.core.QuartzScheduler start
INFO: Scheduler publishScheduler_$_NON_CLUSTERED started.
Feb 02, 2021 5:43:38 PM org.springframework.web.context.ContextLoader initWebApplicationContext
INFO: Root WebApplicationContext initialized in 10104 ms
Feb 02, 2021 5:43:38 PM org.springframework.scheduling.quartz.SchedulerFactoryBean destroy
INFO: Shutting down Quartz Scheduler
Feb 02, 2021 5:43:38 PM org.quartz.core.QuartzScheduler shutdown
INFO: Scheduler publishScheduler_$_NON_CLUSTERED shutting down.
Feb 02, 2021 5:43:38 PM org.quartz.core.QuartzScheduler standby
INFO: Scheduler publishScheduler_$_NON_CLUSTERED paused.
Feb 02, 2021 5:43:38 PM org.quartz.core.QuartzScheduler shutdown
INFO: Scheduler publishScheduler_$_NON_CLUSTERED shutdown complete.
Feb 02, 2021 5:43:38 PM org.springframework.scheduling.concurrent.E**cutorConfigurationSupport shutdown
INFO: Shutting down E**cutorService 'entandoScheduler'
Feb 02, 2021 5:43:40 PM org.entando.entando.ent.util.EntLogging$EntLogger info
INFO: + [ Component: Core ] :: DATA
|   
Feb 02, 2021 5:43:40 PM org.entando.entando.ent.util.EntLogging$EntLogger info
INFO: + [ Component: jacms ] :: DATA
|   
Feb 02, 2021 5:43:40 PM org.entando.entando.ent.util.EntLogging$EntLogger info
INFO: + [ Component: jpmail ] :: DATA
|   
Feb 02, 2021 5:43:40 PM org.entando.entando.ent.util.EntLogging$EntLogger info
INFO: + [ Component: entando-*****-console ] :: DATA
|   
Feb 02, 2021 5:43:40 PM org.entando.entando.ent.util.EntLogging$EntLogger info
INFO: + [ Component: entando-portal-ui ] :: DATA
|   
Feb 02, 2021 5:43:40 PM org.entando.entando.ent.util.EntLogging$EntLogger info
INFO: + [ Component: jpcontentscheduler ] :: DATA
|   
Feb 02, 2021 5:43:40 PM org.entando.entando.ent.util.EntLogging$EntLogger info
INFO: + [ Component: Core ] :: DATA
|   
Feb 02, 2021 5:43:40 PM org.entando.entando.ent.util.EntLogging$EntLogger info
INFO: + [ Component: jacms ] :: DATA
|   
Feb 02, 2021 5:43:40 PM org.entando.entando.ent.util.EntLogging$EntLogger info
INFO: + [ Component: jpmail ] :: DATA
|   
Feb 02, 2021 5:43:40 PM org.entando.entando.ent.util.EntLogging$EntLogger info
INFO: + [ Component: entando-*****-console ] :: DATA
|   
Feb 02, 2021 5:43:40 PM org.entando.entando.ent.util.EntLogging$EntLogger info
INFO: + [ Component: entando-portal-ui ] :: DATA
|   
Feb 02, 2021 5:43:40 PM org.entando.entando.ent.util.EntLogging$EntLogger info
INFO: + [ Component: jpcontentscheduler ] :: DATA
|   
Feb 02, 2021 5:43:47 PM org.springframework.scheduling.concurrent.E**cutorConfigurationSupport initialize
INFO: Initializing E**cutorService 'entandoScheduler'
Feb 02, 2021 5:43:47 PM org.entando.entando.plugins.jpcontentscheduler.aps.******.services.content.ContentSchedulerManager init
INFO: org.entando.entando.plugins.jpcontentscheduler.aps.******.services.content.ContentSchedulerManager: inizializzato
Feb 02, 2021 5:43:47 PM org.quartz.impl.StdSchedulerFactory instantiate
INFO: Using default implementation for ThreadE**cutor
Feb 02, 2021 5:43:47 PM org.quartz.core.SchedulerSignalerImpl <init>
INFO: Initialized Scheduler Signaller of type: class org.quartz.core.SchedulerSignalerImpl
Feb 02, 2021 5:43:47 PM org.quartz.core.QuartzScheduler <init>
INFO: Quartz Scheduler v.2.3.2 created.
Feb 02, 2021 5:43:47 PM org.quartz.simpl.RAMJobStore initialize
INFO: RAMJobStore initialized.
Feb 02, 2021 5:43:47 PM org.quartz.core.QuartzScheduler initialize
INFO: Scheduler meta-data: Quartz Scheduler (v2.3.2) 'publishScheduler' with instanceId 'NON_CLUSTERED'
  Scheduler class: 'org.quartz.core.QuartzScheduler' - running locally.
  NOT STARTED.
  Currently in standby mode.
  Number of jobs e**cuted: 0
  Using thread pool 'org.quartz.simpl.SimpleThreadPool' - with 10 threads.
  Using job-store 'org.quartz.simpl.RAMJobStore' - which does not support persistence. and is not clustered.

Feb 02, 2021 5:43:47 PM org.quartz.impl.StdSchedulerFactory instantiate
INFO: Quartz scheduler 'publishScheduler' initialized from an externally provided properties instance.
Feb 02, 2021 5:43:47 PM org.quartz.impl.StdSchedulerFactory instantiate
INFO: Quartz scheduler version: 2.3.2
Feb 02, 2021 5:43:47 PM org.quartz.core.QuartzScheduler setJobFactory
INFO: JobFactory set to: org.springframework.scheduling.quartz.AdaptableJobFactory@64b5ffba
Feb 02, 2021 5:43:48 PM org.springframework.security.web.DefaultSecurityFilterChain <init>
INFO: Creating filter chain: OrRequestMatcher [requestMatchers=[Ant [pattern='/oauth/token'], Ant [pattern='/oauth/token_key'], Ant [pattern='/oauth/check_token']]], [org.springframework.security.web.context.request.async.WebAsyncManagerIntegrationFilter@76fbdd93, org.springframework.security.web.context.SecurityContextPersistenceFilter@2d302852, org.springframework.security.web.header.HeaderWriterFilter@72a298e5, org.springframework.security.web.authentication.logout.LogoutFilter@44dcf215, org.springframework.web.filter.CorsFilter@361d4bb3, org.springframework.security.web.authentication.www.BasicAuthenticationFilter@6bc2f14e, org.springframework.security.web.savedrequest.RequestCacheAwareFilter@7706c952, org.springframework.security.web.servletapi.SecurityContextHolderAwareRequestFilter@6d510574, org.springframework.security.web.authentication.AnonymousAuthenticationFilter@3c68776d, org.springframework.security.web.session.SessionManagementFilter@103922b2, org.springframework.security.web.access.ExceptionTranslationFilter@50b09763, org.springframework.security.web.access.intercept.FilterSecurityInterceptor@7098c8fa]
Feb 02, 2021 5:43:48 PM org.springframework.security.web.DefaultSecurityFilterChain <init>
INFO: Creating filter chain: any request, [org.springframework.security.web.context.request.async.WebAsyncManagerIntegrationFilter@5ba24ea0, org.springframework.security.web.context.SecurityContextPersistenceFilter@53c9a9ff, org.springframework.security.web.header.HeaderWriterFilter@7b29bae0, org.springframework.web.filter.CorsFilter@361d4bb3, org.springframework.security.web.authentication.logout.LogoutFilter@45ba81b9, org.springframework.security.web.savedrequest.RequestCacheAwareFilter@7cd3e0e2, org.springframework.security.web.servletapi.SecurityContextHolderAwareRequestFilter@4a1bbb22, org.springframework.security.web.session.SessionManagementFilter@2e842555, org.springframework.security.web.access.ExceptionTranslationFilter@4857602]
Feb 02, 2021 5:43:48 PM org.springframework.scheduling.quartz.SchedulerFactoryBean startScheduler
INFO: Starting Quartz Scheduler now
Feb 02, 2021 5:43:48 PM org.quartz.core.QuartzScheduler start
INFO: Scheduler publishScheduler_$_NON_CLUSTERED started.
<?xml version="1.0" encoding="UTF-8"?>
<contentThreadconfig sitecode="A"><scheduler active="****" /><globalcat code="archive" /><contentReplace contentId="ART1226933" modelId="12" /><users><user username="username3" contentType="*" /><user username="username2" contentType="EVN" /><user username="username1" contentType="*" /></users><contentTypes><contentType type="NOL" startAttr="Data_inizio" endAttr="Data_fine" idContentReplace="Id_contenuto_sost" modelIdContentReplace="Model_id" suspend="****" /><contentType type="DRT" startAttr="Data_inizio" endAttr="Data_fine" suspend="****" /><contentType type="SNT" startAttr="Data_inizio" endAttr="Data_fine" suspend="****" /></contentTypes><mail alsoHtml="false" senderCode="CODE1" mailAttrName="email"><subject><![CDATA[Report pubblicazione/sospensione automatica]]></subject><htmlHeader><![CDATA[<!DOCTYPE html PUBLIC "-//W3C//DTD XHTML 1.0 Strict//EN"  "http://www.w3.org/TR/xhtml1/DTD/xhtml1-strict.dtd"> <html xmlns="http://www.w3.org/1999/xhtml" xml:lang="it">  <head> </head>  <body><div style="padding:1.5em;font-family:Arial, sans serif; color: #333333;font-size:0.9em">Report  Pubblicazione/Sospensione automatica contenuti<br/><p>Contenuti pubblicati:</p>]]></htmlHeader><htmlFooter><![CDATA[<br /><br />Cordiali Saluti<br/></div></body></html> ]]></htmlFooter><htmlSeparator><![CDATA[  <br /> Contenuti sospesi:  ]]></htmlSeparator><textHeader><![CDATA[Report pubblicazione/sospensione automatica ]]></textHeader><textFooter><![CDATA[   Cordiali Saluti. ]]></textFooter><textSeparator><![CDATA[

Contenuti sospesi:
 ]]></textSeparator><htmlHeaderMove></htmlHeaderMove><htmlFooterMove></htmlFooterMove><htmlSeparatorMove><![CDATA[  <br /> Contenuti spostati in archivio online:  ]]></htmlSeparatorMove><textHeaderMove><![CDATA[Report pubblicazione/sospensione automatica ]]></textHeaderMove><textFooterMove><![CDATA[   Cordiali Saluti. ]]></textFooterMove><textSeparatorMove><![CDATA[

Contenuti spostati in archivio online:
 ]]></textSeparatorMove></mail></contentThreadconfig>

Feb 02, 2021 5:43:48 PM org.quartz.core.QuartzScheduler standby
INFO: Scheduler publishScheduler_$_NON_CLUSTERED paused.
Feb 02, 2021 5:43:48 PM org.springframework.scheduling.quartz.SchedulerFactoryBean destroy
INFO: Shutting down Quartz Scheduler
Feb 02, 2021 5:43:48 PM org.quartz.core.QuartzScheduler shutdown
INFO: Scheduler publishScheduler_$_NON_CLUSTERED shutting down.
Feb 02, 2021 5:43:48 PM org.quartz.core.QuartzScheduler standby
INFO: Scheduler publishScheduler_$_NON_CLUSTERED paused.
Feb 02, 2021 5:43:48 PM org.quartz.core.QuartzScheduler shutdown
INFO: Scheduler publishScheduler_$_NON_CLUSTERED shutdown complete.
Feb 02, 2021 5:43:48 PM org.springframework.scheduling.concurrent.E**cutorConfigurationSupport shutdown
INFO: Shutting down E**cutorService 'entandoScheduler'
[INFO] Tests run: 1, Failures: 0, Errors: 0, Skipped: 0, Time elapsed: 19.981 s - in org.entando.entando.plugins.jpcontentscheduler.aps.******.services.content.TestContentScheduler
[INFO] 
[INFO] Results:
[INFO] 
[INFO] Tests run: 2, Failures: 0, Errors: 0, Skipped: 0
[INFO] 
[INFO] 
[INFO] --- maven-war-plugin:2.1.1:war (default-war) @ entando-plugin-jpcontentscheduler ---
[INFO] Packaging webapp
[INFO] Assembling webapp [entando-plugin-jpcontentscheduler] in [/workspace/source/target/entando-plugin-jpcontentscheduler-0.0.0-SNAPSHOT-PR-18-3]
[INFO] Processing war project
[INFO] Copying webapp resources [/workspace/source/src/main/webapp]
[INFO] Building jar: /workspace/source/target/entando-plugin-jpcontentscheduler-0.0.0-SNAPSHOT-PR-18-3/WEB-INF/lib/entando-plugin-jpcontentscheduler-0.0.0-SNAPSHOT-PR-18-3.jar
[INFO] Webapp assembled in [896 msecs]
[INFO] Building war: /workspace/source/target/entando-plugin-jpcontentscheduler-0.0.0-SNAPSHOT-PR-18-3.war
[INFO] 
[INFO] --- maven-assembly-plugin:2.2.1:single (package-classes) @ entando-plugin-jpcontentscheduler ---
[INFO] Reading assembly descriptor: /workspace/source/src/main/assembly/classes.xml
[INFO] Building jar: /workspace/source/target/entando-plugin-jpcontentscheduler-0.0.0-SNAPSHOT-PR-18-3-classes.jar
[INFO] 
[INFO] --- maven-jar-plugin:3.2.0:test-jar (build-test-jar) @ entando-plugin-jpcontentscheduler ---
[INFO] Building jar: /workspace/source/target/entando-plugin-jpcontentscheduler-0.0.0-SNAPSHOT-PR-18-3-tests.jar
[INFO] 
[INFO] --- maven-surefire-report-plugin:3.0.0-M4:failsafe-report-only (integration-tests) @ entando-plugin-jpcontentscheduler ---
[INFO] 
[INFO] --- dependency-check-maven:5.3.2:aggregate (default) @ entando-plugin-jpcontentscheduler ---
[INFO] Skipping National Vulnerability Database Report
[INFO] 
[INFO] --- jacoco-maven-plugin:0.8.5:report (report) @ entando-plugin-jpcontentscheduler ---
[INFO] Loading e**cution data file /workspace/source/target/jacoco.e**c
[INFO] Analyzed bundle 'Entando Plugin: Content Scheduler' with 16 classes
[INFO] 
[INFO] --- maven-surefire-report-plugin:3.0.0-M4:report-only (unit-tests) @ entando-plugin-jpcontentscheduler ---
[WARNING] Unable to locate Test Source XRef to link to - DISABLED
[INFO] 
[INFO] --- maven-install-plugin:2.4:install (default-install) @ entando-plugin-jpcontentscheduler ---
[INFO] Installing /workspace/source/target/entando-plugin-jpcontentscheduler-0.0.0-SNAPSHOT-PR-18-3.war to /home/jenkins/.mvnrepository/org/entando/entando/plugins/entando-plugin-jpcontentscheduler/0.0.0-SNAPSHOT-PR-18-3/entando-plugin-jpcontentscheduler-0.0.0-SNAPSHOT-PR-18-3.war
[INFO] Installing /workspace/source/pom.xml to /home/jenkins/.mvnrepository/org/entando/entando/plugins/entando-plugin-jpcontentscheduler/0.0.0-SNAPSHOT-PR-18-3/entando-plugin-jpcontentscheduler-0.0.0-SNAPSHOT-PR-18-3.pom
[INFO] Installing /workspace/source/target/entando-plugin-jpcontentscheduler-0.0.0-SNAPSHOT-PR-18-3-classes.jar to /home/jenkins/.mvnrepository/org/entando/entando/plugins/entando-plugin-jpcontentscheduler/0.0.0-SNAPSHOT-PR-18-3/entando-plugin-jpcontentscheduler-0.0.0-SNAPSHOT-PR-18-3-classes.jar
[INFO] Installing /workspace/source/target/entando-plugin-jpcontentscheduler-0.0.0-SNAPSHOT-PR-18-3-tests.jar to /home/jenkins/.mvnrepository/org/entando/entando/plugins/entando-plugin-jpcontentscheduler/0.0.0-SNAPSHOT-PR-18-3/entando-plugin-jpcontentscheduler-0.0.0-SNAPSHOT-PR-18-3-tests.jar
[INFO] 
[INFO] --- maven-deploy-plugin:2.8.2:deploy (default-deploy) @ entando-plugin-jpcontentscheduler ---
[INFO] Using alternate deployment repository local-nexus::default::http://nexus/repository/maven-releases/
[INFO] 
[INFO] ---< org.entando.entando.plugins:entando-plugin-jpcontentscheduler >----
[INFO] Building Entando Plugin: Content Scheduler 0.0.0-SNAPSHOT-PR-18-3
[INFO] --------------------------------[ war ]---------------------------------
[INFO] 
[INFO] --- sonar-maven-plugin:3.8.0.2131:sonar (default-cli) @ entando-plugin-jpcontentscheduler ---
[INFO] User cache: /****/.sonar/cache
[INFO] SonarQube version: 8.5.0
[INFO] Default locale: "en_US", source code encoding: "UTF-8"
[INFO] Load global settings
[INFO] Load global settings (done) | time=230ms
[INFO] Server id: 1BD809FA-AWHW8ct9-T_TB3XqouNu
[INFO] User cache: /****/.sonar/cache
[INFO] Load/download plugins
[INFO] Load plugins index
[INFO] Load plugins index (done) | time=85ms
[INFO] Load/download plugins (done) | time=26634ms
[INFO] Loaded core extensions: developer-scanner
[INFO] JavaScript/TypeScript frontend is enabled
[INFO] Load project settings for component key: 'entando_entando-plugin-jpcontentscheduler'
[INFO] Load project settings for component key: 'entando_entando-plugin-jpcontentscheduler' (done) | time=26ms
[INFO] Process project properties
[INFO] E**cute project builders
[INFO] E**cute project builders (done) | time=2ms
[INFO] Project key: entando_entando-plugin-jpcontentscheduler
[INFO] Base dir: /workspace/source
[INFO] Working dir: /workspace/source/target/sonar
[INFO] Load project branches
[INFO] Load project branches (done) | time=31ms
[INFO] Check ALM binding of project 'entando_entando-plugin-jpcontentscheduler'
[INFO] Detected project binding: NOT_BOUND
[INFO] Check ALM binding of project 'entando_entando-plugin-jpcontentscheduler' (done) | time=20ms
[INFO] Load project pull requests
[INFO] Load project pull requests (done) | time=51ms
[INFO] Load branch configuration
[INFO] Load branch configuration (done) | time=6ms
[INFO] Load quality profiles
[INFO] Load quality profiles (done) | time=305ms
[INFO] Load active rules
[INFO] Load active rules (done) | time=1345ms
[INFO] Organization key: entando
[INFO] Pull request 18 for merge into master from PR-18
[INFO] SCM collecting changed files in the branch
[WARNING] Exception caught during e**cution of command '[/usr/local/git/bin/git, config, --******, --edit]' in '/usr/local/git/bin', return code '128', error message 'fatal: Invalid path '/usr/local/git/etc': No such file or directory
'
[INFO] SCM collecting changed files in the branch (done) | time=502ms
[INFO] Indexing files...
[INFO] Project configuration:
[INFO] 44 files inde**d
[INFO] 0 files ignored because of scm ignore settings
[INFO] Quality profile for java: Sonar way
[INFO] Quality profile for jsp: Sonar way
[INFO] Quality profile for xml: Sonar way
[INFO] ------------- Run sensors on module Entando Plugin: Content Scheduler
[INFO] JavaScript/TypeScript frontend is enabled
[INFO] Load metrics repository
[INFO] Load metrics repository (done) | time=27ms
[INFO] Sensor JavaSquidSensor [java]
[INFO] Configured Java source version (sonar.java.source): 8
[INFO] JavaClasspath initialization
[INFO] JavaClasspath initialization (done) | time=16ms
[INFO] JavaTestClasspath initialization
[INFO] JavaTestClasspath initialization (done) | time=3ms
Feb 02, 2021 5:44:40 PM org.apache.jasper.servlet.TldScanner scanJars
INFO: At least one JAR was scanned for TLDs yet contained no TLDs. Enable debug logging for this logger for a complete list of JARs that were scanned but no TLDs were found in them. Skipping unneeded JARs during scanning can improve startup time and JSP compilation time.
[INFO] Java Main Files AST scan
[INFO] 18 source files to be analyzed
[INFO] 13/18 files analyzed, current file: src/main/java/org/entando/entando/plugins/jpcontentscheduler/aps/******/services/content/ContentSchedulerManager.java
[INFO] 18/18 source files have been analyzed
[INFO] Java Main Files AST scan (done) | time=13487ms
[INFO] Java Test Files AST scan
[INFO] 2 source files to be analyzed
[INFO] Java Test Files AST scan (done) | time=252ms
[INFO] 2/2 source files have been analyzed
[INFO] Java Generated Files AST scan
[INFO] 11 source files to be analyzed
[INFO] Java Generated Files AST scan (done) | time=5815ms
[INFO] 11/11 source files have been analyzed
[INFO] Sensor JavaSquidSensor [java] (done) | time=22971ms
[INFO] Sensor SonarCSS Rules [cssfamily]
[INFO] No CSS, PHP, HTML or VueJS files are found in the project. CSS analysis is skipped.
[INFO] Sensor SonarCSS Rules [cssfamily] (done) | time=1ms
[INFO] Sensor C# Properties [csharp]
[INFO] Sensor C# Properties [csharp] (done) | time=1ms
[INFO] Sensor Import of Checkstyle issues [java]
[WARNING] Checkstyle report not found: /workspace/source/target/checkstyle-result.xml
[INFO] Sensor Import of Checkstyle issues [java] (done) | time=3ms
[INFO] Sensor SurefireSensor [java]
[INFO] parsing [/workspace/source/target/surefire-reports]
[INFO] Sensor SurefireSensor [java] (done) | time=76ms
[INFO] Sensor JavaXmlSensor [java]
[INFO] 6 source files to be analyzed
[INFO] Sensor JavaXmlSensor [java] (done) | time=209ms
[INFO] 6/6 source files have been analyzed
[INFO] Sensor HTML [web]
[INFO] Sensor HTML [web] (done) | time=575ms
[INFO] Sensor XML Sensor [xml]
[INFO] 6 source files to be analyzed
[INFO] Sensor XML Sensor [xml] (done) | time=655ms
[INFO] Sensor VB.NET Properties [vbnet]
[INFO] 6/6 source files have been analyzed
[INFO] Sensor VB.NET Properties [vbnet] (done) | time=2ms
[INFO] Sensor JaCoCo XML Report Importer [jacoco]
[INFO] Importing 1 report(s). Turn your logs in debug mode in order to see the exhaustive list.
[INFO] Sensor JaCoCo XML Report Importer [jacoco] (done) | time=99ms
[INFO] Sensor ThymeLeaf template sensor [securityjavafrontend]
[INFO] Sensor ThymeLeaf template sensor [securityjavafrontend] (done) | time=5ms
[INFO] Sensor JavaSecuritySensor [security]
[INFO] Reading type hierarchy from: /workspace/source/target/sonar/ucfg2/java
[INFO] Read 239 type definitions
[INFO] Reading UCFGs from: /workspace/source/target/sonar/ucfg2/java
[INFO] 17:45:04.537985 Building Runtime Type propagation graph
[INFO] 17:45:04.64672 Running Tarjan on 6761 nodes
[INFO] 17:45:04.666646 Tarjan found 6761 components
[INFO] 17:45:04.696741 Variable type analysis: done
[INFO] 17:45:04.701351 Building Runtime Type propagation graph
[INFO] 17:45:05.020518 Running Tarjan on 6761 nodes
[INFO] 17:45:05.030549 Tarjan found 6761 components
[INFO] 17:45:05.047899 Variable type analysis: done
[INFO] Analyzing 951 ucfgs to detect vulnerabilities.
[INFO] All rules entrypoints : 0 Retained UCFGs : 0
[INFO] rule: S5131, entrypoints: 0
[INFO] rule: S5131 done
[INFO] rule: S3649, entrypoints: 0
[INFO] rule: S3649 done
[INFO] rule: S2076, entrypoints: 0
[INFO] rule: S2076 done
[INFO] rule: S2091, entrypoints: 0
[INFO] rule: S2091 done
[INFO] rule: S2078, entrypoints: 0
[INFO] rule: S2078 done
[INFO] rule: S2631, entrypoints: 0
[INFO] rule: S2631 done
[INFO] rule: S5135, entrypoints: 0
[INFO] rule: S5135 done
[INFO] rule: S2083, entrypoints: 0
[INFO] rule: S2083 done
[INFO] rule: S5167, entrypoints: 0
[INFO] rule: S5167 done
[INFO] rule: S5144, entrypoints: 0
[INFO] rule: S5144 done
[INFO] rule: S5145, entrypoints: 0
[INFO] rule: S5145 done
[INFO] rule: S5146, entrypoints: 0
[INFO] rule: S5146 done
[INFO] rule: S5334, entrypoints: 0
[INFO] rule: S5334 done
[INFO] Sensor JavaSecuritySensor [security] (done) | time=13178ms
[INFO] Sensor CSharpSecuritySensor [security]
[INFO] Reading type hierarchy from: /workspace/source/target/ucfg_cs2
[INFO] Read 0 type definitions
[INFO] Reading UCFGs from: /workspace/source/target/ucfg_cs2
[INFO] No UCFGs have been included for analysis.
[INFO] Sensor CSharpSecuritySensor [security] (done) | time=1ms
[INFO] Sensor PhpSecuritySensor [security]
[INFO] Reading type hierarchy from: /workspace/source/target/sonar/ucfg2/php
[INFO] Read 0 type definitions
[INFO] Reading UCFGs from: /workspace/source/target/sonar/ucfg2/php
[INFO] No UCFGs have been included for analysis.
[INFO] Sensor PhpSecuritySensor [security] (done) | time=1ms
[INFO] Sensor PythonSecuritySensor [security]
[INFO] Reading type hierarchy from: /workspace/source/target/sonar/ucfg2/python
[INFO] Read 0 type definitions
[INFO] Reading UCFGs from: /workspace/source/target/sonar/ucfg2/python
[INFO] No UCFGs have been included for analysis.
[INFO] Sensor PythonSecuritySensor [security] (done) | time=1ms
[INFO] Sensor JsSecuritySensor [security]
[INFO] Reading type hierarchy from: /workspace/source/target/sonar/ucfg2/js
[INFO] Read 0 type definitions
[INFO] Reading UCFGs from: /workspace/source/target/sonar/ucfg2/js
[INFO] No UCFGs have been included for analysis.
[INFO] Sensor JsSecuritySensor [security] (done) | time=0ms
[INFO] ------------- Run sensors on project
[INFO] Sensor Zero Coverage Sensor
[INFO] Sensor Zero Coverage Sensor (done) | time=1ms
[INFO] Sensor Java CPD Block Inde**r
[INFO] Sensor Java CPD Block Inde**r (done) | time=141ms
[INFO] SCM Publisher SCM provider for this project is: git
[INFO] SCM Publisher 3 source files to be analyzed
[INFO] SCM Publisher 2/3 source files have been analyzed (done) | time=103ms
[WARNING] Missing blame information for the following files:
[WARNING]   * pom.xml
[WARNING] This may lead to missing/broken features in SonarCloud
[INFO] CPD E**cutor 4 files had no CPD blocks
[INFO] CPD E**cutor Calculating CPD for 25 files
[INFO] CPD E**cutor CPD calculation finished (done) | time=71ms
[INFO] SCM writing changed lines
[INFO] SCM writing changed lines (done) | time=49ms
[INFO] Analysis report generated in 174ms, dir size=250 KB
[INFO] Analysis report compressed in 64ms, zip size=79 KB
[INFO] Analysis report uploaded in 112ms
[INFO] ANALYSIS SUCCESSFUL, you can find the results at: https://sonarcloud.io/dashboard?id=entando_entando-plugin-jpcontentscheduler&pullRequest=18
[INFO] Note that you will be able to access the updated dashboard once the server has processed the submitted analysis report
[INFO] More about the report processing at https://sonarcloud.io/api/ce/task?id=AXdj2Tu6IDU9hk5YnSXP
[INFO] Analysis total time: 46.370 s
[INFO] ------------------------------------------------------------------------
[INFO] BUILD SUCCESS
[INFO] ------------------------------------------------------------------------
[INFO] Total time:  03:00 min
[INFO] Finished at: 2021-02-02T17:45:17Z
[INFO] ------------------------------------------------------------------------
Picked up _JAVA_OPTIONS: -XX:+UnlockExperimentalVMOptions -Dsun.zip.disableMemoryMapping=**** -XX:+UseParallelGC -XX:MinHeapFreeRatio=5 -XX:MaxHeapFreeRatio=10 -XX:GCTimeRatio=4 -XX:AdaptiveSizePolicyWeight=90 -Xms10m -Xmx8000m
[INFO] Scanning for projects...
[INFO] 
[INFO] ---< org.entando.entando.plugins:entando-plugin-jpcontentscheduler >----
[INFO] Building Entando Plugin: Content Scheduler 0.0.0-SNAPSHOT-PR-18-3
[INFO] --------------------------------[ war ]---------------------------------
[WARNING] The POM for com.sun.xml.bind:jaxb-impl:jar:2.2.11 is invalid, transitive dependencies (if any) will not be available, enable debug logging for more details
[INFO] 
[INFO] --- maven-site-plugin:3.9.0:site (default-site) @ entando-plugin-jpcontentscheduler ---
[INFO] configuring report plugin org.apache.maven.plugins:maven-project-info-reports-plugin:3.0.0
[INFO] 9 reports configured for maven-project-info-reports-plugin:3.0.0: dependency-info, distribution-management, index, ci-management, issue-management, licenses, plugins, scm, summary
[INFO] Rendering site with default locale English (en)
[WARNING] Unable to find a URL to the parent project. The parent menu will NOT be added.
[INFO] Relativizing decoration links with respect to localized project URL: http://www.entando.com/
[INFO] Rendering content with org.apache.maven.skins:maven-default-skin:jar:1.3 skin.
[INFO] Generating "Dependency Information" report --- maven-project-info-reports-plugin:3.0.0:dependency-info
[INFO] Generating "About" report         --- maven-project-info-reports-plugin:3.0.0:index
[INFO] Generating "Issue Management" report --- maven-project-info-reports-plugin:3.0.0:issue-management
[INFO] Generating "Licenses" report      --- maven-project-info-reports-plugin:3.0.0:licenses
[INFO] Generating "Plugins" report       --- maven-project-info-reports-plugin:3.0.0:plugins
[INFO] Generating "Source Code Management" report --- maven-project-info-reports-plugin:3.0.0:scm
[INFO] Generating "Summary" report       --- maven-project-info-reports-plugin:3.0.0:summary
[INFO] ------------------------------------------------------------------------
[INFO] BUILD SUCCESS
[INFO] ------------------------------------------------------------------------
[INFO] Total time:  10.942 s
[INFO] Finished at: 2021-02-02T17:45:30Z
[INFO] ------------------------------------------------------------------------
error: etcdserver: request is too large
  % Total    % Received % Xferd  Average Speed   Time    Time     Time  Current
                                 Dload  Upload   Total   Spent    Left  Speed
{
  "url": "https://api.github.com/repos/entando/entando-plugin-jpcontentscheduler/statuses/24b400d36e6a475c3ce364113f81083e6b2b238f",
  "avatar_url": "https://avatars.githubusercontent.com/u/57885396?v=4",
  "id": 12045179193,
  "node_id": "MDEzOlN0YXR1c0NvbnRleHQxMjA0NTE3OTE5Mw==",
  "state": "success",
  "description": "Pre-deployment tests success!",
  "target_url": "https://entando-k8s.github.io/devops-results/entando-plugin-jpcontentscheduler/PR-18/surefire-report.html",
  "context": "Pre-deployment tests",
  "created_at": "2021-02-02T17:45:47Z",
  "updated_at": "2021-02-02T17:45:47Z",
  "creator": {
    "login": "entando-**",
    "id": 57885396,
    "node_id": "MDQ6VXNlcjU3ODg1Mzk2",
    "avatar_url": "https://avatars.githubusercontent.com/u/57885396?v=4",
    "gravatar_id": "",
    "url": "https://api.github.com/users/entando-**",
    "html_url": "https://github.com/**********",
    "followers_url": "https://api.github.com/users/**********/followers",
    "following_url": "https://api.github.com/users/**********/following{/other_user}",
    "gists_url": "https://api.github.com/users/entando-**/gists{/gist_id}",
    "starred_url": "https://api.github.com/users/**********/starred{/owner}{/repo}",
    "subscriptions_url": "https://api.github.com/users/entando-**/subscriptions",
    "organizations_url": "https://api.github.com/users/entando-**/orgs",
    "repos_url": "https://api.github.com/users/entando-**/repos",
    "events_url": "https://api.github.com/users/entando-**/events{/privacy}",
    "received_events_url": "https://api.github.com/users/**********/received_events",
    "type": "User",
    "site_*****": false
  }
}
  0     0    0     0    0     0      0      0 --:--:-- --:--:-- --:--:--     0 11  1882    0     0  100   225      0    284 --:--:-- --:--:-- --:--:--   286100  1882  100  1657  100   225   2095    284 --:--:-- --:--:-- --:--:--  2105
Congratulations! No build failures found for entando-plugin-jpcontentscheduler-PR-18.
