
Showing logs for build [32mentando-k8s-entando-k8s-operato-96l28-67[0m stage [32mfrom-build-pack[0m and container [32mstep-credential-initializer-l7dmr[0m
{"level":"warn","ts":1612281520.4145756,"logger":"fallback-logger","caller":"logging/config.go:69","msg":"Fetch GitHub commit ID from kodata failed: \"ref: refs/heads/0.8.0-**-support-backwards-incompats\" is not a valid GitHub commit ID"}
{"level":"info","ts":1612281520.4179554,"logger":"fallback-logger","caller":"creds-init/main.go:40","msg":"Credentials initialized."}

Showing logs for build [32mentando-k8s-entando-k8s-operato-96l28-67[0m stage [32mfrom-build-pack[0m and container [32mstep-working-dir-initializer-qlcp6[0m
{"level":"warn","ts":1612281524.8646002,"logger":"fallback-logger","caller":"logging/config.go:69","msg":"Fetch GitHub commit ID from kodata failed: open /var/run/ko/HEAD: no such file or directory"}
{"level":"info","ts":1612281524.868518,"logger":"fallback-logger","caller":"bash/main.go:64","msg":"Successfully e**cuted command \"sh -c mkdir -p /workspace/source\"; output "}

Showing logs for build [32mentando-k8s-entando-k8s-operato-96l28-67[0m stage [32mfrom-build-pack[0m and container [32mstep-place-tools[0m

Showing logs for build [32mentando-k8s-entando-k8s-operato-96l28-67[0m stage [32mfrom-build-pack[0m and container [32mstep-git-source-entando-k8s-entando-k8s-operato-ld6bv[0m
{"level":"warn","ts":1612281573.4879448,"logger":"fallback-logger","caller":"logging/config.go:69","msg":"Fetch GitHub commit ID from kodata failed: \"ref: refs/heads/0.8.0-**-support-backwards-incompats\" is not a valid GitHub commit ID"}
{"level":"info","ts":1612281575.2227004,"logger":"fallback-logger","caller":"git/git.go:103","msg":"Successfully cloned https://github.com/entando-k8s/entando-k8s-operator-common.git @ master in path /workspace/source"}

Showing logs for build [32mentando-k8s-entando-k8s-operato-96l28-67[0m stage [32mfrom-build-pack[0m and container [32mstep-git-merge[0m
Using SHAs from PULL_REFS=master:2aa32f8dfc17e5e1a7065f1e4ffa4c93c61009a5,53:d82d4caf933e161bcffab9e5e591f5546e211fbf
DEBUG: ran git fetch --unshallow origin d82d4caf933e161bcffab9e5e591f5546e211fbf: 2aa32f8dfc17e5e1a7065f1e4ffa4c93c61009a5: in 
DEBUG: ran git checkout master in 
DEBUG: ran git reset --hard 2aa32f8dfc17e5e1a7065f1e4ffa4c93c61009a5 in 
DEBUG: ran clean --force -d . in 
DEBUG: ran git merge d82d4caf933e161bcffab9e5e591f5546e211fbf in 
Merged SHA d82d4caf933e161bcffab9e5e591f5546e211fbf with commit message 'ENG-1737 rerunnig flickering test' into base branch master
Merged SHA bf8e542a49a74daad56df0479475e5c2078a9da1 with commit message 'ENG-1737 isloating failing test' into base branch master
Merged SHA 4134b24b29448849a1620f592150d492252cc76e with commit message 'ENG-1737 debugging illegalstateexception' into base branch master
Merged SHA ebc636c1c37501aeece03f19cd0defb4d8e57bbb with commit message 'ENG-1737 debugging illegalstateexception' into base branch master
Merged SHA bfb06fb11ad73e5e189e49332c961ced9f7ebf3b with commit message 'ENG-1737 added Docker build' into base branch master
Merged SHA 31c4ac78a5b7066642f3e785addee331097ad2e6 with commit message 'ENG-some refininements on pod behaviour emulation' into base branch master
Merged SHA 57955c0ef3384721f027f3c025664740f1e252d6 with commit message 'ENG-1737 sonar fi**s' into base branch master
Merged SHA 6c59bd9592ddb6e8fae45b99fa8117d5cb01d53b with commit message 'ENG-1737 fi**d integrationtesthlpers' into base branch master
Merged SHA 134cf767aff017597c0be919a12a3fb696ce688b with commit message 'ENG-1737 significant refacoring and cleaning up of type parameters' into base branch master
Merged SHA b4beaaef4e4076b51f4082f97471103ae9115c85 with commit message 'some cosmetic fi**s' into base branch master
Merged SHA 77e6c59f94083f4fde86d0595a2afc969da5d02e with commit message 'ENG-1737 parameterized PullPolicy' into base branch master
Merged SHA de7666e3daf13e366bbcdbb86f0945317c5e41c7 with commit message 'ENG-1737 added 'kind' to event source' into base branch master
Merged SHA 110f88696cbb77eaae4e4057c80ecb5957b6e789 with commit message 'ENG-1737 checkstyle' into base branch master
Merged SHA 64e1854ab62373df1ceee647966aebfb01069896 with commit message 'ENG-1737 removed eventTime' into base branch master
Merged SHA 263967b0103686b4fab86f79709ce4b960b9c675 with commit message 'ENG-1737 removed eventTime' into base branch master
Merged SHA d84b2aa046fcbbd2501d1ee05c05e9f5ac426ab2 with commit message 'ENG-1737 improved event reporting and fi**d bug in the integrationTEstHelpers' into base branch master
Merged SHA 58826ea59c54432e19556259c00d46d54f6a2ae9 with commit message 'ENG-1737 improved event reporting and fi**d bug in the integrationTEstHelpers' into base branch master
Merged SHA e0702d86d7f1bf432c5bfc63c15fd4f3fd4f3b46 with commit message 'ENG-1737 fi**s on event reporting' into base branch master
Merged SHA 1ad0b8e52c5baf2b028b38382cd93426350d47ae with commit message 'ENG-1737 added event reporting' into base branch master
Merged SHA 69d48b3f51ef2be5fd7d17f177e0035dc0f659a6 with commit message 'ENG-1737 fi**d order of environment variables' into base branch master
Merged SHA 2fd0e73678306782bad744cdc53cdc881edbf025 with commit message 'ENG-1742 minor bugfi**s' into base branch master
Merged SHA a74010647c38ecc9c9fd54da0c597aaf31726f11 with commit message 'ENG-1742 reorganized packages' into base branch master
Merged SHA af1a0723449231aecfd7d8fec25f25ccc86677f8 with commit message 'ENG-1742 reorganized packages' into base branch master
Merged SHA 0270792bfb3e02c39f396bacf32b8535a93d7e74 with commit message 'ENG-1737 added EntandoJackson2Provider to KeycloakIntegrationTestHelper' into base branch master
Merged SHA df7d48b38b9fc5582687df770d64f03e317b5ec8 with commit message 'ENG-1737 moved the responsibility for schema name and secret generation to DbAware' into base branch master
Merged SHA 82730daeaa85b1702a7fbc7c071362933d1e0e36 with commit message 'ENG-1737 moved the responsibility for schema name and secret generation to DbAware' into base branch master
Merged SHA 8573dd57f454c25d01733a620beaf6df622032d9 with commit message 'ENG-1737 some cosmetic changes' into base branch master
Merged SHA d343e506ae1d5ca917c66b2c066d5300892c3070 with commit message 'ENG-1737 some cosmetic changes' into base branch master
Merged SHA 4e72d9535cfbe56171db03c21910e85fef8d2324 with commit message 'ENG-1737 reverted defaultPassword changes' into base branch master
Merged SHA 934e589d9e94a59060483766ffafef27a0987760 with commit message 'ENG-1737 fi**d some unit tests' into base branch master
Merged SHA fdb550deca45aa3f4887e128299b508a2969691a with commit message 'ENG-1742 fi**d deploymenttype logic' into base branch master
Merged SHA 97126a9e3192d3f4de112096ccf5ef91c72841ef with commit message 'ENG-1737 some refinements on Kubeutils' into base branch master
Merged SHA 134335ace29241a2174017fb1bff7d6b50b9c83f with commit message 'ENG-1737 clean up the integrationTestHelpers' into base branch master
Merged SHA c886e2af333a01d5bb30d4348360ee102b38052b with commit message 'ENG-1737 fi**d random string generation' into base branch master
Merged SHA c39ef56d10440580b9d79774b7242e1827ec14d1 with commit message 'ENG-1737 refined status update logic' into base branch master
Merged SHA 3fbb350c709c0428745b9d2edbaf0b4d87c38a04 with commit message 'ENG-1737 removed accidentally added dependency' into base branch master
Merged SHA b5200910bcf860b7ac85ea25eaf44c46a65091a9 with commit message 'ENG-1737 sonar fi**s' into base branch master
Merged SHA 35680373310ce21d59e6e2fc43250863cd418c29 with commit message 'ENG-1737 Sonar issues' into base branch master
Merged SHA ff35a4acc6703ff6ed8717665f60f4876de77d9a with commit message 'ENG-1737 Sonar issues' into base branch master
Merged SHA 2d44f8dd5d6b30a83caf89b36132286441b10b53 with commit message 'ENG-1737 Sonar issues' into base branch master
Merged SHA f1c78dad9325b064d6b8195ce8b10452c1c93bb2 with commit message 'ENG-1737 reactivated tests' into base branch master
Merged SHA 17099d0991a4805794334e09e2368d9b78131e10 with commit message 'ENG-1737 reverted to Keycloak 9.0.2' into base branch master
Merged SHA 61040165800a186a471f58c5f358f69f36a96fff with commit message 'ENG-1737 better name for db preparation pod' into base branch master
Merged SHA 3eea154ae939e6a2e14c8e9d21b6b0bc40f3647d with commit message 'ENG-1737 refined version resolution of images to allow for tests to override versions' into base branch master
Merged SHA a5633273b757a1e1f88bbc27244fc1749584873f with commit message 'ENG-1737 refined version resolution of images to allow for tests to override versions' into base branch master
Merged SHA 257da2f23b161da57aae166f2dcf7a18eabdb41b with commit message 'ENG-1737 propagating related image variables now' into base branch master
Merged SHA 87ff166e94af88e75e1c4343d5267bd98fe7c24a with commit message 'ENG-1737 address MySQL 8 incompatibility' into base branch master
Merged SHA 3804a5e3693b39b976a064c739387ac4997b939f with commit message 'ENG-1737 trying to get DBs to deploy successfully' into base branch master
Merged SHA a71a299a9b4bd25420ecda53eccf89fe3d733cfe with commit message 'ENG-1737 improved secret copying logic' into base branch master
Merged SHA 4bafd24ea66f0eefe43aa724fa97f8ce50808e57 with commit message 'ENG-1737 fi**d SecretCreatorTest failure' into base branch master
Merged SHA 458d1a45896409343c71a9c29a7caf3c606f0472 with commit message 'ENG-1737 fi**d SecretCreatorTest failure' into base branch master
Merged SHA 2ea7347cb542d267f72a4c21865908a145307fe2 with commit message 'ENG-1737 always creating RH Registry credentials' into base branch master
Merged SHA 70b6fdf4ac9ca9b39f9e5f8ef20b04ac28569311 with commit message 'ENG-1737 another attempt at getting the RedHat registry credentials in the correct namespace' into base branch master
Merged SHA bcad74ce25147b32d81a59c39c46f618bf0fe412 with commit message 'ENG-1737 using redhat-registry pullsecret now' into base branch master
Merged SHA adce28c7e495b254bcc1ada7a235ab45abd44d87 with commit message 'ENG-1737 using redhat-registry pullsecret now' into base branch master
Merged SHA b6a9abd467d47a862fc079c9625aaa6e1020cb24 with commit message 'ENG-1737 fi**d MySQL integration test' into base branch master
Merged SHA d054eaf859e1b69096b624f5d98ab3a0b5d543e6 with commit message 'ENG-1737 more work on status updates' into base branch master
Merged SHA 311dccf4ae58d378d4cf2610304c79bc2db29568 with commit message 'ENG-1737 refreshing resource before updating status' into base branch master
Merged SHA 7c7e200defdfdbc2a954385df3b329d39db4249d with commit message 'ENG-1737 refreshing resource before updating status' into base branch master
Merged SHA 3311b56a8bd183b3455177bcb55878029518b665 with commit message 'ENG-1737 dependency-check fi**s' into base branch master
Merged SHA 490ab46cb2239a63924d69b0c495c6440d27d716 with commit message 'ENG-1737 several modifications for Red Hat certification and OLM' into base branch master
Merged SHA 389c7a2b0d87b4f0c8e3424d3f3fa5db1ee25162 with commit message 'ENG-1737 several modifications for Red Hat certification and OLM' into base branch master
Merged SHA 142b3164fb38af3626f443ca3a8ff9f5e64b5a85 with commit message 'ENG-1737 merged resourceNameDiscriminator changes from master' into base branch master
Merged SHA 002bbd277da55d12c548572d826a6f36979f398e with commit message 'ENG-1737 made several modifications for OLM' into base branch master
Merged SHA ce7ea5ec7a9430366b5e68f567f3a7e7f66b1d80 with commit message 'Needed to rebase to master' into base branch master
Merged SHA f0fd75ebc5041537859924e6cf1ca47e8a045169 with commit message 'REDHAT_CERTIFICATION' into base branch master

Showing logs for build [32mentando-k8s-entando-k8s-operato-96l28-67[0m stage [32mfrom-build-pack[0m and container [32mstep-build-set-version[0m
Picked up _JAVA_OPTIONS: -XX:+UnlockExperimentalVMOptions -Dsun.zip.disableMemoryMapping=**** -XX:+UseParallelGC -XX:MinHeapFreeRatio=5 -XX:MaxHeapFreeRatio=10 -XX:GCTimeRatio=4 -XX:AdaptiveSizePolicyWeight=90 -Xms10m -Xmx8000m
[INFO] Scanning for projects...
[WARNING] 
[WARNING] Some problems were encountered while building the effective model for org.entando:entando-k8s-operator-common:jar:6.3.0-SNAPSHOT
[WARNING] 'dependencies.dependency.(groupId:artifactId:type:classifier)' must be unique: org.junit.jupiter:junit-jupiter-params:jar -> version ${junit.version} vs (?) @ line 150, column 21
[WARNING] 
[WARNING] It is highly recommended to fix these problems because they threaten the stability of your build.
[WARNING] 
[WARNING] For this reason, future Maven versions might no longer support building such malformed projects.
[WARNING] 
[INFO] 
[INFO] --------------< org.entando:entando-k8s-operator-common >---------------
[INFO] Building Entando K8S Operator Common Library 6.3.0-SNAPSHOT
[INFO] --------------------------------[ jar ]---------------------------------
[INFO] 
[INFO] --- versions-maven-plugin:2.8.1:set (default-cli) @ entando-k8s-operator-common ---
[INFO] Local aggregation ****: /workspace/source
[INFO] Processing change of org.entando:entando-k8s-operator-common:6.3.0-SNAPSHOT -> 0.0.0-SNAPSHOT-PR-53-67
[INFO] Processing org.entando:entando-k8s-operator-common
[INFO]     Updating project org.entando:entando-k8s-operator-common
[INFO]         from version 6.3.0-SNAPSHOT to 0.0.0-SNAPSHOT-PR-53-67
[INFO] 
[INFO] ------------------------------------------------------------------------
[INFO] BUILD SUCCESS
[INFO] ------------------------------------------------------------------------
[INFO] Total time:  11.612 s
[INFO] Finished at: 2021-02-02T15:59:52Z
[INFO] ------------------------------------------------------------------------

Showing logs for build [32mentando-k8s-entando-k8s-operato-96l28-67[0m stage [32mfrom-build-pack[0m and container [32mstep-build-fix-git-for-sonar[0m
Switched to a new branch 'PR-53'
M	pom.xml
Deleted branch master (was d82d4ca).
From https://github.com/entando-k8s/entando-k8s-operator-common
 * [new branch]      master      -> master
 * [new tag]         finalizers  -> finalizers
 * [new tag]         spock-spike -> spock-spike

Showing logs for build [32mentando-k8s-entando-k8s-operato-96l28-67[0m stage [32mfrom-build-pack[0m and container [32mstep-build-mvn-verify-pr[0m
  % Total    % Received % Xferd  Average Speed   Time    Time     Time  Current
                                 Dload  Upload   Total   Spent    Left  Speed
  0     0    0     0    0     0      0      0 --:--:-- --:--:-- --:--:--     0100  1868  100  1649  100   219   2603    345 --:--:-- --:--:-- --:--:--  2605
{
  "url": "https://api.github.com/repos/entando-k8s/entando-k8s-operator-common/statuses/d82d4caf933e161bcffab9e5e591f5546e211fbf",
  "avatar_url": "https://avatars.githubusercontent.com/u/57885396?v=4",
  "id": 12043686378,
  "node_id": "MDEzOlN0YXR1c0NvbnRleHQxMjA0MzY4NjM3OA==",
  "state": "pending",
  "description": "Pre-deployment tests pending!",
  "target_url": "https://entando-k8s.github.io/devops-results/entando-k8s-operator-common/PR-53/surefire-report.html",
  "context": "Pre-deployment tests",
  "created_at": "2021-02-02T15:59:54Z",
  "updated_at": "2021-02-02T15:59:54Z",
  "creator": {
    "login": "entando-**",
    "id": 57885396,
    "node_id": "MDQ6VXNlcjU3ODg1Mzk2",
    "avatar_url": "https://avatars.githubusercontent.com/u/57885396?v=4",
    "gravatar_id": "",
    "url": "https://api.github.com/users/entando-**",
    "html_url": "https://github.com/entando-**",
    "followers_url": "https://api.github.com/users/entando-**/followers",
    "following_url": "https://api.github.com/users/entando-**/following{/other_user}",
    "gists_url": "https://api.github.com/users/entando-**/gists{/gist_id}",
    "starred_url": "https://api.github.com/users/entando-**/starred{/owner}{/repo}",
    "subscriptions_url": "https://api.github.com/users/entando-**/subscriptions",
    "organizations_url": "https://api.github.com/users/entando-**/orgs",
    "repos_url": "https://api.github.com/users/entando-**/repos",
    "events_url": "https://api.github.com/users/entando-**/events{/privacy}",
    "received_events_url": "https://api.github.com/users/entando-**/received_events",
    "type": "User",
    "site_*****": false
  }
}
  % Total    % Received % Xferd  Average Speed   Time    Time     Time  Current
                                 Dload  Upload   Total   Spent    Left  Speed
{
  "url": "https://api.github.com/repos/entando-k8s/entando-k8s-operator-common/statuses/d82d4caf933e161bcffab9e5e591f5546e211fbf",
  "avatar_url": "https://avatars.githubusercontent.com/u/57885396?v=4",
  "id": 12043686544,
  "node_id": "MDEzOlN0YXR1c0NvbnRleHQxMjA0MzY4NjU0NA==",
  "state": "pending",
  "description": "Checkstyle pending!",
  "target_url": "https://entando-k8s.github.io/devops-results/entando-k8s-operator-common/PR-53/checkstyle.html",
  "context": "Checkstyle",
  "created_at": "2021-02-02T15:59:54Z",
  "updated_at": "2021-02-02T15:59:54Z",
  "creator": {
    "login": "**********",
    "id": 57885396,
    "node_id": "MDQ6VXNlcjU3ODg1Mzk2",
    "avatar_url": "https://avatars.githubusercontent.com/u/57885396?v=4",
    "gravatar_id": "",
    "url": "https://api.github.com/users/entando-**",
    "html_url": "https://github.com/entando-**",
    "followers_url": "https://api.github.com/users/**********/followers",
    "following_url": "https://api.github.com/users/entando-**/following{/other_user}",
    "gists_url": "https://api.github.com/users/entando-**/gists{/gist_id}",
    "starred_url": "https://api.github.com/users/entando-**/starred{/owner}{/repo}",
    "subscriptions_url": "https://api.github.com/users/entando-**/subscriptions",
    "organizations_url": "https://api.github.com/users/**********/orgs",
    "repos_url": "https://api.github.com/users/entando-**/repos",
    "events_url": "https://api.github.com/users/entando-**/events{/privacy}",
    "received_events_url": "https://api.github.com/users/**********/received_events",
    "type": "User",
    "site_*****": false
  }
}
  0     0    0     0    0     0      0      0 --:--:-- --:--:-- --:--:--     0  0     0    0     0    0     0      0      0 --:--:-- --:--:-- --:--:--     0100  1818  100  1624  100   194   2247    268 --:--:-- --:--:-- --:--:--  2246
  % Total    % Received % Xferd  Average Speed   Time    Time     Time  Current
                                 Dload  Upload   Total   Spent    Left  Speed
  0     0    0     0    0     0      0      0 --:--:-- --:--:-- --:--:--     0 11  1840    0     0  100   205      0    347 --:--:-- --:--:-- --:--:--   347100  1840  100  1635  100   205   2771    347 --:--:-- --:--:-- --:--:--  2771
{
  "url": "https://api.github.com/repos/entando-k8s/entando-k8s-operator-common/statuses/d82d4caf933e161bcffab9e5e591f5546e211fbf",
  "avatar_url": "https://avatars.githubusercontent.com/u/57885396?v=4",
  "id": 12043686711,
  "node_id": "MDEzOlN0YXR1c0NvbnRleHQxMjA0MzY4NjcxMQ==",
  "state": "pending",
  "description": "OWASP CVE pending!",
  "target_url": "https://entando-k8s.github.io/devops-results/entando-k8s-operator-common/PR-53/dependency-check-report.html",
  "context": "OWASP CVE",
  "created_at": "2021-02-02T15:59:55Z",
  "updated_at": "2021-02-02T15:59:55Z",
  "creator": {
    "login": "entando-**",
    "id": 57885396,
    "node_id": "MDQ6VXNlcjU3ODg1Mzk2",
    "avatar_url": "https://avatars.githubusercontent.com/u/57885396?v=4",
    "gravatar_id": "",
    "url": "https://api.github.com/users/entando-**",
    "html_url": "https://github.com/**********",
    "followers_url": "https://api.github.com/users/**********/followers",
    "following_url": "https://api.github.com/users/entando-**/following{/other_user}",
    "gists_url": "https://api.github.com/users/entando-**/gists{/gist_id}",
    "starred_url": "https://api.github.com/users/entando-**/starred{/owner}{/repo}",
    "subscriptions_url": "https://api.github.com/users/entando-**/subscriptions",
    "organizations_url": "https://api.github.com/users/**********/orgs",
    "repos_url": "https://api.github.com/users/entando-**/repos",
    "events_url": "https://api.github.com/users/entando-**/events{/privacy}",
    "received_events_url": "https://api.github.com/users/entando-**/received_events",
    "type": "User",
    "site_*****": false
  }
}
Picked up _JAVA_OPTIONS: -XX:+UnlockExperimentalVMOptions -Dsun.zip.disableMemoryMapping=**** -XX:+UseParallelGC -XX:MinHeapFreeRatio=5 -XX:MaxHeapFreeRatio=10 -XX:GCTimeRatio=4 -XX:AdaptiveSizePolicyWeight=90 -Xms10m -Xmx8000m
[INFO] Scanning for projects...
[WARNING] 
[WARNING] Some problems were encountered while building the effective model for org.entando:entando-k8s-operator-common:jar:0.0.0-SNAPSHOT-PR-53-67
[WARNING] 'dependencies.dependency.(groupId:artifactId:type:classifier)' must be unique: org.junit.jupiter:junit-jupiter-params:jar -> version ${junit.version} vs (?) @ line 150, column 21
[WARNING] 
[WARNING] It is highly recommended to fix these problems because they threaten the stability of your build.
[WARNING] 
[WARNING] For this reason, future Maven versions might no longer support building such malformed projects.
[WARNING] 
[INFO] 
[INFO] --------------< org.entando:entando-k8s-operator-common >---------------
[INFO] Building Entando K8S Operator Common Library 0.0.0-SNAPSHOT-PR-53-67
[INFO] --------------------------------[ jar ]---------------------------------
[INFO] 
[INFO] --- maven-checkstyle-plugin:3.1.1:check (validate) @ entando-k8s-operator-common ---
[INFO] Starting audit...
Audit done.
[INFO] You have 0 Checkstyle violations.
[INFO] 
[INFO] --- maven-checkstyle-plugin:3.1.1:checkstyle (validate) @ entando-k8s-operator-common ---
[INFO] Starting audit...
Audit done.
[INFO] 
[INFO] --- jacoco-maven-plugin:0.8.5:prepare-agent (prepare-agent) @ entando-k8s-operator-common ---
[INFO] argLine set to -javaagent:/home/jenkins/.mvnrepository/org/jacoco/org.jacoco.agent/0.8.5/org.jacoco.agent-0.8.5-runtime.jar=destfile=/workspace/source/target/jacoco.e**c
[INFO] 
[INFO] --- maven-resources-plugin:2.6:resources (default-resources) @ entando-k8s-operator-common ---
[INFO] Using 'UTF-8' encoding to copy filtered resources.
[INFO] Copying 14 resources
[INFO] 
[INFO] --- maven-compiler-plugin:3.8.1:compile (default-compile) @ entando-k8s-operator-common ---
[INFO] Changes detected - recompiling the module!
[INFO] Compiling 125 source files to /workspace/source/target/classes
[WARNING] /workspace/source/src/main/java/org/entando/kubernetes/controller/support/spibase/PublicIngressingDeployableBase.java:[31,123] unchecked cast
  required: org.entando.kubernetes.model.EntandoBaseCustomResource<org.entando.kubernetes.model.KeycloakAwareSpec>
  found:    org.entando.kubernetes.model.EntandoCustomResource
[INFO] 
[INFO] --- maven-resources-plugin:2.6:testResources (default-testResources) @ entando-k8s-operator-common ---
[INFO] Using 'UTF-8' encoding to copy filtered resources.
[INFO] Copying 7 resources
[INFO] 
[INFO] --- maven-compiler-plugin:3.8.1:testCompile (default-testCompile) @ entando-k8s-operator-common ---
[INFO] Changes detected - recompiling the module!
[INFO] Compiling 103 source files to /workspace/source/target/test-classes
[INFO] /workspace/source/src/test/java/org/entando/kubernetes/controller/inprocesstest/k8sclientdouble/PodClientDouble.java: /workspace/source/src/test/java/org/entando/kubernetes/controller/inprocesstest/k8sclientdouble/PodClientDouble.java uses or overrides a deprecated API.
[INFO] /workspace/source/src/test/java/org/entando/kubernetes/controller/inprocesstest/k8sclientdouble/PodClientDouble.java: Recompile with -Xlint:deprecation for details.
[INFO] 
[INFO] --- maven-surefire-plugin:3.0.0-M1:test (default-test) @ entando-k8s-operator-common ---
[INFO] 
[INFO] -------------------------------------------------------
[INFO]  T E S T S
[INFO] -------------------------------------------------------
[INFO] Running org.entando.kubernetes.controller.serialization.DeployableSerializationTest
Feb 02, 2021 4:00:38 PM okhttp3.mockwebserver.MockWebServer$2 e**cute
INFO: MockWebServer[34858] starting to accept connections
Feb 02, 2021 4:00:39 PM okhttp3.mockwebserver.MockWebServer$3 processOneRequest
INFO: MockWebServer[34858] received request: GET /apis/apiextensions.k8s.io/v1beta1/customresourcedefinitions/entandoapps.entando.org HTTP/1.1 and responded: HTTP/1.1 404 Client Error
Feb 02, 2021 4:00:39 PM okhttp3.mockwebserver.MockWebServer$3 processOneRequest
INFO: MockWebServer[34858] received request: POST /apis/apiextensions.k8s.io/v1beta1/customresourcedefinitions HTTP/1.1 and responded: HTTP/1.1 202 OK
Feb 02, 2021 4:00:39 PM okhttp3.mockwebserver.MockWebServer$3 processOneRequest
INFO: MockWebServer[34858] received request: GET /api/v1/namespaces/test HTTP/1.1 and responded: HTTP/1.1 404 Client Error
Feb 02, 2021 4:00:39 PM okhttp3.mockwebserver.MockWebServer$3 processOneRequest
INFO: MockWebServer[34858] received request: GET /apis/entando.org/v1/namespaces/default/entandoapps HTTP/1.1 and responded: HTTP/1.1 200 OK
Feb 02, 2021 4:00:40 PM okhttp3.mockwebserver.MockWebServer$3 processOneRequest
INFO: MockWebServer[34858] received request: GET /api/v1/namespaces/test HTTP/1.1 and responded: HTTP/1.1 404 Client Error
Feb 02, 2021 4:00:40 PM okhttp3.mockwebserver.MockWebServer$3 processOneRequest
INFO: MockWebServer[34858] received request: GET /apis/entando.org/v1/namespaces/default/entandoapps HTTP/1.1 and responded: HTTP/1.1 200 OK
Feb 02, 2021 4:00:40 PM okhttp3.mockwebserver.MockWebServer$3 processOneRequest
INFO: MockWebServer[34858] received request: GET /api/v1/namespaces/test HTTP/1.1 and responded: HTTP/1.1 404 Client Error
Feb 02, 2021 4:00:40 PM okhttp3.mockwebserver.MockWebServer$3 processOneRequest
INFO: MockWebServer[34858] received request: GET /apis/entando.org/v1/namespaces/default/entandoapps HTTP/1.1 and responded: HTTP/1.1 200 OK
Feb 02, 2021 4:00:40 PM okhttp3.mockwebserver.MockWebServer$3 processOneRequest
INFO: MockWebServer[34858] received request: GET /api/v1/namespaces/test HTTP/1.1 and responded: HTTP/1.1 404 Client Error
Feb 02, 2021 4:00:40 PM okhttp3.mockwebserver.MockWebServer$3 processOneRequest
INFO: MockWebServer[34858] received request: GET /apis/entando.org/v1/namespaces/default/entandoapps HTTP/1.1 and responded: HTTP/1.1 200 OK
Feb 02, 2021 4:00:40 PM okhttp3.mockwebserver.MockWebServer$3 processOneRequest
INFO: MockWebServer[34858] received request: GET /apis/entando.org/v1/namespaces/my-app-namespace/entandoapps/my-app HTTP/1.1 and responded: HTTP/1.1 404 Client Error
Feb 02, 2021 4:00:40 PM okhttp3.mockwebserver.MockWebServer$3 processOneRequest
INFO: MockWebServer[34858] received request: POST /apis/entando.org/v1/namespaces/my-app-namespace/entandoapps HTTP/1.1 and responded: HTTP/1.1 202 OK
{
  "mixins" : [ "Secretive", "Deployable" ],
  "fileSystemUserAndGroupId" : 27,
  "defaultServiceAccountName" : "default",
  "replicas" : 1,
  "nameQualifier" : "db",
  "customResource" : {
    "apiVersion" : "entando.org/v1",
    "kind" : "EntandoApp",
    "metadata" : {
      "name" : "my-app",
      "namespace" : "my-app-namespace"
    },
    "isCustomResource" : ****
  },
  "containers" : [ {
    "memoryLimitMebibytes" : 512,
    "dockerImageInfo" : {
      "registryHost" : "docker.io",
      "organization" : "centos",
      "repository" : "mysql-80-centos7",
      "tag" : "latest"
    },
    "volumeMountPath" : "/var/lib/mysql/data",
    "namesOfSecretsToMount" : [ ],
    "additionalPorts" : [ ],
    "primaryPort" : 3306,
    "storageLimitMebibytes" : 2048,
    "mixins" : [ "HasHealthCommand", "ServiceBackingContainer", "PersistentVolumeAware" ],
    "healthCheckCommand" : "MYSQL_PWD=${MYSQL_ROOT_PASSWORD} mysql -h 127.0.0.1 -u **** -e 'SELECT 1'",
    "kubernetesPermissions" : [ ],
    "environmentVariables" : [ {
      "name" : "MYSQL_ROOT_PASSWORD",
      "valueFrom" : {
        "secretKeyRef" : {
          "key" : "password",
          "name" : "my-app-db-*****-secret",
          "optional" : false
        }
      }
    } ],
    "nameQualifier" : "db",
    "secretsToMount" : [ ],
    "cpuLimitMillicores" : 500
  } ],
  "serviceAccountToUse" : "default",
  "secrets" : [ {
    "apiVersion" : "v1",
    "kind" : "Secret",
    "metadata" : {
      "labels" : {
        "EntandoApp" : "my-app"
      },
      "name" : "my-app-db-*****-secret",
      "ownerReferences" : [ {
        "apiVersion" : "entando.org/v1",
        "kind" : "EntandoApp",
        "blockOwnerDeletion" : ****,
        "controller" : ****,
        "name" : "my-app"
      } ]
    },
    "stringData" : {
      "username" : "****",
      "password" : "9ef8b15826e34b68"
    }
  } ]
}
Feb 02, 2021 4:00:41 PM okhttp3.mockwebserver.MockWebServer$3 processOneRequest
INFO: MockWebServer[34858] received request: GET /apis/apiextensions.k8s.io/v1beta1/customresourcedefinitions HTTP/1.1 and responded: HTTP/1.1 200 OK
Feb 02, 2021 4:00:41 PM okhttp3.mockwebserver.MockWebServer$3 processOneRequest
INFO: MockWebServer[34858] received request: GET /apis/entando.org/v1/namespaces/my-app-namespace/entandoapps/my-app HTTP/1.1 and responded: HTTP/1.1 200 OK
Feb 02, 2021 4:00:41 PM okhttp3.mockwebserver.MockWebServer$3 processOneRequest
INFO: MockWebServer[34858] received request: GET /api/v1/namespaces/entando/configmaps/entando-docker-image-info-v6.1 HTTP/1.1 and responded: HTTP/1.1 404 Client Error
Feb 02, 2021 4:00:41 PM okhttp3.mockwebserver.MockWebServer$3 processOneRequest
INFO: MockWebServer[34858] received request: GET /api/v1/namespaces/my-app-namespace/persistentvolumeclaims/my-app-db-pvc HTTP/1.1 and responded: HTTP/1.1 404 Client Error
Feb 02, 2021 4:00:41 PM okhttp3.mockwebserver.MockWebServer$3 processOneRequest
INFO: MockWebServer[34858] received request: POST /api/v1/namespaces/my-app-namespace/persistentvolumeclaims HTTP/1.1 and responded: HTTP/1.1 202 OK
Feb 02, 2021 4:00:41 PM okhttp3.mockwebserver.MockWebServer$3 processOneRequest
INFO: MockWebServer[34858] received request: GET /api/v1/namespaces/my-app-namespace/persistentvolumeclaims/my-app-db-pvc HTTP/1.1 and responded: HTTP/1.1 200 OK
Feb 02, 2021 4:00:41 PM okhttp3.mockwebserver.MockWebServer$3 processOneRequest
INFO: MockWebServer[34858] received request: POST /api/v1/namespaces/my-app-namespace/events HTTP/1.1 and responded: HTTP/1.1 202 OK
Feb 02, 2021 4:00:41 PM okhttp3.mockwebserver.MockWebServer$3 processOneRequest
INFO: MockWebServer[34858] received request: GET /apis/entando.org/v1/namespaces/my-app-namespace/entandoapps/my-app HTTP/1.1 and responded: HTTP/1.1 200 OK
Feb 02, 2021 4:00:41 PM okhttp3.mockwebserver.MockWebServer$3 processOneRequest
INFO: MockWebServer[34858] received request: PUT /apis/entando.org/v1/namespaces/my-app-namespace/entandoapps/my-app/status HTTP/1.1 and responded: HTTP/1.1 202 OK
Feb 02, 2021 4:00:41 PM okhttp3.mockwebserver.MockWebServer$3 processOneRequest
INFO: MockWebServer[34858] received request: POST /api/v1/namespaces/my-app-namespace/secrets HTTP/1.1 and responded: HTTP/1.1 202 OK
Feb 02, 2021 4:00:41 PM okhttp3.mockwebserver.MockWebServer$3 processOneRequest
INFO: MockWebServer[34858] received request: GET /api/v1/namespaces/my-app-namespace/serviceaccounts/default HTTP/1.1 and responded: HTTP/1.1 404 Client Error
Feb 02, 2021 4:00:42 PM okhttp3.mockwebserver.MockWebServer$3 processOneRequest
INFO: MockWebServer[34858] received request: POST /api/v1/namespaces/my-app-namespace/serviceaccounts HTTP/1.1 and responded: HTTP/1.1 202 OK
Feb 02, 2021 4:00:42 PM okhttp3.mockwebserver.MockWebServer$3 processOneRequest
INFO: MockWebServer[34858] received request: GET /apis/rbac.authorization.k8s.io/v1/namespaces/my-app-namespace/roles/default HTTP/1.1 and responded: HTTP/1.1 404 Client Error
Feb 02, 2021 4:00:42 PM okhttp3.mockwebserver.MockWebServer$3 processOneRequest
INFO: MockWebServer[34858] received request: GET /apis/rbac.authorization.k8s.io/v1beta1/namespaces/my-app-namespace/roles/default HTTP/1.1 and responded: HTTP/1.1 404 Client Error
Feb 02, 2021 4:00:42 PM okhttp3.mockwebserver.MockWebServer$3 processOneRequest
INFO: MockWebServer[34858] received request: POST /apis/rbac.authorization.k8s.io/v1/namespaces/my-app-namespace/roles HTTP/1.1 and responded: HTTP/1.1 202 OK
Feb 02, 2021 4:00:42 PM okhttp3.mockwebserver.MockWebServer$3 processOneRequest
INFO: MockWebServer[34858] received request: GET /apis/rbac.authorization.k8s.io/v1/namespaces/my-app-namespace/rolebindings/default-rolebinding HTTP/1.1 and responded: HTTP/1.1 404 Client Error
Feb 02, 2021 4:00:42 PM okhttp3.mockwebserver.MockWebServer$3 processOneRequest
INFO: MockWebServer[34858] received request: GET /apis/rbac.authorization.k8s.io/v1beta1/namespaces/my-app-namespace/rolebindings/default-rolebinding HTTP/1.1 and responded: HTTP/1.1 404 Client Error
Feb 02, 2021 4:00:42 PM okhttp3.mockwebserver.MockWebServer$3 processOneRequest
INFO: MockWebServer[34858] received request: POST /apis/rbac.authorization.k8s.io/v1/namespaces/my-app-namespace/rolebindings HTTP/1.1 and responded: HTTP/1.1 202 OK
Feb 02, 2021 4:00:42 PM okhttp3.mockwebserver.MockWebServer$3 processOneRequest
INFO: MockWebServer[34858] received request: GET /api/v1/namespaces/my-app-namespace/services/my-app-db-service HTTP/1.1 and responded: HTTP/1.1 404 Client Error
Feb 02, 2021 4:00:42 PM okhttp3.mockwebserver.MockWebServer$3 processOneRequest
INFO: MockWebServer[34858] received request: POST /api/v1/namespaces/my-app-namespace/services HTTP/1.1 and responded: HTTP/1.1 202 OK
Feb 02, 2021 4:00:42 PM okhttp3.mockwebserver.MockWebServer$3 processOneRequest
INFO: MockWebServer[34858] received request: GET /api/v1/namespaces/my-app-namespace/services/my-app-db-service HTTP/1.1 and responded: HTTP/1.1 200 OK
Feb 02, 2021 4:00:43 PM okhttp3.mockwebserver.MockWebServer$3 processOneRequest
INFO: MockWebServer[34858] received request: POST /api/v1/namespaces/my-app-namespace/events HTTP/1.1 and responded: HTTP/1.1 202 OK
Feb 02, 2021 4:00:43 PM okhttp3.mockwebserver.MockWebServer$3 processOneRequest
INFO: MockWebServer[34858] received request: GET /apis/entando.org/v1/namespaces/my-app-namespace/entandoapps/my-app HTTP/1.1 and responded: HTTP/1.1 200 OK
Feb 02, 2021 4:00:43 PM okhttp3.mockwebserver.MockWebServer$3 processOneRequest
INFO: MockWebServer[34858] received request: PUT /apis/entando.org/v1/namespaces/my-app-namespace/entandoapps/my-app/status HTTP/1.1 and responded: HTTP/1.1 202 OK
Feb 02, 2021 4:00:43 PM okhttp3.mockwebserver.MockWebServer$3 processOneRequest
INFO: MockWebServer[34858] received request: GET /apis/apps/v1/namespaces/my-app-namespace/deployments/my-app-db-deployment HTTP/1.1 and responded: HTTP/1.1 404 Client Error
Feb 02, 2021 4:00:43 PM okhttp3.mockwebserver.MockWebServer$3 processOneRequest
INFO: MockWebServer[34858] received request: GET /apis/extensions/v1beta1/namespaces/my-app-namespace/deployments/my-app-db-deployment HTTP/1.1 and responded: HTTP/1.1 404 Client Error
Feb 02, 2021 4:00:43 PM okhttp3.mockwebserver.MockWebServer$3 processOneRequest
INFO: MockWebServer[34858] received request: POST /apis/apps/v1/namespaces/my-app-namespace/deployments HTTP/1.1 and responded: HTTP/1.1 202 OK
Feb 02, 2021 4:00:43 PM okhttp3.mockwebserver.MockWebServer$3 processOneRequest
INFO: MockWebServer[34858] received request: GET /apis/apps/v1/namespaces/my-app-namespace/deployments/my-app-db-deployment HTTP/1.1 and responded: HTTP/1.1 200 OK
Feb 02, 2021 4:00:43 PM okhttp3.mockwebserver.MockWebServer$3 processOneRequest
INFO: MockWebServer[34858] received request: POST /api/v1/namespaces/my-app-namespace/events HTTP/1.1 and responded: HTTP/1.1 202 OK
Feb 02, 2021 4:00:44 PM okhttp3.mockwebserver.MockWebServer$3 processOneRequest
INFO: MockWebServer[34858] received request: GET /apis/entando.org/v1/namespaces/my-app-namespace/entandoapps/my-app HTTP/1.1 and responded: HTTP/1.1 200 OK
Feb 02, 2021 4:00:44 PM okhttp3.mockwebserver.MockWebServer$3 processOneRequest
INFO: MockWebServer[34858] received request: PUT /apis/entando.org/v1/namespaces/my-app-namespace/entandoapps/my-app/status HTTP/1.1 and responded: HTTP/1.1 202 OK
Feb 02, 2021 4:00:44 PM okhttp3.mockwebserver.MockWebServer$3 processOneRequest
INFO: MockWebServer[34858] received request: GET /api/v1/namespaces/my-app-namespace/pods?labelSelector=deployment%3Dmy-app-db&watch=**** HTTP/1.1 and responded: HTTP/1.1 200 OK
Feb 02, 2021 4:00:44 PM okhttp3.mockwebserver.MockWebServer$3 processOneRequest
INFO: MockWebServer[34858] received request: GET /api/v1/namespaces/my-app-namespace/pods?labelSelector=deployment%3Dmy-app-db&watch=**** HTTP/1.1 and responded: HTTP/1.1 200 OK
Feb 02, 2021 4:00:44 PM io.fabric8.kubernetes.client.dsl.internal.WatchHTTPManager$1 onResponse
INFO: Watch terminated unexpectedly. reason: \n not found: limit=46 content=7b2261706956657273696f6e223a227631222c226b696e64223a224c69737422…
Feb 02, 2021 4:00:44 PM okhttp3.mockwebserver.MockWebServer$3 processOneRequest
INFO: MockWebServer[34858] received request: GET /apis/apps/v1/namespaces/my-app-namespace/deployments/my-app-db-deployment HTTP/1.1 and responded: HTTP/1.1 200 OK
Feb 02, 2021 4:00:44 PM okhttp3.mockwebserver.MockWebServer$3 processOneRequest
INFO: MockWebServer[34858] received request: GET /apis/apps/v1/namespaces/my-app-namespace/deployments/my-app-db-deployment HTTP/1.1 and responded: HTTP/1.1 200 OK
Feb 02, 2021 4:00:44 PM okhttp3.mockwebserver.MockWebServer$3 processOneRequest
INFO: MockWebServer[34858] received request: POST /api/v1/namespaces/my-app-namespace/pods HTTP/1.1 and responded: HTTP/1.1 202 OK
Feb 02, 2021 4:00:45 PM io.fabric8.kubernetes.client.dsl.internal.WatchHTTPManager$1 onResponse
INFO: Watch terminated unexpectedly. reason: \n not found: limit=1079 content=7b2261706956657273696f6e223a227631222c226b696e64223a224c69737422…
Feb 02, 2021 4:00:45 PM io.fabric8.kubernetes.client.dsl.internal.WatchHTTPManager scheduleReconnect
WARN: Ignoring error for already closed/closing connection
Feb 02, 2021 4:00:45 PM okhttp3.mockwebserver.MockWebServer$3 processOneRequest
INFO: MockWebServer[34858] received request: GET /api/v1/namespaces/my-app-namespace/pods?labelSelector=deployment%3Dmy-app-db&watch=**** HTTP/1.1 and responded: HTTP/1.1 200 OK
Feb 02, 2021 4:00:45 PM okhttp3.mockwebserver.MockWebServer$3 processOneRequest
INFO: MockWebServer[34858] received request: POST /api/v1/namespaces/my-app-namespace/events HTTP/1.1 and responded: HTTP/1.1 202 OK
Feb 02, 2021 4:00:45 PM okhttp3.mockwebserver.MockWebServer$3 processOneRequest
INFO: MockWebServer[34858] received request: GET /apis/entando.org/v1/namespaces/my-app-namespace/entandoapps/my-app HTTP/1.1 and responded: HTTP/1.1 200 OK
Feb 02, 2021 4:00:45 PM okhttp3.mockwebserver.MockWebServer$3 processOneRequest
INFO: MockWebServer[34858] received request: PUT /apis/entando.org/v1/namespaces/my-app-namespace/entandoapps/my-app/status HTTP/1.1 and responded: HTTP/1.1 202 OK
{
  "internalServiceHostname" : "my-app-db-service.my-app-namespace.svc.cluster.local",
  "mixins" : [ "ServiceResult", "ServiceDeploymentResult", "SerializableDeploymentResult" ],
  "pod" : {
    "apiVersion" : "v1",
    "kind" : "Pod",
    "metadata" : {
      "name" : "my-app-db-deployment-3882a7d6",
      "namespace" : "my-app-namespace"
    },
    "isCustomResource" : false
  },
  "port" : "3306",
  "service" : {
    "apiVersion" : "v1",
    "kind" : "Service",
    "metadata" : {
      "name" : "my-app-db-service",
      "namespace" : "my-app-namespace"
    },
    "isCustomResource" : false
  },
  "deployment" : {
    "apiVersion" : "apps/v1",
    "kind" : "Deployment",
    "metadata" : {
      "name" : "my-app-db-deployment",
      "namespace" : "my-app-namespace"
    },
    "isCustomResource" : false
  },
  "status" : {
    "qualifier" : "db",
    "type" : "DbServerStatus",
    "started" : "2021-02-02T16:00:41+0000",
    "deploymentStatus" : { },
    "podStatus" : {
      "conditions" : [ {
        "status" : "True",
        "type" : "ContainersReady"
      }, {
        "status" : "True",
        "type" : "Ready"
      } ],
      "containerStatuses" : [ {
        "state" : {
          "terminated" : {
            "exitCode" : 0
          }
        }
      } ],
      "phase" : "Succeeded"
    },
    "persistentVolumeClaimStatuses" : [ null ]
  }
}
Feb 02, 2021 4:00:45 PM okhttp3.mockwebserver.MockWebServer$3 processOneRequest
INFO: MockWebServer[34858] received request: GET /apis/apps/v1/namespaces/my-app-namespace/deployments/my-app-db-deployment HTTP/1.1 and responded: HTTP/1.1 200 OK
Feb 02, 2021 4:00:45 PM okhttp3.mockwebserver.MockWebServer$3 processOneRequest
INFO: MockWebServer[34858] received request: GET /api/v1/namespaces/my-app-namespace/services/my-app-db-service HTTP/1.1 and responded: HTTP/1.1 200 OK
Feb 02, 2021 4:00:45 PM okhttp3.mockwebserver.MockWebServer$3 processOneRequest
INFO: MockWebServer[34858] received request: GET /api/v1/namespaces/my-app-namespace/pods/my-app-db-deployment-3882a7d6 HTTP/1.1 and responded: HTTP/1.1 200 OK
{
  "mixins" : [ "Secretive", "Deployable" ],
  "fileSystemUserAndGroupId" : 27,
  "defaultServiceAccountName" : "default",
  "replicas" : 1,
  "nameQualifier" : "db",
  "customResource" : {
    "apiVersion" : "entando.org/v1",
    "kind" : "EntandoApp",
    "metadata" : {
      "name" : "my-app",
      "namespace" : "my-app-namespace"
    },
    "isCustomResource" : ****
  },
  "containers" : [ {
    "memoryLimitMebibytes" : 512,
    "dockerImageInfo" : {
      "registryHost" : "docker.io",
      "organization" : "centos",
      "repository" : "mysql-80-centos7",
      "tag" : "latest"
    },
    "volumeMountPath" : "/var/lib/mysql/data",
    "namesOfSecretsToMount" : [ ],
    "additionalPorts" : [ ],
    "primaryPort" : 3306,
    "storageLimitMebibytes" : 2048,
    "mixins" : [ "HasHealthCommand", "ServiceBackingContainer", "PersistentVolumeAware" ],
    "healthCheckCommand" : "MYSQL_PWD=${MYSQL_ROOT_PASSWORD} mysql -h 127.0.0.1 -u **** -e 'SELECT 1'",
    "kubernetesPermissions" : [ ],
    "environmentVariables" : [ {
      "name" : "MYSQL_ROOT_PASSWORD",
      "valueFrom" : {
        "secretKeyRef" : {
          "key" : "password",
          "name" : "my-app-db-*****-secret",
          "optional" : false
        }
      }
    } ],
    "nameQualifier" : "db",
    "secretsToMount" : [ ],
    "cpuLimitMillicores" : 500
  } ],
  "serviceAccountToUse" : "default",
  "secrets" : [ {
    "apiVersion" : "v1",
    "kind" : "Secret",
    "metadata" : {
      "labels" : {
        "EntandoApp" : "my-app"
      },
      "name" : "my-app-db-*****-secret",
      "ownerReferences" : [ {
        "apiVersion" : "entando.org/v1",
        "kind" : "EntandoApp",
        "blockOwnerDeletion" : ****,
        "controller" : ****,
        "name" : "my-app"
      } ]
    },
    "stringData" : {
      "username" : "****",
      "password" : "e783988018d34aa3"
    }
  } ]
}
Feb 02, 2021 4:00:46 PM okhttp3.mockwebserver.MockWebServer$2 acceptConnections
INFO: MockWebServer[34858] done accepting connections: Socket closed
[INFO] Tests run: 1, Failures: 0, Errors: 0, Skipped: 0, Time elapsed: 8.812 s - in org.entando.kubernetes.controller.serialization.DeployableSerializationTest
[INFO] 
[INFO] Results:
[INFO] 
[INFO] Tests run: 1, Failures: 0, Errors: 0, Skipped: 0
[INFO] 
[INFO] 
[INFO] --- maven-jar-plugin:3.2.0:jar (default-jar) @ entando-k8s-operator-common ---
[INFO] Building jar: /workspace/source/target/entando-k8s-operator-common-0.0.0-SNAPSHOT-PR-53-67.jar
[INFO] 
[INFO] --- maven-jar-plugin:3.2.0:test-jar (build-test-jar) @ entando-k8s-operator-common ---
[INFO] Building jar: /workspace/source/target/entando-k8s-operator-common-0.0.0-SNAPSHOT-PR-53-67-tests.jar
[INFO] 
[INFO] --- maven-javadoc-plugin:3.2.0:jar (attach-javadocs) @ entando-k8s-operator-common ---
[INFO] No previous run data found, generating javadoc.
[INFO] Building jar: /workspace/source/target/entando-k8s-operator-common-0.0.0-SNAPSHOT-PR-53-67-javadoc.jar
[INFO] 
[INFO] --- license-maven-plugin:2.0.0:aggregate-download-licenses (download-licenses) @ entando-k8s-operator-common ---
[WARNING] No license information available for: com.sun.org.apache:jaxp-ri:1.4
[WARNING] No license information available for: javax.xml.parsers:jaxp-api:1.4
Feb 02, 2021 4:01:04 PM org.apache.http.client.protocol.ResponseProcessCookies processCookies
WARNING: Invalid cookie header: "Set-Cookie: _octo=GH1.1.1822505576.1612281664; Path=/; Domain=github.com; Expires=Wed, 02 Feb 2022 16:01:04 GMT; Secure; SameSite=Lax". Invalid 'expires' attribute: Wed, 02 Feb 2022 16:01:04 GMT
Feb 02, 2021 4:01:04 PM org.apache.http.client.protocol.ResponseProcessCookies processCookies
WARNING: Invalid cookie header: "Set-Cookie: logged_in=no; Path=/; Domain=github.com; Expires=Wed, 02 Feb 2022 16:01:04 GMT; HttpOnly; Secure; SameSite=Lax". Invalid 'expires' attribute: Wed, 02 Feb 2022 16:01:04 GMT
Feb 02, 2021 4:01:05 PM org.apache.http.client.protocol.ResponseProcessCookies processCookies
WARNING: Invalid cookie header: "Set-Cookie: _octo=GH1.1.1186752257.1612281664; Path=/; Domain=github.com; Expires=Wed, 02 Feb 2022 16:01:04 GMT; Secure; SameSite=Lax". Invalid 'expires' attribute: Wed, 02 Feb 2022 16:01:04 GMT
Feb 02, 2021 4:01:05 PM org.apache.http.client.protocol.ResponseProcessCookies processCookies
WARNING: Invalid cookie header: "Set-Cookie: logged_in=no; Path=/; Domain=github.com; Expires=Wed, 02 Feb 2022 16:01:04 GMT; HttpOnly; Secure; SameSite=Lax". Invalid 'expires' attribute: Wed, 02 Feb 2022 16:01:04 GMT
[WARNING] Unable to retrieve license from URL 'https://glassfish.dev.java.net/nonav/public/CDDL+GPL.html' for dependency 'javax.servlet:javax.servlet-api:3.0.1': Certificate for <glassfish.dev.java.net> doesn't match any of the subject alternative names: [*.java.net, java.net]
[WARNING] Unable to retrieve license from URL 'LICENSE.txt' for dependency 'org.awaitility:awaitility:4.0.1': null
Feb 02, 2021 4:01:14 PM org.apache.http.client.protocol.ResponseProcessCookies processCookies
WARNING: Invalid cookie header: "Set-Cookie: _octo=GH1.1.2053998928.1612281674; Path=/; Domain=github.com; Expires=Wed, 02 Feb 2022 16:01:14 GMT; Secure; SameSite=Lax". Invalid 'expires' attribute: Wed, 02 Feb 2022 16:01:14 GMT
Feb 02, 2021 4:01:14 PM org.apache.http.client.protocol.ResponseProcessCookies processCookies
WARNING: Invalid cookie header: "Set-Cookie: logged_in=no; Path=/; Domain=github.com; Expires=Wed, 02 Feb 2022 16:01:14 GMT; HttpOnly; Secure; SameSite=Lax". Invalid 'expires' attribute: Wed, 02 Feb 2022 16:01:14 GMT
Feb 02, 2021 4:01:14 PM org.apache.http.client.protocol.ResponseProcessCookies processCookies
WARNING: Invalid cookie header: "Set-Cookie: _octo=GH1.1.1502537280.1612281674; Path=/; Domain=github.com; Expires=Wed, 02 Feb 2022 16:01:14 GMT; Secure; SameSite=Lax". Invalid 'expires' attribute: Wed, 02 Feb 2022 16:01:14 GMT
Feb 02, 2021 4:01:14 PM org.apache.http.client.protocol.ResponseProcessCookies processCookies
WARNING: Invalid cookie header: "Set-Cookie: logged_in=no; Path=/; Domain=github.com; Expires=Wed, 02 Feb 2022 16:01:14 GMT; HttpOnly; Secure; SameSite=Lax". Invalid 'expires' attribute: Wed, 02 Feb 2022 16:01:14 GMT
[WARNING] There were 4 download errors - check the warnings above
[INFO] 
[INFO] --- quarkus-maven-plugin:1.2.0.Final:build (default) @ entando-k8s-operator-common ---
[WARNING] [io.quarkus.creator.curator.Curator] These dependencies are not recommended:
	- javax.servlet:javax.servlet-api should be replaced by jakarta.servlet:jakarta.servlet-api
You might end up with two different versions of the same classes or with an artifact you shouldn't have in your classpath.
[INFO] [org.jboss.threads] JBoss Threads version 3.0.0.Final
[WARNING] [io.quarkus.deployment.steps.ReflectiveHierarchyStep] Unable to properly register the hierarchy of the following classes for reflection as they are not in the Jandex index:
	- org.entando.kubernetes.model.EntandoCustomResourceStatus
Consider adding them to the index either by creating a Jandex index for your dependency via the Maven plugin, an empty META-INF/beans.xml or quarkus.index-dependency properties.");.
[INFO] [io.quarkus.deployment.pkg.steps.JarResultBuildStep] Building thin jar: /workspace/source/target/entando-k8s-operator-common-0.0.0-SNAPSHOT-PR-53-67-runner.jar
[INFO] [io.quarkus.deployment.QuarkusAugmentor] Quarkus augmentation completed in 3048ms
[INFO] 
[INFO] --- maven-surefire-report-plugin:3.0.0-M4:failsafe-report-only (integration-tests) @ entando-k8s-operator-common ---
[INFO] 
[INFO] --- dependency-check-maven:6.0.3:aggregate (default) @ entando-k8s-operator-common ---
[INFO] Checking for updates
[INFO] Skipping NVD check since last check was within 4 hours.
[INFO] Check for updates complete (63 ms)
[INFO] 

Dependency-Check is an open source tool performing a best effort analysis of 3rd party dependencies; false positives and false negatives may exist in the analysis performed by the tool. Use of the tool and the reporting provided constitutes acceptance for use in an AS IS condition, and there are NO warranties, implied or otherwise, with regard to the analysis or its use. Any use of the tool and the reporting provided is at the user’s risk. In no event shall the copyright holder or OWASP be held liable for any damages whatsoever arising out of or in connection with the use of this tool, the analysis performed, or the resulting report.


[INFO] Analysis Started
[INFO] Finished Archive Analyzer (0 seconds)
[INFO] Finished File Name Analyzer (0 seconds)
[INFO] Finished Jar Analyzer (1 seconds)
[INFO] Finished Dependency Merging Analyzer (0 seconds)
[INFO] Finished Version Filter Analyzer (0 seconds)
[INFO] Finished Hint Analyzer (0 seconds)
[INFO] Created CPE Index (2 seconds)
[INFO] Finished CPE Analyzer (4 seconds)
[INFO] Finished False Positive Analyzer (0 seconds)
[INFO] Finished NVD CVE Analyzer (0 seconds)
[INFO] Finished Sonatype OSS Index Analyzer (6 seconds)
[INFO] Finished Vulnerability Suppression Analyzer (0 seconds)
[INFO] Finished Dependency Bundling Analyzer (0 seconds)
[INFO] Analysis Complete (14 seconds)
[INFO] 
[INFO] --- jacoco-maven-plugin:0.8.5:report (report) @ entando-k8s-operator-common ---
[INFO] Loading e**cution data file /workspace/source/target/jacoco.e**c
[INFO] Analyzed bundle 'Entando K8S Operator Common Library' with 112 classes
[INFO] 
[INFO] --- maven-surefire-report-plugin:3.0.0-M4:report-only (unit-tests) @ entando-k8s-operator-common ---
[WARNING] Unable to locate Test Source XRef to link to - DISABLED
[INFO] 
[INFO] --- maven-install-plugin:2.4:install (default-install) @ entando-k8s-operator-common ---
[INFO] Installing /workspace/source/target/entando-k8s-operator-common-0.0.0-SNAPSHOT-PR-53-67.jar to /home/jenkins/.mvnrepository/org/entando/entando-k8s-operator-common/0.0.0-SNAPSHOT-PR-53-67/entando-k8s-operator-common-0.0.0-SNAPSHOT-PR-53-67.jar
[INFO] Installing /workspace/source/pom.xml to /home/jenkins/.mvnrepository/org/entando/entando-k8s-operator-common/0.0.0-SNAPSHOT-PR-53-67/entando-k8s-operator-common-0.0.0-SNAPSHOT-PR-53-67.pom
[INFO] Installing /workspace/source/target/entando-k8s-operator-common-0.0.0-SNAPSHOT-PR-53-67-tests.jar to /home/jenkins/.mvnrepository/org/entando/entando-k8s-operator-common/0.0.0-SNAPSHOT-PR-53-67/entando-k8s-operator-common-0.0.0-SNAPSHOT-PR-53-67-tests.jar
[INFO] Installing /workspace/source/target/entando-k8s-operator-common-0.0.0-SNAPSHOT-PR-53-67-javadoc.jar to /home/jenkins/.mvnrepository/org/entando/entando-k8s-operator-common/0.0.0-SNAPSHOT-PR-53-67/entando-k8s-operator-common-0.0.0-SNAPSHOT-PR-53-67-javadoc.jar
[INFO] 
[INFO] --- maven-deploy-plugin:2.8.2:deploy (default-deploy) @ entando-k8s-operator-common ---
[INFO] Using alternate deployment repository local-nexus::default::http://nexus/repository/maven-releases/
[INFO] 
[INFO] --------------< org.entando:entando-k8s-operator-common >---------------
[INFO] Building Entando K8S Operator Common Library 0.0.0-SNAPSHOT-PR-53-67
[INFO] --------------------------------[ jar ]---------------------------------
[INFO] 
[INFO] --- sonar-maven-plugin:3.8.0.2131:sonar (default-cli) @ entando-k8s-operator-common ---
[INFO] User cache: /****/.sonar/cache
[INFO] SonarQube version: 8.5.0
[INFO] Default locale: "en_US", source code encoding: "UTF-8"
[INFO] Load global settings
[INFO] Load global settings (done) | time=214ms
[INFO] Server id: 1BD809FA-AWHW8ct9-T_TB3XqouNu
[INFO] User cache: /****/.sonar/cache
[INFO] Load/download plugins
[INFO] Load plugins index
[INFO] Load plugins index (done) | time=78ms
[INFO] Load/download plugins (done) | time=23981ms
[INFO] Loaded core extensions: developer-scanner
[INFO] JavaScript/TypeScript frontend is enabled
[INFO] Load project settings for component key: 'entando-k8s_entando-k8s-operator-common'
[INFO] Load project settings for component key: 'entando-k8s_entando-k8s-operator-common' (done) | time=35ms
[INFO] Process project properties
[INFO] E**cute project builders
[INFO] E**cute project builders (done) | time=2ms
[INFO] Project key: entando-k8s_entando-k8s-operator-common
[INFO] Base dir: /workspace/source
[INFO] Working dir: /workspace/source/target/sonar
[INFO] Load project branches
[INFO] Load project branches (done) | time=28ms
[INFO] Check ALM binding of project 'entando-k8s_entando-k8s-operator-common'
[INFO] Detected project binding: BOUND
[INFO] Check ALM binding of project 'entando-k8s_entando-k8s-operator-common' (done) | time=24ms
[INFO] Load project pull requests
[INFO] Load project pull requests (done) | time=34ms
[INFO] Load branch configuration
[INFO] Load branch configuration (done) | time=625ms
[INFO] Load quality profiles
[INFO] Load quality profiles (done) | time=72ms
[INFO] Load active rules
[INFO] Load active rules (done) | time=1508ms
[INFO] Organization key: entando-k8s
[INFO] Pull request 53 for merge into master from ENG-1737_several_modifications_for_OLM
[INFO] SCM collecting changed files in the branch
[WARNING] Exception caught during e**cution of command '[/usr/local/git/bin/git, config, --******, --edit]' in '/usr/local/git/bin', return code '128', error message 'fatal: Invalid path '/usr/local/git/etc': No such file or directory
'
[INFO] SCM collecting changed files in the branch (done) | time=376ms
[INFO] Indexing files...
[INFO] Project configuration:
[INFO] 230 files inde**d
[INFO] 0 files ignored because of scm ignore settings
[INFO] Quality profile for java: Sonar way
[INFO] Quality profile for xml: Sonar way
[INFO] ------------- Run sensors on module Entando K8S Operator Common Library
[INFO] JavaScript/TypeScript frontend is enabled
[INFO] Load metrics repository
[INFO] Load metrics repository (done) | time=25ms
[INFO] Sensor JavaSquidSensor [java]
[INFO] Configured Java source version (sonar.java.source): 11
[INFO] JavaClasspath initialization
[INFO] JavaClasspath initialization (done) | time=26ms
[INFO] JavaTestClasspath initialization
[INFO] JavaTestClasspath initialization (done) | time=2ms
[INFO] Java Main Files AST scan
[INFO] 125 source files to be analyzed
[INFO] 22/125 files analyzed, current file: src/main/java/org/entando/kubernetes/client/DefaultKeycloakClient.java
[INFO] 66/125 files analyzed, current file: src/main/java/org/entando/kubernetes/controller/support/controller/EntandoDatabaseServiceController.java
[INFO] 125/125 source files have been analyzed
[INFO] Java Main Files AST scan (done) | time=29385ms
[INFO] Java Test Files AST scan
[INFO] 103 source files to be analyzed
[INFO] 69/103 files analyzed, current file: src/test/java/org/entando/kubernetes/controller/inprocesstest/k8sclientdouble/PodClientDouble.java
[INFO] Java Test Files AST scan (done) | time=14991ms
[INFO] 103/103 source files have been analyzed
[INFO] Java Generated Files AST scan
[INFO] 0 source files to be analyzed
[INFO] Java Generated Files AST scan (done) | time=1ms
[INFO] 0/0 source files have been analyzed
[INFO] Sensor JavaSquidSensor [java] (done) | time=45196ms
[INFO] Sensor SonarCSS Rules [cssfamily]
[INFO] No CSS, PHP, HTML or VueJS files are found in the project. CSS analysis is skipped.
[INFO] Sensor SonarCSS Rules [cssfamily] (done) | time=2ms
[INFO] Sensor C# Properties [csharp]
[INFO] Sensor C# Properties [csharp] (done) | time=2ms
[INFO] Sensor Import of Checkstyle issues [java]
[INFO] Importing /workspace/source/target/checkstyle-result.xml
[INFO] Sensor Import of Checkstyle issues [java] (done) | time=105ms
[INFO] Sensor SurefireSensor [java]
[INFO] parsing [/workspace/source/target/surefire-reports]
[INFO] Sensor SurefireSensor [java] (done) | time=45ms
[INFO] Sensor JavaXmlSensor [java]
[INFO] 1 source files to be analyzed
[INFO] Sensor JavaXmlSensor [java] (done) | time=309ms
[INFO] Sensor HTML [web]
[INFO] 1/1 source files have been analyzed
[INFO] Sensor HTML [web] (done) | time=5ms
[INFO] Sensor XML Sensor [xml]
[INFO] 1 source files to be analyzed
[INFO] Sensor XML Sensor [xml] (done) | time=166ms
[INFO] Sensor VB.NET Properties [vbnet]
[INFO] Sensor VB.NET Properties [vbnet] (done) | time=1ms
[INFO] Sensor JaCoCo XML Report Importer [jacoco]
[INFO] 1/1 source files have been analyzed
[INFO] Importing 1 report(s). Turn your logs in debug mode in order to see the exhaustive list.
[INFO] Sensor JaCoCo XML Report Importer [jacoco] (done) | time=160ms
[INFO] Sensor ThymeLeaf template sensor [securityjavafrontend]
[INFO] Sensor ThymeLeaf template sensor [securityjavafrontend] (done) | time=4ms
[INFO] Sensor JavaSecuritySensor [security]
[INFO] Reading type hierarchy from: /workspace/source/target/sonar/ucfg2/java
[INFO] Read 581 type definitions
[INFO] Reading UCFGs from: /workspace/source/target/sonar/ucfg2/java
[INFO] 16:03:13.234884 Building Runtime Type propagation graph
[INFO] 16:03:13.325126 Running Tarjan on 3311 nodes
[INFO] 16:03:13.359848 Tarjan found 3302 components
[INFO] 16:03:13.38995 Variable type analysis: done
[INFO] 16:03:13.403216 Building Runtime Type propagation graph
[INFO] 16:03:13.454315 Running Tarjan on 3316 nodes
[INFO] 16:03:13.466023 Tarjan found 3307 components
[INFO] 16:03:13.477471 Variable type analysis: done
[INFO] Analyzing 652 ucfgs to detect vulnerabilities.
[INFO] All rules entrypoints : 0 Retained UCFGs : 0
[INFO] rule: S5131, entrypoints: 0
[INFO] rule: S5131 done
[INFO] rule: S3649, entrypoints: 0
[INFO] rule: S3649 done
[INFO] rule: S2076, entrypoints: 0
[INFO] rule: S2076 done
[INFO] rule: S2091, entrypoints: 0
[INFO] rule: S2091 done
[INFO] rule: S2078, entrypoints: 0
[INFO] rule: S2078 done
[INFO] rule: S2631, entrypoints: 0
[INFO] rule: S2631 done
[INFO] rule: S5135, entrypoints: 0
[INFO] rule: S5135 done
[INFO] rule: S2083, entrypoints: 0
[INFO] rule: S2083 done
[INFO] rule: S5167, entrypoints: 0
[INFO] rule: S5167 done
[INFO] rule: S5144, entrypoints: 0
[INFO] rule: S5144 done
[INFO] rule: S5145, entrypoints: 0
[INFO] rule: S5145 done
[INFO] rule: S5146, entrypoints: 0
[INFO] rule: S5146 done
[INFO] rule: S5334, entrypoints: 0
[INFO] rule: S5334 done
[INFO] Sensor JavaSecuritySensor [security] (done) | time=5915ms
[INFO] Sensor CSharpSecuritySensor [security]
[INFO] Reading type hierarchy from: /workspace/source/target/ucfg_cs2
[INFO] Read 0 type definitions
[INFO] Reading UCFGs from: /workspace/source/target/ucfg_cs2
[INFO] No UCFGs have been included for analysis.
[INFO] Sensor CSharpSecuritySensor [security] (done) | time=2ms
[INFO] Sensor PhpSecuritySensor [security]
[INFO] Reading type hierarchy from: /workspace/source/target/sonar/ucfg2/php
[INFO] Read 0 type definitions
[INFO] Reading UCFGs from: /workspace/source/target/sonar/ucfg2/php
[INFO] No UCFGs have been included for analysis.
[INFO] Sensor PhpSecuritySensor [security] (done) | time=1ms
[INFO] Sensor PythonSecuritySensor [security]
[INFO] Reading type hierarchy from: /workspace/source/target/sonar/ucfg2/python
[INFO] Read 0 type definitions
[INFO] Reading UCFGs from: /workspace/source/target/sonar/ucfg2/python
[INFO] No UCFGs have been included for analysis.
[INFO] Sensor PythonSecuritySensor [security] (done) | time=1ms
[INFO] Sensor JsSecuritySensor [security]
[INFO] Reading type hierarchy from: /workspace/source/target/sonar/ucfg2/js
[INFO] Read 0 type definitions
[INFO] Reading UCFGs from: /workspace/source/target/sonar/ucfg2/js
[INFO] No UCFGs have been included for analysis.
[INFO] Sensor JsSecuritySensor [security] (done) | time=1ms
[INFO] ------------- Run sensors on project
[INFO] Sensor Zero Coverage Sensor
[INFO] Sensor Zero Coverage Sensor (done) | time=1ms
[INFO] Sensor Java CPD Block Inde**r
[INFO] Sensor Java CPD Block Inde**r (done) | time=445ms
[INFO] SCM Publisher SCM provider for this project is: git
[INFO] SCM Publisher 218 source files to be analyzed
[INFO] 211/218 source files have been analyzed
[INFO] SCM Publisher 217/218 source files have been analyzed (done) | time=10094ms
[WARNING] Missing blame information for the following files:
[WARNING]   * pom.xml
[WARNING] This may lead to missing/broken features in SonarCloud
[INFO] CPD E**cutor 49 files had no CPD blocks
[INFO] CPD E**cutor Calculating CPD for 76 files
[INFO] CPD E**cutor CPD calculation finished (done) | time=36ms
[INFO] SCM writing changed lines
[WARNING] File '/workspace/source/src/main/java/org/entando/kubernetes/client/KubernetesClientProducer.java' was detected as changed but without having changed lines
[INFO] SCM writing changed lines (done) | time=916ms
[INFO] Analysis report generated in 1114ms, dir size=1 MB
[INFO] Analysis report compressed in 807ms, zip size=831 KB
[INFO] Analysis report uploaded in 198ms
[INFO] ANALYSIS SUCCESSFUL, you can find the results at: https://sonarcloud.io/dashboard?id=entando-k8s_entando-k8s-operator-common&pullRequest=53
[INFO] Note that you will be able to access the updated dashboard once the server has processed the submitted analysis report
[INFO] More about the report processing at https://sonarcloud.io/api/ce/task?id=AXdjfA9qfFqIyZZn2cZt
[INFO] Analysis total time: 1:14.018 s
[INFO] ------------------------------------------------------------------------
[INFO] BUILD SUCCESS
[INFO] ------------------------------------------------------------------------
[INFO] Total time:  03:33 min
[INFO] Finished at: 2021-02-02T16:03:30Z
[INFO] ------------------------------------------------------------------------
Picked up _JAVA_OPTIONS: -XX:+UnlockExperimentalVMOptions -Dsun.zip.disableMemoryMapping=**** -XX:+UseParallelGC -XX:MinHeapFreeRatio=5 -XX:MaxHeapFreeRatio=10 -XX:GCTimeRatio=4 -XX:AdaptiveSizePolicyWeight=90 -Xms10m -Xmx8000m
[INFO] Scanning for projects...
[WARNING] 
[WARNING] Some problems were encountered while building the effective model for org.entando:entando-k8s-operator-common:jar:0.0.0-SNAPSHOT-PR-53-67
[WARNING] 'dependencies.dependency.(groupId:artifactId:type:classifier)' must be unique: org.junit.jupiter:junit-jupiter-params:jar -> version ${junit.version} vs (?) @ line 150, column 21
[WARNING] 
[WARNING] It is highly recommended to fix these problems because they threaten the stability of your build.
[WARNING] 
[WARNING] For this reason, future Maven versions might no longer support building such malformed projects.
[WARNING] 
[INFO] 
[INFO] --------------< org.entando:entando-k8s-operator-common >---------------
[INFO] Building Entando K8S Operator Common Library 0.0.0-SNAPSHOT-PR-53-67
[INFO] --------------------------------[ jar ]---------------------------------
[INFO] 
[INFO] --- maven-site-plugin:3.9.0:site (default-site) @ entando-k8s-operator-common ---
[INFO] configuring report plugin org.apache.maven.plugins:maven-project-info-reports-plugin:3.0.0
[INFO] 9 reports configured for maven-project-info-reports-plugin:3.0.0: dependency-info, distribution-management, index, ci-management, issue-management, licenses, plugins, scm, summary
[INFO] Rendering site with default locale English (en)
[WARNING] Unable to find a URL to the parent project. The parent menu will NOT be added.
[INFO] Relativizing decoration links with respect to localized project URL: https://central.entando.com
[INFO] Rendering content with org.apache.maven.skins:maven-default-skin:jar:1.3 skin.
[INFO] Generating "Dependency Information" report --- maven-project-info-reports-plugin:3.0.0:dependency-info
[INFO] Generating "About" report         --- maven-project-info-reports-plugin:3.0.0:index
[INFO] Generating "Issue Management" report --- maven-project-info-reports-plugin:3.0.0:issue-management
[INFO] Generating "Licenses" report      --- maven-project-info-reports-plugin:3.0.0:licenses
[INFO] Generating "Plugins" report       --- maven-project-info-reports-plugin:3.0.0:plugins
[INFO] Generating "Source Code Management" report --- maven-project-info-reports-plugin:3.0.0:scm
[INFO] Generating "Summary" report       --- maven-project-info-reports-plugin:3.0.0:summary
[INFO] ------------------------------------------------------------------------
[INFO] BUILD SUCCESS
[INFO] ------------------------------------------------------------------------
[INFO] Total time:  11.950 s
[INFO] Finished at: 2021-02-02T16:03:45Z
[INFO] ------------------------------------------------------------------------
  % Total    % Received % Xferd  Average Speed   Time    Time     Time  Current
                                 Dload  Upload   Total   Spent    Left  Speed
  0     0    0     0    0     0      0      0 --:--:-- --:--:-- --:--:--     0  0     0    0     0    0     0      0      0 --:--:-- --:--:-- --:--:--     0 11  1868    0     0  100   219      0    182  0:00:01  0:00:01 --:--:--   182100  1868  100  1649  100   219   1371    182  0:00:01  0:00:01 --:--:--  1370
  % Total    % Received % Xferd  Average Speed   Time    Time     Time  Current
{
                                 Dload  Upload   Total   Spent    Left  Speed
  "url": "https://api.github.com/repos/entando-k8s/entando-k8s-operator-common/statuses/d82d4caf933e161bcffab9e5e591f5546e211fbf",
  "avatar_url": "https://avatars.githubusercontent.com/u/57885396?v=4",
  "id": 12043749394,
  "node_id": "MDEzOlN0YXR1c0NvbnRleHQxMjA0Mzc0OTM5NA==",
  "state": "success",
  "description": "Pre-deployment tests success!",
  "target_url": "https://entando-k8s.github.io/devops-results/entando-k8s-operator-common/PR-53/surefire-report.html",
  "context": "Pre-deployment tests",
  "created_at": "2021-02-02T16:04:03Z",
  "updated_at": "2021-02-02T16:04:03Z",
  "creator": {
    "login": "entando-**",
    "id": 57885396,
    "node_id": "MDQ6VXNlcjU3ODg1Mzk2",
    "avatar_url": "https://avatars.githubusercontent.com/u/57885396?v=4",
    "gravatar_id": "",
    "url": "https://api.github.com/users/entando-**",
    "html_url": "https://github.com/entando-**",
    "followers_url": "https://api.github.com/users/entando-**/followers",
    "following_url": "https://api.github.com/users/entando-**/following{/other_user}",
    "gists_url": "https://api.github.com/users/entando-**/gists{/gist_id}",
    "starred_url": "https://api.github.com/users/entando-**/starred{/owner}{/repo}",
    "subscriptions_url": "https://api.github.com/users/entando-**/subscriptions",
    "organizations_url": "https://api.github.com/users/entando-**/orgs",
    "repos_url": "https://api.github.com/users/entando-**/repos",
    "events_url": "https://api.github.com/users/entando-**/events{/privacy}",
    "received_events_url": "https://api.github.com/users/entando-**/received_events",
    "type": "User",
    "site_*****": false
  }
}
{
  "url": "https://api.github.com/repos/entando-k8s/entando-k8s-operator-common/statuses/d82d4caf933e161bcffab9e5e591f5546e211fbf",
  "avatar_url": "https://avatars.githubusercontent.com/u/57885396?v=4",
  "id": 12043749595,
  "node_id": "MDEzOlN0YXR1c0NvbnRleHQxMjA0Mzc0OTU5NQ==",
  "state": "success",
  "description": "Checkstyle success!",
  "target_url": "https://entando-k8s.github.io/devops-results/entando-k8s-operator-common/PR-53/checkstyle.html",
  "context": "Checkstyle",
  "created_at": "2021-02-02T16:04:04Z",
  "updated_at": "2021-02-02T16:04:04Z",
  "creator": {
    "login": "entando-**",
    "id": 57885396,
    "node_id": "MDQ6VXNlcjU3ODg1Mzk2",
    "avatar_url": "https://avatars.githubusercontent.com/u/57885396?v=4",
    "gravatar_id": "",
    "url": "https://api.github.com/users/entando-**",
    "html_url": "https://github.com/entando-**",
    "followers_url": "https://api.github.com/users/**********/followers",
    "following_url": "https://api.github.com/users/entando-**/following{/other_user}",
    "gists_url": "https://api.github.com/users/entando-**/gists{/gist_id}",
    "starred_url": "https://api.github.com/users/entando-**/starred{/owner}{/repo}",
    "subscriptions_url": "https://api.github.com/users/**********/subscriptions",
    "organizations_url": "https://api.github.com/users/entando-**/orgs",
  0     0    0     0    0     0      0      0 --:--:-- --:--:-- --:--:--     0100  1818  100  1624  100   194   1920    229 --:--:-- --:--:-- --:--:--  1921
    "repos_url": "https://api.github.com/users/**********/repos",
    "events_url": "https://api.github.com/users/entando-**/events{/privacy}",
    "received_events_url": "https://api.github.com/users/entando-**/received_events",
    "type": "User",
    "site_*****": false
  }
}
  % Total    % Received % Xferd  Average Speed   Time    Time     Time  Current
                                 Dload  Upload   Total   Spent    Left  Speed
{
  "url": "https://api.github.com/repos/entando-k8s/entando-k8s-operator-common/statuses/d82d4caf933e161bcffab9e5e591f5546e211fbf",
  "avatar_url": "https://avatars.githubusercontent.com/u/57885396?v=4",
  "id": 12043749807,
  "node_id": "MDEzOlN0YXR1c0NvbnRleHQxMjA0Mzc0OTgwNw==",
  "state": "success",
  "description": "OWASP CVE success!",
  "target_url": "https://entando-k8s.github.io/devops-results/entando-k8s-operator-common/PR-53/dependency-check-report.html",
  "context": "OWASP CVE",
  "created_at": "2021-02-02T16:04:05Z",
  "updated_at": "2021-02-02T16:04:05Z",
  "creator": {
    "login": "entando-**",
    "id": 57885396,
    "node_id": "MDQ6VXNlcjU3ODg1Mzk2",
    "avatar_url": "https://avatars.githubusercontent.com/u/57885396?v=4",
    "gravatar_id": "",
    "url": "https://api.github.com/users/entando-**",
    "html_url": "https://github.com/entando-**",
    "followers_url": "https://api.github.com/users/entando-**/followers",
    "following_url": "https://api.github.com/users/entando-**/following{/other_user}",
    "gists_url": "https://api.github.com/users/entando-**/gists{/gist_id}",
    "starred_url": "https://api.github.com/users/entando-**/starred{/owner}{/repo}",
    "subscriptions_url": "https://api.github.com/users/entando-**/subscriptions",
    "organizations_url": "https://api.github.com/users/entando-**/orgs",
    "repos_url": "https://api.github.com/users/entando-**/repos",
    "events_url": "https://api.github.com/users/entando-**/events{/privacy}",
    "received_events_url": "https://api.github.com/users/entando-**/received_events",
    "type": "User",
    "site_*****": false
  }
}
  0     0    0     0    0     0      0      0 --:--:-- --:--:-- --:--:--     0  0     0    0     0    0     0      0      0 --:--:-- --:--:-- --:--:--     0100  1840  100  1635  100   205   1882    236 --:--:-- --:--:-- --:--:--  1881
Congratulations! No build failures found for entando-k8s-operator-common-PR-53.

Showing logs for build [32mentando-k8s-entando-k8s-operato-96l28-67[0m stage [32mfrom-build-pack[0m and container [32mstep-build-container-build[0m
Generating tags...
 - entando/entando-k8s-operator-common -> docker.io/entando/entando-k8s-operator-common:0.0.0-SNAPSHOT-PR-53-67
Checking cache...
 - entando/entando-k8s-operator-common: Not found. Building
Building [entando/entando-k8s-operator-common]...
Sending build context to Docker daemon  548.4kBSending build context to Docker daemon  10.45MBSending build context to Docker daemon  19.88MBSending build context to Docker daemon  27.09MBSending build context to Docker daemon   35.9MBSending build context to Docker daemon  43.89MB
Step 1/7 : FROM entando/entando-ubi8-java11-base:6.3.0
 ---> e162f7e2941f
Step 2/7 : ARG VERSION
 ---> Using cache
 ---> 1df7530a0542
Step 3/7 : LABEL name "Entando K8S Oerator Common" vendor "Entando" version "v${VERSION}" release "6" summary "This Docker image contains all the common libraries used by Entando controllers." description "This Docker image contains all the common libraries used by Entando controllers."
 ---> Running in df0d1c3a1f02
 ---> d3da888437d0
Step 4/7 : COPY target/generated-resources/licenses /licenses
 ---> cf93882f69b8
Step 5/7 : COPY target/lib/* /deployments/lib/
 ---> 698430d01c2d
Step 6/7 : COPY target/entando-k8s-operator-common-${VERSION}.jar /deployments/lib/org.entando.entando-k8s-operator-common-${VERSION}.jar
 ---> b869be4b7fba
Step 7/7 : ENTRYPOINT /deployments/run-java.sh
 ---> Running in 16c276f69ce5
 ---> 7a36409ac502
Successfully built 7a36409ac502
The push refers to a repository [docker.io/entando/entando-k8s-operator-common]
8592cb3b8be3: Preparing
b7e7022db4fd: Preparing
ce90cf08020d: Preparing
088e643aafac: Preparing
00af10937683: Preparing
3aa55ff7bca1: Preparing
3aa55ff7bca1: Waiting
00af10937683: Mounted from entando/entando-k8s-app-plugin-link-controller
088e643aafac: Mounted from entando/entando-k8s-app-plugin-link-controller
3aa55ff7bca1: Mounted from entando/entando-k8s-app-plugin-link-controller
8592cb3b8be3: Pushed
ce90cf08020d: Pushed
b7e7022db4fd: Pushed
0.0.0-SNAPSHOT-PR-53-67: digest: sha256:aef98101a36d4f371e3b40d80795071dbdf569e386428976bdcdd434fa9c49e9 size: 1581
There is a new version (1.19.0) of Skaffold available. Download it at https://storage.googleapis.com/skaffold/releases/latest/skaffold-linux-amd64

