
Showing logs for build [32mentando-entando-core-parent-pr-ttpx7-1[0m stage [32mfrom-build-pack[0m and container [32mstep-credential-initializer-m2rdk[0m
{"level":"warn","ts":1612173949.6208405,"logger":"fallback-logger","caller":"logging/config.go:69","msg":"Fetch GitHub commit ID from kodata failed: \"ref: refs/heads/0.8.0-**-support-backwards-incompats\" is not a valid GitHub commit ID"}
{"level":"info","ts":1612173949.6287396,"logger":"fallback-logger","caller":"creds-init/main.go:40","msg":"Credentials initialized."}

Showing logs for build [32mentando-entando-core-parent-pr-ttpx7-1[0m stage [32mfrom-build-pack[0m and container [32mstep-working-dir-initializer-z7d9b[0m
{"level":"warn","ts":1612173950.9701538,"logger":"fallback-logger","caller":"logging/config.go:69","msg":"Fetch GitHub commit ID from kodata failed: open /var/run/ko/HEAD: no such file or directory"}
{"level":"info","ts":1612173950.984526,"logger":"fallback-logger","caller":"bash/main.go:64","msg":"Successfully e**cuted command \"sh -c mkdir -p /workspace/source\"; output "}

Showing logs for build [32mentando-entando-core-parent-pr-ttpx7-1[0m stage [32mfrom-build-pack[0m and container [32mstep-place-tools[0m

Showing logs for build [32mentando-entando-core-parent-pr-ttpx7-1[0m stage [32mfrom-build-pack[0m and container [32mstep-git-source-entando-entando-core-parent-pr-7d9vm[0m
{"level":"warn","ts":1612173972.920782,"logger":"fallback-logger","caller":"logging/config.go:69","msg":"Fetch GitHub commit ID from kodata failed: \"ref: refs/heads/0.8.0-**-support-backwards-incompats\" is not a valid GitHub commit ID"}
{"level":"info","ts":1612173974.0432444,"logger":"fallback-logger","caller":"git/git.go:103","msg":"Successfully cloned https://github.com/entando/entando-core-parent.git @ master in path /workspace/source"}

Showing logs for build [32mentando-entando-core-parent-pr-ttpx7-1[0m stage [32mfrom-build-pack[0m and container [32mstep-git-merge[0m
Using SHAs from PULL_REFS=master:74575930ab5f50b53c9d995006a0d4353bc96cd7,9:768ab99c98d3ae53865e669536429a434416414f
DEBUG: ran git fetch --unshallow origin 768ab99c98d3ae53865e669536429a434416414f: 74575930ab5f50b53c9d995006a0d4353bc96cd7: in 
DEBUG: ran git checkout master in 
DEBUG: ran git reset --hard 74575930ab5f50b53c9d995006a0d4353bc96cd7 in 
DEBUG: ran clean --force -d . in 
DEBUG: ran git merge 768ab99c98d3ae53865e669536429a434416414f in 
Merged SHA 768ab99c98d3ae53865e669536429a434416414f with commit message 'ENG-1745: Fix version of junit5 dependencies' into base branch master
Merged SHA 6f54ebc4020b99241c76f810ae07d8d05ef2c06b with commit message 'ENG-1745: removed junit' into base branch master
Merged SHA 26ff170d569de63f2f9b0de54919e987409fdee5 with commit message 'ENG-1745: fix version' into base branch master
Merged SHA 101993348ba5532592400fcaa27a7f39a7e67a67 with commit message 'ENG-1745: pom upgrade' into base branch master
Merged SHA 4b6ec51e985d53a7f778f9f50d9f8c3ec771280e with commit message 'release 6.2.22' into base branch master

Showing logs for build [32mentando-entando-core-parent-pr-ttpx7-1[0m stage [32mfrom-build-pack[0m and container [32mstep-build-set-version[0m
Picked up _JAVA_OPTIONS: -XX:+UnlockExperimentalVMOptions -Dsun.zip.disableMemoryMapping=**** -XX:+UseParallelGC -XX:MinHeapFreeRatio=5 -XX:MaxHeapFreeRatio=10 -XX:GCTimeRatio=4 -XX:AdaptiveSizePolicyWeight=90 -Xms10m -Xmx8000m
[INFO] Scanning for projects...
[INFO] 
[INFO] ------------------< org.entando:entando-core-parent >-------------------
[INFO] Building Entando Core Maven Parent POM 6.3.0-SNAPSHOT
[INFO] --------------------------------[ pom ]---------------------------------
[INFO] 
[INFO] --- versions-maven-plugin:2.8.1:set (default-cli) @ entando-core-parent ---
[INFO] Local aggregation ****: /workspace/source
[INFO] Processing change of org.entando:entando-core-parent:6.3.0-SNAPSHOT -> 0.0.0-SNAPSHOT-PR-9-1
[INFO] Processing org.entando:entando-core-parent
[INFO]     Updating project org.entando:entando-core-parent
[INFO]         from version 6.3.0-SNAPSHOT to 0.0.0-SNAPSHOT-PR-9-1
[INFO] 
[INFO] ------------------------------------------------------------------------
[INFO] BUILD SUCCESS
[INFO] ------------------------------------------------------------------------
[INFO] Total time:  19.411 s
[INFO] Finished at: 2021-02-01T10:06:38Z
[INFO] ------------------------------------------------------------------------

Showing logs for build [32mentando-entando-core-parent-pr-ttpx7-1[0m stage [32mfrom-build-pack[0m and container [32mstep-build-mvn-verify[0m
Picked up _JAVA_OPTIONS: -XX:+UnlockExperimentalVMOptions -Dsun.zip.disableMemoryMapping=**** -XX:+UseParallelGC -XX:MinHeapFreeRatio=5 -XX:MaxHeapFreeRatio=10 -XX:GCTimeRatio=4 -XX:AdaptiveSizePolicyWeight=90 -Xms10m -Xmx8000m
[INFO] Scanning for projects...
[INFO] 
[INFO] ------------------< org.entando:entando-core-parent >-------------------
[INFO] Building Entando Core Maven Parent POM 0.0.0-SNAPSHOT-PR-9-1
[INFO] --------------------------------[ pom ]---------------------------------
[INFO] 
[INFO] --- maven-clean-plugin:2.5:clean (default-clean) @ entando-core-parent ---
[INFO] 
[INFO] --- maven-resources-plugin:2.5:copy-resources (copy-resources-test) @ entando-core-parent ---
[debug] e**cute contextualize
[INFO] Using 'UTF-8' encoding to copy filtered resources.
[INFO] skip non existing resourceDirectory /workspace/source/src/test/config
[INFO] 
[INFO] --- maven-resources-plugin:2.5:copy-resources (copy-resources-file-test-) @ entando-core-parent ---
[debug] e**cute contextualize
[INFO] Using 'UTF-8' encoding to copy filtered resources.
[INFO] skip non existing resourceDirectory /workspace/source/src/test/config
[INFO] 
[INFO] --- maven-surefire-report-plugin:3.0.0-M4:failsafe-report-only (integration-tests) @ entando-core-parent ---
[INFO] 
[INFO] --- maven-surefire-report-plugin:3.0.0-M4:report-only (unit-tests) @ entando-core-parent ---
[WARNING] Unable to locate Test Source XRef to link to - DISABLED
[INFO] ------------------------------------------------------------------------
[INFO] BUILD SUCCESS
[INFO] ------------------------------------------------------------------------
[INFO] Total time:  5.395 s
[INFO] Finished at: 2021-02-01T10:06:47Z
[INFO] ------------------------------------------------------------------------
