
Showing logs for build [32mentando-k8s-entando-de-app-pr-1-ctt4g-1[0m stage [32mfrom-build-pack[0m and container [32mstep-credential-initializer-mwkbd[0m
{"level":"warn","ts":1612256817.306936,"logger":"fallback-logger","caller":"logging/config.go:69","msg":"Fetch GitHub commit ID from kodata failed: \"ref: refs/heads/0.8.0-**-support-backwards-incompats\" is not a valid GitHub commit ID"}
{"level":"info","ts":1612256817.3143692,"logger":"fallback-logger","caller":"creds-init/main.go:40","msg":"Credentials initialized."}

Showing logs for build [32mentando-k8s-entando-de-app-pr-1-ctt4g-1[0m stage [32mfrom-build-pack[0m and container [32mstep-working-dir-initializer-8lvgc[0m
{"level":"warn","ts":1612256819.095537,"logger":"fallback-logger","caller":"logging/config.go:69","msg":"Fetch GitHub commit ID from kodata failed: open /var/run/ko/HEAD: no such file or directory"}
{"level":"info","ts":1612256819.1108181,"logger":"fallback-logger","caller":"bash/main.go:64","msg":"Successfully e**cuted command \"sh -c mkdir -p /workspace/source\"; output "}

Showing logs for build [32mentando-k8s-entando-de-app-pr-1-ctt4g-1[0m stage [32mfrom-build-pack[0m and container [32mstep-place-tools[0m

Showing logs for build [32mentando-k8s-entando-de-app-pr-1-ctt4g-1[0m stage [32mfrom-build-pack[0m and container [32mstep-git-source-entando-k8s-entando-de-app-pr-1-bj6lw[0m
{"level":"warn","ts":1612256852.384992,"logger":"fallback-logger","caller":"logging/config.go:69","msg":"Fetch GitHub commit ID from kodata failed: \"ref: refs/heads/0.8.0-**-support-backwards-incompats\" is not a valid GitHub commit ID"}
{"level":"info","ts":1612256854.9679484,"logger":"fallback-logger","caller":"git/git.go:103","msg":"Successfully cloned https://github.com/entando-k8s/entando-de-app.git @ master in path /workspace/source"}

Showing logs for build [32mentando-k8s-entando-de-app-pr-1-ctt4g-1[0m stage [32mfrom-build-pack[0m and container [32mstep-git-merge[0m
Using SHAs from PULL_REFS=master:43b39f52183df005bc1e59b7fb928001ff17080a,186:0ab08758f5ee92306a9d36409564f2e3f0c56b2d
DEBUG: ran git fetch --unshallow origin 0ab08758f5ee92306a9d36409564f2e3f0c56b2d: 43b39f52183df005bc1e59b7fb928001ff17080a: in 
DEBUG: ran git checkout master in 
DEBUG: ran git reset --hard 43b39f52183df005bc1e59b7fb928001ff17080a in 
DEBUG: ran clean --force -d . in 
DEBUG: ran git merge 0ab08758f5ee92306a9d36409564f2e3f0c56b2d in 
Merged SHA d3caac159129908f35f9ed286cbc3e2172916244 with commit message 'Merge commit '0ab08758f5ee92306a9d36409564f2e3f0c56b2d'' into base branch master
Merged SHA 0ab08758f5ee92306a9d36409564f2e3f0c56b2d with commit message 'ENG-1700 upgrade to EAP' into base branch master

Showing logs for build [32mentando-k8s-entando-de-app-pr-1-ctt4g-1[0m stage [32mfrom-build-pack[0m and container [32mstep-build-set-version[0m
Picked up _JAVA_OPTIONS: -XX:+UnlockExperimentalVMOptions -Dsun.zip.disableMemoryMapping=**** -XX:+UseParallelGC -XX:MinHeapFreeRatio=5 -XX:MaxHeapFreeRatio=10 -XX:GCTimeRatio=4 -XX:AdaptiveSizePolicyWeight=90 -Xms1000m -Xmx12000m
[INFO] Scanning for projects...
[INFO] 
[INFO] -----------------< org.entando.entando:entando-de-app >-----------------
[INFO] Building entando-de-app 6.3.0-SNAPSHOT
[INFO] --------------------------------[ war ]---------------------------------
[INFO] 
[INFO] --- versions-maven-plugin:2.8.1:set (default-cli) @ entando-de-app ---
[INFO] Local aggregation ****: /workspace/source
[INFO] Processing change of org.entando.entando:entando-de-app:6.3.0-SNAPSHOT -> 0.0.0-SNAPSHOT-PR-186-1
[INFO] Processing org.entando.entando:entando-de-app
[INFO]     Updating project org.entando.entando:entando-de-app
[INFO]         from version 6.3.0-SNAPSHOT to 0.0.0-SNAPSHOT-PR-186-1
[INFO] 
[INFO] ------------------------------------------------------------------------
[INFO] BUILD SUCCESS
[INFO] ------------------------------------------------------------------------
[INFO] Total time:  9.236 s
[INFO] Finished at: 2021-02-02T09:07:49Z
[INFO] ------------------------------------------------------------------------

Showing logs for build [32mentando-k8s-entando-de-app-pr-1-ctt4g-1[0m stage [32mfrom-build-pack[0m and container [32mstep-build-mvn-verify[0m
Picked up _JAVA_OPTIONS: -XX:+UnlockExperimentalVMOptions -Dsun.zip.disableMemoryMapping=**** -XX:+UseParallelGC -XX:MinHeapFreeRatio=5 -XX:MaxHeapFreeRatio=10 -XX:GCTimeRatio=4 -XX:AdaptiveSizePolicyWeight=90 -Xms1000m -Xmx12000m
[INFO] Scanning for projects...
[INFO] 
[INFO] -----------------< org.entando.entando:entando-de-app >-----------------
[INFO] Building entando-de-app 0.0.0-SNAPSHOT-PR-186-1
[INFO] --------------------------------[ war ]---------------------------------
[INFO] 
[INFO] --- maven-clean-plugin:2.5:clean (default-clean) @ entando-de-app ---
[INFO] 
[INFO] --- maven-enforcer-plugin:1.0-beta-1:enforce (enforce-versions) @ entando-de-app ---
[INFO] 
[INFO] --- maven-antrun-plugin:1.7:run (decide-if-core-webapp-can-overwrite) @ entando-de-app ---
[INFO] E**cuting tasks

main:
[INFO] E**cuted tasks
[INFO] 
[INFO] --- jacoco-maven-plugin:0.8.2:prepare-agent (pre-unit-tests) @ entando-de-app ---
[INFO] argLine set to -javaagent:/home/jenkins/.mvnrepository/org/jacoco/org.jacoco.agent/0.8.2/org.jacoco.agent-0.8.2-runtime.jar=destfile=/workspace/source/target/coverage/jacoco/jacoco.e**c
[INFO] 
[INFO] --- maven-dependency-plugin:2.8:unpack (unpack-dependencies-jsp-frontend-core-webapp) @ entando-de-app ---
[INFO] Configured Artifact: org.entando.entando:entando-*****-console:?:war
[INFO] Unpacking /home/jenkins/.mvnrepository/org/entando/entando/entando-*****-console/6.3.4/entando-*****-console-6.3.4.war to /workspace/source/src/main/webapp with includes "WEB-INF/aps/jsp/internalservlet/api/**/*.jsp" and excludes "WEB-INF/lib/*.*"
[INFO] 
[INFO] --- maven-resources-plugin:2.6:resources (default-resources) @ entando-de-app ---
[WARNING] File encoding has not been set, using platform encoding UTF-8, i.e. build is platform dependent!
[WARNING] Using platform encoding (UTF-8 actually) to copy filtered resources, i.e. build is platform dependent!
[INFO] Copying 27 resources
[INFO] Copying 2 resources to WEB-INF/conf
[INFO] Copying 0 resource
[INFO] Copying 0 resource to META-INF
[INFO] 
[INFO] --- jrebel-maven-plugin:1.1.3:generate-liverebel-xml (generate-liverebel-xml) @ entando-de-app ---
[INFO] Generating liverebel.xml
[INFO] 
[INFO] --- maven-compiler-plugin:2.4:compile (default-compile) @ entando-de-app ---
[WARNING] File encoding has not been set, using platform encoding UTF-8, i.e. build is platform dependent!
[INFO] Compiling 1 source file to /workspace/source/target/classes
[INFO] 
[INFO] --- maven-resources-plugin:2.6:testResources (default-testResources) @ entando-de-app ---
[WARNING] File encoding has not been set, using platform encoding UTF-8, i.e. build is platform dependent!
[WARNING] Using platform encoding (UTF-8 actually) to copy filtered resources, i.e. build is platform dependent!
[INFO] Copying 3 resources to /workspace/source/target/test/conf
[INFO] Copying 3 resources to /workspace/source/target/test-classes
[INFO] 
[INFO] --- maven-compiler-plugin:2.4:testCompile (default-testCompile) @ entando-de-app ---
[WARNING] File encoding has not been set, using platform encoding UTF-8, i.e. build is platform dependent!
[INFO] Compiling 1 source file to /workspace/source/target/test-classes
[INFO] 
[INFO] --- maven-surefire-plugin:3.0.0-M1:test (default-test) @ entando-de-app ---
[INFO] 
[INFO] -------------------------------------------------------
[INFO]  T E S T S
[INFO] -------------------------------------------------------
[INFO] Running org.entando.aps.DummyTest
This line will e**cute
[INFO] Tests run: 1, Failures: 0, Errors: 0, Skipped: 0, Time elapsed: 0.148 s - in org.entando.aps.DummyTest
[INFO] 
[INFO] Results:
[INFO] 
[INFO] Tests run: 1, Failures: 0, Errors: 0, Skipped: 0
[INFO] 
[INFO] 
[INFO] --- jacoco-maven-plugin:0.8.2:report (post-unit-test) @ entando-de-app ---
[INFO] Loading e**cution data file /workspace/source/target/coverage/jacoco/jacoco.e**c
[INFO] Analyzed bundle 'entando-de-app' with 1 classes
[INFO] 
[INFO] --- maven-war-plugin:3.2.2:war (default-war) @ entando-de-app ---
[INFO] Packaging webapp
[INFO] Assembling webapp [entando-de-app] in [/workspace/source/target/entando-de-app]
[INFO] Processing war project
[INFO] Copying webapp webResources [/workspace/source/src/main/tld] to [/workspace/source/target/entando-de-app]
[INFO] Copying webapp webResources [/workspace/source/src/main/conf] to [/workspace/source/target/entando-de-app]
[INFO] Copying webapp resources [/workspace/source/src/main/webapp]
[INFO] Processing overlay [ id org.entando.entando:entando-*****-console]
[INFO] Processing overlay [ id org.entando.entando:entando-portal-ui]
[INFO] Processing overlay [ id org.entando.entando.plugins:entando-plugin-jacms]
[INFO] Processing overlay [ id org.entando.entando.plugins:entando-plugin-jpmail]
[INFO] Processing overlay [ id org.entando.entando.plugins:entando-plugin-jpseo]
[INFO] Processing overlay [ id org.entando.entando.plugins:entando-plugin-jpversioning]
[INFO] Webapp assembled in [2086 msecs]
[INFO] Building war: /workspace/source/target/entando-de-app.war
[INFO] 
[INFO] --- docker-maven-plugin:0.26.1:build (build-docker-image) @ entando-de-app ---
[INFO] 
[INFO] --- license-maven-plugin:2.0.0:download-licenses (download-licenses) @ entando-de-app ---
[WARNING] Using the default ****** encoding for reading or writing licenses.xml file. This makes your build platform dependent. You should set either project.build.sourceEncoding or licensesOutputFileEncoding
[WARNING] No URL for license at index 0 in dependency aopalliance:aopalliance:1.0
[WARNING] No URL for license at index 0 in dependency de.l3s.boilerpipe:boilerpipe:1.1.0
[WARNING] No license information available for: net.jcip:jcip-annotations:1.0
[WARNING] No URL for license at index 0 in dependency org.tukaani:xz:1.8
[WARNING] No license information available for: oro:oro:2.0.8
[WARNING] Unable to retrieve license from URL 'LICENSE.txt' for dependency 'com.github.jai-imageio:jai-imageio-core:1.4.0': null
[WARNING] 'https://raw.github.com/junrar/junrar/master/license.txt' returned 404 Not Found
[WARNING] Unable to retrieve license from URL 'https://glassfish.dev.java.net/public/CDDL+GPL.html' for dependency 'com.sun.mail:mailapi:1.4.5': Certificate for <glassfish.dev.java.net> doesn't match any of the subject alternative names: [*.java.net, java.net]
[WARNING] Unable to retrieve license from URL 'https://glassfish.dev.java.net/public/CDDL+GPL.html' for dependency 'com.sun.mail:smtp:1.4.5': Certificate for <glassfish.dev.java.net> doesn't match any of the subject alternative names: [*.java.net, java.net]
[WARNING] Unable to retrieve license from URL '/LICENSE.txt' for dependency 'commons-digester:commons-digester:1.8': null
[WARNING] Unable to retrieve license from URL '/LICENSE.txt' for dependency 'commons-logging:commons-logging-api:1.1': null
[WARNING] Unable to retrieve license from URL '/LICENSE.txt' for dependency 'commons-pool:commons-pool:1.3': null
[WARNING] Unable to retrieve license from URL '/LICENSE.txt' for dependency 'commons-validator:commons-validator:1.3.1': null
[WARNING] Unable to retrieve license from URL 'https://glassfish.dev.java.net/public/CDDLv1.0.html' for dependency 'javax.activation:activation:1.1': Certificate for <glassfish.dev.java.net> doesn't match any of the subject alternative names: [*.java.net, java.net]
Feb 02, 2021 9:08:48 AM org.apache.http.client.protocol.ResponseProcessCookies processCookies
WARNING: Invalid cookie header: "Set-Cookie: _octo=GH1.1.572687412.1612256928; Path=/; Domain=github.com; Expires=Wed, 02 Feb 2022 09:08:48 GMT; Secure; SameSite=Lax". Invalid 'expires' attribute: Wed, 02 Feb 2022 09:08:48 GMT
Feb 02, 2021 9:08:48 AM org.apache.http.client.protocol.ResponseProcessCookies processCookies
WARNING: Invalid cookie header: "Set-Cookie: logged_in=no; Path=/; Domain=github.com; Expires=Wed, 02 Feb 2022 09:08:48 GMT; HttpOnly; Secure; SameSite=Lax". Invalid 'expires' attribute: Wed, 02 Feb 2022 09:08:48 GMT
[WARNING] Unable to retrieve license from URL 'https://glassfish.dev.java.net/nonav/public/CDDL+GPL.html' for dependency 'javax.el:javax.el-api:3.0.0': Certificate for <glassfish.dev.java.net> doesn't match any of the subject alternative names: [*.java.net, java.net]
[WARNING] Unable to retrieve license from URL 'LICENSE.txt' for dependency 'javax.measure:unit-api:1.0': null
[WARNING] Unable to retrieve license from URL 'https://glassfish.dev.java.net/nonav/public/CDDL+GPL.html' for dependency 'javax.servlet.jsp:jsp-api:2.2': Certificate for <glassfish.dev.java.net> doesn't match any of the subject alternative names: [*.java.net, java.net]
[WARNING] Unable to retrieve license from URL 'https://glassfish.dev.java.net/nonav/public/CDDL+GPL.html' for dependency 'javax.servlet:javax.servlet-api:3.1.0': Certificate for <glassfish.dev.java.net> doesn't match any of the subject alternative names: [*.java.net, java.net]
[WARNING] Unable to retrieve license from URL 'src/assemble/EHCACHE-CORE-LICENSE.txt' for dependency 'net.sf.ehcache:ehcache-core:2.6.2': null
[WARNING] Unable to retrieve license from URL 'http://glassfish.dev.java.net/nonav/public/CDDL+GPL.html' for dependency 'org.glassfish.web:javax.el:2.2.4': Certificate for <glassfish.dev.java.net> doesn't match any of the subject alternative names: [*.java.net, java.net]
[WARNING] There were 20 download errors - check the warnings above
[INFO] ------------------------------------------------------------------------
[INFO] BUILD SUCCESS
[INFO] ------------------------------------------------------------------------
[INFO] Total time:  01:12 min
[INFO] Finished at: 2021-02-02T09:09:04Z
[INFO] ------------------------------------------------------------------------

Showing logs for build [32mentando-k8s-entando-de-app-pr-1-ctt4g-1[0m stage [32mfrom-build-pack[0m and container [32mstep-build-container-build[0m
This avoids unwanted kaniko command substitution
Generating tags...
 - entando/entando-de-app-eap -> docker.io/entando/entando-de-app-eap:0.0.0-SNAPSHOT-PR-186-1
Checking cache...
time="2021-02-02T09:09:06Z" level=warning msg="error checking cache, caching may not work as expected: getting hash for artifact entando/entando-de-app-eap: getting dependencies for entando/entando-de-app-eap: expanding ONBUILD instructions: parsing ONBUILD instructions: processing base image (entando/entando-eap73-clustered-base:6.3.1) for ONBUILD triggers: getting remote config: getting image: MANIFEST_UNKNOWN: manifest unknown; map[Tag:6.3.1]"
 - entando/entando-de-app-eap: Error checking cache. Rebuilding.
Building [entando/entando-de-app-eap]...
time="2021-02-02T09:09:07Z" level=fatal msg="build failed: build failed: building [entando/entando-de-app-eap]: build artifact: docker build: error during connect: Post http://%2Fvar%2Frun%2Fdocker.sock/v1.26/build?buildargs=null&cachefrom=null&cgroupparent=&cpuperiod=0&cpuquota=0&cpusetcpus=&cpusetmems=&cpushares=0&dockerfile=Dockerfile.eap&labels=null&memory=0&memswap=0&networkmode=&rm=0&shmsize=0&t=docker.io%2Fentando%2Fentando-de-app-eap%3A0.0.0-SNAPSHOT-PR-186-1&target=&ulimits=null&version=: creating docker context: getting relative tar paths: expanding ONBUILD instructions: parsing ONBUILD instructions: processing base image (entando/entando-eap73-clustered-base:6.3.1) for ONBUILD triggers: getting remote config: getting image: MANIFEST_UNKNOWN: manifest unknown; map[Tag:6.3.1]"
Sending build context to Docker daemon 

[31m
Pipeline failed on stage 'from-build-pack' : container 'step-build-container-build'. The execution of the pipeline has stopped.[0m
