
Showing logs for build [32mentando-k8s-entando-k8s-app-plu-5d4kb-19[0m stage [32mfrom-build-pack[0m and container [32mstep-credential-initializer-486xt[0m
{"level":"warn","ts":1612430110.9674928,"logger":"fallback-logger","caller":"logging/config.go:69","msg":"Fetch GitHub commit ID from kodata failed: \"ref: refs/heads/0.8.0-**-support-backwards-incompats\" is not a valid GitHub commit ID"}
{"level":"info","ts":1612430110.9795415,"logger":"fallback-logger","caller":"creds-init/main.go:40","msg":"Credentials initialized."}

Showing logs for build [32mentando-k8s-entando-k8s-app-plu-5d4kb-19[0m stage [32mfrom-build-pack[0m and container [32mstep-working-dir-initializer-5cqfv[0m
{"level":"warn","ts":1612430114.885464,"logger":"fallback-logger","caller":"logging/config.go:69","msg":"Fetch GitHub commit ID from kodata failed: open /var/run/ko/HEAD: no such file or directory"}
{"level":"info","ts":1612430114.906698,"logger":"fallback-logger","caller":"bash/main.go:64","msg":"Successfully e**cuted command \"sh -c mkdir -p /workspace/source\"; output "}

Showing logs for build [32mentando-k8s-entando-k8s-app-plu-5d4kb-19[0m stage [32mfrom-build-pack[0m and container [32mstep-place-tools[0m

Showing logs for build [32mentando-k8s-entando-k8s-app-plu-5d4kb-19[0m stage [32mfrom-build-pack[0m and container [32mstep-git-source-entando-k8s-entando-k8s-app-plu-jjchq[0m
{"level":"warn","ts":1612430173.9079862,"logger":"fallback-logger","caller":"logging/config.go:69","msg":"Fetch GitHub commit ID from kodata failed: \"ref: refs/heads/0.8.0-**-support-backwards-incompats\" is not a valid GitHub commit ID"}
{"level":"info","ts":1612430175.1599483,"logger":"fallback-logger","caller":"git/git.go:103","msg":"Successfully cloned https://github.com/entando-k8s/entando-k8s-app-plugin-link-controller.git @ v6.3.1 in path /workspace/source"}

Showing logs for build [32mentando-k8s-entando-k8s-app-plu-5d4kb-19[0m stage [32mfrom-build-pack[0m and container [32mstep-git-merge[0m
Using SHAs from PULL_REFS=master:a7aa1efabc1bdb641a20a20f8fbf5442916812bd
WARNING: no SHAs to merge, falling back to initial cloned commit

Showing logs for build [32mentando-k8s-entando-k8s-app-plu-5d4kb-19[0m stage [32mfrom-build-pack[0m and container [32mstep-setup-jx-git-credentials[0m
Generated Git credentials file /workspace/xdg_config/git/credentials

Showing logs for build [32mentando-k8s-entando-k8s-app-plu-5d4kb-19[0m stage [32mfrom-build-pack[0m and container [32mstep-build-fetch-history-for-sonar[0m
From https://github.com/entando-k8s/entando-k8s-app-plugin-link-controller
 * [new branch]      ENG-366_delete-link-does-not-remove-plugin-path-from-app-ingress -> origin/ENG-366_delete-link-does-not-remove-plugin-path-from-app-ingress
 * [new branch]      ENG-420_remove-automatic-registration-of-plugin-components -> origin/ENG-420_remove-automatic-registration-of-plugin-components
 * [new branch]      ENG-420_remove_automatic_plugins_component_registration -> origin/ENG-420_remove_automatic_plugins_component_registration
 * [new branch]      master     -> origin/master
 * [new branch]      poste      -> origin/poste
 * [new tag]         v6.3.1     -> v6.3.1
 * [new tag]         v6.1.2     -> v6.1.2

Showing logs for build [32mentando-k8s-entando-k8s-app-plu-5d4kb-19[0m stage [32mfrom-build-pack[0m and container [32mstep-build-mvn-deploy-release[0m
Picked up _JAVA_OPTIONS: -XX:+UnlockExperimentalVMOptions -Dsun.zip.disableMemoryMapping=**** -XX:+UseParallelGC -XX:MinHeapFreeRatio=5 -XX:MaxHeapFreeRatio=10 -XX:GCTimeRatio=4 -XX:AdaptiveSizePolicyWeight=90 -Xms1000m -Xmx12000m
[INFO] Scanning for projects...
[INFO] 
[INFO] ---------< org.entando:entando-k8s-app-plugin-link-controller >---------
[INFO] Building Entando K8S Controller for Entando App Plugin Links 6.3.1
[INFO] --------------------------------[ jar ]---------------------------------
[INFO] 
[INFO] --- maven-clean-plugin:2.5:clean (default-clean) @ entando-k8s-app-plugin-link-controller ---
[INFO] 
[INFO] --- maven-checkstyle-plugin:3.1.1:check (validate) @ entando-k8s-app-plugin-link-controller ---
[INFO] Starting audit...
Audit done.
[INFO] You have 0 Checkstyle violations.
[INFO] 
[INFO] --- maven-checkstyle-plugin:3.1.1:checkstyle (validate) @ entando-k8s-app-plugin-link-controller ---
[INFO] Starting audit...
Audit done.
[INFO] 
[INFO] --- jacoco-maven-plugin:0.8.5:prepare-agent (prepare-agent) @ entando-k8s-app-plugin-link-controller ---
[INFO] argLine set to -javaagent:/home/jenkins/.mvnrepository/org/jacoco/org.jacoco.agent/0.8.5/org.jacoco.agent-0.8.5-runtime.jar=destfile=/workspace/source/target/jacoco.e**c
[INFO] 
[INFO] --- maven-resources-plugin:2.6:resources (default-resources) @ entando-k8s-app-plugin-link-controller ---
[INFO] Using 'UTF-8' encoding to copy filtered resources.
[INFO] Copying 3 resources
[INFO] 
[INFO] --- maven-compiler-plugin:3.8.1:compile (default-compile) @ entando-k8s-app-plugin-link-controller ---
[INFO] Changes detected - recompiling the module!
[INFO] Compiling 3 source files to /workspace/source/target/classes
[INFO] 
[INFO] --- maven-resources-plugin:2.6:testResources (default-testResources) @ entando-k8s-app-plugin-link-controller ---
[INFO] Using 'UTF-8' encoding to copy filtered resources.
[INFO] Copying 6 resources
[INFO] 
[INFO] --- maven-compiler-plugin:3.8.1:testCompile (default-testCompile) @ entando-k8s-app-plugin-link-controller ---
[INFO] Changes detected - recompiling the module!
[INFO] Compiling 4 source files to /workspace/source/target/test-classes
[INFO] 
[INFO] --- maven-surefire-plugin:3.0.0-M1:test (default-test) @ entando-k8s-app-plugin-link-controller ---
[INFO] 
[INFO] -------------------------------------------------------
[INFO]  T E S T S
[INFO] -------------------------------------------------------
[INFO] Running org.entando.kubernetes.controller.link.inprocesstests.CreateAppPluginLinkTest
[INFO] Tests run: 2, Failures: 0, Errors: 0, Skipped: 0, Time elapsed: 4.358 s - in org.entando.kubernetes.controller.link.inprocesstests.CreateAppPluginLinkTest
[INFO] 
[INFO] Results:
[INFO] 
[INFO] Tests run: 2, Failures: 0, Errors: 0, Skipped: 0
[INFO] 
[INFO] 
[INFO] --- maven-jar-plugin:3.2.0:jar (default-jar) @ entando-k8s-app-plugin-link-controller ---
[INFO] Building jar: /workspace/source/target/entando-k8s-app-plugin-link-controller-6.3.1.jar
[INFO] 
[INFO] --- license-maven-plugin:2.0.0:aggregate-download-licenses (download-licenses) @ entando-k8s-app-plugin-link-controller ---
[INFO] skip flag is on, will skip goal.
[INFO] 
[INFO] --- maven-jar-plugin:3.2.0:test-jar (build-test-jar) @ entando-k8s-app-plugin-link-controller ---
[INFO] Building jar: /workspace/source/target/entando-k8s-app-plugin-link-controller-6.3.1-tests.jar
[INFO] 
[INFO] --- maven-source-plugin:3.2.1:jar-no-fork (attach-sources) @ entando-k8s-app-plugin-link-controller ---
[INFO] Building jar: /workspace/source/target/entando-k8s-app-plugin-link-controller-6.3.1-sources.jar
[INFO] 
[INFO] >>> maven-source-plugin:3.2.1:test-jar (attach-sources) > generate-sources @ entando-k8s-app-plugin-link-controller >>>
[INFO] 
[INFO] --- maven-checkstyle-plugin:3.1.1:check (validate) @ entando-k8s-app-plugin-link-controller ---
[INFO] Starting audit...
Audit done.
[INFO] You have 0 Checkstyle violations.
[INFO] 
[INFO] --- maven-checkstyle-plugin:3.1.1:checkstyle (validate) @ entando-k8s-app-plugin-link-controller ---
[INFO] Starting audit...
Audit done.
[INFO] 
[INFO] --- jacoco-maven-plugin:0.8.5:prepare-agent (prepare-agent) @ entando-k8s-app-plugin-link-controller ---
[INFO] argLine set to -javaagent:/home/jenkins/.mvnrepository/org/jacoco/org.jacoco.agent/0.8.5/org.jacoco.agent-0.8.5-runtime.jar=destfile=/workspace/source/target/jacoco.e**c
[INFO] 
[INFO] <<< maven-source-plugin:3.2.1:test-jar (attach-sources) < generate-sources @ entando-k8s-app-plugin-link-controller <<<
[INFO] 
[INFO] 
[INFO] --- maven-source-plugin:3.2.1:test-jar (attach-sources) @ entando-k8s-app-plugin-link-controller ---
[INFO] Building jar: /workspace/source/target/entando-k8s-app-plugin-link-controller-6.3.1-test-sources.jar
[INFO] 
[INFO] --- maven-javadoc-plugin:3.2.0:jar (attach-javadocs) @ entando-k8s-app-plugin-link-controller ---
[INFO] No previous run data found, generating javadoc.
[INFO] Building jar: /workspace/source/target/entando-k8s-app-plugin-link-controller-6.3.1-javadoc.jar
[INFO] 
[INFO] --- quarkus-maven-plugin:1.2.0.Final:build (default) @ entando-k8s-app-plugin-link-controller ---
[WARNING] [io.quarkus.creator.curator.Curator] These dependencies are not recommended:
	- javax.servlet:javax.servlet-api should be replaced by jakarta.servlet:jakarta.servlet-api
You might end up with two different versions of the same classes or with an artifact you shouldn't have in your classpath.
[INFO] [org.jboss.threads] JBoss Threads version 3.0.0.Final
[WARNING] [io.quarkus.deployment.steps.ReflectiveHierarchyStep] Unable to properly register the hierarchy of the following classes for reflection as they are not in the Jandex index:
	- org.entando.kubernetes.model.EntandoCustomResourceStatus
Consider adding them to the index either by creating a Jandex index for your dependency via the Maven plugin, an empty META-INF/beans.xml or quarkus.index-dependency properties.");.
[INFO] [io.quarkus.deployment.pkg.steps.JarResultBuildStep] Building thin jar: /workspace/source/target/entando-k8s-app-plugin-link-controller-6.3.1-runner.jar
[INFO] [io.quarkus.deployment.QuarkusAugmentor] Quarkus augmentation completed in 2172ms
[INFO] 
[INFO] --- maven-surefire-report-plugin:3.0.0-M4:failsafe-report-only (integration-tests) @ entando-k8s-app-plugin-link-controller ---
[INFO] 
[INFO] --- dependency-check-maven:6.0.3:aggregate (default) @ entando-k8s-app-plugin-link-controller ---
[INFO] Checking for updates
[INFO] Skipping NVD check since last check was within 4 hours.
[INFO] Check for updates complete (75 ms)
[INFO] 

Dependency-Check is an open source tool performing a best effort analysis of 3rd party dependencies; false positives and false negatives may exist in the analysis performed by the tool. Use of the tool and the reporting provided constitutes acceptance for use in an AS IS condition, and there are NO warranties, implied or otherwise, with regard to the analysis or its use. Any use of the tool and the reporting provided is at the user’s risk. In no event shall the copyright holder or OWASP be held liable for any damages whatsoever arising out of or in connection with the use of this tool, the analysis performed, or the resulting report.


[INFO] Analysis Started
[INFO] Finished Archive Analyzer (0 seconds)
[INFO] Finished File Name Analyzer (0 seconds)
[INFO] Finished Jar Analyzer (1 seconds)
[INFO] Finished Dependency Merging Analyzer (0 seconds)
[INFO] Finished Version Filter Analyzer (0 seconds)
[INFO] Finished Hint Analyzer (0 seconds)
[INFO] Created CPE Index (2 seconds)
[INFO] Finished CPE Analyzer (4 seconds)
[INFO] Finished False Positive Analyzer (0 seconds)
[INFO] Finished NVD CVE Analyzer (0 seconds)
[INFO] Finished Sonatype OSS Index Analyzer (1 seconds)
[INFO] Finished Vulnerability Suppression Analyzer (0 seconds)
[INFO] Finished Dependency Bundling Analyzer (0 seconds)
[INFO] Analysis Complete (9 seconds)
[INFO] 
[INFO] --- jacoco-maven-plugin:0.8.5:report (report) @ entando-k8s-app-plugin-link-controller ---
[INFO] Loading e**cution data file /workspace/source/target/jacoco.e**c
[INFO] Analyzed bundle 'Entando K8S Controller for Entando App Plugin Links' with 4 classes
[INFO] 
[INFO] --- maven-gpg-plugin:1.6:sign (sign-artifacts) @ entando-k8s-app-plugin-link-controller ---
gpg: WARNING: unsafe permissions on homedir `********************'
gpg: WARNING: unsafe permissions on homedir `********************'
gpg: WARNING: unsafe permissions on homedir `********************'
gpg: WARNING: unsafe permissions on homedir `********************'
gpg: WARNING: unsafe permissions on homedir `********************'
gpg: WARNING: unsafe permissions on homedir `********************'
[INFO] 
[INFO] --- maven-surefire-report-plugin:3.0.0-M4:report-only (unit-tests) @ entando-k8s-app-plugin-link-controller ---
[WARNING] Unable to locate Test Source XRef to link to - DISABLED
[INFO] 
[INFO] --- maven-install-plugin:2.4:install (default-install) @ entando-k8s-app-plugin-link-controller ---
[INFO] Installing /workspace/source/target/entando-k8s-app-plugin-link-controller-6.3.1.jar to /home/jenkins/.mvnrepository/org/entando/entando-k8s-app-plugin-link-controller/6.3.1/entando-k8s-app-plugin-link-controller-6.3.1.jar
[INFO] Installing /workspace/source/pom.xml to /home/jenkins/.mvnrepository/org/entando/entando-k8s-app-plugin-link-controller/6.3.1/entando-k8s-app-plugin-link-controller-6.3.1.pom
[INFO] Installing /workspace/source/target/entando-k8s-app-plugin-link-controller-6.3.1-tests.jar to /home/jenkins/.mvnrepository/org/entando/entando-k8s-app-plugin-link-controller/6.3.1/entando-k8s-app-plugin-link-controller-6.3.1-tests.jar
[INFO] Installing /workspace/source/target/entando-k8s-app-plugin-link-controller-6.3.1-sources.jar to /home/jenkins/.mvnrepository/org/entando/entando-k8s-app-plugin-link-controller/6.3.1/entando-k8s-app-plugin-link-controller-6.3.1-sources.jar
[INFO] Installing /workspace/source/target/entando-k8s-app-plugin-link-controller-6.3.1-test-sources.jar to /home/jenkins/.mvnrepository/org/entando/entando-k8s-app-plugin-link-controller/6.3.1/entando-k8s-app-plugin-link-controller-6.3.1-test-sources.jar
[INFO] Installing /workspace/source/target/entando-k8s-app-plugin-link-controller-6.3.1-javadoc.jar to /home/jenkins/.mvnrepository/org/entando/entando-k8s-app-plugin-link-controller/6.3.1/entando-k8s-app-plugin-link-controller-6.3.1-javadoc.jar
[INFO] Installing /workspace/source/target/entando-k8s-app-plugin-link-controller-6.3.1.jar.asc to /home/jenkins/.mvnrepository/org/entando/entando-k8s-app-plugin-link-controller/6.3.1/entando-k8s-app-plugin-link-controller-6.3.1.jar.asc
[INFO] Installing /workspace/source/target/entando-k8s-app-plugin-link-controller-6.3.1.pom.asc to /home/jenkins/.mvnrepository/org/entando/entando-k8s-app-plugin-link-controller/6.3.1/entando-k8s-app-plugin-link-controller-6.3.1.pom.asc
[INFO] Installing /workspace/source/target/entando-k8s-app-plugin-link-controller-6.3.1-tests.jar.asc to /home/jenkins/.mvnrepository/org/entando/entando-k8s-app-plugin-link-controller/6.3.1/entando-k8s-app-plugin-link-controller-6.3.1-tests.jar.asc
[INFO] Installing /workspace/source/target/entando-k8s-app-plugin-link-controller-6.3.1-sources.jar.asc to /home/jenkins/.mvnrepository/org/entando/entando-k8s-app-plugin-link-controller/6.3.1/entando-k8s-app-plugin-link-controller-6.3.1-sources.jar.asc
[INFO] Installing /workspace/source/target/entando-k8s-app-plugin-link-controller-6.3.1-test-sources.jar.asc to /home/jenkins/.mvnrepository/org/entando/entando-k8s-app-plugin-link-controller/6.3.1/entando-k8s-app-plugin-link-controller-6.3.1-test-sources.jar.asc
[INFO] Installing /workspace/source/target/entando-k8s-app-plugin-link-controller-6.3.1-javadoc.jar.asc to /home/jenkins/.mvnrepository/org/entando/entando-k8s-app-plugin-link-controller/6.3.1/entando-k8s-app-plugin-link-controller-6.3.1-javadoc.jar.asc
[INFO] 
[INFO] --- maven-deploy-plugin:2.8.2:deploy (default-deploy) @ entando-k8s-app-plugin-link-controller ---
[INFO] Using alternate deployment repository local-nexus::default::http://nexus/repository/maven-releases/
[INFO] 
[INFO] --- maven-site-plugin:3.9.0:site (default-site) @ entando-k8s-app-plugin-link-controller ---
[INFO] configuring report plugin org.apache.maven.plugins:maven-project-info-reports-plugin:3.0.0
[INFO] 9 reports configured for maven-project-info-reports-plugin:3.0.0: dependency-info, distribution-management, index, ci-management, issue-management, licenses, plugins, scm, summary
[INFO] Rendering site with default locale English (en)
[WARNING] Unable to find a URL to the parent project. The parent menu will NOT be added.
[INFO] Relativizing decoration links with respect to localized project URL: https://central.entando.com
[INFO] Rendering content with org.apache.maven.skins:maven-default-skin:jar:1.3 skin.
[INFO] Generating "Dependency Information" report --- maven-project-info-reports-plugin:3.0.0:dependency-info
[INFO] Generating "About" report         --- maven-project-info-reports-plugin:3.0.0:index
[INFO] Generating "Issue Management" report --- maven-project-info-reports-plugin:3.0.0:issue-management
[INFO] Generating "Licenses" report      --- maven-project-info-reports-plugin:3.0.0:licenses
[INFO] Generating "Plugins" report       --- maven-project-info-reports-plugin:3.0.0:plugins
[INFO] Generating "Source Code Management" report --- maven-project-info-reports-plugin:3.0.0:scm
[INFO] Generating "Summary" report       --- maven-project-info-reports-plugin:3.0.0:summary
[INFO] 
[INFO] ---------< org.entando:entando-k8s-app-plugin-link-controller >---------
[INFO] Building Entando K8S Controller for Entando App Plugin Links 6.3.1
[INFO] --------------------------------[ jar ]---------------------------------
[INFO] 
[INFO] --- sonar-maven-plugin:3.8.0.2131:sonar (default-cli) @ entando-k8s-app-plugin-link-controller ---
[INFO] User cache: /****/.sonar/cache
[INFO] SonarQube version: 8.5.0
[INFO] Default locale: "en", source code encoding: "UTF-8"
[INFO] Load global settings
[INFO] Load global settings (done) | time=211ms
[INFO] Server id: 1BD809FA-AWHW8ct9-T_TB3XqouNu
[INFO] User cache: /****/.sonar/cache
[INFO] Load/download plugins
[INFO] Load plugins index
[INFO] Load plugins index (done) | time=105ms
[INFO] Load/download plugins (done) | time=22833ms
[INFO] Loaded core extensions: developer-scanner
[INFO] JavaScript/TypeScript frontend is enabled
[INFO] Load project settings for component key: 'entando-k8s_entando-k8s-app-plugin-link-controller'
[INFO] Load project settings for component key: 'entando-k8s_entando-k8s-app-plugin-link-controller' (done) | time=37ms
[INFO] Process project properties
[INFO] E**cute project builders
[INFO] E**cute project builders (done) | time=2ms
[INFO] Project key: entando-k8s_entando-k8s-app-plugin-link-controller
[INFO] Base dir: /workspace/source
[INFO] Working dir: /workspace/source/target/sonar
[INFO] Load project branches
[INFO] Load project branches (done) | time=35ms
[INFO] Check ALM binding of project 'entando-k8s_entando-k8s-app-plugin-link-controller'
[INFO] Detected project binding: BOUND
[INFO] Check ALM binding of project 'entando-k8s_entando-k8s-app-plugin-link-controller' (done) | time=23ms
[INFO] Load project pull requests
[INFO] Load project pull requests (done) | time=33ms
[INFO] Load branch configuration
[INFO] Load branch configuration (done) | time=3ms
[INFO] Load quality profiles
[INFO] Load quality profiles (done) | time=93ms
[INFO] Load active rules
[INFO] Load active rules (done) | time=1367ms
[INFO] Organization key: entando-k8s
[INFO] Indexing files...
[INFO] Project configuration:
[WARNING] Exception caught during e**cution of command '[/usr/local/git/bin/git, config, --******, --edit]' in '/usr/local/git/bin', return code '128', error message 'fatal: Invalid path '/usr/local/git/etc': No such file or directory
'
[INFO] 8 files inde**d
[INFO] 0 files ignored because of scm ignore settings
[INFO] Quality profile for java: Sonar way
[INFO] Quality profile for xml: Sonar way
[INFO] ------------- Run sensors on module Entando K8S Controller for Entando App Plugin Links
[INFO] JavaScript/TypeScript frontend is enabled
[INFO] Load metrics repository
[INFO] Load metrics repository (done) | time=35ms
[INFO] Sensor JavaSquidSensor [java]
[INFO] Configured Java source version (sonar.java.source): 8
[INFO] JavaClasspath initialization
[INFO] JavaClasspath initialization (done) | time=19ms
[INFO] JavaTestClasspath initialization
[INFO] JavaTestClasspath initialization (done) | time=1ms
[INFO] Java Main Files AST scan
[INFO] 3 source files to be analyzed
[INFO] Load project repositories
[INFO] Load project repositories (done) | time=77ms
[INFO] 3/3 source files have been analyzed
[INFO] Java Main Files AST scan (done) | time=4712ms
[INFO] Java Test Files AST scan
[INFO] 4 source files to be analyzed
[INFO] 4/4 source files have been analyzed
[INFO] Java Test Files AST scan (done) | time=696ms
[INFO] Java Generated Files AST scan
[INFO] 0 source files to be analyzed
[INFO] Java Generated Files AST scan (done) | time=0ms
[INFO] Sensor JavaSquidSensor [java] (done) | time=5877ms
[INFO] 0/0 source files have been analyzed
[INFO] Sensor SonarCSS Rules [cssfamily]
[INFO] No CSS, PHP, HTML or VueJS files are found in the project. CSS analysis is skipped.
[INFO] Sensor SonarCSS Rules [cssfamily] (done) | time=1ms
[INFO] Sensor C# Properties [csharp]
[INFO] Sensor C# Properties [csharp] (done) | time=1ms
[INFO] Sensor Import of Checkstyle issues [java]
[INFO] Importing /workspace/source/target/checkstyle-result.xml
[INFO] Sensor Import of Checkstyle issues [java] (done) | time=83ms
[INFO] Sensor SurefireSensor [java]
[INFO] parsing [/workspace/source/target/surefire-reports]
[INFO] Sensor SurefireSensor [java] (done) | time=42ms
[INFO] Sensor JavaXmlSensor [java]
[INFO] 1 source files to be analyzed
[INFO] Sensor JavaXmlSensor [java] (done) | time=280ms
[INFO] 1/1 source files have been analyzed
[INFO] Sensor HTML [web]
[INFO] Sensor HTML [web] (done) | time=4ms
[INFO] Sensor XML Sensor [xml]
[INFO] 1 source files to be analyzed
[INFO] Sensor XML Sensor [xml] (done) | time=171ms
[INFO] 1/1 source files have been analyzed
[INFO] Sensor VB.NET Properties [vbnet]
[INFO] Sensor VB.NET Properties [vbnet] (done) | time=2ms
[INFO] Sensor JaCoCo XML Report Importer [jacoco]
[INFO] Importing 1 report(s). Turn your logs in debug mode in order to see the exhaustive list.
[INFO] Sensor JaCoCo XML Report Importer [jacoco] (done) | time=30ms
[INFO] Sensor ThymeLeaf template sensor [securityjavafrontend]
[INFO] Sensor ThymeLeaf template sensor [securityjavafrontend] (done) | time=3ms
[INFO] Sensor JavaSecuritySensor [security]
[INFO] Reading type hierarchy from: /workspace/source/target/sonar/ucfg2/java
[INFO] Read 54 type definitions
[INFO] Reading UCFGs from: /workspace/source/target/sonar/ucfg2/java
[INFO] 09:18:16.173206 Building Runtime Type propagation graph
[INFO] 09:18:16.187617 Running Tarjan on 143 nodes
[INFO] 09:18:16.190122 Tarjan found 143 components
[INFO] 09:18:16.194894 Variable type analysis: done
[INFO] 09:18:16.199577 Building Runtime Type propagation graph
[INFO] 09:18:16.204519 Running Tarjan on 143 nodes
[INFO] 09:18:16.205427 Tarjan found 143 components
[INFO] 09:18:16.206309 Variable type analysis: done
[INFO] Analyzing 26 ucfgs to detect vulnerabilities.
[INFO] All rules entrypoints : 0 Retained UCFGs : 0
[INFO] rule: S5131, entrypoints: 0
[INFO] rule: S5131 done
[INFO] rule: S3649, entrypoints: 0
[INFO] rule: S3649 done
[INFO] rule: S2076, entrypoints: 0
[INFO] rule: S2076 done
[INFO] rule: S2091, entrypoints: 0
[INFO] rule: S2091 done
[INFO] rule: S2078, entrypoints: 0
[INFO] rule: S2078 done
[INFO] rule: S2631, entrypoints: 0
[INFO] rule: S2631 done
[INFO] rule: S5135, entrypoints: 0
[INFO] rule: S5135 done
[INFO] rule: S2083, entrypoints: 0
[INFO] rule: S2083 done
[INFO] rule: S5167, entrypoints: 0
[INFO] rule: S5167 done
[INFO] rule: S5144, entrypoints: 0
[INFO] rule: S5144 done
[INFO] rule: S5145, entrypoints: 0
[INFO] rule: S5145 done
[INFO] rule: S5146, entrypoints: 0
[INFO] rule: S5146 done
[INFO] rule: S5334, entrypoints: 0
[INFO] rule: S5334 done
[INFO] Sensor JavaSecuritySensor [security] (done) | time=460ms
[INFO] Sensor CSharpSecuritySensor [security]
[INFO] Reading type hierarchy from: /workspace/source/target/ucfg_cs2
[INFO] Read 0 type definitions
[INFO] Reading UCFGs from: /workspace/source/target/ucfg_cs2
[INFO] No UCFGs have been included for analysis.
[INFO] Sensor CSharpSecuritySensor [security] (done) | time=1ms
[INFO] Sensor PhpSecuritySensor [security]
[INFO] Reading type hierarchy from: /workspace/source/target/sonar/ucfg2/php
[INFO] Read 0 type definitions
[INFO] Reading UCFGs from: /workspace/source/target/sonar/ucfg2/php
[INFO] No UCFGs have been included for analysis.
[INFO] Sensor PhpSecuritySensor [security] (done) | time=1ms
[INFO] Sensor PythonSecuritySensor [security]
[INFO] Reading type hierarchy from: /workspace/source/target/sonar/ucfg2/python
[INFO] Read 0 type definitions
[INFO] Reading UCFGs from: /workspace/source/target/sonar/ucfg2/python
[INFO] No UCFGs have been included for analysis.
[INFO] Sensor PythonSecuritySensor [security] (done) | time=1ms
[INFO] Sensor JsSecuritySensor [security]
[INFO] Reading type hierarchy from: /workspace/source/target/sonar/ucfg2/js
[INFO] Read 0 type definitions
[INFO] Reading UCFGs from: /workspace/source/target/sonar/ucfg2/js
[INFO] No UCFGs have been included for analysis.
[INFO] Sensor JsSecuritySensor [security] (done) | time=1ms
[INFO] ------------- Run sensors on project
[INFO] Sensor Zero Coverage Sensor
[INFO] Sensor Zero Coverage Sensor (done) | time=1ms
[INFO] Sensor Java CPD Block Inde**r
[INFO] Sensor Java CPD Block Inde**r (done) | time=60ms
[INFO] SCM Publisher SCM provider for this project is: git
[INFO] SCM Publisher 1 source file to be analyzed
[WARNING] Shallow clone detected, no blame information will be provided. You can convert to non-shallow with 'git fetch --unshallow'.
[INFO] SCM Publisher 0/1 source files have been analyzed (done) | time=6ms
[WARNING] Missing blame information for the following files:
[WARNING]   * pom.xml
[WARNING] This may lead to missing/broken features in SonarCloud
[INFO] CPD E**cutor Calculating CPD for 3 files
[INFO] CPD E**cutor CPD calculation finished (done) | time=43ms
[INFO] Analysis report generated in 181ms, dir size=255 KB
[INFO] Analysis report compressed in 35ms, zip size=66 KB
[INFO] Analysis report uploaded in 119ms
[INFO] ANALYSIS SUCCESSFUL, you can find the results at: https://sonarcloud.io/dashboard?id=entando-k8s_entando-k8s-app-plugin-link-controller
[INFO] Note that you will be able to access the updated dashboard once the server has processed the submitted analysis report
[INFO] More about the report processing at https://sonarcloud.io/api/ce/task?id=AXdsVcdN76C-3aJpS9Ml
[INFO] Analysis total time: 13.661 s
[INFO] ------------------------------------------------------------------------
[INFO] BUILD SUCCESS
[INFO] ------------------------------------------------------------------------
[INFO] Total time:  01:55 min
[INFO] Finished at: 2021-02-04T09:18:17Z
[INFO] ------------------------------------------------------------------------
Congratulations! No build failures found for entando-k8s-app-plugin-link-controller-master.

Showing logs for build [32mentando-k8s-entando-k8s-app-plu-5d4kb-19[0m stage [32mfrom-build-pack[0m and container [32mstep-build-container-build[0m
Generating tags...
 - entando/entando-k8s-app-plugin-link-controller -> docker.io/entando/entando-k8s-app-plugin-link-controller:6.3.1
Checking cache...
 - entando/entando-k8s-app-plugin-link-controller: Not found. Building
Building [entando/entando-k8s-app-plugin-link-controller]...
Sending build context to Docker daemon  145.9kB
Step 1/7 : FROM entando/entando-k8s-operator-common:6.3.1
 ---> 1766f844aece
Step 2/7 : ARG VERSION
 ---> Using cache
 ---> 6a4149ee7662
Step 3/7 : LABEL name "Entando K8S App Plugin Link Controller" vendor "Entando" version "v${VERSION}" release "6" summary "This container processes the EntandoAppPluginLink custom resource and linkes the specified EntandoPlugin to the EntandoApp." description "This is a run-to-completion container. It processes new EntandoAppPluginLink Custom                    Resources and creates an ingress path for  the specified EntandoPlugin service on the                    ingress of the EntandoApp specified. It then assigns the entandoApp Keycloak role to the                    EntandoApp on the Keycloak Client of the Entando Plugin.                    Subsequent e**cutions of this container against the same EntandoAppPluginLink will patch the existing                    deployment resources"
 ---> Using cache
 ---> 31d4148306b9
Step 4/7 : ENV JAVA_OPTIONS "-Djava.util.logging.manager=org.jboss.logmanager.LogManager"
 ---> Using cache
 ---> f7fe0970dc8c
Step 5/7 : ENV AB_ENABLED jmx_exporter
 ---> Using cache
 ---> 34bd0e968130
Step 6/7 : COPY target/*-runner.jar /deployments/app.jar
 ---> e3464041fb43
Step 7/7 : ENTRYPOINT /deployments/run-java.sh
 ---> Running in 07defbd7b5c1
 ---> 64e63bbdf795
Successfully built 64e63bbdf795
The push refers to a repository [docker.io/entando/entando-k8s-app-plugin-link-controller]
df233127f8fc: Preparing
9c2039494f82: Preparing
128e365e30f9: Preparing
712a16020a60: Preparing
088e643aafac: Preparing
00af10937683: Preparing
3aa55ff7bca1: Preparing
00af10937683: Waiting
3aa55ff7bca1: Waiting
088e643aafac: Layer already exists
128e365e30f9: Layer already exists
9c2039494f82: Layer already exists
712a16020a60: Layer already exists
00af10937683: Layer already exists
3aa55ff7bca1: Layer already exists
df233127f8fc: Pushed
6.3.1: digest: sha256:426fdabaf5ed8aebd83b53595a4aa3bd53d97b53a7b7344d7e770e3207869f81 size: 1792
There is a new version (1.19.0) of Skaffold available. Download it at https://storage.googleapis.com/skaffold/releases/latest/skaffold-linux-amd64


Showing logs for build [32mentando-k8s-entando-k8s-app-plu-5d4kb-19[0m stage [32mfrom-build-pack[0m and container [32mstep-postbuild-post-build[0m
no CVE provider running in the current ** namespace so skip adding image to be analysed

Showing logs for build [32mentando-k8s-entando-k8s-app-plu-5d4kb-19[0m stage [32mfrom-build-pack[0m and container [32mstep-promote-changelog[0m
Converted /workspace/source to an unshallow repository
Generating change log from git ref d23dcbdb876e3498182806a8983db7a2474991fd => d27e4249819f2d217c98942ae2b12fed7cd5fb09
Associating user ampie in users.jenkins.io with email ampie.private@gmail.com to git GitProvider user with login ampie-barnard as emails match
Adding label jenkins.io/git-github-userid=ampie-barnard to user ampie in users.jenkins.io
Associating user ampie in users.jenkins.io with email ampie.private@gmail.com to git GitProvider user with login ampie-barnard as emails match
Adding label jenkins.io/git-github-userid=ampie-barnard to user ampie in users.jenkins.io
Finding issues in commit messages using git format
WARNING: No release found for entando-k8s/entando-k8s-app-plugin-link-controller and tag v6.3.1 so creating a new release
Updated the release information at https://github.com/entando-k8s/entando-k8s-app-plugin-link-controller/releases/tag/v6.3.1
generated: /workspace/source/charts/entando-k8s-app-plugin-link-controller/templates/release.yaml
Created Release entando-k8s-app-plugin-link-controller-6-3-1 resource in namespace **
Updating PipelineActivity entando-k8s-entando-k8s-app-plugin-link-controller-master-19 with version 6.3.1
Updated PipelineActivities entando-k8s-entando-k8s-app-plugin-link-controller-master-19 with release notes URL: https://github.com/entando-k8s/entando-k8s-app-plugin-link-controller/releases/tag/v6.3.1

Showing logs for build [32mentando-k8s-entando-k8s-app-plu-5d4kb-19[0m stage [32mfrom-build-pack[0m and container [32mstep-promote-update-image-map[0m
Publishing image info for entando-k8s-app-plugin-link-controller
configmap/entando-docker-image-info-v6.3 patched
