
Showing logs for build [32mentando-entando-core-parent-mas-cjt56-39[0m stage [32mfrom-build-pack[0m and container [32mstep-credential-initializer-krtrw[0m
{"level":"warn","ts":1612174140.1228647,"logger":"fallback-logger","caller":"logging/config.go:69","msg":"Fetch GitHub commit ID from kodata failed: \"ref: refs/heads/0.8.0-**-support-backwards-incompats\" is not a valid GitHub commit ID"}
{"level":"info","ts":1612174140.1275551,"logger":"fallback-logger","caller":"creds-init/main.go:40","msg":"Credentials initialized."}

Showing logs for build [32mentando-entando-core-parent-mas-cjt56-39[0m stage [32mfrom-build-pack[0m and container [32mstep-working-dir-initializer-bc2p2[0m
{"level":"warn","ts":1612174143.4265196,"logger":"fallback-logger","caller":"logging/config.go:69","msg":"Fetch GitHub commit ID from kodata failed: open /var/run/ko/HEAD: no such file or directory"}
{"level":"info","ts":1612174143.5529437,"logger":"fallback-logger","caller":"bash/main.go:64","msg":"Successfully e**cuted command \"sh -c mkdir -p /workspace/source\"; output "}

Showing logs for build [32mentando-entando-core-parent-mas-cjt56-39[0m stage [32mfrom-build-pack[0m and container [32mstep-place-tools[0m

Showing logs for build [32mentando-entando-core-parent-mas-cjt56-39[0m stage [32mfrom-build-pack[0m and container [32mstep-git-source-entando-entando-core-parent-mas-qxq7q[0m
{"level":"warn","ts":1612174181.1045296,"logger":"fallback-logger","caller":"logging/config.go:69","msg":"Fetch GitHub commit ID from kodata failed: \"ref: refs/heads/0.8.0-**-support-backwards-incompats\" is not a valid GitHub commit ID"}
{"level":"info","ts":1612174182.2682903,"logger":"fallback-logger","caller":"git/git.go:103","msg":"Successfully cloned https://github.com/entando/entando-core-parent.git @ v6.3.0 in path /workspace/source"}

Showing logs for build [32mentando-entando-core-parent-mas-cjt56-39[0m stage [32mfrom-build-pack[0m and container [32mstep-git-merge[0m
Using SHAs from PULL_REFS=master:da664f20b592a96d272364ea22e91e43575a7950
WARNING: no SHAs to merge, falling back to initial cloned commit

Showing logs for build [32mentando-entando-core-parent-mas-cjt56-39[0m stage [32mfrom-build-pack[0m and container [32mstep-setup-jx-git-credentials[0m
Generated Git credentials file /workspace/xdg_config/git/credentials

Showing logs for build [32mentando-entando-core-parent-mas-cjt56-39[0m stage [32mfrom-build-pack[0m and container [32mstep-build-mvn-deploy[0m
Picked up _JAVA_OPTIONS: -XX:+UnlockExperimentalVMOptions -Dsun.zip.disableMemoryMapping=**** -XX:+UseParallelGC -XX:MinHeapFreeRatio=5 -XX:MaxHeapFreeRatio=10 -XX:GCTimeRatio=4 -XX:AdaptiveSizePolicyWeight=90 -Xms10m -Xmx8000m
[INFO] Scanning for projects...
[INFO] 
[INFO] ------------------< org.entando:entando-core-parent >-------------------
[INFO] Building Entando Core Maven Parent POM 6.3.0
[INFO] --------------------------------[ pom ]---------------------------------
[INFO] 
[INFO] --- maven-clean-plugin:2.5:clean (default-clean) @ entando-core-parent ---
[INFO] 
[INFO] --- maven-resources-plugin:2.5:copy-resources (copy-resources-test) @ entando-core-parent ---
[debug] e**cute contextualize
[INFO] Using 'UTF-8' encoding to copy filtered resources.
[INFO] skip non existing resourceDirectory /workspace/source/src/test/config
[INFO] 
[INFO] --- maven-resources-plugin:2.5:copy-resources (copy-resources-file-test-) @ entando-core-parent ---
[debug] e**cute contextualize
[INFO] Using 'UTF-8' encoding to copy filtered resources.
[INFO] skip non existing resourceDirectory /workspace/source/src/test/config
[INFO] 
[INFO] --- maven-surefire-report-plugin:3.0.0-M4:failsafe-report-only (integration-tests) @ entando-core-parent ---
[INFO] 
[INFO] --- maven-surefire-report-plugin:3.0.0-M4:report-only (unit-tests) @ entando-core-parent ---
[WARNING] Unable to locate Test Source XRef to link to - DISABLED
[INFO] 
[INFO] --- maven-install-plugin:2.4:install (default-install) @ entando-core-parent ---
[INFO] Installing /workspace/source/pom.xml to /home/jenkins/.mvnrepository/org/entando/entando-core-parent/6.3.0/entando-core-parent-6.3.0.pom
[INFO] 
[INFO] --- maven-deploy-plugin:2.8.2:deploy (default-deploy) @ entando-core-parent ---
[INFO] Using alternate deployment repository local-nexus::default::http://nexus/repository/maven-releases/
[INFO] ------------------------------------------------------------------------
[INFO] BUILD SUCCESS
[INFO] ------------------------------------------------------------------------
[INFO] Total time:  8.465 s
[INFO] Finished at: 2021-02-01T10:09:55Z
[INFO] ------------------------------------------------------------------------

Showing logs for build [32mentando-entando-core-parent-mas-cjt56-39[0m stage [32mfrom-build-pack[0m and container [32mstep-promote-changelog[0m
Converted /workspace/source to an unshallow repository
Generating change log from git ref 4b6ec51e985d53a7f778f9f50d9f8c3ec771280e => 361c8c30bb6379225cfa9676c8c496cb219aa049
Associating user eugenio-santoboni in users.jenkins.io with email eugenio.santoboni@gmail.com to git GitProvider user with login eugenio-santoboni-0 as emails match
Adding label jenkins.io/git-github-userid=eugenio-santoboni-0 to user eugenio-santoboni in users.jenkins.io
Associating user eugenio-santoboni in users.jenkins.io with email eugenio.santoboni@gmail.com to git GitProvider user with login eugenio-santoboni-0 as emails match
Adding label jenkins.io/git-github-userid=eugenio-santoboni-0 to user eugenio-santoboni in users.jenkins.io
Finding issues in commit messages using git format
Associating user eugenio-santoboni in users.jenkins.io with email eugenio.santoboni@gmail.com to git GitProvider user with login eugenio-santoboni-0 as emails match
Adding label jenkins.io/git-github-userid=eugenio-santoboni-0 to user eugenio-santoboni in users.jenkins.io
Associating user eugenio-santoboni in users.jenkins.io with email eugenio.santoboni@gmail.com to git GitProvider user with login eugenio-santoboni-0 as emails match
Adding label jenkins.io/git-github-userid=eugenio-santoboni-0 to user eugenio-santoboni in users.jenkins.io
Associating user eugenio-santoboni in users.jenkins.io with email eugenio.santoboni@gmail.com to git GitProvider user with login eugenio-santoboni-0 as emails match
Adding label jenkins.io/git-github-userid=eugenio-santoboni-0 to user eugenio-santoboni in users.jenkins.io
Associating user eugenio-santoboni in users.jenkins.io with email eugenio.santoboni@gmail.com to git GitProvider user with login eugenio-santoboni-0 as emails match
Adding label jenkins.io/git-github-userid=eugenio-santoboni-0 to user eugenio-santoboni in users.jenkins.io
Associating user eugenio-santoboni in users.jenkins.io with email eugenio.santoboni@gmail.com to git GitProvider user with login eugenio-santoboni-0 as emails match
Adding label jenkins.io/git-github-userid=eugenio-santoboni-0 to user eugenio-santoboni in users.jenkins.io
Associating user eugenio-santoboni in users.jenkins.io with email eugenio.santoboni@gmail.com to git GitProvider user with login eugenio-santoboni-0 as emails match
Adding label jenkins.io/git-github-userid=eugenio-santoboni-0 to user eugenio-santoboni in users.jenkins.io
WARNING: No release found for entando/entando-core-parent and tag v6.3.0 so creating a new release
Updated the release information at https://github.com/entando/entando-core-parent/releases/tag/v6.3.0
generated: /workspace/source/templates/release.yaml
Created Release entando-core-parent-6-3-0 resource in namespace **
Updating PipelineActivity entando-entando-core-parent-master-39 with version 6.3.0
Updated PipelineActivities entando-entando-core-parent-master-39 with release notes URL: https://github.com/entando/entando-core-parent/releases/tag/v6.3.0
