
Showing logs for build [32mentando-k8s-entando-k8s-keycloa-kkk4r-25[0m stage [32mfrom-build-pack[0m and container [32mstep-credential-initializer-vhrc4[0m
{"level":"warn","ts":1612327351.5653536,"logger":"fallback-logger","caller":"logging/config.go:69","msg":"Fetch GitHub commit ID from kodata failed: \"ref: refs/heads/0.8.0-**-support-backwards-incompats\" is not a valid GitHub commit ID"}
{"level":"info","ts":1612327351.568913,"logger":"fallback-logger","caller":"creds-init/main.go:40","msg":"Credentials initialized."}

Showing logs for build [32mentando-k8s-entando-k8s-keycloa-kkk4r-25[0m stage [32mfrom-build-pack[0m and container [32mstep-working-dir-initializer-kbmpb[0m
{"level":"warn","ts":1612327353.1596334,"logger":"fallback-logger","caller":"logging/config.go:69","msg":"Fetch GitHub commit ID from kodata failed: open /var/run/ko/HEAD: no such file or directory"}
{"level":"info","ts":1612327353.1640775,"logger":"fallback-logger","caller":"bash/main.go:64","msg":"Successfully e**cuted command \"sh -c mkdir -p /workspace/source\"; output "}

Showing logs for build [32mentando-k8s-entando-k8s-keycloa-kkk4r-25[0m stage [32mfrom-build-pack[0m and container [32mstep-place-tools[0m

Showing logs for build [32mentando-k8s-entando-k8s-keycloa-kkk4r-25[0m stage [32mfrom-build-pack[0m and container [32mstep-git-source-entando-k8s-entando-k8s-keycloa-l9qr8[0m
{"level":"warn","ts":1612327389.9548345,"logger":"fallback-logger","caller":"logging/config.go:69","msg":"Fetch GitHub commit ID from kodata failed: \"ref: refs/heads/0.8.0-**-support-backwards-incompats\" is not a valid GitHub commit ID"}
{"level":"info","ts":1612327391.216716,"logger":"fallback-logger","caller":"git/git.go:103","msg":"Successfully cloned https://github.com/entando-k8s/entando-k8s-keycloak-controller.git @ master in path /workspace/source"}

Showing logs for build [32mentando-k8s-entando-k8s-keycloa-kkk4r-25[0m stage [32mfrom-build-pack[0m and container [32mstep-git-merge[0m
Using SHAs from PULL_REFS=master:0c4e5392d086e7ec59f5096083caed87fbd091d2,21:969ffcb71b93f3bc8969f6c66fc0a48fc3f69b0e
DEBUG: ran git fetch --unshallow origin 969ffcb71b93f3bc8969f6c66fc0a48fc3f69b0e: 0c4e5392d086e7ec59f5096083caed87fbd091d2: in 
DEBUG: ran git checkout master in 
DEBUG: ran git reset --hard 0c4e5392d086e7ec59f5096083caed87fbd091d2 in 
DEBUG: ran clean --force -d . in 
DEBUG: ran git merge 969ffcb71b93f3bc8969f6c66fc0a48fc3f69b0e in 
Merged SHA 969ffcb71b93f3bc8969f6c66fc0a48fc3f69b0e with commit message 'ENG-1737 trying new baseimage' into base branch master
Merged SHA 954df26115169e340cce38b76b88c917e99d9de8 with commit message 'ENG-1737 cleaned up upgrading to latest operator-common' into base branch master
Merged SHA 1f2efe28002dd84ad5c83fc9b6b8f9875656f191 with commit message 'ENG-1737 importing fix for EnvVar propagation' into base branch master
Merged SHA d4019c447dce01c6b36eb04d6af6e132e832d782 with commit message 'ENG-1737 add licenses now' into base branch master
Merged SHA fa5bd1f997095068387690f53a2fd4489f5c1ec9 with commit message 'ENG-1737 using latest operator-common' into base branch master
Merged SHA 13c891c54730b3931624a78381476d5026dea569 with commit message 'ENG-1737 bumped to latest operator common' into base branch master
Merged SHA 930cf811810c053b7a79f6ba91b89ebf66ce3d81 with commit message 'ENG-1737 bumped to latest operator common' into base branch master
Merged SHA 3b1699e38cefedc24a5d0833a822e4b02ca72705 with commit message 'ENG-1737 using latest ubi base image' into base branch master
Merged SHA 0ed92ef7ceeecddce6efbbc3e15c3e38329e0db6 with commit message 'ENG-173 bumped to latest operator-common' into base branch master
Merged SHA b57900aeb62a0ebee614b15381c57e49ad16d9a0 with commit message 'ENG-1737 fi**d typo' into base branch master
Merged SHA ba7e24657f0f15664893ebe3a52e317694e3b553 with commit message 'ENG-1737 add licenses now' into base branch master
Merged SHA 6bb7acd00aa0806c58e78a3ce7e3d48f99f10fc8 with commit message 'ENG-1737 adding licenses now' into base branch master
Merged SHA 5537cb2ea4cb340e190b1c0b8b5c288154bbaf6b with commit message 'ENG-1737 using observedGeneration now' into base branch master
Merged SHA 45765db21d1343b17195f64db144a05c1fe6a83c with commit message 'ENG-1737 activated all tests' into base branch master
Merged SHA bbc7b170c051ba8f0763934fa19a52edde3b6186 with commit message 'ENG-1737 fi**d regression from new operator-common' into base branch master
Merged SHA a4fe64d1c6de899b6cec301ed15815448e89872e with commit message 'ENG-1737 trying latest version resolution' into base branch master
Merged SHA dd388cecb571869ea2dce19e56d8612fd28a9742 with commit message 'ENG-1737 propagatingthe redhat-registry pullsecret now' into base branch master
Merged SHA a590ab850626cd28c987bcbfc9fcfc1b881a6a29 with commit message 'ENG-1737 using RHEL8 Postgresql image' into base branch master
Merged SHA 6661a0da162a84dca47c28b3e328314c0b24e688 with commit message 'ENG-1737 rela**d unit tests to still succeed when RELATED_IMAGEs are specified' into base branch master
Merged SHA b755866127fc269a90e6107cf6862a82f9350934 with commit message 'ENG-1737 rela**d unit tests to still succeed when RELATED_IMAGEs are specified' into base branch master
Merged SHA 647a13c9fc8872369656bb308216da601615d49d with commit message 'ENG-1737 reverted to Keycloak 9.0.2 and some more RH compliance' into base branch master
Merged SHA 600e493bdb1c4644a285a627fcbf1c5f1b8f7516 with commit message 'ENG-1737 fi**d dockerfiles' into base branch master
Merged SHA 10b9a33fb56eba1ec6577d8d9ea35987711b42b7 with commit message 'ENG-1737 checkstyle' into base branch master
Merged SHA d826e825b2c731c3ac36dc5c86d7f48e544ba320 with commit message 'ENG-1737 specifying migrated RELATED_IMAGES' into base branch master
Merged SHA 3a6009c2681926585b4fa774142473a02be7b6b9 with commit message 'ENG-1737 specifying migrated RELATED_IMAGES' into base branch master
Merged SHA aefb2fdbdc33ea5cd5456d1fc24516b50962c826 with commit message 'ENG-1737 implemented support for the Entando RedHat SSO image' into base branch master
Merged SHA 00bbec12ff982ba863bb9f605be8fb8aa36e87b3 with commit message 'ENG-1628 support for RedHat SSO' into base branch master

Showing logs for build [32mentando-k8s-entando-k8s-keycloa-kkk4r-25[0m stage [32mfrom-build-pack[0m and container [32mstep-build-set-version[0m
Picked up _JAVA_OPTIONS: -XX:+UnlockExperimentalVMOptions -Dsun.zip.disableMemoryMapping=**** -XX:+UseParallelGC -XX:MinHeapFreeRatio=5 -XX:MaxHeapFreeRatio=10 -XX:GCTimeRatio=4 -XX:AdaptiveSizePolicyWeight=90 -Xms1000m -Xmx12000m
[INFO] Scanning for projects...
[INFO] 
[INFO] ------------< org.entando:entando-k8s-keycloak-controller >-------------
[INFO] Building Entando K8S Controller for Keycloak 6.3.0-SNAPSHOT
[INFO] --------------------------------[ jar ]---------------------------------
[INFO] 
[INFO] --- versions-maven-plugin:2.8.1:set (default-cli) @ entando-k8s-keycloak-controller ---
[INFO] Local aggregation ****: /workspace/source
[INFO] Processing change of org.entando:entando-k8s-keycloak-controller:6.3.0-SNAPSHOT -> 0.0.0-SNAPSHOT-PR-21-25
[INFO] Processing org.entando:entando-k8s-keycloak-controller
[INFO]     Updating project org.entando:entando-k8s-keycloak-controller
[INFO]         from version 6.3.0-SNAPSHOT to 0.0.0-SNAPSHOT-PR-21-25
[INFO] 
[INFO] ------------------------------------------------------------------------
[INFO] BUILD SUCCESS
[INFO] ------------------------------------------------------------------------
[INFO] Total time:  13.309 s
[INFO] Finished at: 2021-02-03T04:43:31Z
[INFO] ------------------------------------------------------------------------

Showing logs for build [32mentando-k8s-entando-k8s-keycloa-kkk4r-25[0m stage [32mfrom-build-pack[0m and container [32mstep-build-fix-git-for-sonar[0m
M	pom.xml
Switched to a new branch 'PR-21'
Deleted branch master (was 969ffcb).
From https://github.com/entando-k8s/entando-k8s-keycloak-controller
 * [new branch]      master     -> master
 * [new tag]         v6.0.24    -> v6.0.24
 * [new tag]         v6.0.31    -> v6.0.31

Showing logs for build [32mentando-k8s-entando-k8s-keycloa-kkk4r-25[0m stage [32mfrom-build-pack[0m and container [32mstep-build-mvn-verify-pr[0m
  % Total    % Received % Xferd  Average Speed   Time    Time     Time  Current
                                 Dload  Upload   Total   Spent    Left  Speed
{
  "url": "https://api.github.com/repos/entando-k8s/entando-k8s-keycloak-controller/statuses/969ffcb71b93f3bc8969f6c66fc0a48fc3f69b0e",
  "avatar_url": "https://avatars.githubusercontent.com/u/57885396?v=4",
  "id": 12051538957,
  "node_id": "MDEzOlN0YXR1c0NvbnRleHQxMjA1MTUzODk1Nw==",
  "state": "pending",
  "description": "Pre-deployment tests pending!",
  "target_url": "https://entando-k8s.github.io/devops-results/entando-k8s-keycloak-controller/PR-21/surefire-report.html",
  "context": "Pre-deployment tests",
  "created_at": "2021-02-03T04:43:33Z",
  "updated_at": "2021-02-03T04:43:33Z",
  "creator": {
    "login": "entando-**",
    "id": 57885396,
    "node_id": "MDQ6VXNlcjU3ODg1Mzk2",
    "avatar_url": "https://avatars.githubusercontent.com/u/57885396?v=4",
    "gravatar_id": "",
    "url": "https://api.github.com/users/entando-**",
    "html_url": "https://github.com/entando-**",
    "followers_url": "https://api.github.com/users/entando-**/followers",
    "following_url": "https://api.github.com/users/entando-**/following{/other_user}",
    "gists_url": "https://api.github.com/users/entando-**/gists{/gist_id}",
    "starred_url": "https://api.github.com/users/entando-**/starred{/owner}{/repo}",
    "subscriptions_url": "https://api.github.com/users/entando-**/subscriptions",
  0     0    0     0    0     0      0      0 --:--:-- --:--:-- --:--:--     0 11  1880    0     0  100   223      0    353 --:--:-- --:--:-- --:--:--   357100  1880  100  1657  100   223   2629    353 --:--:-- --:--:-- --:--:--  2655
    "organizations_url": "https://api.github.com/users/entando-**/orgs",
    "repos_url": "https://api.github.com/users/entando-**/repos",
    "events_url": "https://api.github.com/users/entando-**/events{/privacy}",
    "received_events_url": "https://api.github.com/users/entando-**/received_events",
    "type": "User",
    "site_*****": false
  }
}
  % Total    % Received % Xferd  Average Speed   Time    Time     Time  Current
                                 Dload  Upload   Total   Spent    Left  Speed
{
  "url": "https://api.github.com/repos/entando-k8s/entando-k8s-keycloak-controller/statuses/969ffcb71b93f3bc8969f6c66fc0a48fc3f69b0e",
  "avatar_url": "https://avatars.githubusercontent.com/u/57885396?v=4",
  "id": 12051539004,
  "node_id": "MDEzOlN0YXR1c0NvbnRleHQxMjA1MTUzOTAwNA==",
  "state": "pending",
  "description": "Post-deployment tests pending!",
  "target_url": "https://entando-k8s.github.io/devops-results/entando-k8s-keycloak-controller/PR-21/failsafe-report.html",
  "context": "Post-deployment tests",
  "created_at": "2021-02-03T04:43:34Z",
  "updated_at": "2021-02-03T04:43:34Z",
  "creator": {
    "login": "entando-**",
    "id": 57885396,
    "node_id": "MDQ6VXNlcjU3ODg1Mzk2",
    "avatar_url": "https://avatars.githubusercontent.com/u/57885396?v=4",
    "gravatar_id": "",
    "url": "https://api.github.com/users/entando-**",
    "html_url": "https://github.com/entando-**",
    "followers_url": "https://api.github.com/users/entando-**/followers",
    "following_url": "https://api.github.com/users/**********/following{/other_user}",
    "gists_url": "https://api.github.com/users/entando-**/gists{/gist_id}",
    "starred_url": "https://api.github.com/users/entando-**/starred{/owner}{/repo}",
    "subscriptions_url": "https://api.github.com/users/entando-**/subscriptions",
    "organizations_url": "https://api.github.com/users/entando-**/orgs",
    "repos_url": "https://api.github.com/users/entando-**/repos",
    "events_url": "https://api.github.com/users/entando-**/events{/privacy}",
    "received_events_url": "https://api.github.com/users/entando-**/received_events",
    "type": "User",
    "site_*****": false
  }
}
  0     0    0     0    0     0      0      0 --:--:-- --:--:-- --:--:--     0100  1884  100  1659  100   225   2961    401 --:--:-- --:--:-- --:--:--  2962
  % Total    % Received % Xferd  Average Speed   Time    Time     Time  Current
                                 Dload  Upload   Total   Spent    Left  Speed
  0     0    0     0    0     0      0      0 --:--:-- --:--:-- --:--:--     0 10  1830    0     0  100   198      0    305 --:--:-- --:--:-- --:--:--   308100  1830  100  1632  100   198   2518    305 --:--:-- --:--:-- --:--:--  2546
{
  "url": "https://api.github.com/repos/entando-k8s/entando-k8s-keycloak-controller/statuses/969ffcb71b93f3bc8969f6c66fc0a48fc3f69b0e",
  "avatar_url": "https://avatars.githubusercontent.com/u/57885396?v=4",
  "id": 12051539069,
  "node_id": "MDEzOlN0YXR1c0NvbnRleHQxMjA1MTUzOTA2OQ==",
  "state": "pending",
  "description": "Checkstyle pending!",
  "target_url": "https://entando-k8s.github.io/devops-results/entando-k8s-keycloak-controller/PR-21/checkstyle.html",
  "context": "Checkstyle",
  "created_at": "2021-02-03T04:43:34Z",
  "updated_at": "2021-02-03T04:43:34Z",
  "creator": {
    "login": "**********",
    "id": 57885396,
    "node_id": "MDQ6VXNlcjU3ODg1Mzk2",
    "avatar_url": "https://avatars.githubusercontent.com/u/57885396?v=4",
    "gravatar_id": "",
    "url": "https://api.github.com/users/entando-**",
    "html_url": "https://github.com/entando-**",
    "followers_url": "https://api.github.com/users/entando-**/followers",
    "following_url": "https://api.github.com/users/entando-**/following{/other_user}",
    "gists_url": "https://api.github.com/users/entando-**/gists{/gist_id}",
    "starred_url": "https://api.github.com/users/entando-**/starred{/owner}{/repo}",
    "subscriptions_url": "https://api.github.com/users/entando-**/subscriptions",
    "organizations_url": "https://api.github.com/users/entando-**/orgs",
    "repos_url": "https://api.github.com/users/entando-**/repos",
    "events_url": "https://api.github.com/users/**********/events{/privacy}",
    "received_events_url": "https://api.github.com/users/entando-**/received_events",
    "type": "User",
    "site_*****": false
  }
}
  % Total    % Received % Xferd  Average Speed   Time    Time     Time  Current
                                 Dload  Upload   Total   Spent    Left  Speed
  0     0    0     0    0     0      0      0 --:--:-- --:--:-- --:--:--     0100  1852  100  1643  100   209   2742    348 --:--:-- --:--:-- --:--:--  2747
{
  "url": "https://api.github.com/repos/entando-k8s/entando-k8s-keycloak-controller/statuses/969ffcb71b93f3bc8969f6c66fc0a48fc3f69b0e",
  "avatar_url": "https://avatars.githubusercontent.com/u/57885396?v=4",
  "id": 12051539169,
  "node_id": "MDEzOlN0YXR1c0NvbnRleHQxMjA1MTUzOTE2OQ==",
  "state": "pending",
  "description": "OWASP CVE pending!",
  "target_url": "https://entando-k8s.github.io/devops-results/entando-k8s-keycloak-controller/PR-21/dependency-check-report.html",
  "context": "OWASP CVE",
  "created_at": "2021-02-03T04:43:35Z",
  "updated_at": "2021-02-03T04:43:35Z",
  "creator": {
    "login": "entando-**",
    "id": 57885396,
    "node_id": "MDQ6VXNlcjU3ODg1Mzk2",
    "avatar_url": "https://avatars.githubusercontent.com/u/57885396?v=4",
    "gravatar_id": "",
    "url": "https://api.github.com/users/**********",
    "html_url": "https://github.com/entando-**",
    "followers_url": "https://api.github.com/users/**********/followers",
    "following_url": "https://api.github.com/users/entando-**/following{/other_user}",
    "gists_url": "https://api.github.com/users/entando-**/gists{/gist_id}",
    "starred_url": "https://api.github.com/users/entando-**/starred{/owner}{/repo}",
    "subscriptions_url": "https://api.github.com/users/entando-**/subscriptions",
    "organizations_url": "https://api.github.com/users/entando-**/orgs",
    "repos_url": "https://api.github.com/users/**********/repos",
    "events_url": "https://api.github.com/users/entando-**/events{/privacy}",
    "received_events_url": "https://api.github.com/users/entando-**/received_events",
    "type": "User",
    "site_*****": false
  }
}
Picked up _JAVA_OPTIONS: -XX:+UnlockExperimentalVMOptions -Dsun.zip.disableMemoryMapping=**** -XX:+UseParallelGC -XX:MinHeapFreeRatio=5 -XX:MaxHeapFreeRatio=10 -XX:GCTimeRatio=4 -XX:AdaptiveSizePolicyWeight=90 -Xms1000m -Xmx12000m
[INFO] Scanning for projects...
[INFO] 
[INFO] ------------< org.entando:entando-k8s-keycloak-controller >-------------
[INFO] Building Entando K8S Controller for Keycloak 0.0.0-SNAPSHOT-PR-21-25
[INFO] --------------------------------[ jar ]---------------------------------
[WARNING] The POM for org.entando:entando-k8s-operator-common:jar:6.3.0-SNAPSHOT is missing, no dependency information available
[WARNING] The POM for org.entando:entando-k8s-operator-common:jar:tests:6.3.0-SNAPSHOT is missing, no dependency information available
[INFO] 
[INFO] ------------------------------------------------------------------------
[INFO] Skipping Entando K8S Controller for Keycloak
[INFO] This project has been banned from the build due to previous failures.
[INFO] ------------------------------------------------------------------------
[INFO] ------------------------------------------------------------------------
[INFO] BUILD FAILURE
[INFO] ------------------------------------------------------------------------
[INFO] Total time:  12.316 s
[INFO] Finished at: 2021-02-03T04:43:49Z
[INFO] ------------------------------------------------------------------------
[ERROR] Failed to e**cute goal on project entando-k8s-keycloak-controller: Could not resolve dependencies for project org.entando:entando-k8s-keycloak-controller:jar:0.0.0-SNAPSHOT-PR-21-25: The following artifacts could not be resolved: org.entando:entando-k8s-operator-common:jar:6.3.0-SNAPSHOT, org.entando:entando-k8s-operator-common:jar:tests:6.3.0-SNAPSHOT: Could not find artifact org.entando:entando-k8s-operator-common:jar:6.3.0-SNAPSHOT in nexus (http://nexus/repository/maven-group/) -> [Help 1]
[ERROR] 
[ERROR] To see the full stack trace of the errors, re-run Maven with the -e switch.
[ERROR] Re-run Maven using the -X switch to enable full debug logging.
[ERROR] 
[ERROR] For more information about the errors and possible solutions, please read the following articles:
[ERROR] [Help 1] http://cwiki.apache.org/confluence/display/MAVEN/DependencyResolutionException
Picked up _JAVA_OPTIONS: -XX:+UnlockExperimentalVMOptions -Dsun.zip.disableMemoryMapping=**** -XX:+UseParallelGC -XX:MinHeapFreeRatio=5 -XX:MaxHeapFreeRatio=10 -XX:GCTimeRatio=4 -XX:AdaptiveSizePolicyWeight=90 -Xms1000m -Xmx12000m
[INFO] Scanning for projects...
[INFO] 
[INFO] ------------< org.entando:entando-k8s-keycloak-controller >-------------
[INFO] Building Entando K8S Controller for Keycloak 0.0.0-SNAPSHOT-PR-21-25
[INFO] --------------------------------[ jar ]---------------------------------
[WARNING] The POM for org.entando:entando-k8s-operator-common:jar:6.3.0-SNAPSHOT is missing, no dependency information available
[WARNING] The POM for org.entando:entando-k8s-operator-common:jar:tests:6.3.0-SNAPSHOT is missing, no dependency information available
[INFO] ------------------------------------------------------------------------
[INFO] BUILD FAILURE
[INFO] ------------------------------------------------------------------------
[INFO] Total time:  1.456 s
[INFO] Finished at: 2021-02-03T04:43:53Z
[INFO] ------------------------------------------------------------------------
[ERROR] Failed to e**cute goal on project entando-k8s-keycloak-controller: Could not resolve dependencies for project org.entando:entando-k8s-keycloak-controller:jar:0.0.0-SNAPSHOT-PR-21-25: The following artifacts could not be resolved: org.entando:entando-k8s-operator-common:jar:6.3.0-SNAPSHOT, org.entando:entando-k8s-operator-common:jar:tests:6.3.0-SNAPSHOT: Failure to find org.entando:entando-k8s-operator-common:jar:6.3.0-SNAPSHOT in http://nexus/repository/maven-group/ was cached in the local repository, resolution will not be reattempted until the update interval of nexus has elapsed or updates are forced -> [Help 1]
[ERROR] 
[ERROR] To see the full stack trace of the errors, re-run Maven with the -e switch.
[ERROR] Re-run Maven using the -X switch to enable full debug logging.
[ERROR] 
[ERROR] For more information about the errors and possible solutions, please read the following articles:
[ERROR] [Help 1] http://cwiki.apache.org/confluence/display/MAVEN/DependencyResolutionException
No pre-deployment test results found for entando-k8s-keycloak-controller-PR-21.
  % Total    % Received % Xferd  Average Speed   Time    Time     Time  Current
                                 Dload  Upload   Total   Spent    Left  Speed
  0     0    0     0    0     0      0      0 --:--:-- --:--:-- --:--:--     0  0     0    0     0    0     0      0      0 --:--:-- --:--:-- --:--:--     0100  1920  100  1677  100   243   2325    336 --:--:-- --:--:-- --:--:--  2325
{
  "url": "https://api.github.com/repos/entando-k8s/entando-k8s-keycloak-controller/statuses/969ffcb71b93f3bc8969f6c66fc0a48fc3f69b0e",
  "avatar_url": "https://avatars.githubusercontent.com/u/57885396?v=4",
  "id": 12051541519,
  "node_id": "MDEzOlN0YXR1c0NvbnRleHQxMjA1MTU0MTUxOQ==",
  "state": "pending",
  "description": "No pre-deployment test results produced by build!",
  "target_url": "https://entando-k8s.github.io/devops-results/entando-k8s-keycloak-controller/PR-21/surefire-report.html",
  "context": "Pre-deployment tests",
  "created_at": "2021-02-03T04:44:04Z",
  "updated_at": "2021-02-03T04:44:04Z",
  "creator": {
    "login": "entando-**",
    "id": 57885396,
    "node_id": "MDQ6VXNlcjU3ODg1Mzk2",
    "avatar_url": "https://avatars.githubusercontent.com/u/57885396?v=4",
    "gravatar_id": "",
    "url": "https://api.github.com/users/entando-**",
    "html_url": "https://github.com/entando-**",
    "followers_url": "https://api.github.com/users/**********/followers",
    "following_url": "https://api.github.com/users/entando-**/following{/other_user}",
    "gists_url": "https://api.github.com/users/entando-**/gists{/gist_id}",
    "starred_url": "https://api.github.com/users/entando-**/starred{/owner}{/repo}",
    "subscriptions_url": "https://api.github.com/users/entando-**/subscriptions",
    "organizations_url": "https://api.github.com/users/entando-**/orgs",
    "repos_url": "https://api.github.com/users/entando-**/repos",
    "events_url": "https://api.github.com/users/entando-**/events{/privacy}",
    "received_events_url": "https://api.github.com/users/**********/received_events",
    "type": "User",
    "site_*****": false
  }
}
No checkstyle results found for entando-k8s-keycloak-controller-PR-21.
  % Total    % Received % Xferd  Average Speed   Time    Time     Time  Current
                                 Dload  Upload   Total   Spent    Left  Speed
{
  "url": "https://api.github.com/repos/entando-k8s/entando-k8s-keycloak-controller/statuses/969ffcb71b93f3bc8969f6c66fc0a48fc3f69b0e",
  "avatar_url": "https://avatars.githubusercontent.com/u/57885396?v=4",
  "id": 12051541576,
  "node_id": "MDEzOlN0YXR1c0NvbnRleHQxMjA1MTU0MTU3Ng==",
  "state": "pending",
  "description": "No checkstyle results produced by build!",
  "target_url": "https://entando-k8s.github.io/devops-results/entando-k8s-keycloak-controller/PR-21/checkstyle.html",
  "context": "Checkstyle",
  "created_at": "2021-02-03T04:44:05Z",
  "updated_at": "2021-02-03T04:44:05Z",
  "creator": {
    "login": "**********",
    "id": 57885396,
    "node_id": "MDQ6VXNlcjU3ODg1Mzk2",
    "avatar_url": "https://avatars.githubusercontent.com/u/57885396?v=4",
    "gravatar_id": "",
    "url": "https://api.github.com/users/entando-**",
    "html_url": "https://github.com/entando-**",
    "followers_url": "https://api.github.com/users/entando-**/followers",
    "following_url": "https://api.github.com/users/entando-**/following{/other_user}",
    "gists_url": "https://api.github.com/users/entando-**/gists{/gist_id}",
    "starred_url": "https://api.github.com/users/**********/starred{/owner}{/repo}",
    "subscriptions_url": "https://api.github.com/users/entando-**/subscriptions",
    "organizations_url": "https://api.github.com/users/entando-**/orgs",
    "repos_url": "https://api.github.com/users/entando-**/repos",
    "events_url": "https://api.github.com/users/entando-**/events{/privacy}",
    "received_events_url": "https://api.github.com/users/entando-**/received_events",
    "type": "User",
    "site_*****": false
  }
}
  0     0    0     0    0     0      0      0 --:--:-- --:--:-- --:--:--     0 11  1872    0     0  100   219      0    304 --:--:-- --:--:-- --:--:--   304100  1872  100  1653  100   219   2294    304 --:--:-- --:--:-- --:--:--  2292
No OWASP dependency check found for entando-k8s-keycloak-controller-PR-21.
  % Total    % Received % Xferd  Average Speed   Time    Time     Time  Current
                                 Dload  Upload   Total   Spent    Left  Speed
{
  "url": "https://api.github.com/repos/entando-k8s/entando-k8s-keycloak-controller/statuses/969ffcb71b93f3bc8969f6c66fc0a48fc3f69b0e",
  "avatar_url": "https://avatars.githubusercontent.com/u/57885396?v=4",
  "id": 12051541619,
  "node_id": "MDEzOlN0YXR1c0NvbnRleHQxMjA1MTU0MTYxOQ==",
  "state": "pending",
  "description": "No OWASP dependency check results produced by build!",
  "target_url": "https://entando-k8s.github.io/devops-results/entando-k8s-keycloak-controller/PR-21/dependency-check-report.html",
  "context": "OWASP CVE",
  "created_at": "2021-02-03T04:44:06Z",
  "updated_at": "2021-02-03T04:44:06Z",
  "creator": {
    "login": "entando-**",
    "id": 57885396,
    "node_id": "MDQ6VXNlcjU3ODg1Mzk2",
    "avatar_url": "https://avatars.githubusercontent.com/u/57885396?v=4",
    "gravatar_id": "",
    "url": "https://api.github.com/users/entando-**",
    "html_url": "https://github.com/entando-**",
    "followers_url": "https://api.github.com/users/entando-**/followers",
    "following_url": "https://api.github.com/users/entando-**/following{/other_user}",
    "gists_url": "https://api.github.com/users/entando-**/gists{/gist_id}",
    "starred_url": "https://api.github.com/users/entando-**/starred{/owner}{/repo}",
    "subscriptions_url": "https://api.github.com/users/**********/subscriptions",
    "organizations_url": "https://api.github.com/users/**********/orgs",
    "repos_url": "https://api.github.com/users/**********/repos",
    "events_url": "https://api.github.com/users/entando-**/events{/privacy}",
    "received_events_url": "https://api.github.com/users/entando-**/received_events",
    "type": "User",
    "site_*****": false
  }
}
  0     0    0     0    0     0      0      0 --:--:-- --:--:-- --:--:--     0100  1920  100  1677  100   243   2262    327 --:--:-- --:--:-- --:--:--  2263
The following checks failed for entando-k8s-keycloak-controller-PR-21:
No pre-deployment test results produced by build
No checkstyle results produced by build
No OWASP dependency check results produced by build
[31m
Pipeline failed on stage 'from-build-pack' : container 'step-build-mvn-verify-pr'. The execution of the pipeline has stopped.[0m
