
Showing logs for build [32mentando-entando-keycloak-master-zpkcn-15[0m stage [32mfrom-build-pack[0m and container [32mstep-credential-initializer-26rzf[0m
{"level":"warn","ts":1611957551.190126,"logger":"fallback-logger","caller":"logging/config.go:69","msg":"Fetch GitHub commit ID from kodata failed: \"ref: refs/heads/0.8.0-**-support-backwards-incompats\" is not a valid GitHub commit ID"}
{"level":"info","ts":1611957551.2033923,"logger":"fallback-logger","caller":"creds-init/main.go:40","msg":"Credentials initialized."}

Showing logs for build [32mentando-entando-keycloak-master-zpkcn-15[0m stage [32mfrom-build-pack[0m and container [32mstep-working-dir-initializer-v5dxl[0m
{"level":"warn","ts":1611957553.5397487,"logger":"fallback-logger","caller":"logging/config.go:69","msg":"Fetch GitHub commit ID from kodata failed: open /var/run/ko/HEAD: no such file or directory"}
{"level":"info","ts":1611957553.5541873,"logger":"fallback-logger","caller":"bash/main.go:64","msg":"Successfully e**cuted command \"sh -c mkdir -p /workspace/source\"; output "}

Showing logs for build [32mentando-entando-keycloak-master-zpkcn-15[0m stage [32mfrom-build-pack[0m and container [32mstep-place-tools[0m

Showing logs for build [32mentando-entando-keycloak-master-zpkcn-15[0m stage [32mfrom-build-pack[0m and container [32mstep-git-source-entando-entando-keycloak-master-q8cwd[0m
{"level":"warn","ts":1611957643.741842,"logger":"fallback-logger","caller":"logging/config.go:69","msg":"Fetch GitHub commit ID from kodata failed: \"ref: refs/heads/0.8.0-**-support-backwards-incompats\" is not a valid GitHub commit ID"}
{"level":"info","ts":1611957646.0837421,"logger":"fallback-logger","caller":"git/git.go:103","msg":"Successfully cloned https://github.com/entando/entando-keycloak.git @ v6.3.2 in path /workspace/source"}

Showing logs for build [32mentando-entando-keycloak-master-zpkcn-15[0m stage [32mfrom-build-pack[0m and container [32mstep-git-merge[0m
Using SHAs from PULL_REFS=master:48ee10957ba5699a4047604456fae8ad8c7d6bc1
WARNING: no SHAs to merge, falling back to initial cloned commit

Showing logs for build [32mentando-entando-keycloak-master-zpkcn-15[0m stage [32mfrom-build-pack[0m and container [32mstep-setup-jx-git-credentials[0m
Generated Git credentials file /workspace/xdg_config/git/credentials

Showing logs for build [32mentando-entando-keycloak-master-zpkcn-15[0m stage [32mfrom-build-pack[0m and container [32mstep-container-build1[0m
This avoids unwanted kaniko command substitution
Generating tags...
 - entando/entando-keycloak -> docker.io/entando/entando-keycloak:6.3.2
Checking cache...
 - entando/entando-keycloak: Not found. Building
Building [entando/entando-keycloak]...
Sending build context to Docker daemon  546.3kBSending build context to Docker daemon   4.89MBSending build context to Docker daemon  8.743MB
Step 1/11 : FROM jboss/keycloak:11.0.3
 ---> b23fdd4af375
Step 2/11 : LABEL MAINTAINER "Entando <dev@entando.com>"
 ---> Using cache
 ---> 3c54630961b9
Step 3/11 : ARG VERSION
 ---> Using cache
 ---> 2c00ddba161d
Step 4/11 : LABEL name "Entando Keycloak" vendor "Entando" version "v${VERSION}" release "6" summary "Keycloak with Entando's themes and extensions." description "This is container hosts Keycloak along with themes created for Entando."
 ---> Running in befa5fcecdb2
 ---> 303e21b84cc5
Step 5/11 : COPY LICENSE /licences/entando-lgpl.txt
 ---> 405cdd7629a0
Step 6/11 : COPY themes /opt/jboss/keycloak/themes
 ---> a82497353b8d
Step 7/11 : COPY cli /opt/jboss/tools/cli
 ---> f9e1ecf69bf8
Step 8/11 : RUN export KEYCLOAK_HTTP_PORT=8080 &&       cd  /opt/jboss/keycloak/modules/******/layers/base/com/******/jdbc/main/ &&       mkdir driver &&       curl https://repo1.maven.org/maven2/com/******/ojdbc/ojdbc8/19.3.0.0/ojdbc8-19.3.0.0.jar -o driver/ojdbc.jar
 ---> Running in 79d166531698
[91m[0m
[91m  % Total    % Received % Xferd  Average Speed   Time    Time     Time  Current
                                 Dload  Upload   Total   Spent    Left  Speed
  0     0    0     0    0     0      0      0 --:--:-- --:--:-- --:--:--     0[0m[91m 28 4111k   28 1185k    0     0  4407k      0 --:--:-- -[0m[91m-:--:-- --:--:-- 4391k[0m[91m100 4111k  100 4111k    0     0  7847k      0 --:--:-- --:--:-- --[0m[91m:--:-- 7832k
[0m ---> 7681b7145c49
Step 9/11 : ENV KEYCLOAK_DEFAULT_THEME "entando" KEYCLOAK_HOME "/opt/jboss/keycloak"
 ---> Running in 8b5679c4932a
 ---> 5cb400d3958c
Step 10/11 : EXPOSE 8080
 ---> Running in 66fb7d8ddcce
 ---> f979dd426500
Step 11/11 : CMD -b 0.0.0.0
 ---> Running in 6fd394dfd8cb
 ---> 8292f2b95c57
Successfully built 8292f2b95c57
The push refers to a repository [docker.io/entando/entando-keycloak]
73aa76790dfe: Preparing
d9738a0470cf: Preparing
9994dfd711f8: Preparing
a5520d63c226: Preparing
ff8dde26889b: Preparing
9a122bc5bb12: Preparing
f47704b2a676: Preparing
37330a2a1954: Preparing
d6ec160dc60f: Preparing
9a122bc5bb12: Waiting
f47704b2a676: Waiting
37330a2a1954: Waiting
d6ec160dc60f: Waiting
ff8dde26889b: Layer already exists
9a122bc5bb12: Layer already exists
f47704b2a676: Layer already exists
37330a2a1954: Layer already exists
d6ec160dc60f: Layer already exists
d9738a0470cf: Pushed
a5520d63c226: Pushed
73aa76790dfe: Pushed
9994dfd711f8: Pushed
6.3.2: digest: sha256:f1699f0244576e53b97443b3fd8d7ea8143738f5a986d34cee80ab4d63f37057 size: 2209
There is a new version (1.19.0) of Skaffold available. Download it at https://storage.googleapis.com/skaffold/releases/latest/skaffold-linux-amd64


Showing logs for build [32mentando-entando-keycloak-master-zpkcn-15[0m stage [32mfrom-build-pack[0m and container [32mstep-post-build1[0m
cat: VERSION: No such file or directory
no CVE provider running in the current ** namespace so skip adding image to be analysed

Showing logs for build [32mentando-entando-keycloak-master-zpkcn-15[0m stage [32mfrom-build-pack[0m and container [32mstep-update-image-map1[0m
configmap/entando-docker-image-info-v6.3 patched

Showing logs for build [32mentando-entando-keycloak-master-zpkcn-15[0m stage [32mfrom-build-pack[0m and container [32mstep-container-build2[0m
This avoids unwanted kaniko command substitution
Generating tags...
 - entando/entando-redhat-sso -> docker.io/entando/entando-redhat-sso:6.3.2
Checking cache...
 - entando/entando-redhat-sso: Not found. Building
Building [entando/entando-redhat-sso]...
Sending build context to Docker daemon  536.1kBSending build context to Docker daemon  3.774MBSending build context to Docker daemon  8.779MB
Step 1/9 : FROM registry.redhat.io/rh-sso-7/sso74-openshift-rhel8:latest
 ---> eee32f8895df
Step 2/9 : LABEL MAINTAINER "Entando <dev@entando.com>"
 ---> Using cache
 ---> 239f2ceb755f
Step 3/9 : ARG VERSION
 ---> Using cache
 ---> ba9ab9a24846
Step 4/9 : LABEL name "Entando Red Hat SSO" vendor "Entando" version "v${VERSION}" release "6" summary "Red Hat SSO with Entando's themes and extensions." description "This is container hosts Red Hat SSO along with themes created for Entando."
 ---> Running in db5be5f5e7e0
 ---> 24324214f876
Step 5/9 : COPY LICENSE /licences/entando-lgpl.txt
 ---> 6a5dda1d04ff
Step 6/9 : COPY themes /opt/eap/themes
 ---> d75cd82bb8e7
Step 7/9 : COPY redhat-sso/standalone-openshift.xml /opt/eap/standalone/configuration/standalone-openshift.xml
 ---> 52dde0614dee
Step 8/9 : COPY LICENSE /licenses/entando-lgpl.txt
 ---> 5a80b5373185
Step 9/9 : ENV KEYCLOAK_DEFAULT_THEME "entando" KEYCLOAK_HOME "/opt/eap"
 ---> Running in 91287730b013
 ---> af61d30320c3
Successfully built af61d30320c3
The push refers to a repository [docker.io/entando/entando-redhat-sso]
144ee79f1642: Preparing
aa5d555908a8: Preparing
7c32dabf40fa: Preparing
1f5fa25efcb9: Preparing
8a37395357cf: Preparing
37330a2a1954: Preparing
d6ec160dc60f: Preparing
37330a2a1954: Waiting
d6ec160dc60f: Waiting
8a37395357cf: Layer already exists
37330a2a1954: Layer already exists
d6ec160dc60f: Layer already exists
aa5d555908a8: Pushed
144ee79f1642: Pushed
1f5fa25efcb9: Pushed
7c32dabf40fa: Pushed
6.3.2: digest: sha256:00729eb33c87cd07be832b6433546e567d132168c4efbb45ad6e1b318c07648c size: 1785
There is a new version (1.19.0) of Skaffold available. Download it at https://storage.googleapis.com/skaffold/releases/latest/skaffold-linux-amd64


Showing logs for build [32mentando-entando-keycloak-master-zpkcn-15[0m stage [32mfrom-build-pack[0m and container [32mstep-post-build2[0m
cat: VERSION: No such file or directory
no CVE provider running in the current ** namespace so skip adding image to be analysed

Showing logs for build [32mentando-entando-keycloak-master-zpkcn-15[0m stage [32mfrom-build-pack[0m and container [32mstep-update-image-map2[0m
configmap/entando-docker-image-info-v6.3 patched

Showing logs for build [32mentando-entando-keycloak-master-zpkcn-15[0m stage [32mfrom-build-pack[0m and container [32mstep-promote-changelog[0m
Converted /workspace/source to an unshallow repository
Generating change log from git ref d6d7955f8c104fe7e9df3a0863a75e07dc7e19b3 => fad7bbfcbbacc2849191d91d9c3fbaf171ba9bdf
Associating user ampie in users.jenkins.io with email ampie.private@gmail.com to git GitProvider user with login ampie-barnard as emails match
Adding label jenkins.io/git-github-userid=ampie-barnard to user ampie in users.jenkins.io
Associating user ampie in users.jenkins.io with email ampie.private@gmail.com to git GitProvider user with login ampie-barnard as emails match
Adding label jenkins.io/git-github-userid=ampie-barnard to user ampie in users.jenkins.io
Finding issues in commit messages using git format
WARNING: No release found for entando/entando-keycloak and tag v6.3.2 so creating a new release
Updated the release information at https://github.com/entando/entando-keycloak/releases/tag/v6.3.2
generated: /workspace/source/templates/release.yaml
Created Release entando-keycloak-6-3-2 resource in namespace **
Updating PipelineActivity entando-entando-keycloak-master-15 with version 6.3.2
Updated PipelineActivities entando-entando-keycloak-master-15 with release notes URL: https://github.com/entando/entando-keycloak/releases/tag/v6.3.2
